#
# A fatal error has been detected by the Java Runtime Environment:
#
#  EXCEPTION_ACCESS_VIOLATION (0xc0000005) at pc=0x00007ffb0ecb00e2, pid=20224, tid=7184
#
# JRE version: OpenJDK Runtime Environment (11.0.2+9) (build 11.0.2+9)
# Java VM: OpenJDK 64-Bit Server VM (11.0.2+9, mixed mode, tiered, compressed oops, g1 gc, windows-amd64)
# Problematic frame:
# V  [jvm.dll+0x3e00e2]
#
# No core dump will be written. Minidumps are not enabled by default on client versions of Windows
#
# If you would like to submit a bug report, please visit:
#   http://bugreport.java.com/bugreport/crash.jsp
#

---------------  S U M M A R Y ------------

Command Line: -Dfile.encoding=UTF-8 -Duser.country=SG -Duser.language=en -Duser.variant -ea seedu.mark.Main

Host: Intel(R) Core(TM) i7-8565U CPU @ 1.80GHz, 8 cores, 15G,  Windows 10 , 64 bit Build 18362 (10.0.18362.329)
Time: Sat Nov  9 01:13:55 2019 Malay Peninsula Standard Time elapsed time: 13 seconds (0d 0h 0m 13s)

---------------  T H R E A D  ---------------

Current thread (0x000001edc694c800):  JavaThread "JavaFX Application Thread" [_thread_in_vm, id=7184, stack(0x00000022fe100000,0x00000022fe200000)]

Stack: [0x00000022fe100000,0x00000022fe200000],  sp=0x00000022fe1fc480,  free space=1009k
Native frames: (J=compiled Java code, j=interpreted, Vv=VM code, C=native code)
V  [jvm.dll+0x3e00e2]
C  [jfxwebkit.dll+0x8c4d0c]

Java frames: (J=compiled Java code, j=interpreted, Vv=VM code)
j  com.sun.webkit.network.URLLoader.twkDidFinishLoading(J)V+0
j  com.sun.webkit.network.URLLoader.notifyDidFinishLoading()V+41
j  com.sun.webkit.network.URLLoader.lambda$didFinishLoading$5()V+8
j  com.sun.webkit.network.URLLoader$$Lambda$1049.run()V+4
J 5202 c1 com.sun.javafx.application.PlatformImpl$$Lambda$60.run()Ljava/lang/Object; (8 bytes) @ 0x000001edaa92a4a4 [0x000001edaa92a360+0x0000000000000144]
v  ~StubRoutines::call_stub
J 4134  java.security.AccessController.doPrivileged(Ljava/security/PrivilegedAction;Ljava/security/AccessControlContext;)Ljava/lang/Object; java.base@11.0.2 (0 bytes) @ 0x000001edb1536f36 [0x000001edb1536ec0+0x0000000000000076]
J 5199 c1 com.sun.javafx.application.PlatformImpl.lambda$runLater$11(Ljava/lang/Runnable;Ljava/security/AccessControlContext;)V (38 bytes) @ 0x000001edaa92910c [0x000001edaa928dc0+0x000000000000034c]
J 4824 c1 com.sun.javafx.application.PlatformImpl$$Lambda$59.run()V (12 bytes) @ 0x000001edaa840744 [0x000001edaa8406c0+0x0000000000000084]
J 4973 c1 com.sun.glass.ui.InvokeLaterDispatcher$Future.run()V (91 bytes) @ 0x000001edaa8a9134 [0x000001edaa8a9020+0x0000000000000114]
v  ~StubRoutines::call_stub
j  com.sun.glass.ui.win.WinApplication._runLoop(Ljava/lang/Runnable;)V+0
j  com.sun.glass.ui.win.WinApplication.lambda$runLoop$3(ILjava/lang/Runnable;)V+8
j  com.sun.glass.ui.win.WinApplication$$Lambda$48.run()V+12
j  java.lang.Thread.run()V+11 java.base@11.0.2
v  ~StubRoutines::call_stub

siginfo: EXCEPTION_ACCESS_VIOLATION (0xc0000005), reading address 0x0000000000000000


Register to memory mapping:

RIP=0x00007ffb0ecb00e2 jvm.dll
RAX=0x0 is NULL
RBX=0x000001edc694c800 is a thread
RCX=0x0bb388a34ccf0000 is an unknown value
RDX=0x0000000000000006 is an unknown value
RSP=0x00000022fe1fc480 is pointing into the stack for thread: 0x000001edc694c800
RBP=0x0 is NULL
RSI=0x00000022fe1fc600 is pointing into the stack for thread: 0x000001edc694c800
RDI=0x000001edc694c800 is a thread
R8 =0x0 is NULL
R9 =0x00000022fe1fc598 is pointing into the stack for thread: 0x000001edc694c800
R10=0x000001edc694c800 is a thread
R11=0x00000022fe1fc478 is pointing into the stack for thread: 0x000001edc694c800
R12=0x0 is NULL
R13=0x00000022fe1fc598 is pointing into the stack for thread: 0x000001edc694c800
R14=0x0 is NULL
R15=0x000001edc694cb40 points into unknown readable memory: a0 1c 2c 0f fb 7f 00 00


Registers:
RAX=0x0000000000000000, RBX=0x000001edc694c800, RCX=0x0bb388a34ccf0000, RDX=0x0000000000000006
RSP=0x00000022fe1fc480, RBP=0x0000000000000000, RSI=0x00000022fe1fc600, RDI=0x000001edc694c800
R8 =0x0000000000000000, R9 =0x00000022fe1fc598, R10=0x000001edc694c800, R11=0x00000022fe1fc478
R12=0x0000000000000000, R13=0x00000022fe1fc598, R14=0x0000000000000000, R15=0x000001edc694cb40
RIP=0x00007ffb0ecb00e2, EFLAGS=0x0000000000010202

Top of Stack: (sp=0x00000022fe1fc480)
0x00000022fe1fc480:   000001edc694c800 00000022fe1fc600
0x00000022fe1fc490:   00007ffb22008578 0000000000000000
0x00000022fe1fc4a0:   0000000000000000 00007ffb0ecb259f
0x00000022fe1fc4b0:   000001edc544ed78 0000000000000000
0x00000022fe1fc4c0:   00007ffb22008538 0000000000015283
0x00000022fe1fc4d0:   000001edc694c800 000001edc5db4d90
0x00000022fe1fc4e0:   00000b9100000535 00007ffb0f160108
0x00000022fe1fc4f0:   00007ffb22008578 00007ffb22008538
0x00000022fe1fc500:   00000022fe1fcea0 00007ffb0eca0dd9
0x00000022fe1fc510:   000001edc694c800 000001edc694c800
0x00000022fe1fc520:   000001edc702e870 000001edc694cb40
0x00000022fe1fc530:   000001edd10c20f0 000001edd0fee1e0
0x00000022fe1fc540:   000001edc696c5a0 00007ffb1fcb4d0c
0x00000022fe1fc550:   0000000000000000 0000000000015283
0x00000022fe1fc560:   00000022fe1fc610 0000d942189bf03c
0x00000022fe1fc570:   0000000000000000 00007ffb203456d8 

Instructions: (pc=0x00007ffb0ecb00e2)
0x00007ffb0ecb00c2:   06 e8 08 16 d6 ff 48 89 7c 24 50 48 89 6c 24 58
0x00007ffb0ecb00d2:   48 39 6f 08 74 0a 48 8d 4c 24 50 e8 ae 7d 28 00
0x00007ffb0ecb00e2:   49 8b 04 24 48 8d 4c 24 70 c7 44 24 40 0c 00 00
0x00007ffb0ecb00f2:   00 48 8b 50 08 0f b7 42 2c 48 8b 52 08 48 8b 54 


Stack slot to memory mapping:
stack at sp + 0 slots: 0x000001edc694c800 is a thread
stack at sp + 1 slots: 0x00000022fe1fc600 is pointing into the stack for thread: 0x000001edc694c800
stack at sp + 2 slots: 0x00007ffb22008578 jfxwebkit.dll
stack at sp + 3 slots: 0x0 is NULL
stack at sp + 4 slots: 0x0 is NULL
stack at sp + 5 slots: 0x00007ffb0ecb259f jvm.dll
stack at sp + 6 slots: 0x000001edc544ed78 points into unknown readable memory: 0b 00 ff ff 7a ce 67 65
stack at sp + 7 slots: 0x0 is NULL


---------------  P R O C E S S  ---------------

Threads class SMR info:
_java_thread_list=0x000001edd08e3190, length=40, elements={
0x000001eda150a800, 0x000001edc54e3000, 0x000001edc54ec800, 0x000001edc5dfb800,
0x000001edc5dfd800, 0x000001edc5dff800, 0x000001edc5db2000, 0x000001edc5db3800,
0x000001edc5f65000, 0x000001edc5f71800, 0x000001edc60c9800, 0x000001edc68b0000,
0x000001edc694b000, 0x000001edc694c800, 0x000001edc69fc800, 0x000001edd0e46000,
0x000001edcf357000, 0x000001edcf9c8000, 0x000001edcf9c9800, 0x000001edcf832000,
0x000001edcf834800, 0x000001edcf833800, 0x000001edcf835800, 0x000001edcf830800,
0x000001edcf82f800, 0x000001edcf833000, 0x000001edd00b5800, 0x000001edd00b2000,
0x000001edd00b4800, 0x000001edd00b8800, 0x000001edd00bc000, 0x000001edd00b9800,
0x000001edd00b6000, 0x000001edd00ba800, 0x000001edd00bb000, 0x000001edd00bc800,
0x000001edd00bd800, 0x000001edd00be800, 0x000001edd00b7000, 0x000001edd00b3000
}

Java Threads: ( => current thread )
  0x000001eda150a800 JavaThread "main" [_thread_blocked, id=14660, stack(0x00000022fcc00000,0x00000022fcd00000)]
  0x000001edc54e3000 JavaThread "Reference Handler" daemon [_thread_blocked, id=21244, stack(0x00000022fd300000,0x00000022fd400000)]
  0x000001edc54ec800 JavaThread "Finalizer" daemon [_thread_blocked, id=17528, stack(0x00000022fd400000,0x00000022fd500000)]
  0x000001edc5dfb800 JavaThread "Signal Dispatcher" daemon [_thread_blocked, id=20316, stack(0x00000022fd500000,0x00000022fd600000)]
  0x000001edc5dfd800 JavaThread "Attach Listener" daemon [_thread_blocked, id=252, stack(0x00000022fd600000,0x00000022fd700000)]
  0x000001edc5dff800 JavaThread "C2 CompilerThread0" daemon [_thread_blocked, id=17540, stack(0x00000022fd700000,0x00000022fd800000)]
  0x000001edc5db2000 JavaThread "C1 CompilerThread0" daemon [_thread_blocked, id=9140, stack(0x00000022fd800000,0x00000022fd900000)]
  0x000001edc5db3800 JavaThread "Sweeper thread" daemon [_thread_blocked, id=12156, stack(0x00000022fd900000,0x00000022fda00000)]
  0x000001edc5f65000 JavaThread "Service Thread" daemon [_thread_blocked, id=20620, stack(0x00000022fda00000,0x00000022fdb00000)]
  0x000001edc5f71800 JavaThread "Common-Cleaner" daemon [_thread_blocked, id=20608, stack(0x00000022fdc00000,0x00000022fdd00000)]
  0x000001edc60c9800 JavaThread "JavaFX-Launcher" [_thread_blocked, id=6264, stack(0x00000022fde00000,0x00000022fdf00000)]
  0x000001edc68b0000 JavaThread "QuantumRenderer-0" daemon [_thread_blocked, id=16844, stack(0x00000022fdd00000,0x00000022fde00000)]
  0x000001edc694b000 JavaThread "InvokeLaterDispatcher" daemon [_thread_blocked, id=11556, stack(0x00000022fe000000,0x00000022fe100000)]
=>0x000001edc694c800 JavaThread "JavaFX Application Thread" [_thread_in_vm, id=7184, stack(0x00000022fe100000,0x00000022fe200000)]
  0x000001edc69fc800 JavaThread "Thread-2" daemon [_thread_blocked, id=7848, stack(0x00000022fe500000,0x00000022fe600000)]
  0x000001edd0e46000 JavaThread "Prism Font Disposer" daemon [_thread_blocked, id=6424, stack(0x00000022ff000000,0x00000022ff100000)]
  0x000001edcf357000 JavaThread "Disposer" daemon [_thread_blocked, id=20636, stack(0x00000022ff100000,0x00000022ff200000)]
  0x000001edcf9c8000 JavaThread "URL-Loader-1" daemon [_thread_blocked, id=2344, stack(0x00000022ff200000,0x00000022ff300000)]
  0x000001edcf9c9800 JavaThread "Cleaner-0" daemon [_thread_blocked, id=20912, stack(0x00000022ff300000,0x00000022ff400000)]
  0x000001edcf832000 JavaThread "Keep-Alive-Timer" daemon [_thread_blocked, id=18128, stack(0x00000022feb00000,0x00000022fec00000)]
  0x000001edcf834800 JavaThread "URL-Loader-2" daemon [_thread_blocked, id=20424, stack(0x00000022fff00000,0x0000002300000000)]
  0x000001edcf833800 JavaThread "URL-Loader-3" daemon [_thread_blocked, id=21236, stack(0x0000002280000000,0x0000002280100000)]
  0x000001edcf835800 JavaThread "URL-Loader-4" daemon [_thread_blocked, id=7892, stack(0x0000002280100000,0x0000002280200000)]
  0x000001edcf830800 JavaThread "URL-Loader-5" daemon [_thread_blocked, id=12344, stack(0x0000002280200000,0x0000002280300000)]
  0x000001edcf82f800 JavaThread "URL-Loader-6" daemon [_thread_blocked, id=2356, stack(0x0000002280400000,0x0000002280500000)]
  0x000001edcf833000 JavaThread "URL-Loader-7" daemon [_thread_blocked, id=6668, stack(0x0000002280500000,0x0000002280600000)]
  0x000001edd00b5800 JavaThread "URL-Loader-8" daemon [_thread_blocked, id=21140, stack(0x0000002280600000,0x0000002280700000)]
  0x000001edd00b2000 JavaThread "URL-Loader-9" daemon [_thread_blocked, id=2068, stack(0x0000002280700000,0x0000002280800000)]
  0x000001edd00b4800 JavaThread "URL-Loader-10" daemon [_thread_blocked, id=21164, stack(0x0000002280800000,0x0000002280900000)]
  0x000001edd00b8800 JavaThread "URL-Loader-11" daemon [_thread_blocked, id=21072, stack(0x0000002280a00000,0x0000002280b00000)]
  0x000001edd00bc000 JavaThread "URL-Loader-12" daemon [_thread_blocked, id=11480, stack(0x0000002280900000,0x0000002280a00000)]
  0x000001edd00b9800 JavaThread "URL-Loader-13" daemon [_thread_blocked, id=8972, stack(0x0000002280b00000,0x0000002280c00000)]
  0x000001edd00b6000 JavaThread "URL-Loader-14" daemon [_thread_blocked, id=20748, stack(0x0000002280c00000,0x0000002280d00000)]
  0x000001edd00ba800 JavaThread "URL-Loader-15" daemon [_thread_blocked, id=7908, stack(0x0000002280d00000,0x0000002280e00000)]
  0x000001edd00bb000 JavaThread "URL-Loader-16" daemon [_thread_blocked, id=4756, stack(0x0000002280e00000,0x0000002280f00000)]
  0x000001edd00bc800 JavaThread "URL-Loader-17" daemon [_thread_blocked, id=9444, stack(0x0000002280f00000,0x0000002281000000)]
  0x000001edd00bd800 JavaThread "URL-Loader-18" daemon [_thread_blocked, id=20768, stack(0x0000002281000000,0x0000002281100000)]
  0x000001edd00be800 JavaThread "URL-Loader-19" daemon [_thread_blocked, id=8840, stack(0x0000002281100000,0x0000002281200000)]
  0x000001edd00b7000 JavaThread "Keep-Alive-SocketCleaner" daemon [_thread_blocked, id=2744, stack(0x0000002281200000,0x0000002281300000)]
  0x000001edd00b3000 JavaThread "URL-Loader-20" daemon [_thread_blocked, id=11904, stack(0x0000002281300000,0x0000002281400000)]

Other Threads:
  0x000001edc54df000 VMThread "VM Thread" [stack: 0x00000022fd200000,0x00000022fd300000] [id=17484]
  0x000001edc5f68000 WatcherThread [stack: 0x00000022fdb00000,0x00000022fdc00000] [id=16940]
  0x000001eda1521800 GCTaskThread "GC Thread#0" [stack: 0x00000022fcd00000,0x00000022fce00000] [id=17404]
  0x000001edc730f800 GCTaskThread "GC Thread#1" [stack: 0x00000022fe600000,0x00000022fe700000] [id=7972]
  0x000001edc694a000 GCTaskThread "GC Thread#2" [stack: 0x00000022fe700000,0x00000022fe800000] [id=16916]
  0x000001edc6d7e000 GCTaskThread "GC Thread#3" [stack: 0x00000022fe800000,0x00000022fe900000] [id=4572]
  0x000001edc7361000 GCTaskThread "GC Thread#4" [stack: 0x00000022fe900000,0x00000022fea00000] [id=21196]
  0x000001edc735c000 GCTaskThread "GC Thread#5" [stack: 0x00000022fea00000,0x00000022feb00000] [id=968]
  0x000001eda1580000 ConcurrentGCThread "G1 Main Marker" [stack: 0x00000022fce00000,0x00000022fcf00000] [id=1116]
  0x000001eda1582800 ConcurrentGCThread "G1 Conc#0" [stack: 0x00000022fcf00000,0x00000022fd000000] [id=10148]
  0x000001edc7775000 ConcurrentGCThread "G1 Conc#1" [stack: 0x00000022fec00000,0x00000022fed00000] [id=9104]
  0x000001edc53c4800 ConcurrentGCThread "G1 Refine#0" [stack: 0x00000022fd000000,0x00000022fd100000] [id=18996]
  0x000001edc53c5800 ConcurrentGCThread "G1 Young RemSet Sampling" [stack: 0x00000022fd100000,0x00000022fd200000] [id=9348]

Threads with active compile tasks:

VM state:synchronizing (normal execution)

VM Mutex/Monitor currently owned by a thread:  ([mutex/lock_event])
[0x000001eda150a2e0] Threads_lock - owner thread: 0x000001edc54df000

Heap address: 0x0000000702600000, size: 4058 MB, Compressed Oops mode: Zero based, Oop shift amount: 3
Narrow klass base: 0x0000000800000000, Narrow klass shift: 0
Compressed class space size: 1073741824 Address: 0x0000000800000000

Heap:
 garbage-first heap   total 260096K, used 48180K [0x0000000702600000, 0x0000000800000000)
  region size 1024K, 25 young (25600K), 8 survivors (8192K)
 Metaspace       used 44347K, capacity 46340K, committed 46592K, reserved 1089536K
  class space    used 5706K, capacity 6565K, committed 6656K, reserved 1048576K
Heap Regions: E=young(eden), S=young(survivor), O=old, HS=humongous(starts), HC=humongous(continues), CS=collection set, F=free, A=archive, TAMS=top-at-mark-start (previous, next)
|   0|0x0000000702600000, 0x0000000702700000, 0x0000000702700000|100%| O|  |TAMS 0x0000000702700000, 0x0000000702600000| Untracked 
|   1|0x0000000702700000, 0x0000000702800000, 0x0000000702800000|100%| O|  |TAMS 0x0000000702800000, 0x0000000702700000| Untracked 
|   2|0x0000000702800000, 0x0000000702900000, 0x0000000702900000|100%| O|  |TAMS 0x0000000702900000, 0x0000000702800000| Untracked 
|   3|0x0000000702900000, 0x0000000702a00000, 0x0000000702a00000|100%|HS|  |TAMS 0x0000000702a00000, 0x0000000702900000| Complete 
|   4|0x0000000702a00000, 0x0000000702b00000, 0x0000000702b00000|100%|HC|  |TAMS 0x0000000702b00000, 0x0000000702a00000| Complete 
|   5|0x0000000702b00000, 0x0000000702c00000, 0x0000000702c00000|100%| O|  |TAMS 0x0000000702c00000, 0x0000000702b00000| Untracked 
|   6|0x0000000702c00000, 0x0000000702d00000, 0x0000000702d00000|100%| O|  |TAMS 0x0000000702d00000, 0x0000000702c00000| Untracked 
|   7|0x0000000702d00000, 0x0000000702e00000, 0x0000000702e00000|100%| O|  |TAMS 0x0000000702e00000, 0x0000000702d00000| Untracked 
|   8|0x0000000702e00000, 0x0000000702f00000, 0x0000000702f00000|100%|HS|  |TAMS 0x0000000702f00000, 0x0000000702e00000| Complete 
|   9|0x0000000702f00000, 0x0000000703000000, 0x0000000703000000|100%|HC|  |TAMS 0x0000000703000000, 0x0000000702f00000| Complete 
|  10|0x0000000703000000, 0x0000000703100000, 0x0000000703100000|100%| O|  |TAMS 0x0000000703100000, 0x0000000703000000| Untracked 
|  11|0x0000000703100000, 0x0000000703200000, 0x0000000703200000|100%| O|  |TAMS 0x0000000703200000, 0x0000000703100000| Untracked 
|  12|0x0000000703200000, 0x0000000703300000, 0x0000000703300000|100%| O|  |TAMS 0x0000000703300000, 0x0000000703200000| Untracked 
|  13|0x0000000703300000, 0x0000000703400000, 0x0000000703400000|100%| O|  |TAMS 0x0000000703400000, 0x0000000703300000| Untracked 
|  14|0x0000000703400000, 0x0000000703500000, 0x0000000703500000|100%| O|  |TAMS 0x0000000703500000, 0x0000000703400000| Untracked 
|  15|0x0000000703500000, 0x0000000703600000, 0x0000000703600000|100%| O|  |TAMS 0x0000000703600000, 0x0000000703500000| Untracked 
|  16|0x0000000703600000, 0x0000000703700000, 0x0000000703700000|100%| O|  |TAMS 0x0000000703700000, 0x0000000703600000| Untracked 
|  17|0x0000000703700000, 0x0000000703800000, 0x0000000703800000|100%| O|  |TAMS 0x0000000703800000, 0x0000000703700000| Untracked 
|  18|0x0000000703800000, 0x0000000703884e00, 0x0000000703900000| 51%| O|  |TAMS 0x0000000703884e00, 0x0000000703800000| Untracked 
|  19|0x0000000703900000, 0x0000000703a00000, 0x0000000703a00000|100%|HS|  |TAMS 0x0000000703900000, 0x0000000703900000| Complete 
|  20|0x0000000703a00000, 0x0000000703b00000, 0x0000000703b00000|100%|HS|  |TAMS 0x0000000703a00000, 0x0000000703a00000| Complete 
|  21|0x0000000703b00000, 0x0000000703c00000, 0x0000000703c00000|100%|HS|  |TAMS 0x0000000703b00000, 0x0000000703b00000| Complete 
|  22|0x0000000703c00000, 0x0000000703c00000, 0x0000000703d00000|  0%| F|  |TAMS 0x0000000703c00000, 0x0000000703c00000| Untracked 
|  23|0x0000000703d00000, 0x0000000703d00000, 0x0000000703e00000|  0%| F|  |TAMS 0x0000000703d00000, 0x0000000703d00000| Untracked 
|  24|0x0000000703e00000, 0x0000000703e00000, 0x0000000703f00000|  0%| F|  |TAMS 0x0000000703e00000, 0x0000000703e00000| Untracked 
|  25|0x0000000703f00000, 0x0000000704000000, 0x0000000704000000|100%|HS|  |TAMS 0x0000000703f00000, 0x0000000703f00000| Complete 
|  26|0x0000000704000000, 0x0000000704100000, 0x0000000704100000|100%|HC|  |TAMS 0x0000000704000000, 0x0000000704000000| Complete 
|  27|0x0000000704100000, 0x0000000704100000, 0x0000000704200000|  0%| F|  |TAMS 0x0000000704100000, 0x0000000704100000| Untracked 
|  28|0x0000000704200000, 0x0000000704200000, 0x0000000704300000|  0%| F|  |TAMS 0x0000000704200000, 0x0000000704200000| Untracked 
|  29|0x0000000704300000, 0x0000000704300000, 0x0000000704400000|  0%| F|  |TAMS 0x0000000704300000, 0x0000000704300000| Untracked 
|  30|0x0000000704400000, 0x0000000704400000, 0x0000000704500000|  0%| F|  |TAMS 0x0000000704400000, 0x0000000704400000| Untracked 
|  31|0x0000000704500000, 0x0000000704500000, 0x0000000704600000|  0%| F|  |TAMS 0x0000000704500000, 0x0000000704500000| Untracked 
|  32|0x0000000704600000, 0x0000000704600000, 0x0000000704700000|  0%| F|  |TAMS 0x0000000704600000, 0x0000000704600000| Untracked 
|  33|0x0000000704700000, 0x0000000704700000, 0x0000000704800000|  0%| F|  |TAMS 0x0000000704700000, 0x0000000704700000| Untracked 
|  34|0x0000000704800000, 0x0000000704800000, 0x0000000704900000|  0%| F|  |TAMS 0x0000000704800000, 0x0000000704800000| Untracked 
|  35|0x0000000704900000, 0x0000000704900000, 0x0000000704a00000|  0%| F|  |TAMS 0x0000000704900000, 0x0000000704900000| Untracked 
|  36|0x0000000704a00000, 0x0000000704a00000, 0x0000000704b00000|  0%| F|  |TAMS 0x0000000704a00000, 0x0000000704a00000| Untracked 
|  37|0x0000000704b00000, 0x0000000704b00000, 0x0000000704c00000|  0%| F|  |TAMS 0x0000000704b00000, 0x0000000704b00000| Untracked 
|  38|0x0000000704c00000, 0x0000000704c00000, 0x0000000704d00000|  0%| F|  |TAMS 0x0000000704c00000, 0x0000000704c00000| Untracked 
|  39|0x0000000704d00000, 0x0000000704d00000, 0x0000000704e00000|  0%| F|  |TAMS 0x0000000704d00000, 0x0000000704d00000| Untracked 
|  40|0x0000000704e00000, 0x0000000704e00000, 0x0000000704f00000|  0%| F|  |TAMS 0x0000000704e00000, 0x0000000704e00000| Untracked 
|  41|0x0000000704f00000, 0x0000000704f00000, 0x0000000705000000|  0%| F|  |TAMS 0x0000000704f00000, 0x0000000704f00000| Untracked 
|  42|0x0000000705000000, 0x0000000705000000, 0x0000000705100000|  0%| F|  |TAMS 0x0000000705000000, 0x0000000705000000| Untracked 
|  43|0x0000000705100000, 0x0000000705100000, 0x0000000705200000|  0%| F|  |TAMS 0x0000000705100000, 0x0000000705100000| Untracked 
|  44|0x0000000705200000, 0x0000000705200000, 0x0000000705300000|  0%| F|  |TAMS 0x0000000705200000, 0x0000000705200000| Untracked 
|  45|0x0000000705300000, 0x0000000705300000, 0x0000000705400000|  0%| F|  |TAMS 0x0000000705300000, 0x0000000705300000| Untracked 
|  46|0x0000000705400000, 0x0000000705400000, 0x0000000705500000|  0%| F|  |TAMS 0x0000000705400000, 0x0000000705400000| Untracked 
|  47|0x0000000705500000, 0x0000000705500000, 0x0000000705600000|  0%| F|  |TAMS 0x0000000705500000, 0x0000000705500000| Untracked 
|  48|0x0000000705600000, 0x0000000705600000, 0x0000000705700000|  0%| F|  |TAMS 0x0000000705600000, 0x0000000705600000| Untracked 
|  49|0x0000000705700000, 0x0000000705700000, 0x0000000705800000|  0%| F|  |TAMS 0x0000000705700000, 0x0000000705700000| Untracked 
|  50|0x0000000705800000, 0x0000000705800000, 0x0000000705900000|  0%| F|  |TAMS 0x0000000705800000, 0x0000000705800000| Untracked 
|  51|0x0000000705900000, 0x0000000705900000, 0x0000000705a00000|  0%| F|  |TAMS 0x0000000705900000, 0x0000000705900000| Untracked 
|  52|0x0000000705a00000, 0x0000000705a00000, 0x0000000705b00000|  0%| F|  |TAMS 0x0000000705a00000, 0x0000000705a00000| Untracked 
|  53|0x0000000705b00000, 0x0000000705b00000, 0x0000000705c00000|  0%| F|  |TAMS 0x0000000705b00000, 0x0000000705b00000| Untracked 
|  54|0x0000000705c00000, 0x0000000705c00000, 0x0000000705d00000|  0%| F|  |TAMS 0x0000000705c00000, 0x0000000705c00000| Untracked 
|  55|0x0000000705d00000, 0x0000000705d00000, 0x0000000705e00000|  0%| F|  |TAMS 0x0000000705d00000, 0x0000000705d00000| Untracked 
|  56|0x0000000705e00000, 0x0000000705e00000, 0x0000000705f00000|  0%| F|  |TAMS 0x0000000705e00000, 0x0000000705e00000| Untracked 
|  57|0x0000000705f00000, 0x0000000705f00000, 0x0000000706000000|  0%| F|  |TAMS 0x0000000705f00000, 0x0000000705f00000| Untracked 
|  58|0x0000000706000000, 0x0000000706000000, 0x0000000706100000|  0%| F|  |TAMS 0x0000000706000000, 0x0000000706000000| Untracked 
|  59|0x0000000706100000, 0x0000000706100000, 0x0000000706200000|  0%| F|  |TAMS 0x0000000706100000, 0x0000000706100000| Untracked 
|  60|0x0000000706200000, 0x0000000706200000, 0x0000000706300000|  0%| F|  |TAMS 0x0000000706200000, 0x0000000706200000| Untracked 
|  61|0x0000000706300000, 0x0000000706300000, 0x0000000706400000|  0%| F|  |TAMS 0x0000000706300000, 0x0000000706300000| Untracked 
|  62|0x0000000706400000, 0x0000000706400000, 0x0000000706500000|  0%| F|  |TAMS 0x0000000706400000, 0x0000000706400000| Untracked 
|  63|0x0000000706500000, 0x0000000706500000, 0x0000000706600000|  0%| F|  |TAMS 0x0000000706500000, 0x0000000706500000| Untracked 
|  64|0x0000000706600000, 0x0000000706600000, 0x0000000706700000|  0%| F|  |TAMS 0x0000000706600000, 0x0000000706600000| Untracked 
|  65|0x0000000706700000, 0x0000000706700000, 0x0000000706800000|  0%| F|  |TAMS 0x0000000706700000, 0x0000000706700000| Untracked 
|  66|0x0000000706800000, 0x0000000706800000, 0x0000000706900000|  0%| F|  |TAMS 0x0000000706800000, 0x0000000706800000| Untracked 
|  67|0x0000000706900000, 0x0000000706900000, 0x0000000706a00000|  0%| F|  |TAMS 0x0000000706900000, 0x0000000706900000| Untracked 
|  68|0x0000000706a00000, 0x0000000706a00000, 0x0000000706b00000|  0%| F|  |TAMS 0x0000000706a00000, 0x0000000706a00000| Untracked 
|  69|0x0000000706b00000, 0x0000000706b00000, 0x0000000706c00000|  0%| F|  |TAMS 0x0000000706b00000, 0x0000000706b00000| Untracked 
|  70|0x0000000706c00000, 0x0000000706c00000, 0x0000000706d00000|  0%| F|  |TAMS 0x0000000706c00000, 0x0000000706c00000| Untracked 
|  71|0x0000000706d00000, 0x0000000706d00000, 0x0000000706e00000|  0%| F|  |TAMS 0x0000000706d00000, 0x0000000706d00000| Untracked 
|  72|0x0000000706e00000, 0x0000000706e00000, 0x0000000706f00000|  0%| F|  |TAMS 0x0000000706e00000, 0x0000000706e00000| Untracked 
|  73|0x0000000706f00000, 0x0000000706f00000, 0x0000000707000000|  0%| F|  |TAMS 0x0000000706f00000, 0x0000000706f00000| Untracked 
|  74|0x0000000707000000, 0x0000000707000000, 0x0000000707100000|  0%| F|  |TAMS 0x0000000707000000, 0x0000000707000000| Untracked 
|  75|0x0000000707100000, 0x0000000707100000, 0x0000000707200000|  0%| F|  |TAMS 0x0000000707100000, 0x0000000707100000| Untracked 
|  76|0x0000000707200000, 0x0000000707200000, 0x0000000707300000|  0%| F|  |TAMS 0x0000000707200000, 0x0000000707200000| Untracked 
|  77|0x0000000707300000, 0x0000000707300000, 0x0000000707400000|  0%| F|  |TAMS 0x0000000707300000, 0x0000000707300000| Untracked 
|  78|0x0000000707400000, 0x0000000707400000, 0x0000000707500000|  0%| F|  |TAMS 0x0000000707400000, 0x0000000707400000| Untracked 
|  79|0x0000000707500000, 0x0000000707500000, 0x0000000707600000|  0%| F|  |TAMS 0x0000000707500000, 0x0000000707500000| Untracked 
|  80|0x0000000707600000, 0x0000000707600000, 0x0000000707700000|  0%| F|  |TAMS 0x0000000707600000, 0x0000000707600000| Untracked 
|  81|0x0000000707700000, 0x0000000707700000, 0x0000000707800000|  0%| F|  |TAMS 0x0000000707700000, 0x0000000707700000| Untracked 
|  82|0x0000000707800000, 0x0000000707800000, 0x0000000707900000|  0%| F|  |TAMS 0x0000000707800000, 0x0000000707800000| Untracked 
|  83|0x0000000707900000, 0x0000000707900000, 0x0000000707a00000|  0%| F|  |TAMS 0x0000000707900000, 0x0000000707900000| Untracked 
|  84|0x0000000707a00000, 0x0000000707a00000, 0x0000000707b00000|  0%| F|  |TAMS 0x0000000707a00000, 0x0000000707a00000| Untracked 
|  85|0x0000000707b00000, 0x0000000707b00000, 0x0000000707c00000|  0%| F|  |TAMS 0x0000000707b00000, 0x0000000707b00000| Untracked 
|  86|0x0000000707c00000, 0x0000000707c00000, 0x0000000707d00000|  0%| F|  |TAMS 0x0000000707c00000, 0x0000000707c00000| Untracked 
|  87|0x0000000707d00000, 0x0000000707d00000, 0x0000000707e00000|  0%| F|  |TAMS 0x0000000707d00000, 0x0000000707d00000| Untracked 
|  88|0x0000000707e00000, 0x0000000707e00000, 0x0000000707f00000|  0%| F|  |TAMS 0x0000000707e00000, 0x0000000707e00000| Untracked 
|  89|0x0000000707f00000, 0x0000000707f00000, 0x0000000708000000|  0%| F|  |TAMS 0x0000000707f00000, 0x0000000707f00000| Untracked 
|  90|0x0000000708000000, 0x0000000708000000, 0x0000000708100000|  0%| F|  |TAMS 0x0000000708000000, 0x0000000708000000| Untracked 
|  91|0x0000000708100000, 0x0000000708100000, 0x0000000708200000|  0%| F|  |TAMS 0x0000000708100000, 0x0000000708100000| Untracked 
|  92|0x0000000708200000, 0x0000000708200000, 0x0000000708300000|  0%| F|  |TAMS 0x0000000708200000, 0x0000000708200000| Untracked 
|  93|0x0000000708300000, 0x0000000708300000, 0x0000000708400000|  0%| F|  |TAMS 0x0000000708300000, 0x0000000708300000| Untracked 
|  94|0x0000000708400000, 0x0000000708400000, 0x0000000708500000|  0%| F|  |TAMS 0x0000000708400000, 0x0000000708400000| Untracked 
|  95|0x0000000708500000, 0x0000000708500000, 0x0000000708600000|  0%| F|  |TAMS 0x0000000708500000, 0x0000000708500000| Untracked 
|  96|0x0000000708600000, 0x0000000708600000, 0x0000000708700000|  0%| F|  |TAMS 0x0000000708600000, 0x0000000708600000| Untracked 
|  97|0x0000000708700000, 0x0000000708700000, 0x0000000708800000|  0%| F|  |TAMS 0x0000000708700000, 0x0000000708700000| Untracked 
|  98|0x0000000708800000, 0x0000000708800000, 0x0000000708900000|  0%| F|  |TAMS 0x0000000708800000, 0x0000000708800000| Untracked 
|  99|0x0000000708900000, 0x0000000708900000, 0x0000000708a00000|  0%| F|  |TAMS 0x0000000708900000, 0x0000000708900000| Untracked 
| 100|0x0000000708a00000, 0x0000000708a00000, 0x0000000708b00000|  0%| F|  |TAMS 0x0000000708a00000, 0x0000000708a00000| Untracked 
| 101|0x0000000708b00000, 0x0000000708b00000, 0x0000000708c00000|  0%| F|  |TAMS 0x0000000708b00000, 0x0000000708b00000| Untracked 
| 102|0x0000000708c00000, 0x0000000708c00000, 0x0000000708d00000|  0%| F|  |TAMS 0x0000000708c00000, 0x0000000708c00000| Untracked 
| 103|0x0000000708d00000, 0x0000000708d00000, 0x0000000708e00000|  0%| F|  |TAMS 0x0000000708d00000, 0x0000000708d00000| Untracked 
| 104|0x0000000708e00000, 0x0000000708e00000, 0x0000000708f00000|  0%| F|  |TAMS 0x0000000708e00000, 0x0000000708e00000| Untracked 
| 105|0x0000000708f00000, 0x0000000708f00000, 0x0000000709000000|  0%| F|  |TAMS 0x0000000708f00000, 0x0000000708f00000| Untracked 
| 106|0x0000000709000000, 0x0000000709000000, 0x0000000709100000|  0%| F|  |TAMS 0x0000000709000000, 0x0000000709000000| Untracked 
| 107|0x0000000709100000, 0x0000000709100000, 0x0000000709200000|  0%| F|  |TAMS 0x0000000709100000, 0x0000000709100000| Untracked 
| 108|0x0000000709200000, 0x0000000709200000, 0x0000000709300000|  0%| F|  |TAMS 0x0000000709200000, 0x0000000709200000| Untracked 
| 109|0x0000000709300000, 0x0000000709300000, 0x0000000709400000|  0%| F|  |TAMS 0x0000000709300000, 0x0000000709300000| Untracked 
| 110|0x0000000709400000, 0x0000000709400000, 0x0000000709500000|  0%| F|  |TAMS 0x0000000709400000, 0x0000000709400000| Untracked 
| 111|0x0000000709500000, 0x0000000709500000, 0x0000000709600000|  0%| F|  |TAMS 0x0000000709500000, 0x0000000709500000| Untracked 
| 112|0x0000000709600000, 0x0000000709600000, 0x0000000709700000|  0%| F|  |TAMS 0x0000000709600000, 0x0000000709600000| Untracked 
| 113|0x0000000709700000, 0x0000000709700000, 0x0000000709800000|  0%| F|  |TAMS 0x0000000709700000, 0x0000000709700000| Untracked 
| 114|0x0000000709800000, 0x0000000709800000, 0x0000000709900000|  0%| F|  |TAMS 0x0000000709800000, 0x0000000709800000| Untracked 
| 115|0x0000000709900000, 0x0000000709900000, 0x0000000709a00000|  0%| F|  |TAMS 0x0000000709900000, 0x0000000709900000| Untracked 
| 116|0x0000000709a00000, 0x0000000709a00000, 0x0000000709b00000|  0%| F|  |TAMS 0x0000000709a00000, 0x0000000709a00000| Untracked 
| 117|0x0000000709b00000, 0x0000000709b00000, 0x0000000709c00000|  0%| F|  |TAMS 0x0000000709b00000, 0x0000000709b00000| Untracked 
| 118|0x0000000709c00000, 0x0000000709c00000, 0x0000000709d00000|  0%| F|  |TAMS 0x0000000709c00000, 0x0000000709c00000| Untracked 
| 119|0x0000000709d00000, 0x0000000709d00000, 0x0000000709e00000|  0%| F|  |TAMS 0x0000000709d00000, 0x0000000709d00000| Untracked 
| 120|0x0000000709e00000, 0x0000000709e00000, 0x0000000709f00000|  0%| F|  |TAMS 0x0000000709e00000, 0x0000000709e00000| Untracked 
| 121|0x0000000709f00000, 0x0000000709f00000, 0x000000070a000000|  0%| F|  |TAMS 0x0000000709f00000, 0x0000000709f00000| Untracked 
| 122|0x000000070a000000, 0x000000070a000000, 0x000000070a100000|  0%| F|  |TAMS 0x000000070a000000, 0x000000070a000000| Untracked 
| 123|0x000000070a100000, 0x000000070a100000, 0x000000070a200000|  0%| F|  |TAMS 0x000000070a100000, 0x000000070a100000| Untracked 
| 124|0x000000070a200000, 0x000000070a200000, 0x000000070a300000|  0%| F|  |TAMS 0x000000070a200000, 0x000000070a200000| Untracked 
| 125|0x000000070a300000, 0x000000070a300000, 0x000000070a400000|  0%| F|  |TAMS 0x000000070a300000, 0x000000070a300000| Untracked 
| 126|0x000000070a400000, 0x000000070a400000, 0x000000070a500000|  0%| F|  |TAMS 0x000000070a400000, 0x000000070a400000| Untracked 
| 127|0x000000070a500000, 0x000000070a500000, 0x000000070a600000|  0%| F|  |TAMS 0x000000070a500000, 0x000000070a500000| Untracked 
| 128|0x000000070a600000, 0x000000070a600000, 0x000000070a700000|  0%| F|  |TAMS 0x000000070a600000, 0x000000070a600000| Untracked 
| 129|0x000000070a700000, 0x000000070a700000, 0x000000070a800000|  0%| F|  |TAMS 0x000000070a700000, 0x000000070a700000| Untracked 
| 130|0x000000070a800000, 0x000000070a800000, 0x000000070a900000|  0%| F|  |TAMS 0x000000070a800000, 0x000000070a800000| Untracked 
| 131|0x000000070a900000, 0x000000070a900000, 0x000000070aa00000|  0%| F|  |TAMS 0x000000070a900000, 0x000000070a900000| Untracked 
| 132|0x000000070aa00000, 0x000000070aa00000, 0x000000070ab00000|  0%| F|  |TAMS 0x000000070aa00000, 0x000000070aa00000| Untracked 
| 133|0x000000070ab00000, 0x000000070ab00000, 0x000000070ac00000|  0%| F|  |TAMS 0x000000070ab00000, 0x000000070ab00000| Untracked 
| 134|0x000000070ac00000, 0x000000070ac00000, 0x000000070ad00000|  0%| F|  |TAMS 0x000000070ac00000, 0x000000070ac00000| Untracked 
| 135|0x000000070ad00000, 0x000000070ad00000, 0x000000070ae00000|  0%| F|  |TAMS 0x000000070ad00000, 0x000000070ad00000| Untracked 
| 136|0x000000070ae00000, 0x000000070ae00000, 0x000000070af00000|  0%| F|  |TAMS 0x000000070ae00000, 0x000000070ae00000| Untracked 
| 137|0x000000070af00000, 0x000000070af00000, 0x000000070b000000|  0%| F|  |TAMS 0x000000070af00000, 0x000000070af00000| Untracked 
| 138|0x000000070b000000, 0x000000070b000000, 0x000000070b100000|  0%| F|  |TAMS 0x000000070b000000, 0x000000070b000000| Untracked 
| 139|0x000000070b100000, 0x000000070b100000, 0x000000070b200000|  0%| F|  |TAMS 0x000000070b100000, 0x000000070b100000| Untracked 
| 140|0x000000070b200000, 0x000000070b200000, 0x000000070b300000|  0%| F|  |TAMS 0x000000070b200000, 0x000000070b200000| Untracked 
| 141|0x000000070b300000, 0x000000070b300000, 0x000000070b400000|  0%| F|  |TAMS 0x000000070b300000, 0x000000070b300000| Untracked 
| 142|0x000000070b400000, 0x000000070b400000, 0x000000070b500000|  0%| F|  |TAMS 0x000000070b400000, 0x000000070b400000| Untracked 
| 143|0x000000070b500000, 0x000000070b500000, 0x000000070b600000|  0%| F|  |TAMS 0x000000070b500000, 0x000000070b500000| Untracked 
| 144|0x000000070b600000, 0x000000070b600000, 0x000000070b700000|  0%| F|  |TAMS 0x000000070b600000, 0x000000070b600000| Untracked 
| 145|0x000000070b700000, 0x000000070b700000, 0x000000070b800000|  0%| F|  |TAMS 0x000000070b700000, 0x000000070b700000| Untracked 
| 146|0x000000070b800000, 0x000000070b800000, 0x000000070b900000|  0%| F|  |TAMS 0x000000070b800000, 0x000000070b800000| Untracked 
| 147|0x000000070b900000, 0x000000070b900000, 0x000000070ba00000|  0%| F|  |TAMS 0x000000070b900000, 0x000000070b900000| Untracked 
| 148|0x000000070ba00000, 0x000000070ba00000, 0x000000070bb00000|  0%| F|  |TAMS 0x000000070ba00000, 0x000000070ba00000| Untracked 
| 149|0x000000070bb00000, 0x000000070bb00000, 0x000000070bc00000|  0%| F|  |TAMS 0x000000070bb00000, 0x000000070bb00000| Untracked 
| 150|0x000000070bc00000, 0x000000070bc00000, 0x000000070bd00000|  0%| F|  |TAMS 0x000000070bc00000, 0x000000070bc00000| Untracked 
| 151|0x000000070bd00000, 0x000000070bd00000, 0x000000070be00000|  0%| F|  |TAMS 0x000000070bd00000, 0x000000070bd00000| Untracked 
| 152|0x000000070be00000, 0x000000070be00000, 0x000000070bf00000|  0%| F|  |TAMS 0x000000070be00000, 0x000000070be00000| Untracked 
| 153|0x000000070bf00000, 0x000000070bf00000, 0x000000070c000000|  0%| F|  |TAMS 0x000000070bf00000, 0x000000070bf00000| Untracked 
| 154|0x000000070c000000, 0x000000070c000000, 0x000000070c100000|  0%| F|  |TAMS 0x000000070c000000, 0x000000070c000000| Untracked 
| 155|0x000000070c100000, 0x000000070c100000, 0x000000070c200000|  0%| F|  |TAMS 0x000000070c100000, 0x000000070c100000| Untracked 
| 156|0x000000070c200000, 0x000000070c200000, 0x000000070c300000|  0%| F|  |TAMS 0x000000070c200000, 0x000000070c200000| Untracked 
| 157|0x000000070c300000, 0x000000070c300000, 0x000000070c400000|  0%| F|  |TAMS 0x000000070c300000, 0x000000070c300000| Untracked 
| 158|0x000000070c400000, 0x000000070c400000, 0x000000070c500000|  0%| F|  |TAMS 0x000000070c400000, 0x000000070c400000| Untracked 
| 159|0x000000070c500000, 0x000000070c500000, 0x000000070c600000|  0%| F|  |TAMS 0x000000070c500000, 0x000000070c500000| Untracked 
| 160|0x000000070c600000, 0x000000070c600000, 0x000000070c700000|  0%| F|  |TAMS 0x000000070c600000, 0x000000070c600000| Untracked 
| 161|0x000000070c700000, 0x000000070c700000, 0x000000070c800000|  0%| F|  |TAMS 0x000000070c700000, 0x000000070c700000| Untracked 
| 162|0x000000070c800000, 0x000000070c800000, 0x000000070c900000|  0%| F|  |TAMS 0x000000070c800000, 0x000000070c800000| Untracked 
| 163|0x000000070c900000, 0x000000070c900000, 0x000000070ca00000|  0%| F|  |TAMS 0x000000070c900000, 0x000000070c900000| Untracked 
| 164|0x000000070ca00000, 0x000000070ca00000, 0x000000070cb00000|  0%| F|  |TAMS 0x000000070ca00000, 0x000000070ca00000| Untracked 
| 165|0x000000070cb00000, 0x000000070cb00000, 0x000000070cc00000|  0%| F|  |TAMS 0x000000070cb00000, 0x000000070cb00000| Untracked 
| 166|0x000000070cc00000, 0x000000070cc00000, 0x000000070cd00000|  0%| F|  |TAMS 0x000000070cc00000, 0x000000070cc00000| Untracked 
| 167|0x000000070cd00000, 0x000000070cd00000, 0x000000070ce00000|  0%| F|  |TAMS 0x000000070cd00000, 0x000000070cd00000| Untracked 
| 168|0x000000070ce00000, 0x000000070ce00000, 0x000000070cf00000|  0%| F|  |TAMS 0x000000070ce00000, 0x000000070ce00000| Untracked 
| 169|0x000000070cf00000, 0x000000070cf00000, 0x000000070d000000|  0%| F|  |TAMS 0x000000070cf00000, 0x000000070cf00000| Untracked 
| 170|0x000000070d000000, 0x000000070d000000, 0x000000070d100000|  0%| F|  |TAMS 0x000000070d000000, 0x000000070d000000| Untracked 
| 171|0x000000070d100000, 0x000000070d100000, 0x000000070d200000|  0%| F|  |TAMS 0x000000070d100000, 0x000000070d100000| Untracked 
| 172|0x000000070d200000, 0x000000070d200000, 0x000000070d300000|  0%| F|  |TAMS 0x000000070d200000, 0x000000070d200000| Untracked 
| 173|0x000000070d300000, 0x000000070d300000, 0x000000070d400000|  0%| F|  |TAMS 0x000000070d300000, 0x000000070d300000| Untracked 
| 174|0x000000070d400000, 0x000000070d400000, 0x000000070d500000|  0%| F|  |TAMS 0x000000070d400000, 0x000000070d400000| Untracked 
| 175|0x000000070d500000, 0x000000070d588460, 0x000000070d600000| 53%| S|CS|TAMS 0x000000070d500000, 0x000000070d500000| Complete 
| 176|0x000000070d600000, 0x000000070d700000, 0x000000070d700000|100%| S|CS|TAMS 0x000000070d600000, 0x000000070d600000| Complete 
| 177|0x000000070d700000, 0x000000070d800000, 0x000000070d800000|100%| S|CS|TAMS 0x000000070d700000, 0x000000070d700000| Complete 
| 178|0x000000070d800000, 0x000000070d900000, 0x000000070d900000|100%| S|CS|TAMS 0x000000070d800000, 0x000000070d800000| Complete 
| 179|0x000000070d900000, 0x000000070da00000, 0x000000070da00000|100%| S|CS|TAMS 0x000000070d900000, 0x000000070d900000| Complete 
| 180|0x000000070da00000, 0x000000070db00000, 0x000000070db00000|100%| S|CS|TAMS 0x000000070da00000, 0x000000070da00000| Complete 
| 181|0x000000070db00000, 0x000000070dc00000, 0x000000070dc00000|100%| S|CS|TAMS 0x000000070db00000, 0x000000070db00000| Complete 
| 182|0x000000070dc00000, 0x000000070dd00000, 0x000000070dd00000|100%| S|CS|TAMS 0x000000070dc00000, 0x000000070dc00000| Complete 
| 183|0x000000070dd00000, 0x000000070dd00000, 0x000000070de00000|  0%| F|  |TAMS 0x000000070dd00000, 0x000000070dd00000| Untracked 
| 184|0x000000070de00000, 0x000000070de00000, 0x000000070df00000|  0%| F|  |TAMS 0x000000070de00000, 0x000000070de00000| Untracked 
| 185|0x000000070df00000, 0x000000070df00000, 0x000000070e000000|  0%| F|  |TAMS 0x000000070df00000, 0x000000070df00000| Untracked 
| 186|0x000000070e000000, 0x000000070e000000, 0x000000070e100000|  0%| F|  |TAMS 0x000000070e000000, 0x000000070e000000| Untracked 
| 187|0x000000070e100000, 0x000000070e100000, 0x000000070e200000|  0%| F|  |TAMS 0x000000070e100000, 0x000000070e100000| Untracked 
| 188|0x000000070e200000, 0x000000070e200000, 0x000000070e300000|  0%| F|  |TAMS 0x000000070e200000, 0x000000070e200000| Untracked 
| 189|0x000000070e300000, 0x000000070e300000, 0x000000070e400000|  0%| F|  |TAMS 0x000000070e300000, 0x000000070e300000| Untracked 
| 190|0x000000070e400000, 0x000000070e400000, 0x000000070e500000|  0%| F|  |TAMS 0x000000070e400000, 0x000000070e400000| Untracked 
| 191|0x000000070e500000, 0x000000070e500000, 0x000000070e600000|  0%| F|  |TAMS 0x000000070e500000, 0x000000070e500000| Untracked 
| 192|0x000000070e600000, 0x000000070e600000, 0x000000070e700000|  0%| F|  |TAMS 0x000000070e600000, 0x000000070e600000| Untracked 
| 193|0x000000070e700000, 0x000000070e700000, 0x000000070e800000|  0%| F|  |TAMS 0x000000070e700000, 0x000000070e700000| Untracked 
| 194|0x000000070e800000, 0x000000070e800000, 0x000000070e900000|  0%| F|  |TAMS 0x000000070e800000, 0x000000070e800000| Untracked 
| 195|0x000000070e900000, 0x000000070e900000, 0x000000070ea00000|  0%| F|  |TAMS 0x000000070e900000, 0x000000070e900000| Untracked 
| 196|0x000000070ea00000, 0x000000070ea00000, 0x000000070eb00000|  0%| F|  |TAMS 0x000000070ea00000, 0x000000070ea00000| Untracked 
| 197|0x000000070eb00000, 0x000000070eb00000, 0x000000070ec00000|  0%| F|  |TAMS 0x000000070eb00000, 0x000000070eb00000| Untracked 
| 198|0x000000070ec00000, 0x000000070ec00000, 0x000000070ed00000|  0%| F|  |TAMS 0x000000070ec00000, 0x000000070ec00000| Untracked 
| 199|0x000000070ed00000, 0x000000070ed00000, 0x000000070ee00000|  0%| F|  |TAMS 0x000000070ed00000, 0x000000070ed00000| Untracked 
| 200|0x000000070ee00000, 0x000000070ee00000, 0x000000070ef00000|  0%| F|  |TAMS 0x000000070ee00000, 0x000000070ee00000| Untracked 
| 201|0x000000070ef00000, 0x000000070ef00000, 0x000000070f000000|  0%| F|  |TAMS 0x000000070ef00000, 0x000000070ef00000| Untracked 
| 202|0x000000070f000000, 0x000000070f000000, 0x000000070f100000|  0%| F|  |TAMS 0x000000070f000000, 0x000000070f000000| Untracked 
| 203|0x000000070f100000, 0x000000070f100000, 0x000000070f200000|  0%| F|  |TAMS 0x000000070f100000, 0x000000070f100000| Untracked 
| 204|0x000000070f200000, 0x000000070f200000, 0x000000070f300000|  0%| F|  |TAMS 0x000000070f200000, 0x000000070f200000| Untracked 
| 205|0x000000070f300000, 0x000000070f300000, 0x000000070f400000|  0%| F|  |TAMS 0x000000070f300000, 0x000000070f300000| Untracked 
| 206|0x000000070f400000, 0x000000070f400000, 0x000000070f500000|  0%| F|  |TAMS 0x000000070f400000, 0x000000070f400000| Untracked 
| 207|0x000000070f500000, 0x000000070f500000, 0x000000070f600000|  0%| F|  |TAMS 0x000000070f500000, 0x000000070f500000| Untracked 
| 208|0x000000070f600000, 0x000000070f600000, 0x000000070f700000|  0%| F|  |TAMS 0x000000070f600000, 0x000000070f600000| Untracked 
| 209|0x000000070f700000, 0x000000070f700000, 0x000000070f800000|  0%| F|  |TAMS 0x000000070f700000, 0x000000070f700000| Untracked 
| 210|0x000000070f800000, 0x000000070f800000, 0x000000070f900000|  0%| F|  |TAMS 0x000000070f800000, 0x000000070f800000| Untracked 
| 211|0x000000070f900000, 0x000000070f900000, 0x000000070fa00000|  0%| F|  |TAMS 0x000000070f900000, 0x000000070f900000| Untracked 
| 212|0x000000070fa00000, 0x000000070fa00000, 0x000000070fb00000|  0%| F|  |TAMS 0x000000070fa00000, 0x000000070fa00000| Untracked 
| 213|0x000000070fb00000, 0x000000070fb00000, 0x000000070fc00000|  0%| F|  |TAMS 0x000000070fb00000, 0x000000070fb00000| Untracked 
| 214|0x000000070fc00000, 0x000000070fc00000, 0x000000070fd00000|  0%| F|  |TAMS 0x000000070fc00000, 0x000000070fc00000| Untracked 
| 215|0x000000070fd00000, 0x000000070fd00000, 0x000000070fe00000|  0%| F|  |TAMS 0x000000070fd00000, 0x000000070fd00000| Untracked 
| 216|0x000000070fe00000, 0x000000070fe00000, 0x000000070ff00000|  0%| F|  |TAMS 0x000000070fe00000, 0x000000070fe00000| Untracked 
| 217|0x000000070ff00000, 0x000000070ff00000, 0x0000000710000000|  0%| F|  |TAMS 0x000000070ff00000, 0x000000070ff00000| Untracked 
| 218|0x0000000710000000, 0x0000000710000000, 0x0000000710100000|  0%| F|  |TAMS 0x0000000710000000, 0x0000000710000000| Untracked 
| 219|0x0000000710100000, 0x0000000710100000, 0x0000000710200000|  0%| F|  |TAMS 0x0000000710100000, 0x0000000710100000| Untracked 
| 220|0x0000000710200000, 0x0000000710200000, 0x0000000710300000|  0%| F|  |TAMS 0x0000000710200000, 0x0000000710200000| Untracked 
| 221|0x0000000710300000, 0x0000000710300000, 0x0000000710400000|  0%| F|  |TAMS 0x0000000710300000, 0x0000000710300000| Untracked 
| 222|0x0000000710400000, 0x0000000710400000, 0x0000000710500000|  0%| F|  |TAMS 0x0000000710400000, 0x0000000710400000| Untracked 
| 223|0x0000000710500000, 0x0000000710500000, 0x0000000710600000|  0%| F|  |TAMS 0x0000000710500000, 0x0000000710500000| Untracked 
| 224|0x0000000710600000, 0x0000000710600000, 0x0000000710700000|  0%| F|  |TAMS 0x0000000710600000, 0x0000000710600000| Untracked 
| 225|0x0000000710700000, 0x0000000710700000, 0x0000000710800000|  0%| F|  |TAMS 0x0000000710700000, 0x0000000710700000| Untracked 
| 226|0x0000000710800000, 0x0000000710800000, 0x0000000710900000|  0%| F|  |TAMS 0x0000000710800000, 0x0000000710800000| Untracked 
| 227|0x0000000710900000, 0x0000000710900000, 0x0000000710a00000|  0%| F|  |TAMS 0x0000000710900000, 0x0000000710900000| Untracked 
| 228|0x0000000710a00000, 0x0000000710a00000, 0x0000000710b00000|  0%| F|  |TAMS 0x0000000710a00000, 0x0000000710a00000| Untracked 
| 229|0x0000000710b00000, 0x0000000710b00000, 0x0000000710c00000|  0%| F|  |TAMS 0x0000000710b00000, 0x0000000710b00000| Untracked 
| 230|0x0000000710c00000, 0x0000000710c00000, 0x0000000710d00000|  0%| F|  |TAMS 0x0000000710c00000, 0x0000000710c00000| Untracked 
| 231|0x0000000710d00000, 0x0000000710d00000, 0x0000000710e00000|  0%| F|  |TAMS 0x0000000710d00000, 0x0000000710d00000| Untracked 
| 232|0x0000000710e00000, 0x0000000710e00000, 0x0000000710f00000|  0%| F|  |TAMS 0x0000000710e00000, 0x0000000710e00000| Untracked 
| 233|0x0000000710f00000, 0x0000000710f00000, 0x0000000711000000|  0%| F|  |TAMS 0x0000000710f00000, 0x0000000710f00000| Untracked 
| 234|0x0000000711000000, 0x0000000711000000, 0x0000000711100000|  0%| F|  |TAMS 0x0000000711000000, 0x0000000711000000| Untracked 
| 235|0x0000000711100000, 0x0000000711100000, 0x0000000711200000|  0%| F|  |TAMS 0x0000000711100000, 0x0000000711100000| Untracked 
| 236|0x0000000711200000, 0x0000000711200000, 0x0000000711300000|  0%| F|  |TAMS 0x0000000711200000, 0x0000000711200000| Untracked 
| 237|0x0000000711300000, 0x000000071137e730, 0x0000000711400000| 49%| E|  |TAMS 0x0000000711300000, 0x0000000711300000| Complete 
| 238|0x0000000711400000, 0x0000000711500000, 0x0000000711500000|100%| E|CS|TAMS 0x0000000711400000, 0x0000000711400000| Complete 
| 239|0x0000000711500000, 0x0000000711600000, 0x0000000711600000|100%| E|CS|TAMS 0x0000000711500000, 0x0000000711500000| Complete 
| 240|0x0000000711600000, 0x0000000711700000, 0x0000000711700000|100%| E|CS|TAMS 0x0000000711600000, 0x0000000711600000| Complete 
| 241|0x0000000711700000, 0x0000000711800000, 0x0000000711800000|100%| E|CS|TAMS 0x0000000711700000, 0x0000000711700000| Complete 
| 242|0x0000000711800000, 0x0000000711900000, 0x0000000711900000|100%| E|CS|TAMS 0x0000000711800000, 0x0000000711800000| Complete 
| 243|0x0000000711900000, 0x0000000711a00000, 0x0000000711a00000|100%| E|CS|TAMS 0x0000000711900000, 0x0000000711900000| Complete 
| 244|0x0000000711a00000, 0x0000000711b00000, 0x0000000711b00000|100%| E|CS|TAMS 0x0000000711a00000, 0x0000000711a00000| Complete 
| 245|0x0000000711b00000, 0x0000000711c00000, 0x0000000711c00000|100%| E|CS|TAMS 0x0000000711b00000, 0x0000000711b00000| Complete 
| 246|0x0000000711c00000, 0x0000000711d00000, 0x0000000711d00000|100%| E|CS|TAMS 0x0000000711c00000, 0x0000000711c00000| Complete 
| 247|0x0000000711d00000, 0x0000000711e00000, 0x0000000711e00000|100%| E|CS|TAMS 0x0000000711d00000, 0x0000000711d00000| Complete 
| 248|0x0000000711e00000, 0x0000000711f00000, 0x0000000711f00000|100%| E|CS|TAMS 0x0000000711e00000, 0x0000000711e00000| Complete 
| 249|0x0000000711f00000, 0x0000000712000000, 0x0000000712000000|100%| E|CS|TAMS 0x0000000711f00000, 0x0000000711f00000| Complete 
| 250|0x0000000712000000, 0x0000000712100000, 0x0000000712100000|100%| E|CS|TAMS 0x0000000712000000, 0x0000000712000000| Complete 
| 251|0x0000000712100000, 0x0000000712200000, 0x0000000712200000|100%| E|CS|TAMS 0x0000000712100000, 0x0000000712100000| Complete 
| 252|0x0000000712200000, 0x0000000712300000, 0x0000000712300000|100%| E|CS|TAMS 0x0000000712200000, 0x0000000712200000| Complete 
| 253|0x0000000712300000, 0x0000000712400000, 0x0000000712400000|100%| E|CS|TAMS 0x0000000712300000, 0x0000000712300000| Complete 

Card table byte_map: [0x000001edb9ab0000,0x000001edba2a0000] _byte_map_base: 0x000001edb629d000

Marking Bits (Prev, Next): (CMBitMap*) 0x000001eda156f6f8, (CMBitMap*) 0x000001eda156f730
 Prev Bits: [0x000001edbaa90000, 0x000001edbe9f8000)
 Next Bits: [0x000001edbea00000, 0x000001edc2968000)

Polling page: 0x000001eda15e0000

Metaspace:

Usage:
  Non-class:     38.84 MB capacity,    37.74 MB ( 97%) used,   893.76 KB (  2%) free+waste,   240.25 KB ( <1%) overhead. 
      Class:      6.41 MB capacity,     5.57 MB ( 87%) used,   738.43 KB ( 11%) free+waste,   120.13 KB (  2%) overhead. 
       Both:     45.25 MB capacity,    43.31 MB ( 96%) used,     1.59 MB (  4%) free+waste,   360.38 KB ( <1%) overhead. 

Virtual space:
  Non-class space:       40.00 MB reserved,      39.00 MB ( 98%) committed 
      Class space:        1.00 GB reserved,       6.50 MB ( <1%) committed 
             Both:        1.04 GB reserved,      45.50 MB (  4%) committed 

Chunk freelists:
   Non-Class:  4.13 KB
       Class:  3.38 KB
        Both:  7.50 KB

CodeHeap 'non-profiled nmethods': size=120000Kb used=3286Kb max_used=3286Kb free=116713Kb
 bounds [0x000001edb1320000, 0x000001edb1660000, 0x000001edb8850000]
CodeHeap 'profiled nmethods': size=120000Kb used=13486Kb max_used=13486Kb free=106513Kb
 bounds [0x000001eda9df0000, 0x000001edaab20000, 0x000001edb1320000]
CodeHeap 'non-nmethods': size=5760Kb used=1494Kb max_used=1532Kb free=4265Kb
 bounds [0x000001eda9850000, 0x000001eda9ac0000, 0x000001eda9df0000]
 total_blobs=8438 nmethods=5989 adapters=897
 compilation: enabled
              stopped_count=0, restarted_count=0
 full_count=0

Compilation events (10 events):
Event: 13.290 Thread 0x000001edc5db2000 nmethod 6027 0x000001edaab15c10 code [0x000001edaab15e40, 0x000001edaab16500]
Event: 13.290 Thread 0x000001edc5dff800 nmethod 6020 0x000001edb1654910 code [0x000001edb1654ac0, 0x000001edb1654dd8]
Event: 13.290 Thread 0x000001edc5dff800 6021 %     4       java.math.BigInteger::implMultiplyToLen @ 135 (216 bytes)
Event: 13.299 Thread 0x000001edc5db2000 6028       3       java.security.Provider$UString::equals (33 bytes)
Event: 13.299 Thread 0x000001edc5dff800 nmethod 6021% 0x000001edb1655010 code [0x000001edb16551c0, 0x000001edb1655758]
Event: 13.299 Thread 0x000001edc5db2000 nmethod 6028 0x000001edaab16790 code [0x000001edaab16960, 0x000001edaab16db0]
Event: 13.299 Thread 0x000001edc5db2000 6029       3       sun.security.ssl.Authenticator::sequenceNumber (10 bytes)
Event: 13.300 Thread 0x000001edc5db2000 nmethod 6029 0x000001edaab16e90 code [0x000001edaab17060, 0x000001edaab17450]
Event: 13.309 Thread 0x000001edc5db2000 6030       3       java.util.zip.GZIPInputStream::readUByte (72 bytes)
Event: 13.309 Thread 0x000001edc5db2000 nmethod 6030 0x000001edaab17590 code [0x000001edaab17860, 0x000001edaab185c0]

GC Heap History (10 events):
Event: 2.064 GC heap before
{Heap before GC invocations=1 (full 0):
 garbage-first heap   total 260096K, used 29099K [0x0000000702600000, 0x0000000800000000)
  region size 1024K, 24 young (24576K), 3 survivors (3072K)
 Metaspace       used 20214K, capacity 20777K, committed 20864K, reserved 1067008K
  class space    used 2154K, capacity 2365K, committed 2432K, reserved 1048576K
}
Event: 2.069 GC heap after
{Heap after GC invocations=2 (full 0):
 garbage-first heap   total 260096K, used 9687K [0x0000000702600000, 0x0000000800000000)
  region size 1024K, 2 young (2048K), 2 survivors (2048K)
 Metaspace       used 20214K, capacity 20777K, committed 20864K, reserved 1067008K
  class space    used 2154K, capacity 2365K, committed 2432K, reserved 1048576K
}
Event: 2.138 GC heap before
{Heap before GC invocations=2 (full 0):
 garbage-first heap   total 260096K, used 12759K [0x0000000702600000, 0x0000000800000000)
  region size 1024K, 4 young (4096K), 2 survivors (2048K)
 Metaspace       used 20550K, capacity 21107K, committed 21248K, reserved 1069056K
  class space    used 2206K, capacity 2454K, committed 2560K, reserved 1048576K
}
Event: 2.140 GC heap after
{Heap after GC invocations=3 (full 0):
 garbage-first heap   total 260096K, used 11899K [0x0000000702600000, 0x0000000800000000)
  region size 1024K, 2 young (2048K), 2 survivors (2048K)
 Metaspace       used 20550K, capacity 21107K, committed 21248K, reserved 1069056K
  class space    used 2206K, capacity 2454K, committed 2560K, reserved 1048576K
}
Event: 3.630 GC heap before
{Heap before GC invocations=4 (full 0):
 garbage-first heap   total 260096K, used 77435K [0x0000000702600000, 0x0000000800000000)
  region size 1024K, 64 young (65536K), 2 survivors (2048K)
 Metaspace       used 33922K, capacity 35477K, committed 35712K, reserved 1079296K
  class space    used 4561K, capacity 5192K, committed 5248K, reserved 1048576K
}
Event: 3.640 GC heap after
{Heap after GC invocations=5 (full 0):
 garbage-first heap   total 260096K, used 18963K [0x0000000702600000, 0x0000000800000000)
  region size 1024K, 8 young (8192K), 8 survivors (8192K)
 Metaspace       used 33922K, capacity 35477K, committed 35712K, reserved 1079296K
  class space    used 4561K, capacity 5192K, committed 5248K, reserved 1048576K
}
Event: 3.649 GC heap before
{Heap before GC invocations=5 (full 0):
 garbage-first heap   total 260096K, used 21011K [0x0000000702600000, 0x0000000800000000)
  region size 1024K, 11 young (11264K), 8 survivors (8192K)
 Metaspace       used 34071K, capacity 35660K, committed 35840K, reserved 1079296K
  class space    used 4593K, capacity 5256K, committed 5376K, reserved 1048576K
}
Event: 3.658 GC heap after
{Heap after GC invocations=6 (full 0):
 garbage-first heap   total 260096K, used 19987K [0x0000000702600000, 0x0000000800000000)
  region size 1024K, 1 young (1024K), 1 survivors (1024K)
 Metaspace       used 34071K, capacity 35660K, committed 35840K, reserved 1079296K
  class space    used 4593K, capacity 5256K, committed 5376K, reserved 1048576K
}
Event: 13.001 GC heap before
{Heap before GC invocations=7 (full 0):
 garbage-first heap   total 260096K, used 98835K [0x0000000702600000, 0x0000000800000000)
  region size 1024K, 71 young (72704K), 1 survivors (1024K)
 Metaspace       used 43856K, capacity 45888K, committed 45952K, reserved 1089536K
  class space    used 5665K, capacity 6526K, committed 6528K, reserved 1048576K
}
Event: 13.008 GC heap after
{Heap after GC invocations=8 (full 0):
 garbage-first heap   total 260096K, used 28724K [0x0000000702600000, 0x0000000800000000)
  region size 1024K, 8 young (8192K), 8 survivors (8192K)
 Metaspace       used 43856K, capacity 45888K, committed 45952K, reserved 1089536K
  class space    used 5665K, capacity 6526K, committed 6528K, reserved 1048576K
}

Deoptimization events (10 events):
Event: 11.372 Thread 0x000001edc68b0000 Uncommon trap: reason=unstable_if action=reinterpret pc=0x000001edb15fd858 method=com.sun.javafx.geom.transform.AffineBase.updateState2D()V @ 6 c2
Event: 11.415 Thread 0x000001edc68b0000 Uncommon trap: reason=unstable_if action=reinterpret pc=0x000001edb1609e0c method=com.sun.prism.d3d.D3DContext.updateTexture(ILcom/sun/prism/Texture;)V @ 37 c2
Event: 11.420 Thread 0x000001edc68b0000 Uncommon trap: reason=unstable_if action=reinterpret pc=0x000001edb15f68e4 method=com.sun.marlin.DRenderer._endRendering(IILcom/sun/marlin/MarlinAlphaConsumer;)V @ 2297 c2
Event: 11.420 Thread 0x000001edc68b0000 Uncommon trap: reason=unstable_if action=reinterpret pc=0x000001edb15c83e0 method=com.sun.marlin.DRenderer._endRendering(IILcom/sun/marlin/MarlinAlphaConsumer;)V @ 2297 c2
Event: 11.427 Thread 0x000001edc68b0000 Uncommon trap: reason=unstable_if action=reinterpret pc=0x000001edb160d6d8 method=com.sun.javafx.font.CompositeStrike.getStrikeSlot(I)Lcom/sun/javafx/font/FontStrike; @ 1 c2
Event: 11.431 Thread 0x000001edc68b0000 Uncommon trap: reason=unstable_if action=reinterpret pc=0x000001edb1609258 method=com.sun.javafx.geom.transform.AffineBase.updateState2D()V @ 6 c2
Event: 11.431 Thread 0x000001edc68b0000 Uncommon trap: reason=unstable_if action=reinterpret pc=0x000001edb161e50c method=com.sun.javafx.geom.transform.AffineBase.transform(Lcom/sun/javafx/geom/Point2D;Lcom/sun/javafx/geom/Point2D;)Lcom/sun/javafx/geom/Point2D; @ 32 c2
Event: 11.886 Thread 0x000001edc68b0000 Uncommon trap: reason=unstable_if action=reinterpret pc=0x000001edb15bc738 method=com.sun.javafx.geom.transform.AffineBase.updateState2D()V @ 6 c2
Event: 12.989 Thread 0x000001edcf9c8000 Uncommon trap: reason=unstable_if action=reinterpret pc=0x000001edb155c858 method=com.sun.crypto.provider.CounterMode.increment([B)V @ 18 c2
Event: 13.016 Thread 0x000001edcf830800 Uncommon trap: reason=unstable_if action=reinterpret pc=0x000001edb15557d0 method=com.sun.crypto.provider.CounterMode.increment([B)V @ 18 c2

Classes redefined (0 events):
No events

Internal exceptions (10 events):
Event: 4.783 Thread 0x000001edc694c800 Exception <a 'java/io/FileNotFoundException'{0x00000007102436e0}> (0x00000007102436e0) thrown at [t:/workspace/open/src/hotspot/share/prims/jni.cpp, line 615]
Event: 4.784 Thread 0x000001edc694c800 Exception <a 'java/io/FileNotFoundException'{0x0000000710245a50}> (0x0000000710245a50) thrown at [t:/workspace/open/src/hotspot/share/prims/jni.cpp, line 615]
Event: 6.808 Thread 0x000001edc694c800 Exception <a 'java/lang/NoSuchMethodError'{0x000000070f504a20}: java.lang.invoke.DirectMethodHandle$Holder.invokeSpecial(Ljava/lang/Object;Ljava/lang/Object;IIIIIII)Ljava/lang/Object;> (0x000000070f504a20) thrown at [t:/workspace/open/src/hotspot/share/in
Event: 6.808 Thread 0x000001edc694c800 Exception <a 'java/lang/NoSuchMethodError'{0x000000070f507db8}: java.lang.invoke.DelegatingMethodHandle$Holder.reinvoke_L(Ljava/lang/Object;IIIIIII)Ljava/lang/Object;> (0x000000070f507db8) thrown at [t:/workspace/open/src/hotspot/share/interpreter/linkRes
Event: 6.810 Thread 0x000001edc694c800 Exception <a 'java/lang/NoSuchMethodError'{0x000000070f52c930}: java.lang.invoke.DirectMethodHandle$Holder.invokeSpecial(Ljava/lang/Object;Ljava/lang/Object;IIII)Ljava/lang/Object;> (0x000000070f52c930) thrown at [t:/workspace/open/src/hotspot/share/inter
Event: 10.692 Thread 0x000001edc694c800 Exception <a 'java/lang/NoSuchMethodError'{0x000000070e7349a0}: java.lang.invoke.DirectMethodHandle$Holder.invokeSpecial(Ljava/lang/Object;Ljava/lang/Object;IIILjava/lang/Object;JLjava/lang/Object;Ljava/lang/Object;)Ljava/lang/Object;> (0x000000070e7349a0
Event: 10.692 Thread 0x000001edc694c800 Exception <a 'java/lang/NoSuchMethodError'{0x000000070e7380b8}: java.lang.invoke.DelegatingMethodHandle$Holder.reinvoke_L(Ljava/lang/Object;IIILjava/lang/Object;JLjava/lang/Object;Ljava/lang/Object;)Ljava/lang/Object;> (0x000000070e7380b8) thrown at [t:/w
Event: 10.693 Thread 0x000001edc694c800 Exception <a 'java/lang/NoSuchMethodError'{0x000000070e7782c0}: java.lang.invoke.DirectMethodHandle$Holder.invokeStatic(Ljava/lang/Object;Ljava/lang/Object;Ljava/lang/Object;Ljava/lang/Object;Ljava/lang/Object;Ljava/lang/Object;Ljava/lang/Object;Ljava/lan
Event: 13.310 Thread 0x000001edc694c800 Exception <a 'java/lang/NoClassDefFoundError'{0x00000007119b8868}: com/sun/webkit/security/WCMessageDigest> (0x00000007119b8868) thrown at [t:/workspace/open/src/hotspot/share/classfile/systemDictionary.cpp, line 220]
Event: 13.310 Thread 0x000001edc694c800 Exception <a 'java/lang/NoSuchMethodError'{0x00000007119b8b70}: getInstance> (0x00000007119b8b70) thrown at [t:/workspace/open/src/hotspot/share/prims/jni.cpp, line 1333]

Events (10 events):
Event: 13.285 loading class sun/security/ssl/CertificateStatus$CertificateStatusMessage
Event: 13.286 loading class sun/security/ssl/CertificateStatus$CertificateStatusMessage done
Event: 13.286 Executing VM operation: RevokeBias
Event: 13.287 Executing VM operation: RevokeBias done
Event: 13.299 Thread 0x000001edd00bf000 Thread added: 0x000001edd00bf000
Event: 13.300 Executing VM operation: RevokeBias
Event: 13.300 Executing VM operation: RevokeBias done
Event: 13.300 Thread 0x000001edd00bf000 Thread exited: 0x000001edd00bf000
Event: 13.310 loading class com/sun/webkit/security/WCMessageDigest
Event: 13.310 loading class com/sun/webkit/security/WCMessageDigest done


Dynamic libraries:
0x00007ff7a11d0000 - 0x00007ff7a1215000 	C:\Program Files\Java\jdk-11.0.2\bin\java.exe
0x00007ffb887e0000 - 0x00007ffb889d0000 	C:\WINDOWS\SYSTEM32\ntdll.dll
0x00007ffb86890000 - 0x00007ffb86942000 	C:\WINDOWS\System32\KERNEL32.DLL
0x00007ffb86390000 - 0x00007ffb86633000 	C:\WINDOWS\System32\KERNELBASE.dll
0x00007ffb883a0000 - 0x00007ffb88534000 	C:\WINDOWS\System32\USER32.dll
0x00007ffb86280000 - 0x00007ffb862a1000 	C:\WINDOWS\System32\win32u.dll
0x00007ffb87650000 - 0x00007ffb87676000 	C:\WINDOWS\System32\GDI32.dll
0x00007ffb86090000 - 0x00007ffb86224000 	C:\WINDOWS\System32\gdi32full.dll
0x00007ffb86640000 - 0x00007ffb866de000 	C:\WINDOWS\System32\msvcp_win.dll
0x00007ffb86790000 - 0x00007ffb8688a000 	C:\WINDOWS\System32\ucrtbase.dll
0x00007ffb78ca0000 - 0x00007ffb78f25000 	C:\WINDOWS\WinSxS\amd64_microsoft.windows.common-controls_6595b64144ccf1df_6.0.18362.418_none_e6c6b287130d565d\COMCTL32.dll
0x00007ffb869b0000 - 0x00007ffb86a4e000 	C:\WINDOWS\System32\msvcrt.dll
0x00007ffb878f0000 - 0x00007ffb87c26000 	C:\WINDOWS\System32\combase.dll
0x00007ffb86b20000 - 0x00007ffb86c40000 	C:\WINDOWS\System32\RPCRT4.dll
0x00007ffb86310000 - 0x00007ffb86390000 	C:\WINDOWS\System32\bcryptPrimitives.dll
0x00007ffb86d00000 - 0x00007ffb86d2e000 	C:\WINDOWS\System32\IMM32.DLL
0x00007ffb814c0000 - 0x00007ffb814d6000 	C:\Program Files\Java\jdk-11.0.2\bin\vcruntime140.dll
0x00007ffb72e10000 - 0x00007ffb72eba000 	C:\Program Files\Java\jdk-11.0.2\bin\msvcp140.dll
0x00007ffb0e8d0000 - 0x00007ffb0f3f3000 	C:\Program Files\Java\jdk-11.0.2\bin\server\jvm.dll
0x00007ffb87840000 - 0x00007ffb878e3000 	C:\WINDOWS\System32\ADVAPI32.dll
0x00007ffb875b0000 - 0x00007ffb87647000 	C:\WINDOWS\System32\sechost.dll
0x00007ffb86cf0000 - 0x00007ffb86cf8000 	C:\WINDOWS\System32\PSAPI.DLL
0x00007ffb6b450000 - 0x00007ffb6b459000 	C:\WINDOWS\SYSTEM32\WSOCK32.dll
0x00007ffb81e60000 - 0x00007ffb81e84000 	C:\WINDOWS\SYSTEM32\WINMM.dll
0x00007ffb86ef0000 - 0x00007ffb86f5f000 	C:\WINDOWS\System32\WS2_32.dll
0x00007ffb7f0b0000 - 0x00007ffb7f0ba000 	C:\WINDOWS\SYSTEM32\VERSION.dll
0x00007ffb81e30000 - 0x00007ffb81e5d000 	C:\WINDOWS\SYSTEM32\winmmbase.dll
0x00007ffb86230000 - 0x00007ffb8627a000 	C:\WINDOWS\System32\cfgmgr32.dll
0x00007ffb856c0000 - 0x00007ffb856d1000 	C:\WINDOWS\System32\kernel.appcore.dll
0x00007ffb75aa0000 - 0x00007ffb75ab1000 	C:\Program Files\Java\jdk-11.0.2\bin\verify.dll
0x00007ffb7a550000 - 0x00007ffb7a744000 	C:\WINDOWS\SYSTEM32\DBGHELP.DLL
0x00007ffb71a60000 - 0x00007ffb71a8a000 	C:\WINDOWS\SYSTEM32\dbgcore.DLL
0x00007ffb759b0000 - 0x00007ffb759d8000 	C:\Program Files\Java\jdk-11.0.2\bin\java.dll
0x00007ffb755d0000 - 0x00007ffb755e6000 	C:\Program Files\Java\jdk-11.0.2\bin\zip.dll
0x00007ffb81cd0000 - 0x00007ffb81cda000 	C:\Program Files\Java\jdk-11.0.2\bin\jimage.dll
0x00007ffb87c30000 - 0x00007ffb88315000 	C:\WINDOWS\System32\SHELL32.dll
0x00007ffb886f0000 - 0x00007ffb88799000 	C:\WINDOWS\System32\shcore.dll
0x00007ffb857a0000 - 0x00007ffb85f1f000 	C:\WINDOWS\System32\windows.storage.dll
0x00007ffb85750000 - 0x00007ffb8576f000 	C:\WINDOWS\System32\profapi.dll
0x00007ffb856e0000 - 0x00007ffb8572a000 	C:\WINDOWS\System32\powrprof.dll
0x00007ffb856b0000 - 0x00007ffb856c0000 	C:\WINDOWS\System32\UMPDC.dll
0x00007ffb877c0000 - 0x00007ffb87812000 	C:\WINDOWS\System32\shlwapi.dll
0x00007ffb85f20000 - 0x00007ffb85f37000 	C:\WINDOWS\System32\cryptsp.dll
0x00007ffb755b0000 - 0x00007ffb755c9000 	C:\Program Files\Java\jdk-11.0.2\bin\net.dll
0x00007ffb72430000 - 0x00007ffb72606000 	C:\WINDOWS\SYSTEM32\urlmon.dll
0x00007ffb81510000 - 0x00007ffb81600000 	C:\WINDOWS\SYSTEM32\WINHTTP.dll
0x00007ffb738d0000 - 0x00007ffb73b76000 	C:\WINDOWS\SYSTEM32\iertutil.dll
0x00007ffb850f0000 - 0x00007ffb850fc000 	C:\WINDOWS\SYSTEM32\CRYPTBASE.DLL
0x00007ffb84f20000 - 0x00007ffb84f87000 	C:\WINDOWS\system32\mswsock.dll
0x00007ffb730f0000 - 0x00007ffb73103000 	C:\Program Files\Java\jdk-11.0.2\bin\nio.dll
0x000001edc6a10000 - 0x000001edc6a13000 	C:\Program Files\Java\jdk-11.0.2\bin\api-ms-win-core-console-l1-1-0.dll
0x000001edc6a20000 - 0x000001edc6a23000 	C:\Program Files\Java\jdk-11.0.2\bin\api-ms-win-core-datetime-l1-1-0.dll
0x000001edc6a30000 - 0x000001edc6a33000 	C:\Program Files\Java\jdk-11.0.2\bin\api-ms-win-core-debug-l1-1-0.dll
0x000001edc6a40000 - 0x000001edc6a43000 	C:\Program Files\Java\jdk-11.0.2\bin\api-ms-win-core-errorhandling-l1-1-0.dll
0x000001edc6a50000 - 0x000001edc6a54000 	C:\Program Files\Java\jdk-11.0.2\bin\api-ms-win-core-file-l1-1-0.dll
0x000001edc6a60000 - 0x000001edc6a63000 	C:\Program Files\Java\jdk-11.0.2\bin\api-ms-win-core-file-l1-2-0.dll
0x000001edc6a70000 - 0x000001edc6a73000 	C:\Program Files\Java\jdk-11.0.2\bin\api-ms-win-core-file-l2-1-0.dll
0x000001edc6a80000 - 0x000001edc6a83000 	C:\Program Files\Java\jdk-11.0.2\bin\api-ms-win-core-handle-l1-1-0.dll
0x000001edc6a90000 - 0x000001edc6a93000 	C:\Program Files\Java\jdk-11.0.2\bin\api-ms-win-core-heap-l1-1-0.dll
0x000001edc6aa0000 - 0x000001edc6aa3000 	C:\Program Files\Java\jdk-11.0.2\bin\api-ms-win-core-interlocked-l1-1-0.dll
0x000001edc6ab0000 - 0x000001edc6ab3000 	C:\Program Files\Java\jdk-11.0.2\bin\api-ms-win-core-libraryloader-l1-1-0.dll
0x000001edc6ac0000 - 0x000001edc6ac3000 	C:\Program Files\Java\jdk-11.0.2\bin\api-ms-win-core-localization-l1-2-0.dll
0x000001edc6ad0000 - 0x000001edc6ad3000 	C:\Program Files\Java\jdk-11.0.2\bin\api-ms-win-core-memory-l1-1-0.dll
0x000001edc6ae0000 - 0x000001edc6ae3000 	C:\Program Files\Java\jdk-11.0.2\bin\api-ms-win-core-namedpipe-l1-1-0.dll
0x000001edc6af0000 - 0x000001edc6af3000 	C:\Program Files\Java\jdk-11.0.2\bin\api-ms-win-core-processenvironment-l1-1-0.dll
0x000001edc6b00000 - 0x000001edc6b03000 	C:\Program Files\Java\jdk-11.0.2\bin\api-ms-win-core-processthreads-l1-1-0.dll
0x000001edc6b10000 - 0x000001edc6b13000 	C:\Program Files\Java\jdk-11.0.2\bin\api-ms-win-core-processthreads-l1-1-1.dll
0x000001edc6b20000 - 0x000001edc6b23000 	C:\Program Files\Java\jdk-11.0.2\bin\api-ms-win-core-profile-l1-1-0.dll
0x000001edc6b30000 - 0x000001edc6b33000 	C:\Program Files\Java\jdk-11.0.2\bin\api-ms-win-core-rtlsupport-l1-1-0.dll
0x000001edc6b40000 - 0x000001edc6b43000 	C:\Program Files\Java\jdk-11.0.2\bin\api-ms-win-core-string-l1-1-0.dll
0x000001edc6b50000 - 0x000001edc6b53000 	C:\Program Files\Java\jdk-11.0.2\bin\api-ms-win-core-synch-l1-1-0.dll
0x000001edc6b60000 - 0x000001edc6b63000 	C:\Program Files\Java\jdk-11.0.2\bin\api-ms-win-core-synch-l1-2-0.dll
0x000001edc6b70000 - 0x000001edc6b73000 	C:\Program Files\Java\jdk-11.0.2\bin\api-ms-win-core-sysinfo-l1-1-0.dll
0x000001edc6b80000 - 0x000001edc6b83000 	C:\Program Files\Java\jdk-11.0.2\bin\api-ms-win-core-timezone-l1-1-0.dll
0x000001edc6b90000 - 0x000001edc6b93000 	C:\Program Files\Java\jdk-11.0.2\bin\api-ms-win-core-util-l1-1-0.dll
0x000001edc6ba0000 - 0x000001edc6ba3000 	C:\Program Files\Java\jdk-11.0.2\bin\api-ms-win-crt-conio-l1-1-0.dll
0x000001edc6bb0000 - 0x000001edc6bb4000 	C:\Program Files\Java\jdk-11.0.2\bin\api-ms-win-crt-convert-l1-1-0.dll
0x000001edc6bc0000 - 0x000001edc6bc3000 	C:\Program Files\Java\jdk-11.0.2\bin\api-ms-win-crt-environment-l1-1-0.dll
0x000001edc6bd0000 - 0x000001edc6bd3000 	C:\Program Files\Java\jdk-11.0.2\bin\api-ms-win-crt-filesystem-l1-1-0.dll
0x000001edc6be0000 - 0x000001edc6be3000 	C:\Program Files\Java\jdk-11.0.2\bin\api-ms-win-crt-heap-l1-1-0.dll
0x000001edc6bf0000 - 0x000001edc6bf3000 	C:\Program Files\Java\jdk-11.0.2\bin\api-ms-win-crt-locale-l1-1-0.dll
0x000001edc6c00000 - 0x000001edc6c05000 	C:\Program Files\Java\jdk-11.0.2\bin\api-ms-win-crt-math-l1-1-0.dll
0x000001edc6c10000 - 0x000001edc6c15000 	C:\Program Files\Java\jdk-11.0.2\bin\api-ms-win-crt-multibyte-l1-1-0.dll
0x000001edc6c20000 - 0x000001edc6c30000 	C:\Program Files\Java\jdk-11.0.2\bin\api-ms-win-crt-private-l1-1-0.dll
0x000001edc6c30000 - 0x000001edc6c33000 	C:\Program Files\Java\jdk-11.0.2\bin\api-ms-win-crt-process-l1-1-0.dll
0x000001edc6c40000 - 0x000001edc6c44000 	C:\Program Files\Java\jdk-11.0.2\bin\api-ms-win-crt-runtime-l1-1-0.dll
0x000001edc6c50000 - 0x000001edc6c54000 	C:\Program Files\Java\jdk-11.0.2\bin\api-ms-win-crt-stdio-l1-1-0.dll
0x000001edc6c60000 - 0x000001edc6c64000 	C:\Program Files\Java\jdk-11.0.2\bin\api-ms-win-crt-string-l1-1-0.dll
0x000001edc6c70000 - 0x000001edc6c73000 	C:\Program Files\Java\jdk-11.0.2\bin\api-ms-win-crt-time-l1-1-0.dll
0x000001edc6c80000 - 0x000001edc6c83000 	C:\Program Files\Java\jdk-11.0.2\bin\api-ms-win-crt-utility-l1-1-0.dll
0x00007ffb6e340000 - 0x00007ffb6e436000 	C:\Program Files\Java\jdk-11.0.2\bin\ucrtbase.dll
0x00007ffb73150000 - 0x00007ffb731a1000 	C:\Windows\System32\concrt140.dll
0x00007ffb78830000 - 0x00007ffb78853000 	C:\Program Files\JetBrains\IntelliJ IDEA 2019.2\jbr\bin\prism_d3d.dll
0x00007ffb29870000 - 0x00007ffb29a37000 	C:\WINDOWS\system32\d3d9.dll
0x00007ffb83c00000 - 0x00007ffb83c2d000 	C:\WINDOWS\SYSTEM32\dwmapi.dll
0x00007ffb83fe0000 - 0x00007ffb84000000 	C:\WINDOWS\SYSTEM32\dxcore.dll
0x00007ffb836d0000 - 0x00007ffb83769000 	C:\WINDOWS\system32\uxtheme.dll
0x00007ffb29680000 - 0x00007ffb2986b000 	C:\WINDOWS\System32\DriverStore\FileRepository\iigd_dc_base.inf_amd64_8e8a50261976ec2e\igdumdim64.dll
0x00007ffb22540000 - 0x00007ffb25abd000 	C:\WINDOWS\System32\DriverStore\FileRepository\iigd_dc_base.inf_amd64_8e8a50261976ec2e\igd9dxva64.dll
0x00007ffb86d90000 - 0x00007ffb86ee6000 	C:\WINDOWS\System32\ole32.dll
0x00007ffb86a50000 - 0x00007ffb86b14000 	C:\WINDOWS\System32\OLEAUT32.dll
0x00007ffb2a7d0000 - 0x00007ffb2a815000 	C:\Program Files\JetBrains\IntelliJ IDEA 2019.2\jbr\bin\glass.dll
0x00007ffb874e0000 - 0x00007ffb875b0000 	C:\WINDOWS\System32\COMDLG32.dll
0x00007ffb87680000 - 0x00007ffb877b6000 	C:\WINDOWS\System32\MSCTF.dll
0x00007ffb319b0000 - 0x00007ffb319d4000 	C:\WINDOWS\System32\DriverStore\FileRepository\iigd_dc_base.inf_amd64_8e8a50261976ec2e\igdinfo64.dll
0x00007ffb75cb0000 - 0x00007ffb77bb1000 	C:\WINDOWS\System32\DriverStore\FileRepository\iigd_dc_base.inf_amd64_8e8a50261976ec2e\igc64.dll
0x00007ffb787c0000 - 0x00007ffb787d4000 	C:\Program Files\JetBrains\IntelliJ IDEA 2019.2\jbr\bin\javafx_font.dll
0x00007ffb71f00000 - 0x00007ffb721fe000 	C:\WINDOWS\SYSTEM32\dwrite.dll
0x00007ffb86c40000 - 0x00007ffb86ce2000 	C:\WINDOWS\System32\clbcatq.dll
0x00007ffb7fab0000 - 0x00007ffb7fc5f000 	C:\WINDOWS\SYSTEM32\WindowsCodecs.dll
0x00007ffb55270000 - 0x00007ffb552aa000 	C:\WINDOWS\system32\dataexchange.dll
0x00007ffb826d0000 - 0x00007ffb8292b000 	C:\WINDOWS\system32\d3d11.dll
0x00007ffb82d90000 - 0x00007ffb82f6b000 	C:\WINDOWS\system32\dcomp.dll
0x00007ffb84070000 - 0x00007ffb8415b000 	C:\WINDOWS\system32\dxgi.dll
0x00007ffb83790000 - 0x00007ffb839ea000 	C:\WINDOWS\system32\twinapi.appcore.dll
0x00007ffb83bd0000 - 0x00007ffb83bf9000 	C:\WINDOWS\system32\RMCLIENT.dll
0x00007ffb75a00000 - 0x00007ffb75a33000 	C:\Program Files\Common Files\Microsoft Shared\Ink\rtscom.dll
0x00007ffb6eba0000 - 0x00007ffb6ec05000 	C:\WINDOWS\system32\Oleacc.dll
0x00007ffb1f3f0000 - 0x00007ffb2253d000 	C:\Program Files\JetBrains\IntelliJ IDEA 2019.2\jbr\bin\jfxwebkit.dll
0x00007ffb84a90000 - 0x00007ffb84ac3000 	C:\WINDOWS\system32\rsaenh.dll
0x00007ffb85770000 - 0x00007ffb85796000 	C:\WINDOWS\System32\bcrypt.dll
0x00007ffb73120000 - 0x00007ffb73147000 	C:\Program Files\Java\jdk-11.0.2\bin\sunec.dll
0x00007ffb855a0000 - 0x00007ffb855c5000 	C:\WINDOWS\SYSTEM32\USERENV.dll
0x00007ffb84c30000 - 0x00007ffb84c6a000 	C:\WINDOWS\SYSTEM32\IPHLPAPI.DLL
0x00007ffb88320000 - 0x00007ffb88328000 	C:\WINDOWS\System32\NSI.dll
0x00007ffb7a440000 - 0x00007ffb7a456000 	C:\WINDOWS\SYSTEM32\dhcpcsvc6.DLL
0x00007ffb7e140000 - 0x00007ffb7e15c000 	C:\WINDOWS\SYSTEM32\dhcpcsvc.DLL
0x00007ffb84c70000 - 0x00007ffb84d3a000 	C:\WINDOWS\SYSTEM32\DNSAPI.dll

dbghelp: loaded successfully - version: 4.0.5 - missing functions: none
symbol engine: initialized successfully - sym options: 0x614 - pdb path: .;C:\Program Files\Java\jdk-11.0.2\bin;C:\WINDOWS\SYSTEM32;C:\WINDOWS\WinSxS\amd64_microsoft.windows.common-controls_6595b64144ccf1df_6.0.18362.418_none_e6c6b287130d565d;C:\Program Files\Java\jdk-11.0.2\bin\server;C:\Program Files\JetBrains\IntelliJ IDEA 2019.2\jbr\bin;C:\WINDOWS\System32\DriverStore\FileRepository\iigd_dc_base.inf_amd64_8e8a50261976ec2e;C:\Program Files\Common Files\Microsoft Shared\Ink

VM Arguments:
jvm_args: -Dfile.encoding=UTF-8 -Duser.country=SG -Duser.language=en -Duser.variant -ea 
java_command: seedu.mark.Main
java_class_path (initial): C:\Users\ykaixin\Documents\YKX\NUS\Y2S1\CS2103T\tP\main\build\classes\java\main;C:\Users\ykaixin\Documents\YKX\NUS\Y2S1\CS2103T\tP\main\build\resources\main;C:\Users\ykaixin\.gradle\caches\modules-2\files-2.1\net.dankito.readability4j\readability4j\1.0.3\2105f65371447744a4db54e1b97de0549ee3ca86\readability4j-1.0.3.jar;C:\Users\ykaixin\.gradle\caches\modules-2\files-2.1\org.jsoup\jsoup\1.11.2\e3eeb8a0b4ce1db246059a41e353cd7413dad226\jsoup-1.11.2.jar;C:\Users\ykaixin\.gradle\caches\modules-2\files-2.1\org.openjfx\javafx-fxml\11\d5ff9262ef49d166db658d15f37e3ecff38fde4b\javafx-fxml-11-win.jar;C:\Users\ykaixin\.gradle\caches\modules-2\files-2.1\org.openjfx\javafx-fxml\11\e0f5bb81e21054b59f2ebfa727d40a90ee0260d3\javafx-fxml-11-mac.jar;C:\Users\ykaixin\.gradle\caches\modules-2\files-2.1\org.openjfx\javafx-fxml\11\e7a757b580fc3e2e1a121768606c7836eef418c\javafx-fxml-11-linux.jar;C:\Users\ykaixin\.gradle\caches\modules-2\files-2.1\org.openjfx\javafx-web\11\5c8a3b6cacde832437dff8e21a82749b5f66c1cf\javafx-web-11-win.jar;C:\Users\ykaixin\.gradle\caches\modules-2\files-2.1\org.openjfx\javafx-web\11\85122d46916c3ecbcb1202c7509c4aec972ea10b\javafx-web-11-mac.jar;C:\Users\ykaixin\.gradle\caches\modules-2\files-2.1\org.openjfx\javafx-web\11\5f50385bc156b2e3bd478f9fded919f9d8ae8801\javafx-web-11-linux.jar;C:\Users\ykaixin\.gradle\caches\modules-2\files-2.1\org.openjfx\javafx-controls\11\af8d24de44e16a19ae959028eb23a48c145fb682\javafx-controls-11-win.jar;C:\Users\ykaixin\.gradle\caches\modules-2\files-2.1\org.openjfx\javafx-controls\11\e3a24a14e8732abc6dc173f15872dc63e2a32e16\javafx-controls-11-mac.jar;C:\Users\ykaixin\.gradle\caches\modules-2\files-2.1\org.openjfx\javafx-controls\11\794488e3b1f4635d9a1b842bdc872a5eb8fd54ca\javafx-controls-11-linux.jar;C:\Users\ykaixin\.gradle\caches\modules-2\files-2.1\org.openjfx\javafx-controls\11\58d961774262ec972bf304e16c154a8e18c2050b\javafx-controls-11.jar;C:\Users\ykaixin\.gradle\caches\modules-2\files-2.1\org.openj
Launcher Type: SUN_STANDARD

[Global flags]
     intx CICompilerCount                          = 4                                         {product} {ergonomic}
     uint ConcGCThreads                            = 2                                         {product} {ergonomic}
     uint G1ConcRefinementThreads                  = 8                                         {product} {ergonomic}
   size_t G1HeapRegionSize                         = 1048576                                   {product} {ergonomic}
    uintx GCDrainStackTargetSize                   = 64                                        {product} {ergonomic}
   size_t InitialHeapSize                          = 266338304                                 {product} {ergonomic}
   size_t MarkStackSize                            = 4194304                                   {product} {ergonomic}
   size_t MaxHeapSize                              = 4255121408                                {product} {ergonomic}
   size_t MaxNewSize                               = 2552233984                                {product} {ergonomic}
   size_t MinHeapDeltaBytes                        = 1048576                                   {product} {ergonomic}
    uintx NonNMethodCodeHeapSize                   = 5835340                                {pd product} {ergonomic}
    uintx NonProfiledCodeHeapSize                  = 122911450                              {pd product} {ergonomic}
    uintx ProfiledCodeHeapSize                     = 122911450                              {pd product} {ergonomic}
    uintx ReservedCodeCacheSize                    = 251658240                              {pd product} {ergonomic}
     bool SegmentedCodeCache                       = true                                      {product} {ergonomic}
     bool UseCompressedClassPointers               = true                                 {lp64_product} {ergonomic}
     bool UseCompressedOops                        = true                                 {lp64_product} {ergonomic}
     bool UseG1GC                                  = true                                      {product} {ergonomic}
     bool UseLargePagesIndividualAllocation        = false                                  {pd product} {ergonomic}

Logging:
Log output configuration:
 #0: stdout all=warning uptime,level,tags
 #1: stderr all=off uptime,level,tags

Environment Variables:
JAVA_HOME=C:\Program Files\Java\jdk-11.0.2
CLASSPATH=C:\Users\ykaixin\Documents\YKX\NUS\Y2S1\CS2103T\tP\main\\gradle\wrapper\gradle-wrapper.jar
PATH=C:\Program Files\JetBrains\IntelliJ IDEA 2019.2\jbr\\bin;C:\Program Files\JetBrains\IntelliJ IDEA 2019.2\jbr\\bin\server;C:\Program Files\Java\jdk-11.0.2\bin;C:\Program Files (x86)\Common Files\Oracle\Java\javapath;C:\Program Files (x86)\Intel\Intel(R) Management Engine Components\iCLS\;C:\Program Files\Intel\Intel(R) Management Engine Components\iCLS\;C:\WINDOWS\system32;C:\WINDOWS;C:\WINDOWS\System32\Wbem;C:\WINDOWS\System32\WindowsPowerShell\v1.0\;C:\WINDOWS\System32\OpenSSH\;C:\Program Files (x86)\Intel\Intel(R) Management Engine Components\DAL;C:\Program Files\Intel\Intel(R) Management Engine Components\DAL;C:\Program Files\Intel\WiFi\bin\;C:\Program Files\Common Files\Intel\WirelessCommon\;C:\Program Files\Java\jdk1.8.0_211\bin;C:\Program Files\Git\cmd;C:\Program Files\CMake\bin;C:\OpenCV\opencv\build\x64\vc14\bin;C:\Program Files\dotnet\;C:\Program Files\Microsoft SQL Server\130\Tools\Binn\;C:\Program Files (x86)\MySQL\MySQL Utilities 1.6\;C:\Program Files (x86)\Graphviz2.38\bin;C:\Program Files\MySQL\MySQL Shell 8.0\bin\;C:\Program Files\JetBrains\IntelliJ IDEA 2019.2\bin;;C:\Users\ykaixin\AppData\Local\Programs\MiKTeX 2.9\miktex\bin\x64\;C:\Users\ykaixin\AppData\Local\Microsoft\WindowsApps;
USERNAME=ykaixin
OS=Windows_NT
PROCESSOR_IDENTIFIER=Intel64 Family 6 Model 142 Stepping 11, GenuineIntel



---------------  S Y S T E M  ---------------

OS: Windows 10 , 64 bit Build 18362 (10.0.18362.329)

CPU:total 8 (initial active 8) (4 cores per cpu, 2 threads per core) family 6 model 142 stepping 11, cmov, cx8, fxsr, mmx, sse, sse2, sse3, ssse3, sse4.1, sse4.2, popcnt, avx, avx2, aes, clmul, erms, 3dnowpref, lzcnt, ht, tsc, tscinvbit, bmi1, bmi2, adx, fma

Memory: 4k page, system-wide physical 16231M (7466M free)
TotalPageFile size 19943M (AvailPageFile size 8471M)
current process WorkingSet (physical memory assigned to process): 350M, peak: 350M
current process commit charge ("private bytes"): 528M, peak: 529M

vm_info: OpenJDK 64-Bit Server VM (11.0.2+9) for windows-amd64 JRE (11.0.2+9), built on Jan 18 2019 05:23:22 by "mach5one" with MS VC++ 15.5 (VS2017)

END.
