#
# A fatal error has been detected by the Java Runtime Environment:
#
#  EXCEPTION_ACCESS_VIOLATION (0xc0000005) at pc=0x00007fffc33400e2, pid=21400, tid=6036
#
# JRE version: OpenJDK Runtime Environment (11.0.2+9) (build 11.0.2+9)
# Java VM: OpenJDK 64-Bit Server VM (11.0.2+9, mixed mode, tiered, compressed oops, g1 gc, windows-amd64)
# Problematic frame:
# V  [jvm.dll+0x3e00e2]
#
# No core dump will be written. Minidumps are not enabled by default on client versions of Windows
#
# If you would like to submit a bug report, please visit:
#   http://bugreport.java.com/bugreport/crash.jsp
#

---------------  S U M M A R Y ------------

Command Line: -Dfile.encoding=UTF-8 -Duser.country=SG -Duser.language=en -Duser.variant -ea seedu.mark.Main

Host: Intel(R) Core(TM) i7-8565U CPU @ 1.80GHz, 8 cores, 15G,  Windows 10 , 64 bit Build 18362 (10.0.18362.329)
Time: Sun Nov  3 18:09:51 2019 Malay Peninsula Standard Time elapsed time: 36 seconds (0d 0h 0m 36s)

---------------  T H R E A D  ---------------

Current thread (0x00000166d5a69800):  JavaThread "JavaFX Application Thread" [_thread_in_vm, id=6036, stack(0x00000002fc200000,0x00000002fc300000)]

Stack: [0x00000002fc200000,0x00000002fc300000],  sp=0x00000002fc2fc170,  free space=1008k
Native frames: (J=compiled Java code, j=interpreted, Vv=VM code, C=native code)
V  [jvm.dll+0x3e00e2]
C  [jfxwebkit.dll+0x8c4d0c]

Java frames: (J=compiled Java code, j=interpreted, Vv=VM code)
j  com.sun.webkit.network.URLLoader.twkDidFinishLoading(J)V+0
j  com.sun.webkit.network.URLLoader.notifyDidFinishLoading()V+41
j  com.sun.webkit.network.URLLoader.lambda$didFinishLoading$5()V+8
j  com.sun.webkit.network.URLLoader$$Lambda$897.run()V+4
J 4461 c1 com.sun.javafx.application.PlatformImpl$$Lambda$60.run()Ljava/lang/Object; (8 bytes) @ 0x00000166b9df88a4 [0x00000166b9df8760+0x0000000000000144]
v  ~StubRoutines::call_stub
J 3777  java.security.AccessController.doPrivileged(Ljava/security/PrivilegedAction;Ljava/security/AccessControlContext;)Ljava/lang/Object; java.base@11.0.2 (0 bytes) @ 0x00000166c0b7adb6 [0x00000166c0b7ad40+0x0000000000000076]
J 4458 c1 com.sun.javafx.application.PlatformImpl.lambda$runLater$11(Ljava/lang/Runnable;Ljava/security/AccessControlContext;)V (38 bytes) @ 0x00000166b9df74c4 [0x00000166b9df70c0+0x0000000000000404]
J 4457 c1 com.sun.javafx.application.PlatformImpl$$Lambda$58.run()V (12 bytes) @ 0x00000166b9df6cc4 [0x00000166b9df6c40+0x0000000000000084]
J 4421 c1 com.sun.glass.ui.InvokeLaterDispatcher$Future.run()V (91 bytes) @ 0x00000166b9de0434 [0x00000166b9de0320+0x0000000000000114]
v  ~StubRoutines::call_stub
j  com.sun.glass.ui.win.WinApplication._runLoop(Ljava/lang/Runnable;)V+0
j  com.sun.glass.ui.win.WinApplication.lambda$runLoop$3(ILjava/lang/Runnable;)V+8
j  com.sun.glass.ui.win.WinApplication$$Lambda$48.run()V+12
j  java.lang.Thread.run()V+11 java.base@11.0.2
v  ~StubRoutines::call_stub

siginfo: EXCEPTION_ACCESS_VIOLATION (0xc0000005), reading address 0x0000000000000000


Register to memory mapping:

RIP=0x00007fffc33400e2 jvm.dll
RAX=0x0 is NULL
RBX=0x00000166d5a69800 is a thread
RCX=0x43812d69f3db0000 is an unknown value
RDX=0x0000000000000006 is an unknown value
RSP=0x00000002fc2fc170 is pointing into the stack for thread: 0x00000166d5a69800
RBP=0x0 is NULL
RSI=0x00000002fc2fc300 is pointing into the stack for thread: 0x00000166d5a69800
RDI=0x00000166d5a69800 is a thread
R8 =0x0 is NULL
R9 =0x00000002fc2fc288 is pointing into the stack for thread: 0x00000166d5a69800
R10=0x00000166d5a69800 is a thread
R11=0x00000002fc2fc168 is pointing into the stack for thread: 0x00000166d5a69800
R12=0x0 is NULL
R13=0x00000002fc2fc288 is pointing into the stack for thread: 0x00000166d5a69800
R14=0x0 is NULL
R15=0x00000166d5a69b40 points into unknown readable memory: a0 1c 95 c3 ff 7f 00 00


Registers:
RAX=0x0000000000000000, RBX=0x00000166d5a69800, RCX=0x43812d69f3db0000, RDX=0x0000000000000006
RSP=0x00000002fc2fc170, RBP=0x0000000000000000, RSI=0x00000002fc2fc300, RDI=0x00000166d5a69800
R8 =0x0000000000000000, R9 =0x00000002fc2fc288, R10=0x00000166d5a69800, R11=0x00000002fc2fc168
R12=0x0000000000000000, R13=0x00000002fc2fc288, R14=0x0000000000000000, R15=0x00000166d5a69b40
RIP=0x00007fffc33400e2, EFLAGS=0x0000000000010206

Top of Stack: (sp=0x00000002fc2fc170)
0x00000002fc2fc170:   00000166d5a69800 00000002fc2fc300
0x00000002fc2fc180:   00007fffcf6e8578 0000000000000000
0x00000002fc2fc190:   0000000000000000 00007fffc334259f
0x00000002fc2fc1a0:   00000166d49eeca8 0000000000000000
0x00000002fc2fc1b0:   00007fffcf6e8538 00000000000235ed
0x00000002fc2fc1c0:   00000166d5a69800 00000166d534fe30
0x00000002fc2fc1d0:   0000438300000535 00007fffc37f0108
0x00000002fc2fc1e0:   00007fffcf6e8578 00007fffcf6e8538
0x00000002fc2fc1f0:   00000002fc2fcc60 00007fffc3330dd9
0x00000002fc2fc200:   00000166d5a69800 00000166d5a69800
0x00000002fc2fc210:   0000016721cf5c20 00000166d5a69b40
0x00000002fc2fc220:   00000166d6a7d0f0 0000016721e4f1f0
0x00000002fc2fc230:   00000166d5f97560 00007fffcd394d0c
0x00000002fc2fc240:   0000000000000000 00000000000235ed
0x00000002fc2fc250:   00000002fc2fc300 000012d1893cbaea
0x00000002fc2fc260:   0000000000000000 00007fffcda256d8 

Instructions: (pc=0x00007fffc33400e2)
0x00007fffc33400c2:   06 e8 08 16 d6 ff 48 89 7c 24 50 48 89 6c 24 58
0x00007fffc33400d2:   48 39 6f 08 74 0a 48 8d 4c 24 50 e8 ae 7d 28 00
0x00007fffc33400e2:   49 8b 04 24 48 8d 4c 24 70 c7 44 24 40 0c 00 00
0x00007fffc33400f2:   00 48 8b 50 08 0f b7 42 2c 48 8b 52 08 48 8b 54 


Stack slot to memory mapping:
stack at sp + 0 slots: 0x00000166d5a69800 is a thread
stack at sp + 1 slots: 0x00000002fc2fc300 is pointing into the stack for thread: 0x00000166d5a69800
stack at sp + 2 slots: 0x00007fffcf6e8578 jfxwebkit.dll
stack at sp + 3 slots: 0x0 is NULL
stack at sp + 4 slots: 0x0 is NULL
stack at sp + 5 slots: 0x00007fffc334259f jvm.dll
stack at sp + 6 slots: 0x00000166d49eeca8 points into unknown readable memory: 0b 00 ff ff 7a ce 67 65
stack at sp + 7 slots: 0x0 is NULL


---------------  P R O C E S S  ---------------

Threads class SMR info:
_java_thread_list=0x00000167222407b0, length=42, elements={
0x00000166b0ada800, 0x00000166d4a83000, 0x00000166d4a8c800, 0x00000166d539a800,
0x00000166d539c800, 0x00000166d539e800, 0x00000166d53a1800, 0x00000166d53a4000,
0x00000166d54fe800, 0x00000166d5516800, 0x00000166d5677000, 0x00000166d5cec800,
0x00000166d59f3800, 0x00000166d5a69800, 0x00000166d5f3e800, 0x00000166d6893800,
0x00000166d6b03000, 0x00000167228cb800, 0x00000166d6f58800, 0x00000166d6f5c800,
0x00000166d6f56800, 0x00000166d6f5a800, 0x00000166d6f5f000, 0x00000166d6f5d000,
0x00000166d6f59000, 0x00000166d6f5a000, 0x00000166d6f60800, 0x00000166d6f63000,
0x00000166d6f61800, 0x00000166d6f62000, 0x00000166d6f63800, 0x00000166d6f5e000,
0x00000167228c9800, 0x00000167228c9000, 0x00000166df459800, 0x00000166df45c000,
0x00000166df45a800, 0x00000166df459000, 0x00000166df45b800, 0x00000166df45e000,
0x0000016722adf000, 0x00000166d6a65000
}

Java Threads: ( => current thread )
  0x00000166b0ada800 JavaThread "main" [_thread_blocked, id=1480, stack(0x00000002fad00000,0x00000002fae00000)]
  0x00000166d4a83000 JavaThread "Reference Handler" daemon [_thread_blocked, id=8864, stack(0x00000002fb400000,0x00000002fb500000)]
  0x00000166d4a8c800 JavaThread "Finalizer" daemon [_thread_blocked, id=9320, stack(0x00000002fb500000,0x00000002fb600000)]
  0x00000166d539a800 JavaThread "Signal Dispatcher" daemon [_thread_blocked, id=18624, stack(0x00000002fb600000,0x00000002fb700000)]
  0x00000166d539c800 JavaThread "Attach Listener" daemon [_thread_blocked, id=10440, stack(0x00000002fb700000,0x00000002fb800000)]
  0x00000166d539e800 JavaThread "C2 CompilerThread0" daemon [_thread_blocked, id=1272, stack(0x00000002fb800000,0x00000002fb900000)]
  0x00000166d53a1800 JavaThread "C1 CompilerThread0" daemon [_thread_blocked, id=21324, stack(0x00000002fb900000,0x00000002fba00000)]
  0x00000166d53a4000 JavaThread "Sweeper thread" daemon [_thread_blocked, id=6956, stack(0x00000002fba00000,0x00000002fbb00000)]
  0x00000166d54fe800 JavaThread "Service Thread" daemon [_thread_blocked, id=22376, stack(0x00000002fbb00000,0x00000002fbc00000)]
  0x00000166d5516800 JavaThread "Common-Cleaner" daemon [_thread_blocked, id=12704, stack(0x00000002fbd00000,0x00000002fbe00000)]
  0x00000166d5677000 JavaThread "JavaFX-Launcher" [_thread_blocked, id=19620, stack(0x00000002fbe00000,0x00000002fbf00000)]
  0x00000166d5cec800 JavaThread "QuantumRenderer-0" daemon [_thread_blocked, id=2568, stack(0x00000002fbf00000,0x00000002fc000000)]
  0x00000166d59f3800 JavaThread "InvokeLaterDispatcher" daemon [_thread_blocked, id=18476, stack(0x00000002fc100000,0x00000002fc200000)]
=>0x00000166d5a69800 JavaThread "JavaFX Application Thread" [_thread_in_vm, id=6036, stack(0x00000002fc200000,0x00000002fc300000)]
  0x00000166d5f3e800 JavaThread "Thread-2" daemon [_thread_in_native, id=16024, stack(0x00000002fc600000,0x00000002fc700000)]
  0x00000166d6893800 JavaThread "Prism Font Disposer" daemon [_thread_blocked, id=10780, stack(0x00000002fd200000,0x00000002fd300000)]
  0x00000166d6b03000 JavaThread "Disposer" daemon [_thread_blocked, id=21452, stack(0x00000002fc000000,0x00000002fc100000)]
  0x00000167228cb800 JavaThread "Cleaner-0" daemon [_thread_blocked, id=19568, stack(0x00000002fd500000,0x00000002fd600000)]
  0x00000166d6f58800 JavaThread "URL-Loader-9" daemon [_thread_in_native, id=16556, stack(0x00000002fd100000,0x00000002fd200000)]
  0x00000166d6f5c800 JavaThread "URL-Loader-10" daemon [_thread_blocked, id=3424, stack(0x00000002fdd00000,0x00000002fde00000)]
  0x00000166d6f56800 JavaThread "URL-Loader-11" daemon [_thread_blocked, id=7864, stack(0x00000002fe100000,0x00000002fe200000)]
  0x00000166d6f5a800 JavaThread "URL-Loader-12" daemon [_thread_blocked, id=21316, stack(0x00000002fdf00000,0x00000002fe000000)]
  0x00000166d6f5f000 JavaThread "URL-Loader-13" daemon [_thread_blocked, id=15020, stack(0x00000002fe200000,0x00000002fe300000)]
  0x00000166d6f5d000 JavaThread "URL-Loader-14" daemon [_thread_blocked, id=20988, stack(0x00000002fdc00000,0x00000002fdd00000)]
  0x00000166d6f59000 JavaThread "URL-Loader-15" daemon [_thread_blocked, id=8944, stack(0x00000002fe500000,0x00000002fe600000)]
  0x00000166d6f5a000 JavaThread "URL-Loader-16" daemon [_thread_blocked, id=21824, stack(0x00000002fe600000,0x00000002fe700000)]
  0x00000166d6f60800 JavaThread "URL-Loader-17" daemon [_thread_blocked, id=16016, stack(0x00000002fe400000,0x00000002fe500000)]
  0x00000166d6f63000 JavaThread "URL-Loader-18" daemon [_thread_blocked, id=19496, stack(0x00000002fe800000,0x00000002fe900000)]
  0x00000166d6f61800 JavaThread "URL-Loader-19" daemon [_thread_blocked, id=18744, stack(0x00000002fe700000,0x00000002fe800000)]
  0x00000166d6f62000 JavaThread "URL-Loader-20" daemon [_thread_blocked, id=15972, stack(0x00000002fea00000,0x00000002feb00000)]
  0x00000166d6f63800 JavaThread "Keep-Alive-Timer" daemon [_thread_blocked, id=19632, stack(0x00000002feb00000,0x00000002fec00000)]
  0x00000166d6f5e000 JavaThread "Keep-Alive-SocketCleaner" daemon [_thread_blocked, id=15432, stack(0x00000002fec00000,0x00000002fed00000)]
  0x00000167228c9800 JavaThread "URL-Loader-21" daemon [_thread_blocked, id=13360, stack(0x00000002fef00000,0x00000002ff000000)]
  0x00000167228c9000 JavaThread "URL-Loader-22" daemon [_thread_blocked, id=21972, stack(0x00000002fed00000,0x00000002fee00000)]
  0x00000166df459800 JavaThread "URL-Loader-23" daemon [_thread_blocked, id=21152, stack(0x00000002fee00000,0x00000002fef00000)]
  0x00000166df45c000 JavaThread "URL-Loader-24" daemon [_thread_blocked, id=21516, stack(0x00000002ff000000,0x00000002ff100000)]
  0x00000166df45a800 JavaThread "URL-Loader-25" daemon [_thread_blocked, id=784, stack(0x00000002ff100000,0x00000002ff200000)]
  0x00000166df459000 JavaThread "URL-Loader-26" daemon [_thread_in_native, id=23136, stack(0x00000002ff200000,0x00000002ff300000)]
  0x00000166df45b800 JavaThread "URL-Loader-27" daemon [_thread_blocked, id=22912, stack(0x00000002ff300000,0x00000002ff400000)]
  0x00000166df45e000 JavaThread "URL-Loader-28" daemon [_thread_blocked, id=19868, stack(0x00000002ff400000,0x00000002ff500000)]
  0x0000016722adf000 JavaThread "C2 CompilerThread1" daemon [_thread_blocked, id=7052, stack(0x00000002ff500000,0x00000002ff600000)]
  0x00000166d6a65000 JavaThread "C2 CompilerThread2" daemon [_thread_blocked, id=23172, stack(0x00000002ff600000,0x00000002ff700000)]

Other Threads:
  0x00000166d4a7f000 VMThread "VM Thread" [stack: 0x00000002fb300000,0x00000002fb400000] [id=13908]
  0x00000166d54ff800 WatcherThread [stack: 0x00000002fbc00000,0x00000002fbd00000] [id=20964]
  0x00000166b0af1800 GCTaskThread "GC Thread#0" [stack: 0x00000002fae00000,0x00000002faf00000] [id=21024]
  0x00000166d6489000 GCTaskThread "GC Thread#1" [stack: 0x00000002fc700000,0x00000002fc800000] [id=1548]
  0x00000166d6512000 GCTaskThread "GC Thread#2" [stack: 0x00000002fc800000,0x00000002fc900000] [id=6244]
  0x00000166d6518000 GCTaskThread "GC Thread#3" [stack: 0x00000002fc900000,0x00000002fca00000] [id=16520]
  0x00000166d6518800 GCTaskThread "GC Thread#4" [stack: 0x00000002fca00000,0x00000002fcb00000] [id=12148]
  0x00000166d663e000 GCTaskThread "GC Thread#5" [stack: 0x00000002fcb00000,0x00000002fcc00000] [id=14632]
  0x00000166b0b50000 ConcurrentGCThread "G1 Main Marker" [stack: 0x00000002faf00000,0x00000002fb000000] [id=3420]
  0x00000166b0b52800 ConcurrentGCThread "G1 Conc#0" [stack: 0x00000002fb000000,0x00000002fb100000] [id=22468]
  0x00000166d70ce800 ConcurrentGCThread "G1 Conc#1" [stack: 0x00000002fce00000,0x00000002fcf00000] [id=6320]
  0x00000166d4964800 ConcurrentGCThread "G1 Refine#0" [stack: 0x00000002fb100000,0x00000002fb200000] [id=9728]
  0x00000166d57c0800 ConcurrentGCThread "G1 Refine#1" [stack: 0x00000002fcc00000,0x00000002fcd00000] [id=23408]
  0x00000166d4965800 ConcurrentGCThread "G1 Young RemSet Sampling" [stack: 0x00000002fb200000,0x00000002fb300000] [id=20240]

Threads with active compile tasks:

VM state:not at safepoint (normal execution)

VM Mutex/Monitor currently owned by a thread: None

Heap address: 0x0000000702600000, size: 4058 MB, Compressed Oops mode: Zero based, Oop shift amount: 3
Narrow klass base: 0x0000000800000000, Narrow klass shift: 0
Compressed class space size: 1073741824 Address: 0x0000000800000000

Heap:
 garbage-first heap   total 260096K, used 71949K [0x0000000702600000, 0x0000000800000000)
  region size 1024K, 43 young (44032K), 8 survivors (8192K)
 Metaspace       used 46313K, capacity 48164K, committed 48256K, reserved 1091584K
  class space    used 5716K, capacity 6521K, committed 6528K, reserved 1048576K
Heap Regions: E=young(eden), S=young(survivor), O=old, HS=humongous(starts), HC=humongous(continues), CS=collection set, F=free, A=archive, TAMS=top-at-mark-start (previous, next)
|   0|0x0000000702600000, 0x0000000702700000, 0x0000000702700000|100%| O|  |TAMS 0x0000000702700000, 0x0000000702600000| Untracked 
|   1|0x0000000702700000, 0x0000000702800000, 0x0000000702800000|100%| O|  |TAMS 0x0000000702800000, 0x0000000702700000| Untracked 
|   2|0x0000000702800000, 0x0000000702900000, 0x0000000702900000|100%| O|  |TAMS 0x0000000702900000, 0x0000000702800000| Untracked 
|   3|0x0000000702900000, 0x0000000702a00000, 0x0000000702a00000|100%| O|  |TAMS 0x0000000702a00000, 0x0000000702900000| Untracked 
|   4|0x0000000702a00000, 0x0000000702b00000, 0x0000000702b00000|100%| O|  |TAMS 0x0000000702b00000, 0x0000000702a00000| Untracked 
|   5|0x0000000702b00000, 0x0000000702c00000, 0x0000000702c00000|100%| O|  |TAMS 0x0000000702b7c400, 0x0000000702b00000| Untracked 
|   6|0x0000000702c00000, 0x0000000702d00000, 0x0000000702d00000|100%|HS|  |TAMS 0x0000000702d00000, 0x0000000702c00000| Complete 
|   7|0x0000000702d00000, 0x0000000702e00000, 0x0000000702e00000|100%|HC|  |TAMS 0x0000000702e00000, 0x0000000702d00000| Complete 
|   8|0x0000000702e00000, 0x0000000702f00000, 0x0000000702f00000|100%|HS|  |TAMS 0x0000000702f00000, 0x0000000702e00000| Complete 
|   9|0x0000000702f00000, 0x0000000703000000, 0x0000000703000000|100%|HC|  |TAMS 0x0000000703000000, 0x0000000702f00000| Complete 
|  10|0x0000000703000000, 0x0000000703100000, 0x0000000703100000|100%|HS|  |TAMS 0x0000000703000000, 0x0000000703000000| Complete 
|  11|0x0000000703100000, 0x0000000703200000, 0x0000000703200000|100%|HC|  |TAMS 0x0000000703100000, 0x0000000703100000| Complete 
|  12|0x0000000703200000, 0x0000000703300000, 0x0000000703300000|100%| O|  |TAMS 0x0000000703200000, 0x0000000703200000| Untracked 
|  13|0x0000000703300000, 0x0000000703400000, 0x0000000703400000|100%| O|  |TAMS 0x0000000703300000, 0x0000000703300000| Untracked 
|  14|0x0000000703400000, 0x0000000703500000, 0x0000000703500000|100%| O|  |TAMS 0x0000000703400000, 0x0000000703400000| Untracked 
|  15|0x0000000703500000, 0x0000000703600000, 0x0000000703600000|100%| O|  |TAMS 0x0000000703500000, 0x0000000703500000| Untracked 
|  16|0x0000000703600000, 0x0000000703700000, 0x0000000703700000|100%| O|  |TAMS 0x0000000703600000, 0x0000000703600000| Untracked 
|  17|0x0000000703700000, 0x0000000703800000, 0x0000000703800000|100%| O|  |TAMS 0x0000000703700000, 0x0000000703700000| Untracked 
|  18|0x0000000703800000, 0x0000000703900000, 0x0000000703900000|100%| O|  |TAMS 0x0000000703800000, 0x0000000703800000| Untracked 
|  19|0x0000000703900000, 0x0000000703978e00, 0x0000000703a00000| 47%| O|  |TAMS 0x0000000703900000, 0x0000000703900000| Untracked 
|  20|0x0000000703a00000, 0x0000000703b00000, 0x0000000703b00000|100%|HS|  |TAMS 0x0000000703a00000, 0x0000000703a00000| Complete 
|  21|0x0000000703b00000, 0x0000000703c00000, 0x0000000703c00000|100%|HC|  |TAMS 0x0000000703b00000, 0x0000000703b00000| Complete 
|  22|0x0000000703c00000, 0x0000000703d00000, 0x0000000703d00000|100%|HS|  |TAMS 0x0000000703c00000, 0x0000000703c00000| Complete 
|  23|0x0000000703d00000, 0x0000000703e00000, 0x0000000703e00000|100%|HC|  |TAMS 0x0000000703d00000, 0x0000000703d00000| Complete 
|  24|0x0000000703e00000, 0x0000000703f00000, 0x0000000703f00000|100%|HS|  |TAMS 0x0000000703e00000, 0x0000000703e00000| Complete 
|  25|0x0000000703f00000, 0x0000000704000000, 0x0000000704000000|100%|HS|  |TAMS 0x0000000703f00000, 0x0000000703f00000| Complete 
|  26|0x0000000704000000, 0x0000000704100000, 0x0000000704100000|100%|HC|  |TAMS 0x0000000704000000, 0x0000000704000000| Complete 
|  27|0x0000000704100000, 0x0000000704200000, 0x0000000704200000|100%|HS|  |TAMS 0x0000000704100000, 0x0000000704100000| Complete 
|  28|0x0000000704200000, 0x0000000704300000, 0x0000000704300000|100%|HS|  |TAMS 0x0000000704200000, 0x0000000704200000| Complete 
|  29|0x0000000704300000, 0x0000000704400000, 0x0000000704400000|100%|HC|  |TAMS 0x0000000704300000, 0x0000000704300000| Complete 
|  30|0x0000000704400000, 0x0000000704400000, 0x0000000704500000|  0%| F|  |TAMS 0x0000000704400000, 0x0000000704400000| Untracked 
|  31|0x0000000704500000, 0x0000000704500000, 0x0000000704600000|  0%| F|  |TAMS 0x0000000704500000, 0x0000000704500000| Untracked 
|  32|0x0000000704600000, 0x0000000704600000, 0x0000000704700000|  0%| F|  |TAMS 0x0000000704600000, 0x0000000704600000| Untracked 
|  33|0x0000000704700000, 0x0000000704700000, 0x0000000704800000|  0%| F|  |TAMS 0x0000000704700000, 0x0000000704700000| Untracked 
|  34|0x0000000704800000, 0x0000000704800000, 0x0000000704900000|  0%| F|  |TAMS 0x0000000704800000, 0x0000000704800000| Untracked 
|  35|0x0000000704900000, 0x0000000704900000, 0x0000000704a00000|  0%| F|  |TAMS 0x0000000704900000, 0x0000000704900000| Untracked 
|  36|0x0000000704a00000, 0x0000000704a00000, 0x0000000704b00000|  0%| F|  |TAMS 0x0000000704a00000, 0x0000000704a00000| Untracked 
|  37|0x0000000704b00000, 0x0000000704b00000, 0x0000000704c00000|  0%| F|  |TAMS 0x0000000704b00000, 0x0000000704b00000| Untracked 
|  38|0x0000000704c00000, 0x0000000704c00000, 0x0000000704d00000|  0%| F|  |TAMS 0x0000000704c00000, 0x0000000704c00000| Untracked 
|  39|0x0000000704d00000, 0x0000000704d00000, 0x0000000704e00000|  0%| F|  |TAMS 0x0000000704d00000, 0x0000000704d00000| Untracked 
|  40|0x0000000704e00000, 0x0000000704e00000, 0x0000000704f00000|  0%| F|  |TAMS 0x0000000704e00000, 0x0000000704e00000| Untracked 
|  41|0x0000000704f00000, 0x0000000704f00000, 0x0000000705000000|  0%| F|  |TAMS 0x0000000704f00000, 0x0000000704f00000| Untracked 
|  42|0x0000000705000000, 0x0000000705000000, 0x0000000705100000|  0%| F|  |TAMS 0x0000000705000000, 0x0000000705000000| Untracked 
|  43|0x0000000705100000, 0x0000000705100000, 0x0000000705200000|  0%| F|  |TAMS 0x0000000705100000, 0x0000000705100000| Untracked 
|  44|0x0000000705200000, 0x0000000705200000, 0x0000000705300000|  0%| F|  |TAMS 0x0000000705200000, 0x0000000705200000| Untracked 
|  45|0x0000000705300000, 0x0000000705300000, 0x0000000705400000|  0%| F|  |TAMS 0x0000000705300000, 0x0000000705300000| Untracked 
|  46|0x0000000705400000, 0x0000000705400000, 0x0000000705500000|  0%| F|  |TAMS 0x0000000705400000, 0x0000000705400000| Untracked 
|  47|0x0000000705500000, 0x0000000705500000, 0x0000000705600000|  0%| F|  |TAMS 0x0000000705500000, 0x0000000705500000| Untracked 
|  48|0x0000000705600000, 0x0000000705600000, 0x0000000705700000|  0%| F|  |TAMS 0x0000000705600000, 0x0000000705600000| Untracked 
|  49|0x0000000705700000, 0x0000000705700000, 0x0000000705800000|  0%| F|  |TAMS 0x0000000705700000, 0x0000000705700000| Untracked 
|  50|0x0000000705800000, 0x0000000705800000, 0x0000000705900000|  0%| F|  |TAMS 0x0000000705800000, 0x0000000705800000| Untracked 
|  51|0x0000000705900000, 0x0000000705900000, 0x0000000705a00000|  0%| F|  |TAMS 0x0000000705900000, 0x0000000705900000| Untracked 
|  52|0x0000000705a00000, 0x0000000705a00000, 0x0000000705b00000|  0%| F|  |TAMS 0x0000000705a00000, 0x0000000705a00000| Untracked 
|  53|0x0000000705b00000, 0x0000000705b00000, 0x0000000705c00000|  0%| F|  |TAMS 0x0000000705b00000, 0x0000000705b00000| Untracked 
|  54|0x0000000705c00000, 0x0000000705c00000, 0x0000000705d00000|  0%| F|  |TAMS 0x0000000705c00000, 0x0000000705c00000| Untracked 
|  55|0x0000000705d00000, 0x0000000705d00000, 0x0000000705e00000|  0%| F|  |TAMS 0x0000000705d00000, 0x0000000705d00000| Untracked 
|  56|0x0000000705e00000, 0x0000000705e00000, 0x0000000705f00000|  0%| F|  |TAMS 0x0000000705e00000, 0x0000000705e00000| Untracked 
|  57|0x0000000705f00000, 0x0000000705f00000, 0x0000000706000000|  0%| F|  |TAMS 0x0000000705f00000, 0x0000000705f00000| Untracked 
|  58|0x0000000706000000, 0x0000000706000000, 0x0000000706100000|  0%| F|  |TAMS 0x0000000706000000, 0x0000000706000000| Untracked 
|  59|0x0000000706100000, 0x0000000706100000, 0x0000000706200000|  0%| F|  |TAMS 0x0000000706100000, 0x0000000706100000| Untracked 
|  60|0x0000000706200000, 0x0000000706200000, 0x0000000706300000|  0%| F|  |TAMS 0x0000000706200000, 0x0000000706200000| Untracked 
|  61|0x0000000706300000, 0x0000000706300000, 0x0000000706400000|  0%| F|  |TAMS 0x0000000706300000, 0x0000000706300000| Untracked 
|  62|0x0000000706400000, 0x0000000706400000, 0x0000000706500000|  0%| F|  |TAMS 0x0000000706400000, 0x0000000706400000| Untracked 
|  63|0x0000000706500000, 0x0000000706500000, 0x0000000706600000|  0%| F|  |TAMS 0x0000000706500000, 0x0000000706500000| Untracked 
|  64|0x0000000706600000, 0x0000000706600000, 0x0000000706700000|  0%| F|  |TAMS 0x0000000706600000, 0x0000000706600000| Untracked 
|  65|0x0000000706700000, 0x0000000706700000, 0x0000000706800000|  0%| F|  |TAMS 0x0000000706700000, 0x0000000706700000| Untracked 
|  66|0x0000000706800000, 0x0000000706800000, 0x0000000706900000|  0%| F|  |TAMS 0x0000000706800000, 0x0000000706800000| Untracked 
|  67|0x0000000706900000, 0x0000000706900000, 0x0000000706a00000|  0%| F|  |TAMS 0x0000000706900000, 0x0000000706900000| Untracked 
|  68|0x0000000706a00000, 0x0000000706a00000, 0x0000000706b00000|  0%| F|  |TAMS 0x0000000706a00000, 0x0000000706a00000| Untracked 
|  69|0x0000000706b00000, 0x0000000706b00000, 0x0000000706c00000|  0%| F|  |TAMS 0x0000000706b00000, 0x0000000706b00000| Untracked 
|  70|0x0000000706c00000, 0x0000000706c00000, 0x0000000706d00000|  0%| F|  |TAMS 0x0000000706c00000, 0x0000000706c00000| Untracked 
|  71|0x0000000706d00000, 0x0000000706d00000, 0x0000000706e00000|  0%| F|  |TAMS 0x0000000706d00000, 0x0000000706d00000| Untracked 
|  72|0x0000000706e00000, 0x0000000706e00000, 0x0000000706f00000|  0%| F|  |TAMS 0x0000000706e00000, 0x0000000706e00000| Untracked 
|  73|0x0000000706f00000, 0x0000000706f00000, 0x0000000707000000|  0%| F|  |TAMS 0x0000000706f00000, 0x0000000706f00000| Untracked 
|  74|0x0000000707000000, 0x0000000707000000, 0x0000000707100000|  0%| F|  |TAMS 0x0000000707000000, 0x0000000707000000| Untracked 
|  75|0x0000000707100000, 0x0000000707100000, 0x0000000707200000|  0%| F|  |TAMS 0x0000000707100000, 0x0000000707100000| Untracked 
|  76|0x0000000707200000, 0x0000000707200000, 0x0000000707300000|  0%| F|  |TAMS 0x0000000707200000, 0x0000000707200000| Untracked 
|  77|0x0000000707300000, 0x0000000707300000, 0x0000000707400000|  0%| F|  |TAMS 0x0000000707300000, 0x0000000707300000| Untracked 
|  78|0x0000000707400000, 0x0000000707400000, 0x0000000707500000|  0%| F|  |TAMS 0x0000000707400000, 0x0000000707400000| Untracked 
|  79|0x0000000707500000, 0x0000000707500000, 0x0000000707600000|  0%| F|  |TAMS 0x0000000707500000, 0x0000000707500000| Untracked 
|  80|0x0000000707600000, 0x0000000707600000, 0x0000000707700000|  0%| F|  |TAMS 0x0000000707600000, 0x0000000707600000| Untracked 
|  81|0x0000000707700000, 0x0000000707700000, 0x0000000707800000|  0%| F|  |TAMS 0x0000000707700000, 0x0000000707700000| Untracked 
|  82|0x0000000707800000, 0x0000000707800000, 0x0000000707900000|  0%| F|  |TAMS 0x0000000707800000, 0x0000000707800000| Untracked 
|  83|0x0000000707900000, 0x0000000707900000, 0x0000000707a00000|  0%| F|  |TAMS 0x0000000707900000, 0x0000000707900000| Untracked 
|  84|0x0000000707a00000, 0x0000000707a00000, 0x0000000707b00000|  0%| F|  |TAMS 0x0000000707a00000, 0x0000000707a00000| Untracked 
|  85|0x0000000707b00000, 0x0000000707b00000, 0x0000000707c00000|  0%| F|  |TAMS 0x0000000707b00000, 0x0000000707b00000| Untracked 
|  86|0x0000000707c00000, 0x0000000707c00000, 0x0000000707d00000|  0%| F|  |TAMS 0x0000000707c00000, 0x0000000707c00000| Untracked 
|  87|0x0000000707d00000, 0x0000000707d00000, 0x0000000707e00000|  0%| F|  |TAMS 0x0000000707d00000, 0x0000000707d00000| Untracked 
|  88|0x0000000707e00000, 0x0000000707e00000, 0x0000000707f00000|  0%| F|  |TAMS 0x0000000707e00000, 0x0000000707e00000| Untracked 
|  89|0x0000000707f00000, 0x0000000707f00000, 0x0000000708000000|  0%| F|  |TAMS 0x0000000707f00000, 0x0000000707f00000| Untracked 
|  90|0x0000000708000000, 0x0000000708000000, 0x0000000708100000|  0%| F|  |TAMS 0x0000000708000000, 0x0000000708000000| Untracked 
|  91|0x0000000708100000, 0x0000000708100000, 0x0000000708200000|  0%| F|  |TAMS 0x0000000708100000, 0x0000000708100000| Untracked 
|  92|0x0000000708200000, 0x0000000708200000, 0x0000000708300000|  0%| F|  |TAMS 0x0000000708200000, 0x0000000708200000| Untracked 
|  93|0x0000000708300000, 0x0000000708300000, 0x0000000708400000|  0%| F|  |TAMS 0x0000000708300000, 0x0000000708300000| Untracked 
|  94|0x0000000708400000, 0x0000000708400000, 0x0000000708500000|  0%| F|  |TAMS 0x0000000708400000, 0x0000000708400000| Untracked 
|  95|0x0000000708500000, 0x0000000708500000, 0x0000000708600000|  0%| F|  |TAMS 0x0000000708500000, 0x0000000708500000| Untracked 
|  96|0x0000000708600000, 0x0000000708600000, 0x0000000708700000|  0%| F|  |TAMS 0x0000000708600000, 0x0000000708600000| Untracked 
|  97|0x0000000708700000, 0x0000000708700000, 0x0000000708800000|  0%| F|  |TAMS 0x0000000708700000, 0x0000000708700000| Untracked 
|  98|0x0000000708800000, 0x0000000708800000, 0x0000000708900000|  0%| F|  |TAMS 0x0000000708800000, 0x0000000708800000| Untracked 
|  99|0x0000000708900000, 0x0000000708900000, 0x0000000708a00000|  0%| F|  |TAMS 0x0000000708900000, 0x0000000708900000| Untracked 
| 100|0x0000000708a00000, 0x0000000708a00000, 0x0000000708b00000|  0%| F|  |TAMS 0x0000000708a00000, 0x0000000708a00000| Untracked 
| 101|0x0000000708b00000, 0x0000000708b00000, 0x0000000708c00000|  0%| F|  |TAMS 0x0000000708b00000, 0x0000000708b00000| Untracked 
| 102|0x0000000708c00000, 0x0000000708c00000, 0x0000000708d00000|  0%| F|  |TAMS 0x0000000708c00000, 0x0000000708c00000| Untracked 
| 103|0x0000000708d00000, 0x0000000708d00000, 0x0000000708e00000|  0%| F|  |TAMS 0x0000000708d00000, 0x0000000708d00000| Untracked 
| 104|0x0000000708e00000, 0x0000000708e00000, 0x0000000708f00000|  0%| F|  |TAMS 0x0000000708e00000, 0x0000000708e00000| Untracked 
| 105|0x0000000708f00000, 0x0000000708f00000, 0x0000000709000000|  0%| F|  |TAMS 0x0000000708f00000, 0x0000000708f00000| Untracked 
| 106|0x0000000709000000, 0x0000000709000000, 0x0000000709100000|  0%| F|  |TAMS 0x0000000709000000, 0x0000000709000000| Untracked 
| 107|0x0000000709100000, 0x0000000709100000, 0x0000000709200000|  0%| F|  |TAMS 0x0000000709100000, 0x0000000709100000| Untracked 
| 108|0x0000000709200000, 0x0000000709200000, 0x0000000709300000|  0%| F|  |TAMS 0x0000000709200000, 0x0000000709200000| Untracked 
| 109|0x0000000709300000, 0x0000000709300000, 0x0000000709400000|  0%| F|  |TAMS 0x0000000709300000, 0x0000000709300000| Untracked 
| 110|0x0000000709400000, 0x0000000709400000, 0x0000000709500000|  0%| F|  |TAMS 0x0000000709400000, 0x0000000709400000| Untracked 
| 111|0x0000000709500000, 0x0000000709500000, 0x0000000709600000|  0%| F|  |TAMS 0x0000000709500000, 0x0000000709500000| Untracked 
| 112|0x0000000709600000, 0x0000000709600000, 0x0000000709700000|  0%| F|  |TAMS 0x0000000709600000, 0x0000000709600000| Untracked 
| 113|0x0000000709700000, 0x0000000709700000, 0x0000000709800000|  0%| F|  |TAMS 0x0000000709700000, 0x0000000709700000| Untracked 
| 114|0x0000000709800000, 0x0000000709800000, 0x0000000709900000|  0%| F|  |TAMS 0x0000000709800000, 0x0000000709800000| Untracked 
| 115|0x0000000709900000, 0x0000000709900000, 0x0000000709a00000|  0%| F|  |TAMS 0x0000000709900000, 0x0000000709900000| Untracked 
| 116|0x0000000709a00000, 0x0000000709a00000, 0x0000000709b00000|  0%| F|  |TAMS 0x0000000709a00000, 0x0000000709a00000| Untracked 
| 117|0x0000000709b00000, 0x0000000709b00000, 0x0000000709c00000|  0%| F|  |TAMS 0x0000000709b00000, 0x0000000709b00000| Untracked 
| 118|0x0000000709c00000, 0x0000000709c00000, 0x0000000709d00000|  0%| F|  |TAMS 0x0000000709c00000, 0x0000000709c00000| Untracked 
| 119|0x0000000709d00000, 0x0000000709d00000, 0x0000000709e00000|  0%| F|  |TAMS 0x0000000709d00000, 0x0000000709d00000| Untracked 
| 120|0x0000000709e00000, 0x0000000709e00000, 0x0000000709f00000|  0%| F|  |TAMS 0x0000000709e00000, 0x0000000709e00000| Untracked 
| 121|0x0000000709f00000, 0x0000000709f00000, 0x000000070a000000|  0%| F|  |TAMS 0x0000000709f00000, 0x0000000709f00000| Untracked 
| 122|0x000000070a000000, 0x000000070a000000, 0x000000070a100000|  0%| F|  |TAMS 0x000000070a000000, 0x000000070a000000| Untracked 
| 123|0x000000070a100000, 0x000000070a100000, 0x000000070a200000|  0%| F|  |TAMS 0x000000070a100000, 0x000000070a100000| Untracked 
| 124|0x000000070a200000, 0x000000070a200000, 0x000000070a300000|  0%| F|  |TAMS 0x000000070a200000, 0x000000070a200000| Untracked 
| 125|0x000000070a300000, 0x000000070a300000, 0x000000070a400000|  0%| F|  |TAMS 0x000000070a300000, 0x000000070a300000| Untracked 
| 126|0x000000070a400000, 0x000000070a400000, 0x000000070a500000|  0%| F|  |TAMS 0x000000070a400000, 0x000000070a400000| Untracked 
| 127|0x000000070a500000, 0x000000070a500000, 0x000000070a600000|  0%| F|  |TAMS 0x000000070a500000, 0x000000070a500000| Untracked 
| 128|0x000000070a600000, 0x000000070a600000, 0x000000070a700000|  0%| F|  |TAMS 0x000000070a600000, 0x000000070a600000| Untracked 
| 129|0x000000070a700000, 0x000000070a700000, 0x000000070a800000|  0%| F|  |TAMS 0x000000070a700000, 0x000000070a700000| Untracked 
| 130|0x000000070a800000, 0x000000070a800000, 0x000000070a900000|  0%| F|  |TAMS 0x000000070a800000, 0x000000070a800000| Untracked 
| 131|0x000000070a900000, 0x000000070a900000, 0x000000070aa00000|  0%| F|  |TAMS 0x000000070a900000, 0x000000070a900000| Untracked 
| 132|0x000000070aa00000, 0x000000070aa00000, 0x000000070ab00000|  0%| F|  |TAMS 0x000000070aa00000, 0x000000070aa00000| Untracked 
| 133|0x000000070ab00000, 0x000000070ab00000, 0x000000070ac00000|  0%| F|  |TAMS 0x000000070ab00000, 0x000000070ab00000| Untracked 
| 134|0x000000070ac00000, 0x000000070ac00000, 0x000000070ad00000|  0%| F|  |TAMS 0x000000070ac00000, 0x000000070ac00000| Untracked 
| 135|0x000000070ad00000, 0x000000070ad00000, 0x000000070ae00000|  0%| F|  |TAMS 0x000000070ad00000, 0x000000070ad00000| Untracked 
| 136|0x000000070ae00000, 0x000000070ae00000, 0x000000070af00000|  0%| F|  |TAMS 0x000000070ae00000, 0x000000070ae00000| Untracked 
| 137|0x000000070af00000, 0x000000070af00000, 0x000000070b000000|  0%| F|  |TAMS 0x000000070af00000, 0x000000070af00000| Untracked 
| 138|0x000000070b000000, 0x000000070b000000, 0x000000070b100000|  0%| F|  |TAMS 0x000000070b000000, 0x000000070b000000| Untracked 
| 139|0x000000070b100000, 0x000000070b100000, 0x000000070b200000|  0%| F|  |TAMS 0x000000070b100000, 0x000000070b100000| Untracked 
| 140|0x000000070b200000, 0x000000070b200000, 0x000000070b300000|  0%| F|  |TAMS 0x000000070b200000, 0x000000070b200000| Untracked 
| 141|0x000000070b300000, 0x000000070b300000, 0x000000070b400000|  0%| F|  |TAMS 0x000000070b300000, 0x000000070b300000| Untracked 
| 142|0x000000070b400000, 0x000000070b400000, 0x000000070b500000|  0%| F|  |TAMS 0x000000070b400000, 0x000000070b400000| Untracked 
| 143|0x000000070b500000, 0x000000070b500000, 0x000000070b600000|  0%| F|  |TAMS 0x000000070b500000, 0x000000070b500000| Untracked 
| 144|0x000000070b600000, 0x000000070b600000, 0x000000070b700000|  0%| F|  |TAMS 0x000000070b600000, 0x000000070b600000| Untracked 
| 145|0x000000070b700000, 0x000000070b700000, 0x000000070b800000|  0%| F|  |TAMS 0x000000070b700000, 0x000000070b700000| Untracked 
| 146|0x000000070b800000, 0x000000070b800000, 0x000000070b900000|  0%| F|  |TAMS 0x000000070b800000, 0x000000070b800000| Untracked 
| 147|0x000000070b900000, 0x000000070b900000, 0x000000070ba00000|  0%| F|  |TAMS 0x000000070b900000, 0x000000070b900000| Untracked 
| 148|0x000000070ba00000, 0x000000070ba00000, 0x000000070bb00000|  0%| F|  |TAMS 0x000000070ba00000, 0x000000070ba00000| Untracked 
| 149|0x000000070bb00000, 0x000000070bb00000, 0x000000070bc00000|  0%| F|  |TAMS 0x000000070bb00000, 0x000000070bb00000| Untracked 
| 150|0x000000070bc00000, 0x000000070bc00000, 0x000000070bd00000|  0%| F|  |TAMS 0x000000070bc00000, 0x000000070bc00000| Untracked 
| 151|0x000000070bd00000, 0x000000070bd00000, 0x000000070be00000|  0%| F|  |TAMS 0x000000070bd00000, 0x000000070bd00000| Untracked 
| 152|0x000000070be00000, 0x000000070be00000, 0x000000070bf00000|  0%| F|  |TAMS 0x000000070be00000, 0x000000070be00000| Untracked 
| 153|0x000000070bf00000, 0x000000070bf00000, 0x000000070c000000|  0%| F|  |TAMS 0x000000070bf00000, 0x000000070bf00000| Untracked 
| 154|0x000000070c000000, 0x000000070c000000, 0x000000070c100000|  0%| F|  |TAMS 0x000000070c000000, 0x000000070c000000| Untracked 
| 155|0x000000070c100000, 0x000000070c1ca7a0, 0x000000070c200000| 79%| S|CS|TAMS 0x000000070c100000, 0x000000070c100000| Complete 
| 156|0x000000070c200000, 0x000000070c300000, 0x000000070c300000|100%| S|CS|TAMS 0x000000070c200000, 0x000000070c200000| Complete 
| 157|0x000000070c300000, 0x000000070c400000, 0x000000070c400000|100%| S|CS|TAMS 0x000000070c300000, 0x000000070c300000| Complete 
| 158|0x000000070c400000, 0x000000070c500000, 0x000000070c500000|100%| S|CS|TAMS 0x000000070c400000, 0x000000070c400000| Complete 
| 159|0x000000070c500000, 0x000000070c600000, 0x000000070c600000|100%| S|CS|TAMS 0x000000070c500000, 0x000000070c500000| Complete 
| 160|0x000000070c600000, 0x000000070c700000, 0x000000070c700000|100%| S|CS|TAMS 0x000000070c600000, 0x000000070c600000| Complete 
| 161|0x000000070c700000, 0x000000070c800000, 0x000000070c800000|100%| S|CS|TAMS 0x000000070c700000, 0x000000070c700000| Complete 
| 162|0x000000070c800000, 0x000000070c900000, 0x000000070c900000|100%| S|CS|TAMS 0x000000070c800000, 0x000000070c800000| Complete 
| 163|0x000000070c900000, 0x000000070c900000, 0x000000070ca00000|  0%| F|  |TAMS 0x000000070c900000, 0x000000070c900000| Untracked 
| 164|0x000000070ca00000, 0x000000070ca00000, 0x000000070cb00000|  0%| F|  |TAMS 0x000000070ca00000, 0x000000070ca00000| Untracked 
| 165|0x000000070cb00000, 0x000000070cb00000, 0x000000070cc00000|  0%| F|  |TAMS 0x000000070cb00000, 0x000000070cb00000| Untracked 
| 166|0x000000070cc00000, 0x000000070cc00000, 0x000000070cd00000|  0%| F|  |TAMS 0x000000070cc00000, 0x000000070cc00000| Untracked 
| 167|0x000000070cd00000, 0x000000070cd00000, 0x000000070ce00000|  0%| F|  |TAMS 0x000000070cd00000, 0x000000070cd00000| Untracked 
| 168|0x000000070ce00000, 0x000000070ce00000, 0x000000070cf00000|  0%| F|  |TAMS 0x000000070ce00000, 0x000000070ce00000| Untracked 
| 169|0x000000070cf00000, 0x000000070cf00000, 0x000000070d000000|  0%| F|  |TAMS 0x000000070cf00000, 0x000000070cf00000| Untracked 
| 170|0x000000070d000000, 0x000000070d000000, 0x000000070d100000|  0%| F|  |TAMS 0x000000070d000000, 0x000000070d000000| Untracked 
| 171|0x000000070d100000, 0x000000070d100000, 0x000000070d200000|  0%| F|  |TAMS 0x000000070d100000, 0x000000070d100000| Untracked 
| 172|0x000000070d200000, 0x000000070d200000, 0x000000070d300000|  0%| F|  |TAMS 0x000000070d200000, 0x000000070d200000| Untracked 
| 173|0x000000070d300000, 0x000000070d300000, 0x000000070d400000|  0%| F|  |TAMS 0x000000070d300000, 0x000000070d300000| Untracked 
| 174|0x000000070d400000, 0x000000070d400000, 0x000000070d500000|  0%| F|  |TAMS 0x000000070d400000, 0x000000070d400000| Untracked 
| 175|0x000000070d500000, 0x000000070d500000, 0x000000070d600000|  0%| F|  |TAMS 0x000000070d500000, 0x000000070d500000| Untracked 
| 176|0x000000070d600000, 0x000000070d600000, 0x000000070d700000|  0%| F|  |TAMS 0x000000070d600000, 0x000000070d600000| Untracked 
| 177|0x000000070d700000, 0x000000070d700000, 0x000000070d800000|  0%| F|  |TAMS 0x000000070d700000, 0x000000070d700000| Untracked 
| 178|0x000000070d800000, 0x000000070d800000, 0x000000070d900000|  0%| F|  |TAMS 0x000000070d800000, 0x000000070d800000| Untracked 
| 179|0x000000070d900000, 0x000000070d900000, 0x000000070da00000|  0%| F|  |TAMS 0x000000070d900000, 0x000000070d900000| Untracked 
| 180|0x000000070da00000, 0x000000070da00000, 0x000000070db00000|  0%| F|  |TAMS 0x000000070da00000, 0x000000070da00000| Untracked 
| 181|0x000000070db00000, 0x000000070db00000, 0x000000070dc00000|  0%| F|  |TAMS 0x000000070db00000, 0x000000070db00000| Untracked 
| 182|0x000000070dc00000, 0x000000070dc00000, 0x000000070dd00000|  0%| F|  |TAMS 0x000000070dc00000, 0x000000070dc00000| Untracked 
| 183|0x000000070dd00000, 0x000000070dd00000, 0x000000070de00000|  0%| F|  |TAMS 0x000000070dd00000, 0x000000070dd00000| Untracked 
| 184|0x000000070de00000, 0x000000070de00000, 0x000000070df00000|  0%| F|  |TAMS 0x000000070de00000, 0x000000070de00000| Untracked 
| 185|0x000000070df00000, 0x000000070df00000, 0x000000070e000000|  0%| F|  |TAMS 0x000000070df00000, 0x000000070df00000| Untracked 
| 186|0x000000070e000000, 0x000000070e000000, 0x000000070e100000|  0%| F|  |TAMS 0x000000070e000000, 0x000000070e000000| Untracked 
| 187|0x000000070e100000, 0x000000070e100000, 0x000000070e200000|  0%| F|  |TAMS 0x000000070e100000, 0x000000070e100000| Untracked 
| 188|0x000000070e200000, 0x000000070e200000, 0x000000070e300000|  0%| F|  |TAMS 0x000000070e200000, 0x000000070e200000| Untracked 
| 189|0x000000070e300000, 0x000000070e300000, 0x000000070e400000|  0%| F|  |TAMS 0x000000070e300000, 0x000000070e300000| Untracked 
| 190|0x000000070e400000, 0x000000070e400000, 0x000000070e500000|  0%| F|  |TAMS 0x000000070e400000, 0x000000070e400000| Untracked 
| 191|0x000000070e500000, 0x000000070e500000, 0x000000070e600000|  0%| F|  |TAMS 0x000000070e500000, 0x000000070e500000| Untracked 
| 192|0x000000070e600000, 0x000000070e600000, 0x000000070e700000|  0%| F|  |TAMS 0x000000070e600000, 0x000000070e600000| Untracked 
| 193|0x000000070e700000, 0x000000070e700000, 0x000000070e800000|  0%| F|  |TAMS 0x000000070e700000, 0x000000070e700000| Untracked 
| 194|0x000000070e800000, 0x000000070e800000, 0x000000070e900000|  0%| F|  |TAMS 0x000000070e800000, 0x000000070e800000| Untracked 
| 195|0x000000070e900000, 0x000000070e900000, 0x000000070ea00000|  0%| F|  |TAMS 0x000000070e900000, 0x000000070e900000| Untracked 
| 196|0x000000070ea00000, 0x000000070ea00000, 0x000000070eb00000|  0%| F|  |TAMS 0x000000070ea00000, 0x000000070ea00000| Untracked 
| 197|0x000000070eb00000, 0x000000070eb00000, 0x000000070ec00000|  0%| F|  |TAMS 0x000000070eb00000, 0x000000070eb00000| Untracked 
| 198|0x000000070ec00000, 0x000000070ec00000, 0x000000070ed00000|  0%| F|  |TAMS 0x000000070ec00000, 0x000000070ec00000| Untracked 
| 199|0x000000070ed00000, 0x000000070ed00000, 0x000000070ee00000|  0%| F|  |TAMS 0x000000070ed00000, 0x000000070ed00000| Untracked 
| 200|0x000000070ee00000, 0x000000070ee00000, 0x000000070ef00000|  0%| F|  |TAMS 0x000000070ee00000, 0x000000070ee00000| Untracked 
| 201|0x000000070ef00000, 0x000000070ef00000, 0x000000070f000000|  0%| F|  |TAMS 0x000000070ef00000, 0x000000070ef00000| Untracked 
| 202|0x000000070f000000, 0x000000070f000000, 0x000000070f100000|  0%| F|  |TAMS 0x000000070f000000, 0x000000070f000000| Untracked 
| 203|0x000000070f100000, 0x000000070f100000, 0x000000070f200000|  0%| F|  |TAMS 0x000000070f100000, 0x000000070f100000| Untracked 
| 204|0x000000070f200000, 0x000000070f200000, 0x000000070f300000|  0%| F|  |TAMS 0x000000070f200000, 0x000000070f200000| Untracked 
| 205|0x000000070f300000, 0x000000070f300000, 0x000000070f400000|  0%| F|  |TAMS 0x000000070f300000, 0x000000070f300000| Untracked 
| 206|0x000000070f400000, 0x000000070f400000, 0x000000070f500000|  0%| F|  |TAMS 0x000000070f400000, 0x000000070f400000| Untracked 
| 207|0x000000070f500000, 0x000000070f500000, 0x000000070f600000|  0%| F|  |TAMS 0x000000070f500000, 0x000000070f500000| Untracked 
| 208|0x000000070f600000, 0x000000070f600000, 0x000000070f700000|  0%| F|  |TAMS 0x000000070f600000, 0x000000070f600000| Untracked 
| 209|0x000000070f700000, 0x000000070f700000, 0x000000070f800000|  0%| F|  |TAMS 0x000000070f700000, 0x000000070f700000| Untracked 
| 210|0x000000070f800000, 0x000000070f800000, 0x000000070f900000|  0%| F|  |TAMS 0x000000070f800000, 0x000000070f800000| Untracked 
| 211|0x000000070f900000, 0x000000070f900000, 0x000000070fa00000|  0%| F|  |TAMS 0x000000070f900000, 0x000000070f900000| Untracked 
| 212|0x000000070fa00000, 0x000000070fa00000, 0x000000070fb00000|  0%| F|  |TAMS 0x000000070fa00000, 0x000000070fa00000| Untracked 
| 213|0x000000070fb00000, 0x000000070fb00000, 0x000000070fc00000|  0%| F|  |TAMS 0x000000070fb00000, 0x000000070fb00000| Untracked 
| 214|0x000000070fc00000, 0x000000070fc00000, 0x000000070fd00000|  0%| F|  |TAMS 0x000000070fc00000, 0x000000070fc00000| Untracked 
| 215|0x000000070fd00000, 0x000000070fd00000, 0x000000070fe00000|  0%| F|  |TAMS 0x000000070fd00000, 0x000000070fd00000| Untracked 
| 216|0x000000070fe00000, 0x000000070fe00000, 0x000000070ff00000|  0%| F|  |TAMS 0x000000070fe00000, 0x000000070fe00000| Untracked 
| 217|0x000000070ff00000, 0x000000070ff00000, 0x0000000710000000|  0%| F|  |TAMS 0x000000070ff00000, 0x000000070ff00000| Untracked 
| 218|0x0000000710000000, 0x0000000710000000, 0x0000000710100000|  0%| F|  |TAMS 0x0000000710000000, 0x0000000710000000| Untracked 
| 219|0x0000000710100000, 0x00000007101b8ac8, 0x0000000710200000| 72%| E|  |TAMS 0x0000000710100000, 0x0000000710100000| Complete 
| 220|0x0000000710200000, 0x0000000710300000, 0x0000000710300000|100%| E|CS|TAMS 0x0000000710200000, 0x0000000710200000| Complete 
| 221|0x0000000710300000, 0x0000000710400000, 0x0000000710400000|100%| E|CS|TAMS 0x0000000710300000, 0x0000000710300000| Complete 
| 222|0x0000000710400000, 0x0000000710500000, 0x0000000710500000|100%| E|  |TAMS 0x0000000710400000, 0x0000000710400000| Complete 
| 223|0x0000000710500000, 0x0000000710600000, 0x0000000710600000|100%| E|CS|TAMS 0x0000000710500000, 0x0000000710500000| Complete 
| 224|0x0000000710600000, 0x0000000710700000, 0x0000000710700000|100%| E|CS|TAMS 0x0000000710600000, 0x0000000710600000| Complete 
| 225|0x0000000710700000, 0x0000000710800000, 0x0000000710800000|100%| E|CS|TAMS 0x0000000710700000, 0x0000000710700000| Complete 
| 226|0x0000000710800000, 0x0000000710900000, 0x0000000710900000|100%| E|CS|TAMS 0x0000000710800000, 0x0000000710800000| Complete 
| 227|0x0000000710900000, 0x0000000710a00000, 0x0000000710a00000|100%| E|CS|TAMS 0x0000000710900000, 0x0000000710900000| Complete 
| 228|0x0000000710a00000, 0x0000000710b00000, 0x0000000710b00000|100%| E|CS|TAMS 0x0000000710a00000, 0x0000000710a00000| Complete 
| 229|0x0000000710b00000, 0x0000000710c00000, 0x0000000710c00000|100%| E|CS|TAMS 0x0000000710b00000, 0x0000000710b00000| Complete 
| 230|0x0000000710c00000, 0x0000000710d00000, 0x0000000710d00000|100%| E|CS|TAMS 0x0000000710c00000, 0x0000000710c00000| Complete 
| 231|0x0000000710d00000, 0x0000000710e00000, 0x0000000710e00000|100%| E|CS|TAMS 0x0000000710d00000, 0x0000000710d00000| Complete 
| 232|0x0000000710e00000, 0x0000000710f00000, 0x0000000710f00000|100%| E|CS|TAMS 0x0000000710e00000, 0x0000000710e00000| Complete 
| 233|0x0000000710f00000, 0x0000000711000000, 0x0000000711000000|100%| E|CS|TAMS 0x0000000710f00000, 0x0000000710f00000| Complete 
| 234|0x0000000711000000, 0x0000000711100000, 0x0000000711100000|100%| E|CS|TAMS 0x0000000711000000, 0x0000000711000000| Complete 
| 235|0x0000000711100000, 0x0000000711200000, 0x0000000711200000|100%| E|CS|TAMS 0x0000000711100000, 0x0000000711100000| Complete 
| 236|0x0000000711200000, 0x0000000711300000, 0x0000000711300000|100%| E|CS|TAMS 0x0000000711200000, 0x0000000711200000| Complete 
| 237|0x0000000711300000, 0x0000000711400000, 0x0000000711400000|100%| E|CS|TAMS 0x0000000711300000, 0x0000000711300000| Complete 
| 238|0x0000000711400000, 0x0000000711500000, 0x0000000711500000|100%| E|CS|TAMS 0x0000000711400000, 0x0000000711400000| Complete 
| 239|0x0000000711500000, 0x0000000711600000, 0x0000000711600000|100%| E|CS|TAMS 0x0000000711500000, 0x0000000711500000| Complete 
| 240|0x0000000711600000, 0x0000000711700000, 0x0000000711700000|100%| E|CS|TAMS 0x0000000711600000, 0x0000000711600000| Complete 
| 241|0x0000000711700000, 0x0000000711800000, 0x0000000711800000|100%| E|CS|TAMS 0x0000000711700000, 0x0000000711700000| Complete 
| 242|0x0000000711800000, 0x0000000711900000, 0x0000000711900000|100%| E|CS|TAMS 0x0000000711800000, 0x0000000711800000| Complete 
| 243|0x0000000711900000, 0x0000000711a00000, 0x0000000711a00000|100%| E|CS|TAMS 0x0000000711900000, 0x0000000711900000| Complete 
| 244|0x0000000711a00000, 0x0000000711b00000, 0x0000000711b00000|100%| E|CS|TAMS 0x0000000711a00000, 0x0000000711a00000| Complete 
| 245|0x0000000711b00000, 0x0000000711c00000, 0x0000000711c00000|100%| E|CS|TAMS 0x0000000711b00000, 0x0000000711b00000| Complete 
| 246|0x0000000711c00000, 0x0000000711d00000, 0x0000000711d00000|100%| E|CS|TAMS 0x0000000711c00000, 0x0000000711c00000| Complete 
| 247|0x0000000711d00000, 0x0000000711e00000, 0x0000000711e00000|100%| E|CS|TAMS 0x0000000711d00000, 0x0000000711d00000| Complete 
| 248|0x0000000711e00000, 0x0000000711f00000, 0x0000000711f00000|100%| E|CS|TAMS 0x0000000711e00000, 0x0000000711e00000| Complete 
| 249|0x0000000711f00000, 0x0000000712000000, 0x0000000712000000|100%| E|CS|TAMS 0x0000000711f00000, 0x0000000711f00000| Complete 
| 250|0x0000000712000000, 0x0000000712100000, 0x0000000712100000|100%| E|CS|TAMS 0x0000000712000000, 0x0000000712000000| Complete 
| 251|0x0000000712100000, 0x0000000712200000, 0x0000000712200000|100%| E|CS|TAMS 0x0000000712100000, 0x0000000712100000| Complete 
| 252|0x0000000712200000, 0x0000000712300000, 0x0000000712300000|100%| E|CS|TAMS 0x0000000712200000, 0x0000000712200000| Complete 
| 253|0x0000000712300000, 0x0000000712400000, 0x0000000712400000|100%| E|CS|TAMS 0x0000000712300000, 0x0000000712300000| Complete 

Card table byte_map: [0x00000166c9050000,0x00000166c9840000] _byte_map_base: 0x00000166c583d000

Marking Bits (Prev, Next): (CMBitMap*) 0x00000166b0b3f5f8, (CMBitMap*) 0x00000166b0b3f630
 Prev Bits: [0x00000166ca030000, 0x00000166cdf98000)
 Next Bits: [0x00000166cdfa0000, 0x00000166d1f08000)

Polling page: 0x00000166af1e0000

Metaspace:

Usage:
  Non-class:     40.67 MB capacity,    39.65 MB ( 97%) used,   819.28 KB (  2%) free+waste,   226.13 KB ( <1%) overhead. 
      Class:      6.37 MB capacity,     5.58 MB ( 88%) used,   693.16 KB ( 11%) free+waste,   111.50 KB (  2%) overhead. 
       Both:     47.04 MB capacity,    45.23 MB ( 96%) used,     1.48 MB (  3%) free+waste,   337.63 KB ( <1%) overhead. 

Virtual space:
  Non-class space:       42.00 MB reserved,      40.75 MB ( 97%) committed 
      Class space:        1.00 GB reserved,       6.38 MB ( <1%) committed 
             Both:        1.04 GB reserved,      47.13 MB (  4%) committed 

Chunk freelists:
   Non-Class:  2.63 KB
       Class:  896 bytes
        Both:  3.50 KB

CodeHeap 'non-profiled nmethods': size=120000Kb used=3511Kb max_used=3511Kb free=116488Kb
 bounds [0x00000166c09c0000, 0x00000166c0d30000, 0x00000166c7ef0000]
CodeHeap 'profiled nmethods': size=120000Kb used=14241Kb max_used=14241Kb free=105758Kb
 bounds [0x00000166b9490000, 0x00000166ba280000, 0x00000166c09c0000]
CodeHeap 'non-nmethods': size=5760Kb used=1505Kb max_used=1535Kb free=4254Kb
 bounds [0x00000166b8ef0000, 0x00000166b9160000, 0x00000166b9490000]
 total_blobs=9466 nmethods=6231 adapters=911
 compilation: enabled
              stopped_count=0, restarted_count=0
 full_count=0

Compilation events (10 events):
Event: 36.758 Thread 0x00000166d53a1800 6849       3       java.io.ByteArrayInputStream::close (1 bytes)
Event: 36.758 Thread 0x00000166d53a1800 nmethod 6849 0x00000166b9c34e10 code [0x00000166b9c34fc0, 0x00000166b9c35118]
Event: 36.764 Thread 0x0000016722adf000 nmethod 6826 0x00000166c0d29910 code [0x00000166c0d29ae0, 0x00000166c0d2a228]
Event: 36.764 Thread 0x00000166d6a65000 nmethod 6830 0x00000166c0d2a610 code [0x00000166c0d2a7a0, 0x00000166c0d2abf8]
Event: 36.765 Thread 0x00000166d539e800 nmethod 6786 0x00000166c0d2ad10 code [0x00000166c0d2af00, 0x00000166c0d2c5b8]
Event: 36.772 Thread 0x00000166d53a1800 6850       1       com.sun.webkit.network.ByteBufferPool::access$100 (5 bytes)
Event: 36.772 Thread 0x00000166d53a1800 nmethod 6850 0x00000166c0d2cf10 code [0x00000166c0d2d0c0, 0x00000166c0d2d1b8]
Event: 36.776 Thread 0x0000016722adf000 6851 %     4       com.sun.crypto.provider.GHASH::processBlocks @ 3 (26 bytes)
Event: 36.782 Thread 0x00000166d53a1800 6852       3       com.sun.javafx.webkit.prism.WCImageDecoderImpl$2::imageLoadProgress (1 bytes)
Event: 36.782 Thread 0x00000166d53a1800 nmethod 6852 0x00000166ba27db10 code [0x00000166ba27dcc0, 0x00000166ba27de18]

GC Heap History (10 events):
Event: 1.799 GC heap before
{Heap before GC invocations=0 (full 0):
 garbage-first heap   total 260096K, used 23552K [0x0000000702600000, 0x0000000800000000)
  region size 1024K, 24 young (24576K), 0 survivors (0K)
 Metaspace       used 14038K, capacity 14364K, committed 14592K, reserved 1062912K
  class space    used 1361K, capacity 1518K, committed 1536K, reserved 1048576K
}
Event: 1.806 GC heap after
{Heap after GC invocations=1 (full 0):
 garbage-first heap   total 260096K, used 5500K [0x0000000702600000, 0x0000000800000000)
  region size 1024K, 3 young (3072K), 3 survivors (3072K)
 Metaspace       used 14038K, capacity 14364K, committed 14592K, reserved 1062912K
  class space    used 1361K, capacity 1518K, committed 1536K, reserved 1048576K
}
Event: 2.347 GC heap before
{Heap before GC invocations=1 (full 0):
 garbage-first heap   total 260096K, used 17788K [0x0000000702600000, 0x0000000800000000)
  region size 1024K, 15 young (15360K), 3 survivors (3072K)
 Metaspace       used 17582K, capacity 18014K, committed 18176K, reserved 1064960K
  class space    used 1773K, capacity 1947K, committed 2048K, reserved 1048576K
}
Event: 2.351 GC heap after
{Heap after GC invocations=2 (full 0):
 garbage-first heap   total 260096K, used 6773K [0x0000000702600000, 0x0000000800000000)
  region size 1024K, 2 young (2048K), 2 survivors (2048K)
 Metaspace       used 17582K, capacity 18014K, committed 18176K, reserved 1064960K
  class space    used 1773K, capacity 1947K, committed 2048K, reserved 1048576K
}
Event: 2.778 GC heap before
{Heap before GC invocations=2 (full 0):
 garbage-first heap   total 260096K, used 17013K [0x0000000702600000, 0x0000000800000000)
  region size 1024K, 11 young (11264K), 2 survivors (2048K)
 Metaspace       used 20492K, capacity 21080K, committed 21248K, reserved 1069056K
  class space    used 2194K, capacity 2446K, committed 2560K, reserved 1048576K
}
Event: 2.781 GC heap after
{Heap after GC invocations=3 (full 0):
 garbage-first heap   total 260096K, used 9480K [0x0000000702600000, 0x0000000800000000)
  region size 1024K, 2 young (2048K), 2 survivors (2048K)
 Metaspace       used 20492K, capacity 21080K, committed 21248K, reserved 1069056K
  class space    used 2194K, capacity 2446K, committed 2560K, reserved 1048576K
}
Event: 5.074 GC heap before
{Heap before GC invocations=4 (full 0):
 garbage-first heap   total 260096K, used 76040K [0x0000000702600000, 0x0000000800000000)
  region size 1024K, 64 young (65536K), 2 survivors (2048K)
 Metaspace       used 34360K, capacity 35813K, committed 35840K, reserved 1079296K
  class space    used 4595K, capacity 5248K, committed 5248K, reserved 1048576K
}
Event: 5.088 GC heap after
{Heap after GC invocations=5 (full 0):
 garbage-first heap   total 260096K, used 18380K [0x0000000702600000, 0x0000000800000000)
  region size 1024K, 9 young (9216K), 9 survivors (9216K)
 Metaspace       used 34360K, capacity 35813K, committed 35840K, reserved 1079296K
  class space    used 4595K, capacity 5248K, committed 5248K, reserved 1048576K
}
Event: 32.241 GC heap before
{Heap before GC invocations=6 (full 0):
 garbage-first heap   total 260096K, used 103372K [0x0000000702600000, 0x0000000800000000)
  region size 1024K, 91 young (93184K), 9 survivors (9216K)
 Metaspace       used 45159K, capacity 46989K, committed 47232K, reserved 1089536K
  class space    used 5634K, capacity 6412K, committed 6528K, reserved 1048576K
}
Event: 32.258 GC heap after
{Heap after GC invocations=7 (full 0):
 garbage-first heap   total 260096K, used 27917K [0x0000000702600000, 0x0000000800000000)
  region size 1024K, 8 young (8192K), 8 survivors (8192K)
 Metaspace       used 45159K, capacity 46989K, committed 47232K, reserved 1089536K
  class space    used 5634K, capacity 6412K, committed 6528K, reserved 1048576K
}

Deoptimization events (10 events):
Event: 33.154 Thread 0x00000166d5cec800 Uncommon trap: reason=unstable_if action=reinterpret pc=0x00000166c0c9fa68 method=com.sun.marlin.DRenderer._endRendering(IILcom/sun/marlin/MarlinAlphaConsumer;)V @ 2297 c2
Event: 33.156 Thread 0x00000166d5cec800 Uncommon trap: reason=unstable_if action=reinterpret pc=0x00000166c0c92f68 method=com.sun.marlin.DRenderer._endRendering(IILcom/sun/marlin/MarlinAlphaConsumer;)V @ 1618 c2
Event: 33.255 Thread 0x00000166d5cec800 Uncommon trap: reason=unstable_if action=reinterpret pc=0x00000166c0acd3b8 method=com.sun.javafx.geom.transform.AffineBase.updateState2D()V @ 6 c2
Event: 33.273 Thread 0x00000166d5cec800 Uncommon trap: reason=unstable_if action=reinterpret pc=0x00000166c0ca691c method=com.sun.prism.d3d.D3DContext.updateTexture(ILcom/sun/prism/Texture;)V @ 37 c2
Event: 33.401 Thread 0x00000166d5a69800 Uncommon trap: reason=unstable_if action=reinterpret pc=0x00000166c0b40d88 method=java.io.ByteArrayInputStream.read([BII)I @ 16 c2
Event: 34.141 Thread 0x00000166d5a69800 Uncommon trap: reason=unstable_if action=reinterpret pc=0x00000166c0c6ecc4 method=jdk.internal.org.objectweb.asm.MethodWriter.visitFieldInsn(ILjava/lang/String;Ljava/lang/String;Ljava/lang/String;)V @ 200 c2
Event: 34.157 Thread 0x00000166d5cec800 Uncommon trap: reason=unstable_if action=reinterpret pc=0x00000166c0b60f5c method=jdk.internal.misc.Unsafe.convEndian(ZI)I @ 4 c2
Event: 36.639 Thread 0x00000166d6f56800 Uncommon trap: reason=unstable_if action=reinterpret pc=0x00000166c0d22e64 method=java.net.URI$Parser.scan(IIJJ)I @ 42 c2
Event: 36.645 Thread 0x00000166d6f5c800 Uncommon trap: reason=bimorphic_or_optimized_type_check action=maybe_recompile pc=0x00000166c0be6c08 method=java.util.concurrent.ConcurrentHashMap.putVal(Ljava/lang/Object;Ljava/lang/Object;Z)Ljava/lang/Object; @ 159 c2
Event: 36.649 Thread 0x00000166d6f5c800 Uncommon trap: reason=bimorphic_or_optimized_type_check action=maybe_recompile pc=0x00000166c0be6c08 method=java.util.concurrent.ConcurrentHashMap.putVal(Ljava/lang/Object;Ljava/lang/Object;Z)Ljava/lang/Object; @ 159 c2

Classes redefined (0 events):
No events

Internal exceptions (10 events):
Event: 15.298 Thread 0x00000166d5a69800 Exception <a 'java/lang/NoSuchMethodError'{0x000000070f047668}: java.lang.invoke.DirectMethodHandle$Holder.invokeStatic(Ljava/lang/Object;Ljava/lang/Object;ILjava/lang/Object;)V> (0x000000070f047668) thrown at [t:/workspace/open/src/hotspot/share/interpre
Event: 28.080 Thread 0x00000166d5a69800 Exception <a 'java/lang/NoSuchMethodError'{0x000000070d9f1238}: java.lang.invoke.DirectMethodHandle$Holder.invokeSpecial(Ljava/lang/Object;Ljava/lang/Object;IIIIIII)Ljava/lang/Object;> (0x000000070d9f1238) thrown at [t:/workspace/open/src/hotspot/share/in
Event: 28.081 Thread 0x00000166d5a69800 Exception <a 'java/lang/NoSuchMethodError'{0x000000070d9f45d0}: java.lang.invoke.DelegatingMethodHandle$Holder.reinvoke_L(Ljava/lang/Object;IIIIIII)Ljava/lang/Object;> (0x000000070d9f45d0) thrown at [t:/workspace/open/src/hotspot/share/interpreter/linkRes
Event: 28.083 Thread 0x00000166d5a69800 Exception <a 'java/lang/NoSuchMethodError'{0x000000070d819648}: java.lang.invoke.DirectMethodHandle$Holder.invokeSpecial(Ljava/lang/Object;Ljava/lang/Object;IIII)Ljava/lang/Object;> (0x000000070d819648) thrown at [t:/workspace/open/src/hotspot/share/inter
Event: 32.263 Thread 0x00000166d5a69800 Exception <a 'java/lang/NoSuchMethodError'{0x0000000712339768}: java.lang.invoke.DirectMethodHandle$Holder.invokeSpecial(Ljava/lang/Object;Ljava/lang/Object;IIILjava/lang/Object;JLjava/lang/Object;Ljava/lang/Object;)Ljava/lang/Object;> (0x0000000712339768
Event: 32.264 Thread 0x00000166d5a69800 Exception <a 'java/lang/NoSuchMethodError'{0x000000071233ce80}: java.lang.invoke.DelegatingMethodHandle$Holder.reinvoke_L(Ljava/lang/Object;IIILjava/lang/Object;JLjava/lang/Object;Ljava/lang/Object;)Ljava/lang/Object;> (0x000000071233ce80) thrown at [t:/w
Event: 32.267 Thread 0x00000166d5a69800 Exception <a 'java/lang/NoSuchMethodError'{0x000000071237d088}: java.lang.invoke.DirectMethodHandle$Holder.invokeStatic(Ljava/lang/Object;Ljava/lang/Object;Ljava/lang/Object;Ljava/lang/Object;Ljava/lang/Object;Ljava/lang/Object;Ljava/lang/Object;Ljava/lan
Event: 34.141 Thread 0x00000166d5a69800 Exception <a 'java/lang/NoSuchMethodError'{0x00000007117c5ea0}: java.lang.invoke.DirectMethodHandle$Holder.invokeStatic(Ljava/lang/Object;Ljava/lang/Object;Ljava/lang/Object;DDDDIIIIIIIII)Ljava/lang/Object;> (0x00000007117c5ea0) thrown at [t:/workspace/op
Event: 36.785 Thread 0x00000166d5a69800 Exception <a 'java/lang/NoClassDefFoundError'{0x0000000710160078}: com/sun/webkit/security/WCMessageDigest> (0x0000000710160078) thrown at [t:/workspace/open/src/hotspot/share/classfile/systemDictionary.cpp, line 220]
Event: 36.785 Thread 0x00000166d5a69800 Exception <a 'java/lang/NoSuchMethodError'{0x0000000710160380}: getInstance> (0x0000000710160380) thrown at [t:/workspace/open/src/hotspot/share/prims/jni.cpp, line 1333]

Events (10 events):
Event: 36.742 Executing VM operation: RevokeBias done
Event: 36.742 Thread 0x00000166df458000 Thread exited: 0x00000166df458000
Event: 36.743 Thread 0x00000166df458000 Thread added: 0x00000166df458000
Event: 36.744 Executing VM operation: RevokeBias
Event: 36.744 Executing VM operation: RevokeBias done
Event: 36.744 Thread 0x00000166df458000 Thread exited: 0x00000166df458000
Event: 36.776 Executing VM operation: RevokeBias
Event: 36.776 Executing VM operation: RevokeBias done
Event: 36.785 loading class com/sun/webkit/security/WCMessageDigest
Event: 36.785 loading class com/sun/webkit/security/WCMessageDigest done


Dynamic libraries:
0x00007ff6ff100000 - 0x00007ff6ff145000 	C:\Program Files\Java\jdk-11.0.2\bin\java.exe
0x00007ff848fe0000 - 0x00007ff8491d0000 	C:\WINDOWS\SYSTEM32\ntdll.dll
0x00007ff8486d0000 - 0x00007ff848782000 	C:\WINDOWS\System32\KERNEL32.DLL
0x00007ff846090000 - 0x00007ff846333000 	C:\WINDOWS\System32\KERNELBASE.dll
0x00007ff8482e0000 - 0x00007ff848474000 	C:\WINDOWS\System32\USER32.dll
0x00007ff8466c0000 - 0x00007ff8466e1000 	C:\WINDOWS\System32\win32u.dll
0x00007ff847970000 - 0x00007ff847996000 	C:\WINDOWS\System32\GDI32.dll
0x00007ff846520000 - 0x00007ff8466b4000 	C:\WINDOWS\System32\gdi32full.dll
0x00007ff846480000 - 0x00007ff84651e000 	C:\WINDOWS\System32\msvcp_win.dll
0x00007ff845f90000 - 0x00007ff84608a000 	C:\WINDOWS\System32\ucrtbase.dll
0x00007ff8319b0000 - 0x00007ff831c35000 	C:\WINDOWS\WinSxS\amd64_microsoft.windows.common-controls_6595b64144ccf1df_6.0.18362.418_none_e6c6b287130d565d\COMCTL32.dll
0x00007ff847090000 - 0x00007ff84712e000 	C:\WINDOWS\System32\msvcrt.dll
0x00007ff8479b0000 - 0x00007ff847ce6000 	C:\WINDOWS\System32\combase.dll
0x00007ff8481c0000 - 0x00007ff8482e0000 	C:\WINDOWS\System32\RPCRT4.dll
0x00007ff846740000 - 0x00007ff8467c0000 	C:\WINDOWS\System32\bcryptPrimitives.dll
0x00007ff847e50000 - 0x00007ff847e7e000 	C:\WINDOWS\System32\IMM32.DLL
0x00007ff83fb60000 - 0x00007ff83fb76000 	C:\Program Files\Java\jdk-11.0.2\bin\vcruntime140.dll
0x00007ff81e880000 - 0x00007ff81e92a000 	C:\Program Files\Java\jdk-11.0.2\bin\msvcp140.dll
0x00007fffc2f60000 - 0x00007fffc3a83000 	C:\Program Files\Java\jdk-11.0.2\bin\server\jvm.dll
0x00007ff847fc0000 - 0x00007ff848063000 	C:\WINDOWS\System32\ADVAPI32.dll
0x00007ff847140000 - 0x00007ff8471d7000 	C:\WINDOWS\System32\sechost.dll
0x00007ff847130000 - 0x00007ff847138000 	C:\WINDOWS\System32\PSAPI.DLL
0x00007ff8439b0000 - 0x00007ff8439d4000 	C:\WINDOWS\SYSTEM32\WINMM.dll
0x00007ff840a90000 - 0x00007ff840a9a000 	C:\WINDOWS\SYSTEM32\VERSION.dll
0x00007ff829ac0000 - 0x00007ff829ac9000 	C:\WINDOWS\SYSTEM32\WSOCK32.dll
0x00007ff848790000 - 0x00007ff8487ff000 	C:\WINDOWS\System32\WS2_32.dll
0x00007ff8437a0000 - 0x00007ff8437cd000 	C:\WINDOWS\SYSTEM32\winmmbase.dll
0x00007ff8466f0000 - 0x00007ff84673a000 	C:\WINDOWS\System32\cfgmgr32.dll
0x00007ff845ec0000 - 0x00007ff845ed1000 	C:\WINDOWS\System32\kernel.appcore.dll
0x00007ff83fb30000 - 0x00007ff83fb41000 	C:\Program Files\Java\jdk-11.0.2\bin\verify.dll
0x00007ff83a570000 - 0x00007ff83a764000 	C:\WINDOWS\SYSTEM32\DBGHELP.DLL
0x00007ff829da0000 - 0x00007ff829dca000 	C:\WINDOWS\SYSTEM32\dbgcore.DLL
0x00007ff833ec0000 - 0x00007ff833ee8000 	C:\Program Files\Java\jdk-11.0.2\bin\java.dll
0x00007ff8340f0000 - 0x00007ff834106000 	C:\Program Files\Java\jdk-11.0.2\bin\zip.dll
0x00007ff842720000 - 0x00007ff84272a000 	C:\Program Files\Java\jdk-11.0.2\bin\jimage.dll
0x00007ff8488b0000 - 0x00007ff848f95000 	C:\WINDOWS\System32\SHELL32.dll
0x00007ff848480000 - 0x00007ff848529000 	C:\WINDOWS\System32\shcore.dll
0x00007ff846910000 - 0x00007ff84708f000 	C:\WINDOWS\System32\windows.storage.dll
0x00007ff845f00000 - 0x00007ff845f1f000 	C:\WINDOWS\System32\profapi.dll
0x00007ff845f20000 - 0x00007ff845f6a000 	C:\WINDOWS\System32\powrprof.dll
0x00007ff845eb0000 - 0x00007ff845ec0000 	C:\WINDOWS\System32\UMPDC.dll
0x00007ff848070000 - 0x00007ff8480c2000 	C:\WINDOWS\System32\shlwapi.dll
0x00007ff845f70000 - 0x00007ff845f87000 	C:\WINDOWS\System32\cryptsp.dll
0x00007ff833ea0000 - 0x00007ff833eb9000 	C:\Program Files\Java\jdk-11.0.2\bin\net.dll
0x00007ff8417d0000 - 0x00007ff8418c0000 	C:\WINDOWS\SYSTEM32\WINHTTP.dll
0x00007ff8338e0000 - 0x00007ff833ab6000 	C:\WINDOWS\SYSTEM32\urlmon.dll
0x00007ff835240000 - 0x00007ff8354e6000 	C:\WINDOWS\SYSTEM32\iertutil.dll
0x00007ff845890000 - 0x00007ff84589c000 	C:\WINDOWS\SYSTEM32\CRYPTBASE.DLL
0x00007ff8456c0000 - 0x00007ff845727000 	C:\WINDOWS\system32\mswsock.dll
0x00007ff831d30000 - 0x00007ff831d43000 	C:\Program Files\Java\jdk-11.0.2\bin\nio.dll
0x00000166d5fb0000 - 0x00000166d5fb3000 	C:\Program Files\Java\jdk-11.0.2\bin\api-ms-win-core-console-l1-1-0.dll
0x00000166d5fc0000 - 0x00000166d5fc3000 	C:\Program Files\Java\jdk-11.0.2\bin\api-ms-win-core-datetime-l1-1-0.dll
0x00000166d5fd0000 - 0x00000166d5fd3000 	C:\Program Files\Java\jdk-11.0.2\bin\api-ms-win-core-debug-l1-1-0.dll
0x00000166d5fe0000 - 0x00000166d5fe3000 	C:\Program Files\Java\jdk-11.0.2\bin\api-ms-win-core-errorhandling-l1-1-0.dll
0x00000166d5ff0000 - 0x00000166d5ff4000 	C:\Program Files\Java\jdk-11.0.2\bin\api-ms-win-core-file-l1-1-0.dll
0x00000166d6000000 - 0x00000166d6003000 	C:\Program Files\Java\jdk-11.0.2\bin\api-ms-win-core-file-l1-2-0.dll
0x00000166d6010000 - 0x00000166d6013000 	C:\Program Files\Java\jdk-11.0.2\bin\api-ms-win-core-file-l2-1-0.dll
0x00000166d6020000 - 0x00000166d6023000 	C:\Program Files\Java\jdk-11.0.2\bin\api-ms-win-core-handle-l1-1-0.dll
0x00000166d6030000 - 0x00000166d6033000 	C:\Program Files\Java\jdk-11.0.2\bin\api-ms-win-core-heap-l1-1-0.dll
0x00000166d6040000 - 0x00000166d6043000 	C:\Program Files\Java\jdk-11.0.2\bin\api-ms-win-core-interlocked-l1-1-0.dll
0x00000166d6050000 - 0x00000166d6053000 	C:\Program Files\Java\jdk-11.0.2\bin\api-ms-win-core-libraryloader-l1-1-0.dll
0x00000166d6060000 - 0x00000166d6063000 	C:\Program Files\Java\jdk-11.0.2\bin\api-ms-win-core-localization-l1-2-0.dll
0x00000166d6070000 - 0x00000166d6073000 	C:\Program Files\Java\jdk-11.0.2\bin\api-ms-win-core-memory-l1-1-0.dll
0x00000166d6080000 - 0x00000166d6083000 	C:\Program Files\Java\jdk-11.0.2\bin\api-ms-win-core-namedpipe-l1-1-0.dll
0x00000166d6090000 - 0x00000166d6093000 	C:\Program Files\Java\jdk-11.0.2\bin\api-ms-win-core-processenvironment-l1-1-0.dll
0x00000166d60a0000 - 0x00000166d60a3000 	C:\Program Files\Java\jdk-11.0.2\bin\api-ms-win-core-processthreads-l1-1-0.dll
0x00000166d60b0000 - 0x00000166d60b3000 	C:\Program Files\Java\jdk-11.0.2\bin\api-ms-win-core-processthreads-l1-1-1.dll
0x00000166d60c0000 - 0x00000166d60c3000 	C:\Program Files\Java\jdk-11.0.2\bin\api-ms-win-core-profile-l1-1-0.dll
0x00000166d60d0000 - 0x00000166d60d3000 	C:\Program Files\Java\jdk-11.0.2\bin\api-ms-win-core-rtlsupport-l1-1-0.dll
0x00000166d60e0000 - 0x00000166d60e3000 	C:\Program Files\Java\jdk-11.0.2\bin\api-ms-win-core-string-l1-1-0.dll
0x00000166d60f0000 - 0x00000166d60f3000 	C:\Program Files\Java\jdk-11.0.2\bin\api-ms-win-core-synch-l1-1-0.dll
0x00000166d6100000 - 0x00000166d6103000 	C:\Program Files\Java\jdk-11.0.2\bin\api-ms-win-core-synch-l1-2-0.dll
0x00000166d6110000 - 0x00000166d6113000 	C:\Program Files\Java\jdk-11.0.2\bin\api-ms-win-core-sysinfo-l1-1-0.dll
0x00000166d6120000 - 0x00000166d6123000 	C:\Program Files\Java\jdk-11.0.2\bin\api-ms-win-core-timezone-l1-1-0.dll
0x00000166d6130000 - 0x00000166d6133000 	C:\Program Files\Java\jdk-11.0.2\bin\api-ms-win-core-util-l1-1-0.dll
0x00000166d6140000 - 0x00000166d6143000 	C:\Program Files\Java\jdk-11.0.2\bin\api-ms-win-crt-conio-l1-1-0.dll
0x00000166d6150000 - 0x00000166d6154000 	C:\Program Files\Java\jdk-11.0.2\bin\api-ms-win-crt-convert-l1-1-0.dll
0x00000166d6160000 - 0x00000166d6163000 	C:\Program Files\Java\jdk-11.0.2\bin\api-ms-win-crt-environment-l1-1-0.dll
0x00000166d6170000 - 0x00000166d6173000 	C:\Program Files\Java\jdk-11.0.2\bin\api-ms-win-crt-filesystem-l1-1-0.dll
0x00000166d6180000 - 0x00000166d6183000 	C:\Program Files\Java\jdk-11.0.2\bin\api-ms-win-crt-heap-l1-1-0.dll
0x00000166d6190000 - 0x00000166d6193000 	C:\Program Files\Java\jdk-11.0.2\bin\api-ms-win-crt-locale-l1-1-0.dll
0x00000166d61a0000 - 0x00000166d61a5000 	C:\Program Files\Java\jdk-11.0.2\bin\api-ms-win-crt-math-l1-1-0.dll
0x00000166d61b0000 - 0x00000166d61b5000 	C:\Program Files\Java\jdk-11.0.2\bin\api-ms-win-crt-multibyte-l1-1-0.dll
0x00000166d61c0000 - 0x00000166d61d0000 	C:\Program Files\Java\jdk-11.0.2\bin\api-ms-win-crt-private-l1-1-0.dll
0x00000166d61d0000 - 0x00000166d61d3000 	C:\Program Files\Java\jdk-11.0.2\bin\api-ms-win-crt-process-l1-1-0.dll
0x00000166d61e0000 - 0x00000166d61e4000 	C:\Program Files\Java\jdk-11.0.2\bin\api-ms-win-crt-runtime-l1-1-0.dll
0x00000166d61f0000 - 0x00000166d61f4000 	C:\Program Files\Java\jdk-11.0.2\bin\api-ms-win-crt-stdio-l1-1-0.dll
0x00000166d6200000 - 0x00000166d6204000 	C:\Program Files\Java\jdk-11.0.2\bin\api-ms-win-crt-string-l1-1-0.dll
0x00000166d6210000 - 0x00000166d6213000 	C:\Program Files\Java\jdk-11.0.2\bin\api-ms-win-crt-time-l1-1-0.dll
0x00000166d6220000 - 0x00000166d6223000 	C:\Program Files\Java\jdk-11.0.2\bin\api-ms-win-crt-utility-l1-1-0.dll
0x00007fffd0ee0000 - 0x00007fffd0fd6000 	C:\Program Files\Java\jdk-11.0.2\bin\ucrtbase.dll
0x00007ff81da30000 - 0x00007ff81da81000 	C:\Windows\System32\concrt140.dll
0x00007ff80ac30000 - 0x00007ff80ac53000 	C:\Program Files\JetBrains\IntelliJ IDEA 2019.2\jbr\bin\prism_d3d.dll
0x00007fffe0ef0000 - 0x00007fffe10b7000 	C:\WINDOWS\system32\d3d9.dll
0x00007ff844630000 - 0x00007ff84465d000 	C:\WINDOWS\SYSTEM32\dwmapi.dll
0x00007ff844b20000 - 0x00007ff844b40000 	C:\WINDOWS\SYSTEM32\dxcore.dll
0x00007ff8441f0000 - 0x00007ff844289000 	C:\WINDOWS\system32\uxtheme.dll
0x00007fffe0d00000 - 0x00007fffe0eeb000 	C:\WINDOWS\System32\DriverStore\FileRepository\iigd_dc_base.inf_amd64_8e8a50261976ec2e\igdumdim64.dll
0x00007fffdd780000 - 0x00007fffe0cfd000 	C:\WINDOWS\System32\DriverStore\FileRepository\iigd_dc_base.inf_amd64_8e8a50261976ec2e\igd9dxva64.dll
0x00007ff847cf0000 - 0x00007ff847e46000 	C:\WINDOWS\System32\ole32.dll
0x00007ff847430000 - 0x00007ff8474f4000 	C:\WINDOWS\System32\OLEAUT32.dll
0x00007ff801010000 - 0x00007ff801055000 	C:\Program Files\JetBrains\IntelliJ IDEA 2019.2\jbr\bin\glass.dll
0x00007ff848590000 - 0x00007ff848660000 	C:\WINDOWS\System32\COMDLG32.dll
0x00007ff847e80000 - 0x00007ff847fb6000 	C:\WINDOWS\System32\MSCTF.dll
0x00007ff801f50000 - 0x00007ff801f74000 	C:\WINDOWS\System32\DriverStore\FileRepository\iigd_dc_base.inf_amd64_8e8a50261976ec2e\igdinfo64.dll
0x00007ff836be0000 - 0x00007ff838ae1000 	C:\WINDOWS\System32\DriverStore\FileRepository\iigd_dc_base.inf_amd64_8e8a50261976ec2e\igc64.dll
0x00007ff810760000 - 0x00007ff810774000 	C:\Program Files\JetBrains\IntelliJ IDEA 2019.2\jbr\bin\javafx_font.dll
0x00007ff833040000 - 0x00007ff83333e000 	C:\WINDOWS\SYSTEM32\dwrite.dll
0x00007ff848800000 - 0x00007ff8488a2000 	C:\WINDOWS\System32\clbcatq.dll
0x00007ff8410d0000 - 0x00007ff84127f000 	C:\WINDOWS\SYSTEM32\WindowsCodecs.dll
0x00007ff816a90000 - 0x00007ff816aca000 	C:\WINDOWS\system32\dataexchange.dll
0x00007ff8430e0000 - 0x00007ff84333b000 	C:\WINDOWS\system32\d3d11.dll
0x00007ff8437d0000 - 0x00007ff8439ab000 	C:\WINDOWS\system32\dcomp.dll
0x00007ff844bb0000 - 0x00007ff844c9b000 	C:\WINDOWS\system32\dxgi.dll
0x00007ff8442e0000 - 0x00007ff84453a000 	C:\WINDOWS\system32\twinapi.appcore.dll
0x00007ff844710000 - 0x00007ff844739000 	C:\WINDOWS\system32\RMCLIENT.dll
0x00007ff81e7b0000 - 0x00007ff81e7e3000 	C:\Program Files\Common Files\Microsoft Shared\Ink\rtscom.dll
0x00007ff82f8c0000 - 0x00007ff82f925000 	C:\WINDOWS\system32\Oleacc.dll
0x00007fffccad0000 - 0x00007fffcfc1d000 	C:\Program Files\JetBrains\IntelliJ IDEA 2019.2\jbr\bin\jfxwebkit.dll
0x00007ff845230000 - 0x00007ff845263000 	C:\WINDOWS\system32\rsaenh.dll
0x00007ff8463f0000 - 0x00007ff846416000 	C:\WINDOWS\System32\bcrypt.dll
0x00007ff833f60000 - 0x00007ff833f6d000 	C:\Program Files\Java\jdk-11.0.2\bin\sunmscapi.dll
0x00007ff8467c0000 - 0x00007ff846909000 	C:\WINDOWS\System32\CRYPT32.dll
0x00007ff845ee0000 - 0x00007ff845ef2000 	C:\WINDOWS\System32\MSASN1.dll
0x00007ff845990000 - 0x00007ff8459b6000 	C:\WINDOWS\SYSTEM32\ncrypt.dll
0x00007ff845950000 - 0x00007ff84598b000 	C:\WINDOWS\SYSTEM32\NTASN1.dll
0x00007ff833e20000 - 0x00007ff833e47000 	C:\Program Files\Java\jdk-11.0.2\bin\sunec.dll
0x00007ff845dd0000 - 0x00007ff845df5000 	C:\WINDOWS\SYSTEM32\USERENV.dll

dbghelp: loaded successfully - version: 4.0.5 - missing functions: none
symbol engine: initialized successfully - sym options: 0x614 - pdb path: .;C:\Program Files\Java\jdk-11.0.2\bin;C:\WINDOWS\SYSTEM32;C:\WINDOWS\WinSxS\amd64_microsoft.windows.common-controls_6595b64144ccf1df_6.0.18362.418_none_e6c6b287130d565d;C:\Program Files\Java\jdk-11.0.2\bin\server;C:\Program Files\JetBrains\IntelliJ IDEA 2019.2\jbr\bin;C:\WINDOWS\System32\DriverStore\FileRepository\iigd_dc_base.inf_amd64_8e8a50261976ec2e;C:\Program Files\Common Files\Microsoft Shared\Ink

VM Arguments:
jvm_args: -Dfile.encoding=UTF-8 -Duser.country=SG -Duser.language=en -Duser.variant -ea 
java_command: seedu.mark.Main
java_class_path (initial): C:\Users\ykaixin\Documents\YKX\NUS\Y2S1\CS2103T\tP\main\build\classes\java\main;C:\Users\ykaixin\Documents\YKX\NUS\Y2S1\CS2103T\tP\main\build\resources\main;C:\Users\ykaixin\.gradle\caches\modules-2\files-2.1\net.dankito.readability4j\readability4j\1.0.3\2105f65371447744a4db54e1b97de0549ee3ca86\readability4j-1.0.3.jar;C:\Users\ykaixin\.gradle\caches\modules-2\files-2.1\org.jsoup\jsoup\1.11.2\e3eeb8a0b4ce1db246059a41e353cd7413dad226\jsoup-1.11.2.jar;C:\Users\ykaixin\.gradle\caches\modules-2\files-2.1\org.openjfx\javafx-fxml\11\d5ff9262ef49d166db658d15f37e3ecff38fde4b\javafx-fxml-11-win.jar;C:\Users\ykaixin\.gradle\caches\modules-2\files-2.1\org.openjfx\javafx-fxml\11\e0f5bb81e21054b59f2ebfa727d40a90ee0260d3\javafx-fxml-11-mac.jar;C:\Users\ykaixin\.gradle\caches\modules-2\files-2.1\org.openjfx\javafx-fxml\11\e7a757b580fc3e2e1a121768606c7836eef418c\javafx-fxml-11-linux.jar;C:\Users\ykaixin\.gradle\caches\modules-2\files-2.1\org.openjfx\javafx-web\11\5c8a3b6cacde832437dff8e21a82749b5f66c1cf\javafx-web-11-win.jar;C:\Users\ykaixin\.gradle\caches\modules-2\files-2.1\org.openjfx\javafx-web\11\85122d46916c3ecbcb1202c7509c4aec972ea10b\javafx-web-11-mac.jar;C:\Users\ykaixin\.gradle\caches\modules-2\files-2.1\org.openjfx\javafx-web\11\5f50385bc156b2e3bd478f9fded919f9d8ae8801\javafx-web-11-linux.jar;C:\Users\ykaixin\.gradle\caches\modules-2\files-2.1\org.openjfx\javafx-controls\11\af8d24de44e16a19ae959028eb23a48c145fb682\javafx-controls-11-win.jar;C:\Users\ykaixin\.gradle\caches\modules-2\files-2.1\org.openjfx\javafx-controls\11\e3a24a14e8732abc6dc173f15872dc63e2a32e16\javafx-controls-11-mac.jar;C:\Users\ykaixin\.gradle\caches\modules-2\files-2.1\org.openjfx\javafx-controls\11\794488e3b1f4635d9a1b842bdc872a5eb8fd54ca\javafx-controls-11-linux.jar;C:\Users\ykaixin\.gradle\caches\modules-2\files-2.1\org.openjfx\javafx-controls\11\58d961774262ec972bf304e16c154a8e18c2050b\javafx-controls-11.jar;C:\Users\ykaixin\.gradle\caches\modules-2\files-2.1\org.openj
Launcher Type: SUN_STANDARD

[Global flags]
     intx CICompilerCount                          = 4                                         {product} {ergonomic}
     uint ConcGCThreads                            = 2                                         {product} {ergonomic}
     uint G1ConcRefinementThreads                  = 8                                         {product} {ergonomic}
   size_t G1HeapRegionSize                         = 1048576                                   {product} {ergonomic}
    uintx GCDrainStackTargetSize                   = 64                                        {product} {ergonomic}
   size_t InitialHeapSize                          = 266338304                                 {product} {ergonomic}
   size_t MarkStackSize                            = 4194304                                   {product} {ergonomic}
   size_t MaxHeapSize                              = 4255121408                                {product} {ergonomic}
   size_t MaxNewSize                               = 2552233984                                {product} {ergonomic}
   size_t MinHeapDeltaBytes                        = 1048576                                   {product} {ergonomic}
    uintx NonNMethodCodeHeapSize                   = 5835340                                {pd product} {ergonomic}
    uintx NonProfiledCodeHeapSize                  = 122911450                              {pd product} {ergonomic}
    uintx ProfiledCodeHeapSize                     = 122911450                              {pd product} {ergonomic}
    uintx ReservedCodeCacheSize                    = 251658240                              {pd product} {ergonomic}
     bool SegmentedCodeCache                       = true                                      {product} {ergonomic}
     bool UseCompressedClassPointers               = true                                 {lp64_product} {ergonomic}
     bool UseCompressedOops                        = true                                 {lp64_product} {ergonomic}
     bool UseG1GC                                  = true                                      {product} {ergonomic}
     bool UseLargePagesIndividualAllocation        = false                                  {pd product} {ergonomic}

Logging:
Log output configuration:
 #0: stdout all=warning uptime,level,tags
 #1: stderr all=off uptime,level,tags

Environment Variables:
JAVA_HOME=C:\Program Files\Java\jdk-11.0.2
CLASSPATH=C:\Users\ykaixin\Documents\YKX\NUS\Y2S1\CS2103T\tP\main\\gradle\wrapper\gradle-wrapper.jar
PATH=C:\Program Files\JetBrains\IntelliJ IDEA 2019.2\jbr\\bin;C:\Program Files\JetBrains\IntelliJ IDEA 2019.2\jbr\\bin\server;C:\Program Files\Java\jdk-11.0.2\bin;C:\Program Files (x86)\Common Files\Oracle\Java\javapath;C:\Program Files (x86)\Intel\Intel(R) Management Engine Components\iCLS\;C:\Program Files\Intel\Intel(R) Management Engine Components\iCLS\;C:\WINDOWS\system32;C:\WINDOWS;C:\WINDOWS\System32\Wbem;C:\WINDOWS\System32\WindowsPowerShell\v1.0\;C:\WINDOWS\System32\OpenSSH\;C:\Program Files (x86)\Intel\Intel(R) Management Engine Components\DAL;C:\Program Files\Intel\Intel(R) Management Engine Components\DAL;C:\Program Files\Intel\WiFi\bin\;C:\Program Files\Common Files\Intel\WirelessCommon\;C:\Program Files\Java\jdk1.8.0_211\bin;C:\Program Files\Git\cmd;C:\Program Files\CMake\bin;C:\OpenCV\opencv\build\x64\vc14\bin;C:\Program Files\dotnet\;C:\Program Files\Microsoft SQL Server\130\Tools\Binn\;C:\Program Files (x86)\MySQL\MySQL Utilities 1.6\;C:\Program Files (x86)\Graphviz2.38\bin;C:\Program Files\MySQL\MySQL Shell 8.0\bin\;C:\Program Files\JetBrains\IntelliJ IDEA 2019.2\bin;;C:\Users\ykaixin\AppData\Local\Programs\MiKTeX 2.9\miktex\bin\x64\;C:\Users\ykaixin\AppData\Local\Microsoft\WindowsApps;
USERNAME=ykaixin
OS=Windows_NT
PROCESSOR_IDENTIFIER=Intel64 Family 6 Model 142 Stepping 11, GenuineIntel



---------------  S Y S T E M  ---------------

OS: Windows 10 , 64 bit Build 18362 (10.0.18362.329)

CPU:total 8 (initial active 8) (4 cores per cpu, 2 threads per core) family 6 model 142 stepping 11, cmov, cx8, fxsr, mmx, sse, sse2, sse3, ssse3, sse4.1, sse4.2, popcnt, avx, avx2, aes, clmul, erms, 3dnowpref, lzcnt, ht, tsc, tscinvbit, bmi1, bmi2, adx, fma

Memory: 4k page, system-wide physical 16231M (6369M free)
TotalPageFile size 19943M (AvailPageFile size 5350M)
current process WorkingSet (physical memory assigned to process): 371M, peak: 375M
current process commit charge ("private bytes"): 535M, peak: 535M

vm_info: OpenJDK 64-Bit Server VM (11.0.2+9) for windows-amd64 JRE (11.0.2+9), built on Jan 18 2019 05:23:22 by "mach5one" with MS VC++ 15.5 (VS2017)

END.
