#
# A fatal error has been detected by the Java Runtime Environment:
#
#  EXCEPTION_ACCESS_VIOLATION (0xc0000005) at pc=0x00007fffc33400e2, pid=16100, tid=8104
#
# JRE version: OpenJDK Runtime Environment (11.0.2+9) (build 11.0.2+9)
# Java VM: OpenJDK 64-Bit Server VM (11.0.2+9, mixed mode, tiered, compressed oops, g1 gc, windows-amd64)
# Problematic frame:
# V  [jvm.dll+0x3e00e2]
#
# No core dump will be written. Minidumps are not enabled by default on client versions of Windows
#
# If you would like to submit a bug report, please visit:
#   http://bugreport.java.com/bugreport/crash.jsp
#

---------------  S U M M A R Y ------------

Command Line: -Dfile.encoding=UTF-8 -Duser.country=SG -Duser.language=en -Duser.variant -ea seedu.mark.Main

Host: Intel(R) Core(TM) i7-8565U CPU @ 1.80GHz, 8 cores, 15G,  Windows 10 , 64 bit Build 18362 (10.0.18362.329)
Time: Sun Nov  3 18:08:51 2019 Malay Peninsula Standard Time elapsed time: 123 seconds (0d 0h 2m 3s)

---------------  T H R E A D  ---------------

Current thread (0x0000016e359a6000):  JavaThread "JavaFX Application Thread" [_thread_in_vm, id=8104, stack(0x0000001fa1600000,0x0000001fa1700000)]

Stack: [0x0000001fa1600000,0x0000001fa1700000],  sp=0x0000001fa16fc660,  free space=1009k
Native frames: (J=compiled Java code, j=interpreted, Vv=VM code, C=native code)
V  [jvm.dll+0x3e00e2]
C  [jfxwebkit.dll+0x8c4d0c]

Java frames: (J=compiled Java code, j=interpreted, Vv=VM code)
j  com.sun.webkit.network.URLLoader.twkDidFinishLoading(J)V+0
j  com.sun.webkit.network.URLLoader.notifyDidFinishLoading()V+41
j  com.sun.webkit.network.URLLoader.lambda$didFinishLoading$5()V+8
j  com.sun.webkit.network.URLLoader$$Lambda$897.run()V+4
J 4997 c2 com.sun.javafx.application.PlatformImpl$$Lambda$60.run()Ljava/lang/Object; (8 bytes) @ 0x0000016e20dd501c [0x0000016e20dd4da0+0x000000000000027c]
v  ~StubRoutines::call_stub
J 3579  java.security.AccessController.doPrivileged(Ljava/security/PrivilegedAction;Ljava/security/AccessControlContext;)Ljava/lang/Object; java.base@11.0.2 (0 bytes) @ 0x0000016e20d09136 [0x0000016e20d090c0+0x0000000000000076]
J 4289 c1 com.sun.javafx.application.PlatformImpl.lambda$runLater$11(Ljava/lang/Runnable;Ljava/security/AccessControlContext;)V (38 bytes) @ 0x0000016e19f4223c [0x0000016e19f41ec0+0x000000000000037c]
J 4226 c1 com.sun.javafx.application.PlatformImpl$$Lambda$59.run()V (12 bytes) @ 0x0000016e19f1bf44 [0x0000016e19f1bec0+0x0000000000000084]
J 4996 c2 com.sun.glass.ui.InvokeLaterDispatcher$Future.run()V (91 bytes) @ 0x0000016e20dd422c [0x0000016e20dd41e0+0x000000000000004c]
v  ~StubRoutines::call_stub
j  com.sun.glass.ui.win.WinApplication._runLoop(Ljava/lang/Runnable;)V+0
j  com.sun.glass.ui.win.WinApplication.lambda$runLoop$3(ILjava/lang/Runnable;)V+8
j  com.sun.glass.ui.win.WinApplication$$Lambda$48.run()V+12
j  java.lang.Thread.run()V+11 java.base@11.0.2
v  ~StubRoutines::call_stub

siginfo: EXCEPTION_ACCESS_VIOLATION (0xc0000005), reading address 0x0000000000000000


Register to memory mapping:

RIP=0x00007fffc33400e2 jvm.dll
RAX=0x0 is NULL
RBX=0x0000016e359a6000 is a thread
RCX=0x48584d4af36c0000 is an unknown value
RDX=0x0000000000000006 is an unknown value
RSP=0x0000001fa16fc660 is pointing into the stack for thread: 0x0000016e359a6000
RBP=0x0 is NULL
RSI=0x0000001fa16fc700 is pointing into the stack for thread: 0x0000016e359a6000
RDI=0x0000016e359a6000 is a thread
R8 =0x0 is NULL
R9 =0x0000001fa16fc778 is pointing into the stack for thread: 0x0000016e359a6000
R10=0x0000016e359a6000 is a thread
R11=0x0000001fa16fc658 is pointing into the stack for thread: 0x0000016e359a6000
R12=0x0 is NULL
R13=0x0000001fa16fc778 is pointing into the stack for thread: 0x0000016e359a6000
R14=0x0 is NULL
R15=0x0000016e359a6340 points into unknown readable memory: a0 1c 95 c3 ff 7f 00 00


Registers:
RAX=0x0000000000000000, RBX=0x0000016e359a6000, RCX=0x48584d4af36c0000, RDX=0x0000000000000006
RSP=0x0000001fa16fc660, RBP=0x0000000000000000, RSI=0x0000001fa16fc700, RDI=0x0000016e359a6000
R8 =0x0000000000000000, R9 =0x0000001fa16fc778, R10=0x0000016e359a6000, R11=0x0000001fa16fc658
R12=0x0000000000000000, R13=0x0000001fa16fc778, R14=0x0000000000000000, R15=0x0000016e359a6340
RIP=0x00007fffc33400e2, EFLAGS=0x0000000000010206

Top of Stack: (sp=0x0000001fa16fc660)
0x0000001fa16fc660:   0000016e359a6000 0000001fa16fc700
0x0000001fa16fc670:   00007fffcf6e8578 0000000000000000
0x0000001fa16fc680:   0000000000000000 00007fffc334259f
0x0000001fa16fc690:   0000016e3452c5a8 0000000000000000
0x0000001fa16fc6a0:   00007fffcf6e8538 00000000000235ed
0x0000001fa16fc6b0:   0000016e359a6000 0000016e356d7bb0
0x0000001fa16fc6c0:   0000484700000535 00007fffc37f0108
0x0000001fa16fc6d0:   00007fffcf6e8578 00007fffcf6e8538
0x0000001fa16fc6e0:   0000001fa16fd170 00007fffc3330dd9
0x0000001fa16fc6f0:   0000016e359a6000 0000016e359a6000
0x0000001fa16fc700:   0000016e3eda7660 0000016e359a6340
0x0000001fa16fc710:   0000016e82faba20 0000016e83738830
0x0000001fa16fc720:   0000016e35a2d270 00007fffcd394d0c
0x0000001fa16fc730:   0000000000000000 00000000000235ed
0x0000001fa16fc740:   0000001fa16fc7f0 00007e560295ae2f
0x0000001fa16fc750:   0000000000000000 00007fffcda256d8 

Instructions: (pc=0x00007fffc33400e2)
0x00007fffc33400c2:   06 e8 08 16 d6 ff 48 89 7c 24 50 48 89 6c 24 58
0x00007fffc33400d2:   48 39 6f 08 74 0a 48 8d 4c 24 50 e8 ae 7d 28 00
0x00007fffc33400e2:   49 8b 04 24 48 8d 4c 24 70 c7 44 24 40 0c 00 00
0x00007fffc33400f2:   00 48 8b 50 08 0f b7 42 2c 48 8b 52 08 48 8b 54 


Stack slot to memory mapping:
stack at sp + 0 slots: 0x0000016e359a6000 is a thread
stack at sp + 1 slots: 0x0000001fa16fc700 is pointing into the stack for thread: 0x0000016e359a6000
stack at sp + 2 slots: 0x00007fffcf6e8578 jfxwebkit.dll
stack at sp + 3 slots: 0x0 is NULL
stack at sp + 4 slots: 0x0 is NULL
stack at sp + 5 slots: 0x00007fffc334259f jvm.dll
stack at sp + 6 slots: 0x0000016e3452c5a8 points into unknown readable memory: 0b 00 ff ff 1f f5 67 65
stack at sp + 7 slots: 0x0 is NULL


---------------  P R O C E S S  ---------------

Threads class SMR info:
_java_thread_list=0x0000016e3e67c2c0, length=41, elements={
0x0000016e10d64000, 0x0000016e345c3800, 0x0000016e345cd800, 0x0000016e345dd800,
0x0000016e34ed7800, 0x0000016e34eda000, 0x0000016e34e85800, 0x0000016e34e90800,
0x0000016e3505b800, 0x0000016e35055000, 0x0000016e35068000, 0x0000016e356d8800,
0x0000016e35971800, 0x0000016e359a6000, 0x0000016e35544000, 0x0000016e35d4a800,
0x0000016e3673a800, 0x0000016e363ce000, 0x0000016e83001000, 0x0000016e82ffc800,
0x0000016e83001800, 0x0000016e82ffc000, 0x0000016e83002800, 0x0000016e83003000,
0x0000016e83004000, 0x0000016e82ffe800, 0x0000016e83007800, 0x0000016e83005800,
0x0000016e83006800, 0x0000016e83008000, 0x0000016e82ffb000, 0x0000016e83005000,
0x0000016e83009000, 0x0000016e3e7a3000, 0x0000016e3e7a8800, 0x0000016e3e7a5800,
0x0000016e3e7a9800, 0x0000016e3e7a6800, 0x0000016e3e7a4800, 0x0000016e36692000,
0x0000016e838c4000
}

Java Threads: ( => current thread )
  0x0000016e10d64000 JavaThread "main" [_thread_blocked, id=15296, stack(0x0000001fa0100000,0x0000001fa0200000)]
  0x0000016e345c3800 JavaThread "Reference Handler" daemon [_thread_blocked, id=5844, stack(0x0000001fa0800000,0x0000001fa0900000)]
  0x0000016e345cd800 JavaThread "Finalizer" daemon [_thread_blocked, id=22708, stack(0x0000001fa0900000,0x0000001fa0a00000)]
  0x0000016e345dd800 JavaThread "Signal Dispatcher" daemon [_thread_blocked, id=13028, stack(0x0000001fa0a00000,0x0000001fa0b00000)]
  0x0000016e34ed7800 JavaThread "Attach Listener" daemon [_thread_blocked, id=11776, stack(0x0000001fa0b00000,0x0000001fa0c00000)]
  0x0000016e34eda000 JavaThread "C2 CompilerThread0" daemon [_thread_blocked, id=7460, stack(0x0000001fa0c00000,0x0000001fa0d00000)]
  0x0000016e34e85800 JavaThread "C1 CompilerThread0" daemon [_thread_blocked, id=22240, stack(0x0000001fa0d00000,0x0000001fa0e00000)]
  0x0000016e34e90800 JavaThread "Sweeper thread" daemon [_thread_blocked, id=15600, stack(0x0000001fa0e00000,0x0000001fa0f00000)]
  0x0000016e3505b800 JavaThread "Service Thread" daemon [_thread_blocked, id=20104, stack(0x0000001fa0f00000,0x0000001fa1000000)]
  0x0000016e35055000 JavaThread "Common-Cleaner" daemon [_thread_blocked, id=952, stack(0x0000001fa1100000,0x0000001fa1200000)]
  0x0000016e35068000 JavaThread "JavaFX-Launcher" [_thread_blocked, id=7472, stack(0x0000001fa1200000,0x0000001fa1300000)]
  0x0000016e356d8800 JavaThread "QuantumRenderer-0" daemon [_thread_blocked, id=6368, stack(0x0000001fa1300000,0x0000001fa1400000)]
  0x0000016e35971800 JavaThread "InvokeLaterDispatcher" daemon [_thread_blocked, id=20576, stack(0x0000001fa1500000,0x0000001fa1600000)]
=>0x0000016e359a6000 JavaThread "JavaFX Application Thread" [_thread_in_vm, id=8104, stack(0x0000001fa1600000,0x0000001fa1700000)]
  0x0000016e35544000 JavaThread "Thread-2" daemon [_thread_in_native, id=2664, stack(0x0000001fa1a00000,0x0000001fa1b00000)]
  0x0000016e35d4a800 JavaThread "Prism Font Disposer" daemon [_thread_blocked, id=20684, stack(0x0000001fa2600000,0x0000001fa2700000)]
  0x0000016e3673a800 JavaThread "Disposer" daemon [_thread_blocked, id=23112, stack(0x0000001fa2700000,0x0000001fa2800000)]
  0x0000016e363ce000 JavaThread "Cleaner-0" daemon [_thread_blocked, id=22368, stack(0x0000001fa2900000,0x0000001fa2a00000)]
  0x0000016e83001000 JavaThread "Keep-Alive-Timer" daemon [_thread_blocked, id=2304, stack(0x0000001fa2a00000,0x0000001fa2b00000)]
  0x0000016e82ffc800 JavaThread "URL-Loader-8" daemon [_thread_blocked, id=13240, stack(0x0000001fa3200000,0x0000001fa3300000)]
  0x0000016e83001800 JavaThread "URL-Loader-9" daemon [_thread_blocked, id=20124, stack(0x0000001fa2100000,0x0000001fa2200000)]
  0x0000016e82ffc000 JavaThread "URL-Loader-10" daemon [_thread_blocked, id=7476, stack(0x0000001fa3100000,0x0000001fa3200000)]
  0x0000016e83002800 JavaThread "URL-Loader-11" daemon [_thread_blocked, id=22616, stack(0x0000001fa3400000,0x0000001fa3500000)]
  0x0000016e83003000 JavaThread "URL-Loader-12" daemon [_thread_in_native, id=22888, stack(0x0000001fa3500000,0x0000001fa3600000)]
  0x0000016e83004000 JavaThread "URL-Loader-13" daemon [_thread_blocked, id=13668, stack(0x0000001fa3600000,0x0000001fa3700000)]
  0x0000016e82ffe800 JavaThread "URL-Loader-14" daemon [_thread_blocked, id=6428, stack(0x0000001fa3700000,0x0000001fa3800000)]
  0x0000016e83007800 JavaThread "URL-Loader-15" daemon [_thread_in_native, id=14320, stack(0x0000001fa3800000,0x0000001fa3900000)]
  0x0000016e83005800 JavaThread "URL-Loader-16" daemon [_thread_blocked, id=20932, stack(0x0000001fa3900000,0x0000001fa3a00000)]
  0x0000016e83006800 JavaThread "URL-Loader-17" daemon [_thread_blocked, id=14936, stack(0x0000001fa3a00000,0x0000001fa3b00000)]
  0x0000016e83008000 JavaThread "URL-Loader-18" daemon [_thread_blocked, id=12656, stack(0x0000001fa3b00000,0x0000001fa3c00000)]
  0x0000016e82ffb000 JavaThread "URL-Loader-19" daemon [_thread_blocked, id=17148, stack(0x0000001fa3c00000,0x0000001fa3d00000)]
  0x0000016e83005000 JavaThread "URL-Loader-20" daemon [_thread_blocked, id=21876, stack(0x0000001fa3d00000,0x0000001fa3e00000)]
  0x0000016e83009000 JavaThread "URL-Loader-21" daemon [_thread_blocked, id=14056, stack(0x0000001fa3e00000,0x0000001fa3f00000)]
  0x0000016e3e7a3000 JavaThread "URL-Loader-22" daemon [_thread_blocked, id=8020, stack(0x0000001fa3f00000,0x0000001fa4000000)]
  0x0000016e3e7a8800 JavaThread "URL-Loader-23" daemon [_thread_blocked, id=10904, stack(0x0000001fa4000000,0x0000001fa4100000)]
  0x0000016e3e7a5800 JavaThread "URL-Loader-24" daemon [_thread_blocked, id=860, stack(0x0000001fa4100000,0x0000001fa4200000)]
  0x0000016e3e7a9800 JavaThread "URL-Loader-25" daemon [_thread_blocked, id=1996, stack(0x0000001fa4200000,0x0000001fa4300000)]
  0x0000016e3e7a6800 JavaThread "URL-Loader-26" daemon [_thread_blocked, id=14024, stack(0x0000001fa4300000,0x0000001fa4400000)]
  0x0000016e3e7a4800 JavaThread "URL-Loader-27" daemon [_thread_blocked, id=23452, stack(0x0000001fa4400000,0x0000001fa4500000)]
  0x0000016e36692000 JavaThread "C2 CompilerThread1" daemon [_thread_blocked, id=23152, stack(0x0000001fa4500000,0x0000001fa4600000)]
  0x0000016e838c4000 JavaThread "C2 CompilerThread2" daemon [_thread_blocked, id=17304, stack(0x0000001fa4700000,0x0000001fa4800000)]

Other Threads:
  0x0000016e345bf800 VMThread "VM Thread" [stack: 0x0000001fa0700000,0x0000001fa0800000] [id=6992]
  0x0000016e3504b800 WatcherThread [stack: 0x0000001fa1000000,0x0000001fa1100000] [id=6968]
  0x0000016e10d76000 GCTaskThread "GC Thread#0" [stack: 0x0000001fa0200000,0x0000001fa0300000] [id=20152]
  0x0000016e35a87800 GCTaskThread "GC Thread#1" [stack: 0x0000001fa1b00000,0x0000001fa1c00000] [id=18996]
  0x0000016e35f81800 GCTaskThread "GC Thread#2" [stack: 0x0000001fa1c00000,0x0000001fa1d00000] [id=22608]
  0x0000016e35cb5800 GCTaskThread "GC Thread#3" [stack: 0x0000001fa1d00000,0x0000001fa1e00000] [id=15580]
  0x0000016e35ca5800 GCTaskThread "GC Thread#4" [stack: 0x0000001fa1e00000,0x0000001fa1f00000] [id=16240]
  0x0000016e35ca6800 GCTaskThread "GC Thread#5" [stack: 0x0000001fa1f00000,0x0000001fa2000000] [id=4388]
  0x0000016e10dd1800 ConcurrentGCThread "G1 Main Marker" [stack: 0x0000001fa0300000,0x0000001fa0400000] [id=9356]
  0x0000016e10dd4800 ConcurrentGCThread "G1 Conc#0" [stack: 0x0000001fa0400000,0x0000001fa0500000] [id=3768]
  0x0000016e36b48800 ConcurrentGCThread "G1 Conc#1" [stack: 0x0000001fa2200000,0x0000001fa2300000] [id=1280]
  0x0000016e344a7800 ConcurrentGCThread "G1 Refine#0" [stack: 0x0000001fa0500000,0x0000001fa0600000] [id=21512]
  0x0000016e351d3800 ConcurrentGCThread "G1 Refine#1" [stack: 0x0000001fa2000000,0x0000001fa2100000] [id=2372]
  0x0000016e344a9000 ConcurrentGCThread "G1 Young RemSet Sampling" [stack: 0x0000001fa0600000,0x0000001fa0700000] [id=22344]

Threads with active compile tasks:

VM state:not at safepoint (normal execution)

VM Mutex/Monitor currently owned by a thread: None

Heap address: 0x0000000702600000, size: 4058 MB, Compressed Oops mode: Zero based, Oop shift amount: 3
Narrow klass base: 0x0000000800000000, Narrow klass shift: 0
Compressed class space size: 1073741824 Address: 0x0000000800000000

Heap:
 garbage-first heap   total 260096K, used 37663K [0x0000000702600000, 0x0000000800000000)
  region size 1024K, 19 young (19456K), 7 survivors (7168K)
 Metaspace       used 43341K, capacity 45247K, committed 45568K, reserved 1089536K
  class space    used 5510K, capacity 6316K, committed 6400K, reserved 1048576K
Heap Regions: E=young(eden), S=young(survivor), O=old, HS=humongous(starts), HC=humongous(continues), CS=collection set, F=free, A=archive, TAMS=top-at-mark-start (previous, next)
|   0|0x0000000702600000, 0x0000000702700000, 0x0000000702700000|100%| O|  |TAMS 0x0000000702700000, 0x0000000702600000| Untracked 
|   1|0x0000000702700000, 0x0000000702800000, 0x0000000702800000|100%| O|  |TAMS 0x0000000702800000, 0x0000000702700000| Untracked 
|   2|0x0000000702800000, 0x0000000702900000, 0x0000000702900000|100%| O|  |TAMS 0x0000000702900000, 0x0000000702800000| Untracked 
|   3|0x0000000702900000, 0x0000000702a00000, 0x0000000702a00000|100%|HS|  |TAMS 0x0000000702a00000, 0x0000000702900000| Complete 
|   4|0x0000000702a00000, 0x0000000702b00000, 0x0000000702b00000|100%|HC|  |TAMS 0x0000000702b00000, 0x0000000702a00000| Complete 
|   5|0x0000000702b00000, 0x0000000702c00000, 0x0000000702c00000|100%| O|  |TAMS 0x0000000702c00000, 0x0000000702b00000| Untracked 
|   6|0x0000000702c00000, 0x0000000702d00000, 0x0000000702d00000|100%| O|  |TAMS 0x0000000702d00000, 0x0000000702c00000| Untracked 
|   7|0x0000000702d00000, 0x0000000702e00000, 0x0000000702e00000|100%| O|  |TAMS 0x0000000702db0a00, 0x0000000702d00000| Untracked 
|   8|0x0000000702e00000, 0x0000000702f00000, 0x0000000702f00000|100%|HS|  |TAMS 0x0000000702f00000, 0x0000000702e00000| Complete 
|   9|0x0000000702f00000, 0x0000000703000000, 0x0000000703000000|100%|HC|  |TAMS 0x0000000703000000, 0x0000000702f00000| Complete 
|  10|0x0000000703000000, 0x0000000703100000, 0x0000000703100000|100%|HS|  |TAMS 0x0000000703000000, 0x0000000703000000| Complete 
|  11|0x0000000703100000, 0x0000000703200000, 0x0000000703200000|100%|HC|  |TAMS 0x0000000703100000, 0x0000000703100000| Complete 
|  12|0x0000000703200000, 0x0000000703300000, 0x0000000703300000|100%| O|  |TAMS 0x0000000703200000, 0x0000000703200000| Untracked 
|  13|0x0000000703300000, 0x0000000703400000, 0x0000000703400000|100%| O|  |TAMS 0x0000000703300000, 0x0000000703300000| Untracked 
|  14|0x0000000703400000, 0x0000000703500000, 0x0000000703500000|100%| O|  |TAMS 0x0000000703400000, 0x0000000703400000| Untracked 
|  15|0x0000000703500000, 0x0000000703600000, 0x0000000703600000|100%| O|  |TAMS 0x0000000703500000, 0x0000000703500000| Untracked 
|  16|0x0000000703600000, 0x0000000703700000, 0x0000000703700000|100%| O|  |TAMS 0x0000000703600000, 0x0000000703600000| Untracked 
|  17|0x0000000703700000, 0x0000000703800000, 0x0000000703800000|100%| O|  |TAMS 0x0000000703700000, 0x0000000703700000| Untracked 
|  18|0x0000000703800000, 0x0000000703900000, 0x0000000703900000|100%| O|  |TAMS 0x0000000703800000, 0x0000000703800000| Untracked 
|  19|0x0000000703900000, 0x00000007039cbe00, 0x0000000703a00000| 79%| O|  |TAMS 0x0000000703900000, 0x0000000703900000| Untracked 
|  20|0x0000000703a00000, 0x0000000703a00000, 0x0000000703b00000|  0%| F|  |TAMS 0x0000000703a00000, 0x0000000703a00000| Untracked 
|  21|0x0000000703b00000, 0x0000000703b00000, 0x0000000703c00000|  0%| F|  |TAMS 0x0000000703b00000, 0x0000000703b00000| Untracked 
|  22|0x0000000703c00000, 0x0000000703c00000, 0x0000000703d00000|  0%| F|  |TAMS 0x0000000703c00000, 0x0000000703c00000| Untracked 
|  23|0x0000000703d00000, 0x0000000703d00000, 0x0000000703e00000|  0%| F|  |TAMS 0x0000000703d00000, 0x0000000703d00000| Untracked 
|  24|0x0000000703e00000, 0x0000000703e00000, 0x0000000703f00000|  0%| F|  |TAMS 0x0000000703e00000, 0x0000000703e00000| Untracked 
|  25|0x0000000703f00000, 0x0000000703f00000, 0x0000000704000000|  0%| F|  |TAMS 0x0000000703f00000, 0x0000000703f00000| Untracked 
|  26|0x0000000704000000, 0x0000000704000000, 0x0000000704100000|  0%| F|  |TAMS 0x0000000704000000, 0x0000000704000000| Untracked 
|  27|0x0000000704100000, 0x0000000704100000, 0x0000000704200000|  0%| F|  |TAMS 0x0000000704100000, 0x0000000704100000| Untracked 
|  28|0x0000000704200000, 0x0000000704200000, 0x0000000704300000|  0%| F|  |TAMS 0x0000000704200000, 0x0000000704200000| Untracked 
|  29|0x0000000704300000, 0x0000000704300000, 0x0000000704400000|  0%| F|  |TAMS 0x0000000704300000, 0x0000000704300000| Untracked 
|  30|0x0000000704400000, 0x0000000704400000, 0x0000000704500000|  0%| F|  |TAMS 0x0000000704400000, 0x0000000704400000| Untracked 
|  31|0x0000000704500000, 0x0000000704500000, 0x0000000704600000|  0%| F|  |TAMS 0x0000000704500000, 0x0000000704500000| Untracked 
|  32|0x0000000704600000, 0x0000000704600000, 0x0000000704700000|  0%| F|  |TAMS 0x0000000704600000, 0x0000000704600000| Untracked 
|  33|0x0000000704700000, 0x0000000704700000, 0x0000000704800000|  0%| F|  |TAMS 0x0000000704700000, 0x0000000704700000| Untracked 
|  34|0x0000000704800000, 0x0000000704800000, 0x0000000704900000|  0%| F|  |TAMS 0x0000000704800000, 0x0000000704800000| Untracked 
|  35|0x0000000704900000, 0x0000000704900000, 0x0000000704a00000|  0%| F|  |TAMS 0x0000000704900000, 0x0000000704900000| Untracked 
|  36|0x0000000704a00000, 0x0000000704a00000, 0x0000000704b00000|  0%| F|  |TAMS 0x0000000704a00000, 0x0000000704a00000| Untracked 
|  37|0x0000000704b00000, 0x0000000704b00000, 0x0000000704c00000|  0%| F|  |TAMS 0x0000000704b00000, 0x0000000704b00000| Untracked 
|  38|0x0000000704c00000, 0x0000000704c00000, 0x0000000704d00000|  0%| F|  |TAMS 0x0000000704c00000, 0x0000000704c00000| Untracked 
|  39|0x0000000704d00000, 0x0000000704d00000, 0x0000000704e00000|  0%| F|  |TAMS 0x0000000704d00000, 0x0000000704d00000| Untracked 
|  40|0x0000000704e00000, 0x0000000704e00000, 0x0000000704f00000|  0%| F|  |TAMS 0x0000000704e00000, 0x0000000704e00000| Untracked 
|  41|0x0000000704f00000, 0x0000000704f00000, 0x0000000705000000|  0%| F|  |TAMS 0x0000000704f00000, 0x0000000704f00000| Untracked 
|  42|0x0000000705000000, 0x0000000705000000, 0x0000000705100000|  0%| F|  |TAMS 0x0000000705000000, 0x0000000705000000| Untracked 
|  43|0x0000000705100000, 0x0000000705100000, 0x0000000705200000|  0%| F|  |TAMS 0x0000000705100000, 0x0000000705100000| Untracked 
|  44|0x0000000705200000, 0x0000000705200000, 0x0000000705300000|  0%| F|  |TAMS 0x0000000705200000, 0x0000000705200000| Untracked 
|  45|0x0000000705300000, 0x0000000705300000, 0x0000000705400000|  0%| F|  |TAMS 0x0000000705300000, 0x0000000705300000| Untracked 
|  46|0x0000000705400000, 0x0000000705400000, 0x0000000705500000|  0%| F|  |TAMS 0x0000000705400000, 0x0000000705400000| Untracked 
|  47|0x0000000705500000, 0x0000000705500000, 0x0000000705600000|  0%| F|  |TAMS 0x0000000705500000, 0x0000000705500000| Untracked 
|  48|0x0000000705600000, 0x0000000705600000, 0x0000000705700000|  0%| F|  |TAMS 0x0000000705600000, 0x0000000705600000| Untracked 
|  49|0x0000000705700000, 0x0000000705700000, 0x0000000705800000|  0%| F|  |TAMS 0x0000000705700000, 0x0000000705700000| Untracked 
|  50|0x0000000705800000, 0x0000000705800000, 0x0000000705900000|  0%| F|  |TAMS 0x0000000705800000, 0x0000000705800000| Untracked 
|  51|0x0000000705900000, 0x0000000705900000, 0x0000000705a00000|  0%| F|  |TAMS 0x0000000705900000, 0x0000000705900000| Untracked 
|  52|0x0000000705a00000, 0x0000000705a00000, 0x0000000705b00000|  0%| F|  |TAMS 0x0000000705a00000, 0x0000000705a00000| Untracked 
|  53|0x0000000705b00000, 0x0000000705b00000, 0x0000000705c00000|  0%| F|  |TAMS 0x0000000705b00000, 0x0000000705b00000| Untracked 
|  54|0x0000000705c00000, 0x0000000705c00000, 0x0000000705d00000|  0%| F|  |TAMS 0x0000000705c00000, 0x0000000705c00000| Untracked 
|  55|0x0000000705d00000, 0x0000000705d00000, 0x0000000705e00000|  0%| F|  |TAMS 0x0000000705d00000, 0x0000000705d00000| Untracked 
|  56|0x0000000705e00000, 0x0000000705e00000, 0x0000000705f00000|  0%| F|  |TAMS 0x0000000705e00000, 0x0000000705e00000| Untracked 
|  57|0x0000000705f00000, 0x0000000705f00000, 0x0000000706000000|  0%| F|  |TAMS 0x0000000705f00000, 0x0000000705f00000| Untracked 
|  58|0x0000000706000000, 0x0000000706000000, 0x0000000706100000|  0%| F|  |TAMS 0x0000000706000000, 0x0000000706000000| Untracked 
|  59|0x0000000706100000, 0x0000000706100000, 0x0000000706200000|  0%| F|  |TAMS 0x0000000706100000, 0x0000000706100000| Untracked 
|  60|0x0000000706200000, 0x0000000706200000, 0x0000000706300000|  0%| F|  |TAMS 0x0000000706200000, 0x0000000706200000| Untracked 
|  61|0x0000000706300000, 0x0000000706300000, 0x0000000706400000|  0%| F|  |TAMS 0x0000000706300000, 0x0000000706300000| Untracked 
|  62|0x0000000706400000, 0x0000000706400000, 0x0000000706500000|  0%| F|  |TAMS 0x0000000706400000, 0x0000000706400000| Untracked 
|  63|0x0000000706500000, 0x0000000706500000, 0x0000000706600000|  0%| F|  |TAMS 0x0000000706500000, 0x0000000706500000| Untracked 
|  64|0x0000000706600000, 0x0000000706600000, 0x0000000706700000|  0%| F|  |TAMS 0x0000000706600000, 0x0000000706600000| Untracked 
|  65|0x0000000706700000, 0x0000000706700000, 0x0000000706800000|  0%| F|  |TAMS 0x0000000706700000, 0x0000000706700000| Untracked 
|  66|0x0000000706800000, 0x0000000706800000, 0x0000000706900000|  0%| F|  |TAMS 0x0000000706800000, 0x0000000706800000| Untracked 
|  67|0x0000000706900000, 0x0000000706900000, 0x0000000706a00000|  0%| F|  |TAMS 0x0000000706900000, 0x0000000706900000| Untracked 
|  68|0x0000000706a00000, 0x0000000706a00000, 0x0000000706b00000|  0%| F|  |TAMS 0x0000000706a00000, 0x0000000706a00000| Untracked 
|  69|0x0000000706b00000, 0x0000000706b00000, 0x0000000706c00000|  0%| F|  |TAMS 0x0000000706b00000, 0x0000000706b00000| Untracked 
|  70|0x0000000706c00000, 0x0000000706c00000, 0x0000000706d00000|  0%| F|  |TAMS 0x0000000706c00000, 0x0000000706c00000| Untracked 
|  71|0x0000000706d00000, 0x0000000706d00000, 0x0000000706e00000|  0%| F|  |TAMS 0x0000000706d00000, 0x0000000706d00000| Untracked 
|  72|0x0000000706e00000, 0x0000000706e00000, 0x0000000706f00000|  0%| F|  |TAMS 0x0000000706e00000, 0x0000000706e00000| Untracked 
|  73|0x0000000706f00000, 0x0000000706f00000, 0x0000000707000000|  0%| F|  |TAMS 0x0000000706f00000, 0x0000000706f00000| Untracked 
|  74|0x0000000707000000, 0x0000000707000000, 0x0000000707100000|  0%| F|  |TAMS 0x0000000707000000, 0x0000000707000000| Untracked 
|  75|0x0000000707100000, 0x0000000707100000, 0x0000000707200000|  0%| F|  |TAMS 0x0000000707100000, 0x0000000707100000| Untracked 
|  76|0x0000000707200000, 0x0000000707200000, 0x0000000707300000|  0%| F|  |TAMS 0x0000000707200000, 0x0000000707200000| Untracked 
|  77|0x0000000707300000, 0x0000000707300000, 0x0000000707400000|  0%| F|  |TAMS 0x0000000707300000, 0x0000000707300000| Untracked 
|  78|0x0000000707400000, 0x0000000707400000, 0x0000000707500000|  0%| F|  |TAMS 0x0000000707400000, 0x0000000707400000| Untracked 
|  79|0x0000000707500000, 0x0000000707500000, 0x0000000707600000|  0%| F|  |TAMS 0x0000000707500000, 0x0000000707500000| Untracked 
|  80|0x0000000707600000, 0x0000000707600000, 0x0000000707700000|  0%| F|  |TAMS 0x0000000707600000, 0x0000000707600000| Untracked 
|  81|0x0000000707700000, 0x0000000707700000, 0x0000000707800000|  0%| F|  |TAMS 0x0000000707700000, 0x0000000707700000| Untracked 
|  82|0x0000000707800000, 0x0000000707800000, 0x0000000707900000|  0%| F|  |TAMS 0x0000000707800000, 0x0000000707800000| Untracked 
|  83|0x0000000707900000, 0x0000000707900000, 0x0000000707a00000|  0%| F|  |TAMS 0x0000000707900000, 0x0000000707900000| Untracked 
|  84|0x0000000707a00000, 0x0000000707a00000, 0x0000000707b00000|  0%| F|  |TAMS 0x0000000707a00000, 0x0000000707a00000| Untracked 
|  85|0x0000000707b00000, 0x0000000707b00000, 0x0000000707c00000|  0%| F|  |TAMS 0x0000000707b00000, 0x0000000707b00000| Untracked 
|  86|0x0000000707c00000, 0x0000000707c00000, 0x0000000707d00000|  0%| F|  |TAMS 0x0000000707c00000, 0x0000000707c00000| Untracked 
|  87|0x0000000707d00000, 0x0000000707d00000, 0x0000000707e00000|  0%| F|  |TAMS 0x0000000707d00000, 0x0000000707d00000| Untracked 
|  88|0x0000000707e00000, 0x0000000707e00000, 0x0000000707f00000|  0%| F|  |TAMS 0x0000000707e00000, 0x0000000707e00000| Untracked 
|  89|0x0000000707f00000, 0x0000000707f00000, 0x0000000708000000|  0%| F|  |TAMS 0x0000000707f00000, 0x0000000707f00000| Untracked 
|  90|0x0000000708000000, 0x0000000708000000, 0x0000000708100000|  0%| F|  |TAMS 0x0000000708000000, 0x0000000708000000| Untracked 
|  91|0x0000000708100000, 0x0000000708100000, 0x0000000708200000|  0%| F|  |TAMS 0x0000000708100000, 0x0000000708100000| Untracked 
|  92|0x0000000708200000, 0x0000000708200000, 0x0000000708300000|  0%| F|  |TAMS 0x0000000708200000, 0x0000000708200000| Untracked 
|  93|0x0000000708300000, 0x0000000708300000, 0x0000000708400000|  0%| F|  |TAMS 0x0000000708300000, 0x0000000708300000| Untracked 
|  94|0x0000000708400000, 0x0000000708400000, 0x0000000708500000|  0%| F|  |TAMS 0x0000000708400000, 0x0000000708400000| Untracked 
|  95|0x0000000708500000, 0x0000000708500000, 0x0000000708600000|  0%| F|  |TAMS 0x0000000708500000, 0x0000000708500000| Untracked 
|  96|0x0000000708600000, 0x0000000708600000, 0x0000000708700000|  0%| F|  |TAMS 0x0000000708600000, 0x0000000708600000| Untracked 
|  97|0x0000000708700000, 0x0000000708700000, 0x0000000708800000|  0%| F|  |TAMS 0x0000000708700000, 0x0000000708700000| Untracked 
|  98|0x0000000708800000, 0x0000000708800000, 0x0000000708900000|  0%| F|  |TAMS 0x0000000708800000, 0x0000000708800000| Untracked 
|  99|0x0000000708900000, 0x0000000708900000, 0x0000000708a00000|  0%| F|  |TAMS 0x0000000708900000, 0x0000000708900000| Untracked 
| 100|0x0000000708a00000, 0x0000000708a00000, 0x0000000708b00000|  0%| F|  |TAMS 0x0000000708a00000, 0x0000000708a00000| Untracked 
| 101|0x0000000708b00000, 0x0000000708b00000, 0x0000000708c00000|  0%| F|  |TAMS 0x0000000708b00000, 0x0000000708b00000| Untracked 
| 102|0x0000000708c00000, 0x0000000708c00000, 0x0000000708d00000|  0%| F|  |TAMS 0x0000000708c00000, 0x0000000708c00000| Untracked 
| 103|0x0000000708d00000, 0x0000000708d00000, 0x0000000708e00000|  0%| F|  |TAMS 0x0000000708d00000, 0x0000000708d00000| Untracked 
| 104|0x0000000708e00000, 0x0000000708e00000, 0x0000000708f00000|  0%| F|  |TAMS 0x0000000708e00000, 0x0000000708e00000| Untracked 
| 105|0x0000000708f00000, 0x0000000708f00000, 0x0000000709000000|  0%| F|  |TAMS 0x0000000708f00000, 0x0000000708f00000| Untracked 
| 106|0x0000000709000000, 0x0000000709000000, 0x0000000709100000|  0%| F|  |TAMS 0x0000000709000000, 0x0000000709000000| Untracked 
| 107|0x0000000709100000, 0x0000000709100000, 0x0000000709200000|  0%| F|  |TAMS 0x0000000709100000, 0x0000000709100000| Untracked 
| 108|0x0000000709200000, 0x0000000709200000, 0x0000000709300000|  0%| F|  |TAMS 0x0000000709200000, 0x0000000709200000| Untracked 
| 109|0x0000000709300000, 0x0000000709300000, 0x0000000709400000|  0%| F|  |TAMS 0x0000000709300000, 0x0000000709300000| Untracked 
| 110|0x0000000709400000, 0x0000000709400000, 0x0000000709500000|  0%| F|  |TAMS 0x0000000709400000, 0x0000000709400000| Untracked 
| 111|0x0000000709500000, 0x0000000709500000, 0x0000000709600000|  0%| F|  |TAMS 0x0000000709500000, 0x0000000709500000| Untracked 
| 112|0x0000000709600000, 0x0000000709600000, 0x0000000709700000|  0%| F|  |TAMS 0x0000000709600000, 0x0000000709600000| Untracked 
| 113|0x0000000709700000, 0x0000000709700000, 0x0000000709800000|  0%| F|  |TAMS 0x0000000709700000, 0x0000000709700000| Untracked 
| 114|0x0000000709800000, 0x0000000709800000, 0x0000000709900000|  0%| F|  |TAMS 0x0000000709800000, 0x0000000709800000| Untracked 
| 115|0x0000000709900000, 0x0000000709900000, 0x0000000709a00000|  0%| F|  |TAMS 0x0000000709900000, 0x0000000709900000| Untracked 
| 116|0x0000000709a00000, 0x0000000709a00000, 0x0000000709b00000|  0%| F|  |TAMS 0x0000000709a00000, 0x0000000709a00000| Untracked 
| 117|0x0000000709b00000, 0x0000000709b00000, 0x0000000709c00000|  0%| F|  |TAMS 0x0000000709b00000, 0x0000000709b00000| Untracked 
| 118|0x0000000709c00000, 0x0000000709c00000, 0x0000000709d00000|  0%| F|  |TAMS 0x0000000709c00000, 0x0000000709c00000| Untracked 
| 119|0x0000000709d00000, 0x0000000709d00000, 0x0000000709e00000|  0%| F|  |TAMS 0x0000000709d00000, 0x0000000709d00000| Untracked 
| 120|0x0000000709e00000, 0x0000000709e00000, 0x0000000709f00000|  0%| F|  |TAMS 0x0000000709e00000, 0x0000000709e00000| Untracked 
| 121|0x0000000709f00000, 0x0000000709f00000, 0x000000070a000000|  0%| F|  |TAMS 0x0000000709f00000, 0x0000000709f00000| Untracked 
| 122|0x000000070a000000, 0x000000070a000000, 0x000000070a100000|  0%| F|  |TAMS 0x000000070a000000, 0x000000070a000000| Untracked 
| 123|0x000000070a100000, 0x000000070a100000, 0x000000070a200000|  0%| F|  |TAMS 0x000000070a100000, 0x000000070a100000| Untracked 
| 124|0x000000070a200000, 0x000000070a200000, 0x000000070a300000|  0%| F|  |TAMS 0x000000070a200000, 0x000000070a200000| Untracked 
| 125|0x000000070a300000, 0x000000070a300000, 0x000000070a400000|  0%| F|  |TAMS 0x000000070a300000, 0x000000070a300000| Untracked 
| 126|0x000000070a400000, 0x000000070a400000, 0x000000070a500000|  0%| F|  |TAMS 0x000000070a400000, 0x000000070a400000| Untracked 
| 127|0x000000070a500000, 0x000000070a500000, 0x000000070a600000|  0%| F|  |TAMS 0x000000070a500000, 0x000000070a500000| Untracked 
| 128|0x000000070a600000, 0x000000070a600000, 0x000000070a700000|  0%| F|  |TAMS 0x000000070a600000, 0x000000070a600000| Untracked 
| 129|0x000000070a700000, 0x000000070a700000, 0x000000070a800000|  0%| F|  |TAMS 0x000000070a700000, 0x000000070a700000| Untracked 
| 130|0x000000070a800000, 0x000000070a800000, 0x000000070a900000|  0%| F|  |TAMS 0x000000070a800000, 0x000000070a800000| Untracked 
| 131|0x000000070a900000, 0x000000070a900000, 0x000000070aa00000|  0%| F|  |TAMS 0x000000070a900000, 0x000000070a900000| Untracked 
| 132|0x000000070aa00000, 0x000000070aa00000, 0x000000070ab00000|  0%| F|  |TAMS 0x000000070aa00000, 0x000000070aa00000| Untracked 
| 133|0x000000070ab00000, 0x000000070ab00000, 0x000000070ac00000|  0%| F|  |TAMS 0x000000070ab00000, 0x000000070ab00000| Untracked 
| 134|0x000000070ac00000, 0x000000070ac00000, 0x000000070ad00000|  0%| F|  |TAMS 0x000000070ac00000, 0x000000070ac00000| Untracked 
| 135|0x000000070ad00000, 0x000000070ad00000, 0x000000070ae00000|  0%| F|  |TAMS 0x000000070ad00000, 0x000000070ad00000| Untracked 
| 136|0x000000070ae00000, 0x000000070ae00000, 0x000000070af00000|  0%| F|  |TAMS 0x000000070ae00000, 0x000000070ae00000| Untracked 
| 137|0x000000070af00000, 0x000000070af00000, 0x000000070b000000|  0%| F|  |TAMS 0x000000070af00000, 0x000000070af00000| Untracked 
| 138|0x000000070b000000, 0x000000070b000000, 0x000000070b100000|  0%| F|  |TAMS 0x000000070b000000, 0x000000070b000000| Untracked 
| 139|0x000000070b100000, 0x000000070b100000, 0x000000070b200000|  0%| F|  |TAMS 0x000000070b100000, 0x000000070b100000| Untracked 
| 140|0x000000070b200000, 0x000000070b200000, 0x000000070b300000|  0%| F|  |TAMS 0x000000070b200000, 0x000000070b200000| Untracked 
| 141|0x000000070b300000, 0x000000070b300000, 0x000000070b400000|  0%| F|  |TAMS 0x000000070b300000, 0x000000070b300000| Untracked 
| 142|0x000000070b400000, 0x000000070b400000, 0x000000070b500000|  0%| F|  |TAMS 0x000000070b400000, 0x000000070b400000| Untracked 
| 143|0x000000070b500000, 0x000000070b500000, 0x000000070b600000|  0%| F|  |TAMS 0x000000070b500000, 0x000000070b500000| Untracked 
| 144|0x000000070b600000, 0x000000070b600000, 0x000000070b700000|  0%| F|  |TAMS 0x000000070b600000, 0x000000070b600000| Untracked 
| 145|0x000000070b700000, 0x000000070b700000, 0x000000070b800000|  0%| F|  |TAMS 0x000000070b700000, 0x000000070b700000| Untracked 
| 146|0x000000070b800000, 0x000000070b800000, 0x000000070b900000|  0%| F|  |TAMS 0x000000070b800000, 0x000000070b800000| Untracked 
| 147|0x000000070b900000, 0x000000070b900000, 0x000000070ba00000|  0%| F|  |TAMS 0x000000070b900000, 0x000000070b900000| Untracked 
| 148|0x000000070ba00000, 0x000000070ba00000, 0x000000070bb00000|  0%| F|  |TAMS 0x000000070ba00000, 0x000000070ba00000| Untracked 
| 149|0x000000070bb00000, 0x000000070bb00000, 0x000000070bc00000|  0%| F|  |TAMS 0x000000070bb00000, 0x000000070bb00000| Untracked 
| 150|0x000000070bc00000, 0x000000070bc00000, 0x000000070bd00000|  0%| F|  |TAMS 0x000000070bc00000, 0x000000070bc00000| Untracked 
| 151|0x000000070bd00000, 0x000000070bd00000, 0x000000070be00000|  0%| F|  |TAMS 0x000000070bd00000, 0x000000070bd00000| Untracked 
| 152|0x000000070be00000, 0x000000070be00000, 0x000000070bf00000|  0%| F|  |TAMS 0x000000070be00000, 0x000000070be00000| Untracked 
| 153|0x000000070bf00000, 0x000000070bf00000, 0x000000070c000000|  0%| F|  |TAMS 0x000000070bf00000, 0x000000070bf00000| Untracked 
| 154|0x000000070c000000, 0x000000070c000000, 0x000000070c100000|  0%| F|  |TAMS 0x000000070c000000, 0x000000070c000000| Untracked 
| 155|0x000000070c100000, 0x000000070c100000, 0x000000070c200000|  0%| F|  |TAMS 0x000000070c100000, 0x000000070c100000| Untracked 
| 156|0x000000070c200000, 0x000000070c200000, 0x000000070c300000|  0%| F|  |TAMS 0x000000070c200000, 0x000000070c200000| Untracked 
| 157|0x000000070c300000, 0x000000070c300000, 0x000000070c400000|  0%| F|  |TAMS 0x000000070c300000, 0x000000070c300000| Untracked 
| 158|0x000000070c400000, 0x000000070c4fbf68, 0x000000070c500000| 98%| S|CS|TAMS 0x000000070c400000, 0x000000070c400000| Complete 
| 159|0x000000070c500000, 0x000000070c600000, 0x000000070c600000|100%| S|CS|TAMS 0x000000070c500000, 0x000000070c500000| Complete 
| 160|0x000000070c600000, 0x000000070c700000, 0x000000070c700000|100%| S|CS|TAMS 0x000000070c600000, 0x000000070c600000| Complete 
| 161|0x000000070c700000, 0x000000070c800000, 0x000000070c800000|100%| S|CS|TAMS 0x000000070c700000, 0x000000070c700000| Complete 
| 162|0x000000070c800000, 0x000000070c900000, 0x000000070c900000|100%| S|CS|TAMS 0x000000070c800000, 0x000000070c800000| Complete 
| 163|0x000000070c900000, 0x000000070ca00000, 0x000000070ca00000|100%| S|CS|TAMS 0x000000070c900000, 0x000000070c900000| Complete 
| 164|0x000000070ca00000, 0x000000070cb00000, 0x000000070cb00000|100%| S|CS|TAMS 0x000000070ca00000, 0x000000070ca00000| Complete 
| 165|0x000000070cb00000, 0x000000070cb00000, 0x000000070cc00000|  0%| F|  |TAMS 0x000000070cb00000, 0x000000070cb00000| Untracked 
| 166|0x000000070cc00000, 0x000000070cc00000, 0x000000070cd00000|  0%| F|  |TAMS 0x000000070cc00000, 0x000000070cc00000| Untracked 
| 167|0x000000070cd00000, 0x000000070cd00000, 0x000000070ce00000|  0%| F|  |TAMS 0x000000070cd00000, 0x000000070cd00000| Untracked 
| 168|0x000000070ce00000, 0x000000070ce00000, 0x000000070cf00000|  0%| F|  |TAMS 0x000000070ce00000, 0x000000070ce00000| Untracked 
| 169|0x000000070cf00000, 0x000000070cf00000, 0x000000070d000000|  0%| F|  |TAMS 0x000000070cf00000, 0x000000070cf00000| Untracked 
| 170|0x000000070d000000, 0x000000070d000000, 0x000000070d100000|  0%| F|  |TAMS 0x000000070d000000, 0x000000070d000000| Untracked 
| 171|0x000000070d100000, 0x000000070d100000, 0x000000070d200000|  0%| F|  |TAMS 0x000000070d100000, 0x000000070d100000| Untracked 
| 172|0x000000070d200000, 0x000000070d200000, 0x000000070d300000|  0%| F|  |TAMS 0x000000070d200000, 0x000000070d200000| Untracked 
| 173|0x000000070d300000, 0x000000070d300000, 0x000000070d400000|  0%| F|  |TAMS 0x000000070d300000, 0x000000070d300000| Untracked 
| 174|0x000000070d400000, 0x000000070d400000, 0x000000070d500000|  0%| F|  |TAMS 0x000000070d400000, 0x000000070d400000| Untracked 
| 175|0x000000070d500000, 0x000000070d500000, 0x000000070d600000|  0%| F|  |TAMS 0x000000070d500000, 0x000000070d500000| Untracked 
| 176|0x000000070d600000, 0x000000070d600000, 0x000000070d700000|  0%| F|  |TAMS 0x000000070d600000, 0x000000070d600000| Untracked 
| 177|0x000000070d700000, 0x000000070d700000, 0x000000070d800000|  0%| F|  |TAMS 0x000000070d700000, 0x000000070d700000| Untracked 
| 178|0x000000070d800000, 0x000000070d800000, 0x000000070d900000|  0%| F|  |TAMS 0x000000070d800000, 0x000000070d800000| Untracked 
| 179|0x000000070d900000, 0x000000070d900000, 0x000000070da00000|  0%| F|  |TAMS 0x000000070d900000, 0x000000070d900000| Untracked 
| 180|0x000000070da00000, 0x000000070da00000, 0x000000070db00000|  0%| F|  |TAMS 0x000000070da00000, 0x000000070da00000| Untracked 
| 181|0x000000070db00000, 0x000000070db00000, 0x000000070dc00000|  0%| F|  |TAMS 0x000000070db00000, 0x000000070db00000| Untracked 
| 182|0x000000070dc00000, 0x000000070dc00000, 0x000000070dd00000|  0%| F|  |TAMS 0x000000070dc00000, 0x000000070dc00000| Untracked 
| 183|0x000000070dd00000, 0x000000070dd00000, 0x000000070de00000|  0%| F|  |TAMS 0x000000070dd00000, 0x000000070dd00000| Untracked 
| 184|0x000000070de00000, 0x000000070de00000, 0x000000070df00000|  0%| F|  |TAMS 0x000000070de00000, 0x000000070de00000| Untracked 
| 185|0x000000070df00000, 0x000000070df00000, 0x000000070e000000|  0%| F|  |TAMS 0x000000070df00000, 0x000000070df00000| Untracked 
| 186|0x000000070e000000, 0x000000070e000000, 0x000000070e100000|  0%| F|  |TAMS 0x000000070e000000, 0x000000070e000000| Untracked 
| 187|0x000000070e100000, 0x000000070e100000, 0x000000070e200000|  0%| F|  |TAMS 0x000000070e100000, 0x000000070e100000| Untracked 
| 188|0x000000070e200000, 0x000000070e200000, 0x000000070e300000|  0%| F|  |TAMS 0x000000070e200000, 0x000000070e200000| Untracked 
| 189|0x000000070e300000, 0x000000070e300000, 0x000000070e400000|  0%| F|  |TAMS 0x000000070e300000, 0x000000070e300000| Untracked 
| 190|0x000000070e400000, 0x000000070e400000, 0x000000070e500000|  0%| F|  |TAMS 0x000000070e400000, 0x000000070e400000| Untracked 
| 191|0x000000070e500000, 0x000000070e500000, 0x000000070e600000|  0%| F|  |TAMS 0x000000070e500000, 0x000000070e500000| Untracked 
| 192|0x000000070e600000, 0x000000070e600000, 0x000000070e700000|  0%| F|  |TAMS 0x000000070e600000, 0x000000070e600000| Untracked 
| 193|0x000000070e700000, 0x000000070e700000, 0x000000070e800000|  0%| F|  |TAMS 0x000000070e700000, 0x000000070e700000| Untracked 
| 194|0x000000070e800000, 0x000000070e800000, 0x000000070e900000|  0%| F|  |TAMS 0x000000070e800000, 0x000000070e800000| Untracked 
| 195|0x000000070e900000, 0x000000070e900000, 0x000000070ea00000|  0%| F|  |TAMS 0x000000070e900000, 0x000000070e900000| Untracked 
| 196|0x000000070ea00000, 0x000000070ea00000, 0x000000070eb00000|  0%| F|  |TAMS 0x000000070ea00000, 0x000000070ea00000| Untracked 
| 197|0x000000070eb00000, 0x000000070eb00000, 0x000000070ec00000|  0%| F|  |TAMS 0x000000070eb00000, 0x000000070eb00000| Untracked 
| 198|0x000000070ec00000, 0x000000070ec00000, 0x000000070ed00000|  0%| F|  |TAMS 0x000000070ec00000, 0x000000070ec00000| Untracked 
| 199|0x000000070ed00000, 0x000000070ed00000, 0x000000070ee00000|  0%| F|  |TAMS 0x000000070ed00000, 0x000000070ed00000| Untracked 
| 200|0x000000070ee00000, 0x000000070ee00000, 0x000000070ef00000|  0%| F|  |TAMS 0x000000070ee00000, 0x000000070ee00000| Untracked 
| 201|0x000000070ef00000, 0x000000070ef00000, 0x000000070f000000|  0%| F|  |TAMS 0x000000070ef00000, 0x000000070ef00000| Untracked 
| 202|0x000000070f000000, 0x000000070f000000, 0x000000070f100000|  0%| F|  |TAMS 0x000000070f000000, 0x000000070f000000| Untracked 
| 203|0x000000070f100000, 0x000000070f100000, 0x000000070f200000|  0%| F|  |TAMS 0x000000070f100000, 0x000000070f100000| Untracked 
| 204|0x000000070f200000, 0x000000070f200000, 0x000000070f300000|  0%| F|  |TAMS 0x000000070f200000, 0x000000070f200000| Untracked 
| 205|0x000000070f300000, 0x000000070f300000, 0x000000070f400000|  0%| F|  |TAMS 0x000000070f300000, 0x000000070f300000| Untracked 
| 206|0x000000070f400000, 0x000000070f400000, 0x000000070f500000|  0%| F|  |TAMS 0x000000070f400000, 0x000000070f400000| Untracked 
| 207|0x000000070f500000, 0x000000070f500000, 0x000000070f600000|  0%| F|  |TAMS 0x000000070f500000, 0x000000070f500000| Untracked 
| 208|0x000000070f600000, 0x000000070f600000, 0x000000070f700000|  0%| F|  |TAMS 0x000000070f600000, 0x000000070f600000| Untracked 
| 209|0x000000070f700000, 0x000000070f700000, 0x000000070f800000|  0%| F|  |TAMS 0x000000070f700000, 0x000000070f700000| Untracked 
| 210|0x000000070f800000, 0x000000070f800000, 0x000000070f900000|  0%| F|  |TAMS 0x000000070f800000, 0x000000070f800000| Untracked 
| 211|0x000000070f900000, 0x000000070f900000, 0x000000070fa00000|  0%| F|  |TAMS 0x000000070f900000, 0x000000070f900000| Untracked 
| 212|0x000000070fa00000, 0x000000070fa00000, 0x000000070fb00000|  0%| F|  |TAMS 0x000000070fa00000, 0x000000070fa00000| Untracked 
| 213|0x000000070fb00000, 0x000000070fb00000, 0x000000070fc00000|  0%| F|  |TAMS 0x000000070fb00000, 0x000000070fb00000| Untracked 
| 214|0x000000070fc00000, 0x000000070fc00000, 0x000000070fd00000|  0%| F|  |TAMS 0x000000070fc00000, 0x000000070fc00000| Untracked 
| 215|0x000000070fd00000, 0x000000070fd00000, 0x000000070fe00000|  0%| F|  |TAMS 0x000000070fd00000, 0x000000070fd00000| Untracked 
| 216|0x000000070fe00000, 0x000000070fe00000, 0x000000070ff00000|  0%| F|  |TAMS 0x000000070fe00000, 0x000000070fe00000| Untracked 
| 217|0x000000070ff00000, 0x000000070ff00000, 0x0000000710000000|  0%| F|  |TAMS 0x000000070ff00000, 0x000000070ff00000| Untracked 
| 218|0x0000000710000000, 0x0000000710000000, 0x0000000710100000|  0%| F|  |TAMS 0x0000000710000000, 0x0000000710000000| Untracked 
| 219|0x0000000710100000, 0x0000000710100000, 0x0000000710200000|  0%| F|  |TAMS 0x0000000710100000, 0x0000000710100000| Untracked 
| 220|0x0000000710200000, 0x0000000710200000, 0x0000000710300000|  0%| F|  |TAMS 0x0000000710200000, 0x0000000710200000| Untracked 
| 221|0x0000000710300000, 0x0000000710300000, 0x0000000710400000|  0%| F|  |TAMS 0x0000000710300000, 0x0000000710300000| Untracked 
| 222|0x0000000710400000, 0x0000000710400000, 0x0000000710500000|  0%| F|  |TAMS 0x0000000710400000, 0x0000000710400000| Untracked 
| 223|0x0000000710500000, 0x0000000710500000, 0x0000000710600000|  0%| F|  |TAMS 0x0000000710500000, 0x0000000710500000| Untracked 
| 224|0x0000000710600000, 0x0000000710600000, 0x0000000710700000|  0%| F|  |TAMS 0x0000000710600000, 0x0000000710600000| Untracked 
| 225|0x0000000710700000, 0x0000000710700000, 0x0000000710800000|  0%| F|  |TAMS 0x0000000710700000, 0x0000000710700000| Untracked 
| 226|0x0000000710800000, 0x0000000710800000, 0x0000000710900000|  0%| F|  |TAMS 0x0000000710800000, 0x0000000710800000| Untracked 
| 227|0x0000000710900000, 0x0000000710900000, 0x0000000710a00000|  0%| F|  |TAMS 0x0000000710900000, 0x0000000710900000| Untracked 
| 228|0x0000000710a00000, 0x0000000710a00000, 0x0000000710b00000|  0%| F|  |TAMS 0x0000000710a00000, 0x0000000710a00000| Untracked 
| 229|0x0000000710b00000, 0x0000000710b00000, 0x0000000710c00000|  0%| F|  |TAMS 0x0000000710b00000, 0x0000000710b00000| Untracked 
| 230|0x0000000710c00000, 0x0000000710c00000, 0x0000000710d00000|  0%| F|  |TAMS 0x0000000710c00000, 0x0000000710c00000| Untracked 
| 231|0x0000000710d00000, 0x0000000710d00000, 0x0000000710e00000|  0%| F|  |TAMS 0x0000000710d00000, 0x0000000710d00000| Untracked 
| 232|0x0000000710e00000, 0x0000000710e00000, 0x0000000710f00000|  0%| F|  |TAMS 0x0000000710e00000, 0x0000000710e00000| Untracked 
| 233|0x0000000710f00000, 0x0000000710f00000, 0x0000000711000000|  0%| F|  |TAMS 0x0000000710f00000, 0x0000000710f00000| Untracked 
| 234|0x0000000711000000, 0x0000000711000000, 0x0000000711100000|  0%| F|  |TAMS 0x0000000711000000, 0x0000000711000000| Untracked 
| 235|0x0000000711100000, 0x0000000711100000, 0x0000000711200000|  0%| F|  |TAMS 0x0000000711100000, 0x0000000711100000| Untracked 
| 236|0x0000000711200000, 0x0000000711200000, 0x0000000711300000|  0%| F|  |TAMS 0x0000000711200000, 0x0000000711200000| Untracked 
| 237|0x0000000711300000, 0x0000000711300000, 0x0000000711400000|  0%| F|  |TAMS 0x0000000711300000, 0x0000000711300000| Untracked 
| 238|0x0000000711400000, 0x0000000711400000, 0x0000000711500000|  0%| F|  |TAMS 0x0000000711400000, 0x0000000711400000| Untracked 
| 239|0x0000000711500000, 0x0000000711500000, 0x0000000711600000|  0%| F|  |TAMS 0x0000000711500000, 0x0000000711500000| Untracked 
| 240|0x0000000711600000, 0x0000000711600000, 0x0000000711700000|  0%| F|  |TAMS 0x0000000711600000, 0x0000000711600000| Untracked 
| 241|0x0000000711700000, 0x0000000711700000, 0x0000000711800000|  0%| F|  |TAMS 0x0000000711700000, 0x0000000711700000| Untracked 
| 242|0x0000000711800000, 0x00000007118e66f0, 0x0000000711900000| 90%| E|  |TAMS 0x0000000711800000, 0x0000000711800000| Complete 
| 243|0x0000000711900000, 0x00000007119fdb30, 0x0000000711a00000| 99%| E|  |TAMS 0x0000000711900000, 0x0000000711900000| Complete 
| 244|0x0000000711a00000, 0x0000000711b00000, 0x0000000711b00000|100%| E|CS|TAMS 0x0000000711a00000, 0x0000000711a00000| Complete 
| 245|0x0000000711b00000, 0x0000000711c00000, 0x0000000711c00000|100%| E|CS|TAMS 0x0000000711b00000, 0x0000000711b00000| Complete 
| 246|0x0000000711c00000, 0x0000000711d00000, 0x0000000711d00000|100%| E|CS|TAMS 0x0000000711c00000, 0x0000000711c00000| Complete 
| 247|0x0000000711d00000, 0x0000000711e00000, 0x0000000711e00000|100%| E|CS|TAMS 0x0000000711d00000, 0x0000000711d00000| Complete 
| 248|0x0000000711e00000, 0x0000000711f00000, 0x0000000711f00000|100%| E|CS|TAMS 0x0000000711e00000, 0x0000000711e00000| Complete 
| 249|0x0000000711f00000, 0x0000000712000000, 0x0000000712000000|100%| E|CS|TAMS 0x0000000711f00000, 0x0000000711f00000| Complete 
| 250|0x0000000712000000, 0x0000000712100000, 0x0000000712100000|100%| E|CS|TAMS 0x0000000712000000, 0x0000000712000000| Complete 
| 251|0x0000000712100000, 0x0000000712200000, 0x0000000712200000|100%| E|CS|TAMS 0x0000000712100000, 0x0000000712100000| Complete 
| 252|0x0000000712200000, 0x0000000712300000, 0x0000000712300000|100%| E|CS|TAMS 0x0000000712200000, 0x0000000712200000| Complete 
| 253|0x0000000712300000, 0x0000000712400000, 0x0000000712400000|100%| E|CS|TAMS 0x0000000712300000, 0x0000000712300000| Complete 

Card table byte_map: [0x0000016e28b90000,0x0000016e29380000] _byte_map_base: 0x0000016e2537d000

Marking Bits (Prev, Next): (CMBitMap*) 0x0000016e10dc1098, (CMBitMap*) 0x0000016e10dc10d0
 Prev Bits: [0x0000016e29b70000, 0x0000016e2dad8000)
 Next Bits: [0x0000016e2dae0000, 0x0000016e31a48000)

Polling page: 0x0000016e10470000

Metaspace:

Usage:
  Non-class:     38.02 MB capacity,    36.94 MB ( 97%) used,   875.11 KB (  2%) free+waste,   225.00 KB ( <1%) overhead. 
      Class:      6.17 MB capacity,     5.38 MB ( 87%) used,   693.59 KB ( 11%) free+waste,   112.25 KB (  2%) overhead. 
       Both:     44.19 MB capacity,    42.33 MB ( 96%) used,     1.53 MB (  3%) free+waste,   337.25 KB ( <1%) overhead. 

Virtual space:
  Non-class space:       40.00 MB reserved,      38.25 MB ( 96%) committed 
      Class space:        1.00 GB reserved,       6.25 MB ( <1%) committed 
             Both:        1.04 GB reserved,      44.50 MB (  4%) committed 

Chunk freelists:
   Non-Class:  5.63 KB
       Class:  2.50 KB
        Both:  8.13 KB

CodeHeap 'non-profiled nmethods': size=120000Kb used=3033Kb max_used=3316Kb free=116966Kb
 bounds [0x0000016e20b40000, 0x0000016e20e80000, 0x0000016e28070000]
CodeHeap 'profiled nmethods': size=120000Kb used=11954Kb max_used=13406Kb free=108045Kb
 bounds [0x0000016e19610000, 0x0000016e1a340000, 0x0000016e20b40000]
CodeHeap 'non-nmethods': size=5760Kb used=1489Kb max_used=1539Kb free=4270Kb
 bounds [0x0000016e19070000, 0x0000016e192e0000, 0x0000016e19610000]
 total_blobs=8417 nmethods=5414 adapters=888
 compilation: enabled
              stopped_count=0, restarted_count=0
 full_count=0

Compilation events (10 events):
Event: 123.907 Thread 0x0000016e34e85800 6007       3       com.sun.crypto.provider.CipherCore::getOutputSizeByOperation (177 bytes)
Event: 123.908 Thread 0x0000016e34e85800 nmethod 6007 0x0000016e19641b10 code [0x0000016e19641dc0, 0x0000016e19642c00]
Event: 123.921 Thread 0x0000016e36692000 nmethod 5989 0x0000016e20b84390 code [0x0000016e20b84560, 0x0000016e20b85178]
Event: 123.921 Thread 0x0000016e36692000 6010       4       java.net.URI$Parser::scan (76 bytes)
Event: 123.926 Thread 0x0000016e36692000 nmethod 6010 0x0000016e20b7a710 code [0x0000016e20b7a8c0, 0x0000016e20b7ab88]
Event: 123.926 Thread 0x0000016e36692000 5987       4       com.sun.javafx.iio.png.PNGImageLoader2::doSubFilter (35 bytes)
Event: 123.931 Thread 0x0000016e838c4000 nmethod 5943 0x0000016e20b83490 code [0x0000016e20b83680, 0x0000016e20b83e70]
Event: 123.935 Thread 0x0000016e34e85800 6011       3       java.io.SequenceInputStream::read (84 bytes)
Event: 123.936 Thread 0x0000016e34e85800 nmethod 6011 0x0000016e19640e10 code [0x0000016e19641040, 0x0000016e19641890]
Event: 123.939 Thread 0x0000016e36692000 nmethod 5987 0x0000016e20b7c010 code [0x0000016e20b7c1a0, 0x0000016e20b7c5f8]

GC Heap History (10 events):
Event: 1.862 GC heap before
{Heap before GC invocations=0 (full 0):
 garbage-first heap   total 260096K, used 23552K [0x0000000702600000, 0x0000000800000000)
  region size 1024K, 24 young (24576K), 0 survivors (0K)
 Metaspace       used 13717K, capacity 14044K, committed 14336K, reserved 1062912K
  class space    used 1316K, capacity 1454K, committed 1536K, reserved 1048576K
}
Event: 1.869 GC heap after
{Heap after GC invocations=1 (full 0):
 garbage-first heap   total 260096K, used 5949K [0x0000000702600000, 0x0000000800000000)
  region size 1024K, 3 young (3072K), 3 survivors (3072K)
 Metaspace       used 13717K, capacity 14044K, committed 14336K, reserved 1062912K
  class space    used 1316K, capacity 1454K, committed 1536K, reserved 1048576K
}
Event: 2.893 GC heap before
{Heap before GC invocations=1 (full 0):
 garbage-first heap   total 260096K, used 27453K [0x0000000702600000, 0x0000000800000000)
  region size 1024K, 22 young (22528K), 3 survivors (3072K)
 Metaspace       used 19096K, capacity 19571K, committed 19712K, reserved 1067008K
  class space    used 2022K, capacity 2195K, committed 2304K, reserved 1048576K
}
Event: 2.899 GC heap after
{Heap after GC invocations=2 (full 0):
 garbage-first heap   total 260096K, used 9496K [0x0000000702600000, 0x0000000800000000)
  region size 1024K, 2 young (2048K), 2 survivors (2048K)
 Metaspace       used 19096K, capacity 19571K, committed 19712K, reserved 1067008K
  class space    used 2022K, capacity 2195K, committed 2304K, reserved 1048576K
}
Event: 3.094 GC heap before
{Heap before GC invocations=2 (full 0):
 garbage-first heap   total 260096K, used 14616K [0x0000000702600000, 0x0000000800000000)
  region size 1024K, 6 young (6144K), 2 survivors (2048K)
 Metaspace       used 20525K, capacity 21091K, committed 21248K, reserved 1069056K
  class space    used 2200K, capacity 2449K, committed 2560K, reserved 1048576K
}
Event: 3.098 GC heap after
{Heap after GC invocations=3 (full 0):
 garbage-first heap   total 260096K, used 11771K [0x0000000702600000, 0x0000000800000000)
  region size 1024K, 2 young (2048K), 2 survivors (2048K)
 Metaspace       used 20525K, capacity 21091K, committed 21248K, reserved 1069056K
  class space    used 2200K, capacity 2449K, committed 2560K, reserved 1048576K
}
Event: 5.889 GC heap before
{Heap before GC invocations=4 (full 0):
 garbage-first heap   total 260096K, used 75259K [0x0000000702600000, 0x0000000800000000)
  region size 1024K, 63 young (64512K), 2 survivors (2048K)
 Metaspace       used 34275K, capacity 35809K, committed 35840K, reserved 1079296K
  class space    used 4588K, capacity 5248K, committed 5248K, reserved 1048576K
}
Event: 5.904 GC heap after
{Heap after GC invocations=5 (full 0):
 garbage-first heap   total 260096K, used 18562K [0x0000000702600000, 0x0000000800000000)
  region size 1024K, 9 young (9216K), 9 survivors (9216K)
 Metaspace       used 34275K, capacity 35809K, committed 35840K, reserved 1079296K
  class space    used 4588K, capacity 5248K, committed 5248K, reserved 1048576K
}
Event: 123.782 GC heap before
{Heap before GC invocations=6 (full 0):
 garbage-first heap   total 260096K, used 101506K [0x0000000702600000, 0x0000000800000000)
  region size 1024K, 89 young (91136K), 9 survivors (9216K)
 Metaspace       used 43054K, capacity 44950K, committed 45312K, reserved 1087488K
  class space    used 5488K, capacity 6282K, committed 6400K, reserved 1048576K
}
Event: 123.826 GC heap after
{Heap after GC invocations=7 (full 0):
 garbage-first heap   total 260096K, used 27423K [0x0000000702600000, 0x0000000800000000)
  region size 1024K, 7 young (7168K), 7 survivors (7168K)
 Metaspace       used 43054K, capacity 44950K, committed 45312K, reserved 1087488K
  class space    used 5488K, capacity 6282K, committed 6400K, reserved 1048576K
}

Deoptimization events (10 events):
Event: 123.020 Thread 0x0000016e359a6000 Uncommon trap: reason=class_check action=maybe_recompile pc=0x0000016e20c55dcc method=javafx.css.CssLexer.readChar()I @ 4 c2
Event: 123.020 Thread 0x0000016e359a6000 Uncommon trap: reason=class_check action=maybe_recompile pc=0x0000016e20c55dcc method=javafx.css.CssLexer.readChar()I @ 4 c2
Event: 123.020 Thread 0x0000016e359a6000 Uncommon trap: reason=class_check action=maybe_recompile pc=0x0000016e20c55bbc method=javafx.css.CssLexer.readChar()I @ 4 c2
Event: 123.020 Thread 0x0000016e359a6000 Uncommon trap: reason=class_check action=maybe_recompile pc=0x0000016e20c2747c method=javafx.css.CssLexer.readChar()I @ 4 c2
Event: 123.623 Thread 0x0000016e82ffc800 Uncommon trap: reason=unstable_if action=reinterpret pc=0x0000016e20d4cc50 method=com.sun.crypto.provider.CounterMode.increment([B)V @ 18 c2
Event: 123.657 Thread 0x0000016e82ffc000 Uncommon trap: reason=intrinsic_or_type_checked_inlining action=make_not_entrant pc=0x0000016e20e3deac method=java.util.ArrayList$SubList.toArray([Ljava/lang/Object;)[Ljava/lang/Object; @ 58 c2
Event: 123.657 Thread 0x0000016e83004000 Uncommon trap: reason=intrinsic_or_type_checked_inlining action=make_not_entrant pc=0x0000016e20e3deac method=java.util.ArrayList$SubList.toArray([Ljava/lang/Object;)[Ljava/lang/Object; @ 58 c2
Event: 123.847 Thread 0x0000016e83005800 Uncommon trap: reason=class_check action=maybe_recompile pc=0x0000016e20c60050 method=java.util.concurrent.ConcurrentHashMap.putVal(Ljava/lang/Object;Ljava/lang/Object;Z)Ljava/lang/Object; @ 159 c2
Event: 123.848 Thread 0x0000016e83005800 Uncommon trap: reason=class_check action=maybe_recompile pc=0x0000016e20c60050 method=java.util.concurrent.ConcurrentHashMap.putVal(Ljava/lang/Object;Ljava/lang/Object;Z)Ljava/lang/Object; @ 159 c2
Event: 123.875 Thread 0x0000016e359a6000 Uncommon trap: reason=unstable_if action=reinterpret pc=0x0000016e20cf8e08 method=java.io.ByteArrayInputStream.read([BII)I @ 16 c2

Classes redefined (0 events):
No events

Internal exceptions (10 events):
Event: 109.475 Thread 0x0000016e359a6000 Exception <a 'java/lang/NoSuchMethodError'{0x000000070f3a6bc0}: java.lang.invoke.DirectMethodHandle$Holder.invokeStatic(Ljava/lang/Object;Ljava/lang/Object;Ljava/lang/Object;Ljava/lang/Object;Ljava/lang/Object;Ljava/lang/Object;Ljava/lang/Object;Ljava/lan
Event: 109.477 Thread 0x0000016e359a6000 Exception <a 'java/lang/NoSuchMethodError'{0x000000070f3d67a8}: java.lang.invoke.DirectMethodHandle$Holder.invokeSpecial(Ljava/lang/Object;Ljava/lang/Object;Ljava/lang/Object;Ljava/lang/Object;Ljava/lang/Object;Ljava/lang/Object;Ljava/lang/Object;Ljava/la
Event: 109.479 Thread 0x0000016e359a6000 Exception <a 'java/lang/NoSuchMethodError'{0x000000070f3f7438}: java.lang.invoke.Invokers$Holder.linkToTargetMethod(Ljava/lang/Object;Ljava/lang/Object;Ljava/lang/Object;Ljava/lang/Object;Ljava/lang/Object;Ljava/lang/Object;Ljava/lang/Object;Ljava/lang/Ob
Event: 118.377 Thread 0x0000016e359a6000 Exception <a 'java/lang/NoSuchMethodError'{0x000000070ee152e8}: java.lang.invoke.DirectMethodHandle$Holder.invokeVirtual(Ljava/lang/Object;Ljava/lang/Object;Ljava/lang/Object;)Ljava/lang/Object;> (0x000000070ee152e8) thrown at [t:/workspace/open/src/hotsp
Event: 122.912 Thread 0x0000016e359a6000 Exception <a 'java/lang/NoSuchMethodError'{0x000000070e55c658}: java.lang.invoke.DirectMethodHandle$Holder.invokeStatic(Ljava/lang/Object;Ljava/lang/Object;ILjava/lang/Object;)V> (0x000000070e55c658) thrown at [t:/workspace/open/src/hotspot/share/interpre
Event: 122.979 Thread 0x0000016e359a6000 Exception <a 'java/lang/NoSuchMethodError'{0x000000070d84df40}: java.lang.invoke.DirectMethodHandle$Holder.invokeSpecial(Ljava/lang/Object;Ljava/lang/Object;IIIIIII)Ljava/lang/Object;> (0x000000070d84df40) thrown at [t:/workspace/open/src/hotspot/share/in
Event: 122.979 Thread 0x0000016e359a6000 Exception <a 'java/lang/NoSuchMethodError'{0x000000070d8512d8}: java.lang.invoke.DelegatingMethodHandle$Holder.reinvoke_L(Ljava/lang/Object;IIIIIII)Ljava/lang/Object;> (0x000000070d8512d8) thrown at [t:/workspace/open/src/hotspot/share/interpreter/linkRes
Event: 122.981 Thread 0x0000016e359a6000 Exception <a 'java/lang/NoSuchMethodError'{0x000000070d875e50}: java.lang.invoke.DirectMethodHandle$Holder.invokeSpecial(Ljava/lang/Object;Ljava/lang/Object;IIII)Ljava/lang/Object;> (0x000000070d875e50) thrown at [t:/workspace/open/src/hotspot/share/inter
Event: 123.938 Thread 0x0000016e359a6000 Exception <a 'java/lang/NoClassDefFoundError'{0x00000007118b9a10}: com/sun/webkit/security/WCMessageDigest> (0x00000007118b9a10) thrown at [t:/workspace/open/src/hotspot/share/classfile/systemDictionary.cpp, line 220]
Event: 123.938 Thread 0x0000016e359a6000 Exception <a 'java/lang/NoSuchMethodError'{0x00000007118b9d18}: getInstance> (0x00000007118b9d18) thrown at [t:/workspace/open/src/hotspot/share/prims/jni.cpp, line 1333]

Events (10 events):
Event: 123.892 Executing VM operation: RevokeBias
Event: 123.892 Executing VM operation: RevokeBias done
Event: 123.892 Thread 0x0000016e3e7ab000 Thread exited: 0x0000016e3e7ab000
Event: 123.892 Executing VM operation: RevokeBias
Event: 123.892 Executing VM operation: RevokeBias done
Event: 123.892 Thread 0x0000016e3e7a4000 Thread exited: 0x0000016e3e7a4000
Event: 123.934 Executing VM operation: RevokeBias
Event: 123.934 Executing VM operation: RevokeBias done
Event: 123.938 loading class com/sun/webkit/security/WCMessageDigest
Event: 123.938 loading class com/sun/webkit/security/WCMessageDigest done


Dynamic libraries:
0x00007ff6ff100000 - 0x00007ff6ff145000 	C:\Program Files\Java\jdk-11.0.2\bin\java.exe
0x00007ff848fe0000 - 0x00007ff8491d0000 	C:\WINDOWS\SYSTEM32\ntdll.dll
0x00007ff8486d0000 - 0x00007ff848782000 	C:\WINDOWS\System32\KERNEL32.DLL
0x00007ff846090000 - 0x00007ff846333000 	C:\WINDOWS\System32\KERNELBASE.dll
0x00007ff8482e0000 - 0x00007ff848474000 	C:\WINDOWS\System32\USER32.dll
0x00007ff8466c0000 - 0x00007ff8466e1000 	C:\WINDOWS\System32\win32u.dll
0x00007ff847970000 - 0x00007ff847996000 	C:\WINDOWS\System32\GDI32.dll
0x00007ff846520000 - 0x00007ff8466b4000 	C:\WINDOWS\System32\gdi32full.dll
0x00007ff846480000 - 0x00007ff84651e000 	C:\WINDOWS\System32\msvcp_win.dll
0x00007ff845f90000 - 0x00007ff84608a000 	C:\WINDOWS\System32\ucrtbase.dll
0x00007ff8319b0000 - 0x00007ff831c35000 	C:\WINDOWS\WinSxS\amd64_microsoft.windows.common-controls_6595b64144ccf1df_6.0.18362.418_none_e6c6b287130d565d\COMCTL32.dll
0x00007ff847090000 - 0x00007ff84712e000 	C:\WINDOWS\System32\msvcrt.dll
0x00007ff8479b0000 - 0x00007ff847ce6000 	C:\WINDOWS\System32\combase.dll
0x00007ff8481c0000 - 0x00007ff8482e0000 	C:\WINDOWS\System32\RPCRT4.dll
0x00007ff846740000 - 0x00007ff8467c0000 	C:\WINDOWS\System32\bcryptPrimitives.dll
0x00007ff847e50000 - 0x00007ff847e7e000 	C:\WINDOWS\System32\IMM32.DLL
0x00007ff83fb60000 - 0x00007ff83fb76000 	C:\Program Files\Java\jdk-11.0.2\bin\vcruntime140.dll
0x00007ff81e880000 - 0x00007ff81e92a000 	C:\Program Files\Java\jdk-11.0.2\bin\msvcp140.dll
0x00007fffc2f60000 - 0x00007fffc3a83000 	C:\Program Files\Java\jdk-11.0.2\bin\server\jvm.dll
0x00007ff847fc0000 - 0x00007ff848063000 	C:\WINDOWS\System32\ADVAPI32.dll
0x00007ff847140000 - 0x00007ff8471d7000 	C:\WINDOWS\System32\sechost.dll
0x00007ff847130000 - 0x00007ff847138000 	C:\WINDOWS\System32\PSAPI.DLL
0x00007ff8439b0000 - 0x00007ff8439d4000 	C:\WINDOWS\SYSTEM32\WINMM.dll
0x00007ff840a90000 - 0x00007ff840a9a000 	C:\WINDOWS\SYSTEM32\VERSION.dll
0x00007ff829ac0000 - 0x00007ff829ac9000 	C:\WINDOWS\SYSTEM32\WSOCK32.dll
0x00007ff848790000 - 0x00007ff8487ff000 	C:\WINDOWS\System32\WS2_32.dll
0x00007ff8437a0000 - 0x00007ff8437cd000 	C:\WINDOWS\SYSTEM32\winmmbase.dll
0x00007ff8466f0000 - 0x00007ff84673a000 	C:\WINDOWS\System32\cfgmgr32.dll
0x00007ff845ec0000 - 0x00007ff845ed1000 	C:\WINDOWS\System32\kernel.appcore.dll
0x00007ff83fb30000 - 0x00007ff83fb41000 	C:\Program Files\Java\jdk-11.0.2\bin\verify.dll
0x00007ff83a570000 - 0x00007ff83a764000 	C:\WINDOWS\SYSTEM32\DBGHELP.DLL
0x00007ff829da0000 - 0x00007ff829dca000 	C:\WINDOWS\SYSTEM32\dbgcore.DLL
0x00007ff833ec0000 - 0x00007ff833ee8000 	C:\Program Files\Java\jdk-11.0.2\bin\java.dll
0x00007ff8340f0000 - 0x00007ff834106000 	C:\Program Files\Java\jdk-11.0.2\bin\zip.dll
0x00007ff842720000 - 0x00007ff84272a000 	C:\Program Files\Java\jdk-11.0.2\bin\jimage.dll
0x00007ff8488b0000 - 0x00007ff848f95000 	C:\WINDOWS\System32\SHELL32.dll
0x00007ff848480000 - 0x00007ff848529000 	C:\WINDOWS\System32\shcore.dll
0x00007ff846910000 - 0x00007ff84708f000 	C:\WINDOWS\System32\windows.storage.dll
0x00007ff845f00000 - 0x00007ff845f1f000 	C:\WINDOWS\System32\profapi.dll
0x00007ff845f20000 - 0x00007ff845f6a000 	C:\WINDOWS\System32\powrprof.dll
0x00007ff845eb0000 - 0x00007ff845ec0000 	C:\WINDOWS\System32\UMPDC.dll
0x00007ff848070000 - 0x00007ff8480c2000 	C:\WINDOWS\System32\shlwapi.dll
0x00007ff845f70000 - 0x00007ff845f87000 	C:\WINDOWS\System32\cryptsp.dll
0x00007ff833ea0000 - 0x00007ff833eb9000 	C:\Program Files\Java\jdk-11.0.2\bin\net.dll
0x00007ff8417d0000 - 0x00007ff8418c0000 	C:\WINDOWS\SYSTEM32\WINHTTP.dll
0x00007ff8338e0000 - 0x00007ff833ab6000 	C:\WINDOWS\SYSTEM32\urlmon.dll
0x00007ff835240000 - 0x00007ff8354e6000 	C:\WINDOWS\SYSTEM32\iertutil.dll
0x00007ff845890000 - 0x00007ff84589c000 	C:\WINDOWS\SYSTEM32\CRYPTBASE.DLL
0x00007ff8456c0000 - 0x00007ff845727000 	C:\WINDOWS\system32\mswsock.dll
0x00007ff831d30000 - 0x00007ff831d43000 	C:\Program Files\Java\jdk-11.0.2\bin\nio.dll
0x0000016e104b0000 - 0x0000016e104b3000 	C:\Program Files\Java\jdk-11.0.2\bin\api-ms-win-core-console-l1-1-0.dll
0x0000016e104c0000 - 0x0000016e104c3000 	C:\Program Files\Java\jdk-11.0.2\bin\api-ms-win-core-datetime-l1-1-0.dll
0x0000016e104d0000 - 0x0000016e104d3000 	C:\Program Files\Java\jdk-11.0.2\bin\api-ms-win-core-debug-l1-1-0.dll
0x0000016e104e0000 - 0x0000016e104e3000 	C:\Program Files\Java\jdk-11.0.2\bin\api-ms-win-core-errorhandling-l1-1-0.dll
0x0000016e104f0000 - 0x0000016e104f4000 	C:\Program Files\Java\jdk-11.0.2\bin\api-ms-win-core-file-l1-1-0.dll
0x0000016e10500000 - 0x0000016e10503000 	C:\Program Files\Java\jdk-11.0.2\bin\api-ms-win-core-file-l1-2-0.dll
0x0000016e10510000 - 0x0000016e10513000 	C:\Program Files\Java\jdk-11.0.2\bin\api-ms-win-core-file-l2-1-0.dll
0x0000016e10c60000 - 0x0000016e10c63000 	C:\Program Files\Java\jdk-11.0.2\bin\api-ms-win-core-handle-l1-1-0.dll
0x0000016e10c70000 - 0x0000016e10c73000 	C:\Program Files\Java\jdk-11.0.2\bin\api-ms-win-core-heap-l1-1-0.dll
0x0000016e10c80000 - 0x0000016e10c83000 	C:\Program Files\Java\jdk-11.0.2\bin\api-ms-win-core-interlocked-l1-1-0.dll
0x0000016e10c90000 - 0x0000016e10c93000 	C:\Program Files\Java\jdk-11.0.2\bin\api-ms-win-core-libraryloader-l1-1-0.dll
0x0000016e10ca0000 - 0x0000016e10ca3000 	C:\Program Files\Java\jdk-11.0.2\bin\api-ms-win-core-localization-l1-2-0.dll
0x0000016e10cb0000 - 0x0000016e10cb3000 	C:\Program Files\Java\jdk-11.0.2\bin\api-ms-win-core-memory-l1-1-0.dll
0x0000016e10cc0000 - 0x0000016e10cc3000 	C:\Program Files\Java\jdk-11.0.2\bin\api-ms-win-core-namedpipe-l1-1-0.dll
0x0000016e10cd0000 - 0x0000016e10cd3000 	C:\Program Files\Java\jdk-11.0.2\bin\api-ms-win-core-processenvironment-l1-1-0.dll
0x0000016e10ce0000 - 0x0000016e10ce3000 	C:\Program Files\Java\jdk-11.0.2\bin\api-ms-win-core-processthreads-l1-1-0.dll
0x0000016e10cf0000 - 0x0000016e10cf3000 	C:\Program Files\Java\jdk-11.0.2\bin\api-ms-win-core-processthreads-l1-1-1.dll
0x0000016e10d00000 - 0x0000016e10d03000 	C:\Program Files\Java\jdk-11.0.2\bin\api-ms-win-core-profile-l1-1-0.dll
0x0000016e10d10000 - 0x0000016e10d13000 	C:\Program Files\Java\jdk-11.0.2\bin\api-ms-win-core-rtlsupport-l1-1-0.dll
0x0000016e10d20000 - 0x0000016e10d23000 	C:\Program Files\Java\jdk-11.0.2\bin\api-ms-win-core-string-l1-1-0.dll
0x0000016e35ae0000 - 0x0000016e35ae3000 	C:\Program Files\Java\jdk-11.0.2\bin\api-ms-win-core-synch-l1-1-0.dll
0x0000016e35af0000 - 0x0000016e35af3000 	C:\Program Files\Java\jdk-11.0.2\bin\api-ms-win-core-synch-l1-2-0.dll
0x0000016e35b00000 - 0x0000016e35b03000 	C:\Program Files\Java\jdk-11.0.2\bin\api-ms-win-core-sysinfo-l1-1-0.dll
0x0000016e35b10000 - 0x0000016e35b13000 	C:\Program Files\Java\jdk-11.0.2\bin\api-ms-win-core-timezone-l1-1-0.dll
0x0000016e35b20000 - 0x0000016e35b23000 	C:\Program Files\Java\jdk-11.0.2\bin\api-ms-win-core-util-l1-1-0.dll
0x0000016e35b30000 - 0x0000016e35b33000 	C:\Program Files\Java\jdk-11.0.2\bin\api-ms-win-crt-conio-l1-1-0.dll
0x0000016e35b40000 - 0x0000016e35b44000 	C:\Program Files\Java\jdk-11.0.2\bin\api-ms-win-crt-convert-l1-1-0.dll
0x0000016e35b50000 - 0x0000016e35b53000 	C:\Program Files\Java\jdk-11.0.2\bin\api-ms-win-crt-environment-l1-1-0.dll
0x0000016e35b60000 - 0x0000016e35b63000 	C:\Program Files\Java\jdk-11.0.2\bin\api-ms-win-crt-filesystem-l1-1-0.dll
0x0000016e35b70000 - 0x0000016e35b73000 	C:\Program Files\Java\jdk-11.0.2\bin\api-ms-win-crt-heap-l1-1-0.dll
0x0000016e35b80000 - 0x0000016e35b83000 	C:\Program Files\Java\jdk-11.0.2\bin\api-ms-win-crt-locale-l1-1-0.dll
0x0000016e35b90000 - 0x0000016e35b95000 	C:\Program Files\Java\jdk-11.0.2\bin\api-ms-win-crt-math-l1-1-0.dll
0x0000016e35ba0000 - 0x0000016e35ba5000 	C:\Program Files\Java\jdk-11.0.2\bin\api-ms-win-crt-multibyte-l1-1-0.dll
0x0000016e35bb0000 - 0x0000016e35bc0000 	C:\Program Files\Java\jdk-11.0.2\bin\api-ms-win-crt-private-l1-1-0.dll
0x0000016e35bc0000 - 0x0000016e35bc3000 	C:\Program Files\Java\jdk-11.0.2\bin\api-ms-win-crt-process-l1-1-0.dll
0x0000016e35bd0000 - 0x0000016e35bd4000 	C:\Program Files\Java\jdk-11.0.2\bin\api-ms-win-crt-runtime-l1-1-0.dll
0x0000016e35be0000 - 0x0000016e35be4000 	C:\Program Files\Java\jdk-11.0.2\bin\api-ms-win-crt-stdio-l1-1-0.dll
0x0000016e35bf0000 - 0x0000016e35bf4000 	C:\Program Files\Java\jdk-11.0.2\bin\api-ms-win-crt-string-l1-1-0.dll
0x0000016e35c00000 - 0x0000016e35c03000 	C:\Program Files\Java\jdk-11.0.2\bin\api-ms-win-crt-time-l1-1-0.dll
0x0000016e35c10000 - 0x0000016e35c13000 	C:\Program Files\Java\jdk-11.0.2\bin\api-ms-win-crt-utility-l1-1-0.dll
0x00007fffd0ee0000 - 0x00007fffd0fd6000 	C:\Program Files\Java\jdk-11.0.2\bin\ucrtbase.dll
0x00007ff81da30000 - 0x00007ff81da81000 	C:\Windows\System32\concrt140.dll
0x00007ff80ac30000 - 0x00007ff80ac53000 	C:\Program Files\JetBrains\IntelliJ IDEA 2019.2\jbr\bin\prism_d3d.dll
0x00007fffe0ef0000 - 0x00007fffe10b7000 	C:\WINDOWS\system32\d3d9.dll
0x00007ff844630000 - 0x00007ff84465d000 	C:\WINDOWS\SYSTEM32\dwmapi.dll
0x00007ff844b20000 - 0x00007ff844b40000 	C:\WINDOWS\SYSTEM32\dxcore.dll
0x00007ff8441f0000 - 0x00007ff844289000 	C:\WINDOWS\system32\uxtheme.dll
0x00007fffe0d00000 - 0x00007fffe0eeb000 	C:\WINDOWS\System32\DriverStore\FileRepository\iigd_dc_base.inf_amd64_8e8a50261976ec2e\igdumdim64.dll
0x00007fffdd780000 - 0x00007fffe0cfd000 	C:\WINDOWS\System32\DriverStore\FileRepository\iigd_dc_base.inf_amd64_8e8a50261976ec2e\igd9dxva64.dll
0x00007ff847cf0000 - 0x00007ff847e46000 	C:\WINDOWS\System32\ole32.dll
0x00007ff847430000 - 0x00007ff8474f4000 	C:\WINDOWS\System32\OLEAUT32.dll
0x00007ff801010000 - 0x00007ff801055000 	C:\Program Files\JetBrains\IntelliJ IDEA 2019.2\jbr\bin\glass.dll
0x00007ff848590000 - 0x00007ff848660000 	C:\WINDOWS\System32\COMDLG32.dll
0x00007ff847e80000 - 0x00007ff847fb6000 	C:\WINDOWS\System32\MSCTF.dll
0x00007ff801f50000 - 0x00007ff801f74000 	C:\WINDOWS\System32\DriverStore\FileRepository\iigd_dc_base.inf_amd64_8e8a50261976ec2e\igdinfo64.dll
0x00007ff836be0000 - 0x00007ff838ae1000 	C:\WINDOWS\System32\DriverStore\FileRepository\iigd_dc_base.inf_amd64_8e8a50261976ec2e\igc64.dll
0x00007ff810760000 - 0x00007ff810774000 	C:\Program Files\JetBrains\IntelliJ IDEA 2019.2\jbr\bin\javafx_font.dll
0x00007ff833040000 - 0x00007ff83333e000 	C:\WINDOWS\SYSTEM32\dwrite.dll
0x00007ff848800000 - 0x00007ff8488a2000 	C:\WINDOWS\System32\clbcatq.dll
0x00007ff8410d0000 - 0x00007ff84127f000 	C:\WINDOWS\SYSTEM32\WindowsCodecs.dll
0x00007ff816a90000 - 0x00007ff816aca000 	C:\WINDOWS\system32\dataexchange.dll
0x00007ff8437d0000 - 0x00007ff8439ab000 	C:\WINDOWS\system32\dcomp.dll
0x00007ff8430e0000 - 0x00007ff84333b000 	C:\WINDOWS\system32\d3d11.dll
0x00007ff844bb0000 - 0x00007ff844c9b000 	C:\WINDOWS\system32\dxgi.dll
0x00007ff8442e0000 - 0x00007ff84453a000 	C:\WINDOWS\system32\twinapi.appcore.dll
0x00007ff844710000 - 0x00007ff844739000 	C:\WINDOWS\system32\RMCLIENT.dll
0x00007ff81e720000 - 0x00007ff81e753000 	C:\Program Files\Common Files\Microsoft Shared\Ink\rtscom.dll
0x00007ff82f8c0000 - 0x00007ff82f925000 	C:\WINDOWS\system32\Oleacc.dll
0x00007fffccad0000 - 0x00007fffcfc1d000 	C:\Program Files\JetBrains\IntelliJ IDEA 2019.2\jbr\bin\jfxwebkit.dll
0x00007ff845230000 - 0x00007ff845263000 	C:\WINDOWS\system32\rsaenh.dll
0x00007ff8463f0000 - 0x00007ff846416000 	C:\WINDOWS\System32\bcrypt.dll
0x00007ff833e20000 - 0x00007ff833e47000 	C:\Program Files\Java\jdk-11.0.2\bin\sunec.dll
0x00007ff845dd0000 - 0x00007ff845df5000 	C:\WINDOWS\SYSTEM32\USERENV.dll
0x00007ff8453d0000 - 0x00007ff84540a000 	C:\WINDOWS\SYSTEM32\IPHLPAPI.DLL
0x00007ff8479a0000 - 0x00007ff8479a8000 	C:\WINDOWS\System32\NSI.dll
0x00007ff83b470000 - 0x00007ff83b486000 	C:\WINDOWS\SYSTEM32\dhcpcsvc6.DLL
0x00007ff83b750000 - 0x00007ff83b76c000 	C:\WINDOWS\SYSTEM32\dhcpcsvc.DLL
0x00007ff845470000 - 0x00007ff84553a000 	C:\WINDOWS\SYSTEM32\DNSAPI.dll

dbghelp: loaded successfully - version: 4.0.5 - missing functions: none
symbol engine: initialized successfully - sym options: 0x614 - pdb path: .;C:\Program Files\Java\jdk-11.0.2\bin;C:\WINDOWS\SYSTEM32;C:\WINDOWS\WinSxS\amd64_microsoft.windows.common-controls_6595b64144ccf1df_6.0.18362.418_none_e6c6b287130d565d;C:\Program Files\Java\jdk-11.0.2\bin\server;C:\Program Files\JetBrains\IntelliJ IDEA 2019.2\jbr\bin;C:\WINDOWS\System32\DriverStore\FileRepository\iigd_dc_base.inf_amd64_8e8a50261976ec2e;C:\Program Files\Common Files\Microsoft Shared\Ink

VM Arguments:
jvm_args: -Dfile.encoding=UTF-8 -Duser.country=SG -Duser.language=en -Duser.variant -ea 
java_command: seedu.mark.Main
java_class_path (initial): C:\Users\ykaixin\Documents\YKX\NUS\Y2S1\CS2103T\tP\main\build\classes\java\main;C:\Users\ykaixin\Documents\YKX\NUS\Y2S1\CS2103T\tP\main\build\resources\main;C:\Users\ykaixin\.gradle\caches\modules-2\files-2.1\net.dankito.readability4j\readability4j\1.0.3\2105f65371447744a4db54e1b97de0549ee3ca86\readability4j-1.0.3.jar;C:\Users\ykaixin\.gradle\caches\modules-2\files-2.1\org.jsoup\jsoup\1.11.2\e3eeb8a0b4ce1db246059a41e353cd7413dad226\jsoup-1.11.2.jar;C:\Users\ykaixin\.gradle\caches\modules-2\files-2.1\org.openjfx\javafx-fxml\11\d5ff9262ef49d166db658d15f37e3ecff38fde4b\javafx-fxml-11-win.jar;C:\Users\ykaixin\.gradle\caches\modules-2\files-2.1\org.openjfx\javafx-fxml\11\e0f5bb81e21054b59f2ebfa727d40a90ee0260d3\javafx-fxml-11-mac.jar;C:\Users\ykaixin\.gradle\caches\modules-2\files-2.1\org.openjfx\javafx-fxml\11\e7a757b580fc3e2e1a121768606c7836eef418c\javafx-fxml-11-linux.jar;C:\Users\ykaixin\.gradle\caches\modules-2\files-2.1\org.openjfx\javafx-web\11\5c8a3b6cacde832437dff8e21a82749b5f66c1cf\javafx-web-11-win.jar;C:\Users\ykaixin\.gradle\caches\modules-2\files-2.1\org.openjfx\javafx-web\11\85122d46916c3ecbcb1202c7509c4aec972ea10b\javafx-web-11-mac.jar;C:\Users\ykaixin\.gradle\caches\modules-2\files-2.1\org.openjfx\javafx-web\11\5f50385bc156b2e3bd478f9fded919f9d8ae8801\javafx-web-11-linux.jar;C:\Users\ykaixin\.gradle\caches\modules-2\files-2.1\org.openjfx\javafx-controls\11\af8d24de44e16a19ae959028eb23a48c145fb682\javafx-controls-11-win.jar;C:\Users\ykaixin\.gradle\caches\modules-2\files-2.1\org.openjfx\javafx-controls\11\e3a24a14e8732abc6dc173f15872dc63e2a32e16\javafx-controls-11-mac.jar;C:\Users\ykaixin\.gradle\caches\modules-2\files-2.1\org.openjfx\javafx-controls\11\794488e3b1f4635d9a1b842bdc872a5eb8fd54ca\javafx-controls-11-linux.jar;C:\Users\ykaixin\.gradle\caches\modules-2\files-2.1\org.openjfx\javafx-controls\11\58d961774262ec972bf304e16c154a8e18c2050b\javafx-controls-11.jar;C:\Users\ykaixin\.gradle\caches\modules-2\files-2.1\org.openj
Launcher Type: SUN_STANDARD

[Global flags]
     intx CICompilerCount                          = 4                                         {product} {ergonomic}
     uint ConcGCThreads                            = 2                                         {product} {ergonomic}
     uint G1ConcRefinementThreads                  = 8                                         {product} {ergonomic}
   size_t G1HeapRegionSize                         = 1048576                                   {product} {ergonomic}
    uintx GCDrainStackTargetSize                   = 64                                        {product} {ergonomic}
   size_t InitialHeapSize                          = 266338304                                 {product} {ergonomic}
   size_t MarkStackSize                            = 4194304                                   {product} {ergonomic}
   size_t MaxHeapSize                              = 4255121408                                {product} {ergonomic}
   size_t MaxNewSize                               = 2552233984                                {product} {ergonomic}
   size_t MinHeapDeltaBytes                        = 1048576                                   {product} {ergonomic}
    uintx NonNMethodCodeHeapSize                   = 5835340                                {pd product} {ergonomic}
    uintx NonProfiledCodeHeapSize                  = 122911450                              {pd product} {ergonomic}
    uintx ProfiledCodeHeapSize                     = 122911450                              {pd product} {ergonomic}
    uintx ReservedCodeCacheSize                    = 251658240                              {pd product} {ergonomic}
     bool SegmentedCodeCache                       = true                                      {product} {ergonomic}
     bool UseCompressedClassPointers               = true                                 {lp64_product} {ergonomic}
     bool UseCompressedOops                        = true                                 {lp64_product} {ergonomic}
     bool UseG1GC                                  = true                                      {product} {ergonomic}
     bool UseLargePagesIndividualAllocation        = false                                  {pd product} {ergonomic}

Logging:
Log output configuration:
 #0: stdout all=warning uptime,level,tags
 #1: stderr all=off uptime,level,tags

Environment Variables:
JAVA_HOME=C:\Program Files\Java\jdk-11.0.2
CLASSPATH=C:\Users\ykaixin\Documents\YKX\NUS\Y2S1\CS2103T\tP\main\\gradle\wrapper\gradle-wrapper.jar
PATH=C:\Program Files\JetBrains\IntelliJ IDEA 2019.2\jbr\\bin;C:\Program Files\JetBrains\IntelliJ IDEA 2019.2\jbr\\bin\server;C:\Program Files\Java\jdk-11.0.2\bin;C:\Program Files (x86)\Common Files\Oracle\Java\javapath;C:\Program Files (x86)\Intel\Intel(R) Management Engine Components\iCLS\;C:\Program Files\Intel\Intel(R) Management Engine Components\iCLS\;C:\WINDOWS\system32;C:\WINDOWS;C:\WINDOWS\System32\Wbem;C:\WINDOWS\System32\WindowsPowerShell\v1.0\;C:\WINDOWS\System32\OpenSSH\;C:\Program Files (x86)\Intel\Intel(R) Management Engine Components\DAL;C:\Program Files\Intel\Intel(R) Management Engine Components\DAL;C:\Program Files\Intel\WiFi\bin\;C:\Program Files\Common Files\Intel\WirelessCommon\;C:\Program Files\Java\jdk1.8.0_211\bin;C:\Program Files\Git\cmd;C:\Program Files\CMake\bin;C:\OpenCV\opencv\build\x64\vc14\bin;C:\Program Files\dotnet\;C:\Program Files\Microsoft SQL Server\130\Tools\Binn\;C:\Program Files (x86)\MySQL\MySQL Utilities 1.6\;C:\Program Files (x86)\Graphviz2.38\bin;C:\Program Files\MySQL\MySQL Shell 8.0\bin\;C:\Program Files\JetBrains\IntelliJ IDEA 2019.2\bin;;C:\Users\ykaixin\AppData\Local\Programs\MiKTeX 2.9\miktex\bin\x64\;C:\Users\ykaixin\AppData\Local\Microsoft\WindowsApps;
USERNAME=ykaixin
OS=Windows_NT
PROCESSOR_IDENTIFIER=Intel64 Family 6 Model 142 Stepping 11, GenuineIntel



---------------  S Y S T E M  ---------------

OS: Windows 10 , 64 bit Build 18362 (10.0.18362.329)

CPU:total 8 (initial active 8) (4 cores per cpu, 2 threads per core) family 6 model 142 stepping 11, cmov, cx8, fxsr, mmx, sse, sse2, sse3, ssse3, sse4.1, sse4.2, popcnt, avx, avx2, aes, clmul, erms, 3dnowpref, lzcnt, ht, tsc, tscinvbit, bmi1, bmi2, adx, fma

Memory: 4k page, system-wide physical 16231M (6433M free)
TotalPageFile size 19943M (AvailPageFile size 5393M)
current process WorkingSet (physical memory assigned to process): 340M, peak: 340M
current process commit charge ("private bytes"): 512M, peak: 515M

vm_info: OpenJDK 64-Bit Server VM (11.0.2+9) for windows-amd64 JRE (11.0.2+9), built on Jan 18 2019 05:23:22 by "mach5one" with MS VC++ 15.5 (VS2017)

END.
