#
# A fatal error has been detected by the Java Runtime Environment:
#
#  EXCEPTION_ACCESS_VIOLATION (0xc0000005) at pc=0x00007fffc33400e2, pid=15396, tid=6420
#
# JRE version: OpenJDK Runtime Environment (11.0.2+9) (build 11.0.2+9)
# Java VM: OpenJDK 64-Bit Server VM (11.0.2+9, mixed mode, tiered, compressed oops, g1 gc, windows-amd64)
# Problematic frame:
# V  [jvm.dll+0x3e00e2]
#
# No core dump will be written. Minidumps are not enabled by default on client versions of Windows
#
# If you would like to submit a bug report, please visit:
#   http://bugreport.java.com/bugreport/crash.jsp
#

---------------  S U M M A R Y ------------

Command Line: -Dfile.encoding=UTF-8 -Duser.country=SG -Duser.language=en -Duser.variant -ea seedu.mark.Main

Host: Intel(R) Core(TM) i7-8565U CPU @ 1.80GHz, 8 cores, 15G,  Windows 10 , 64 bit Build 18362 (10.0.18362.329)
Time: Sun Nov  3 18:12:42 2019 Malay Peninsula Standard Time elapsed time: 51 seconds (0d 0h 0m 51s)

---------------  T H R E A D  ---------------

Current thread (0x000001e494910000):  JavaThread "JavaFX Application Thread" [_thread_in_vm, id=6420, stack(0x000000d336b00000,0x000000d336c00000)]

Stack: [0x000000d336b00000,0x000000d336c00000],  sp=0x000000d336bfc1a0,  free space=1008k
Native frames: (J=compiled Java code, j=interpreted, Vv=VM code, C=native code)
V  [jvm.dll+0x3e00e2]
C  [jfxwebkit.dll+0x8c4d0c]

Java frames: (J=compiled Java code, j=interpreted, Vv=VM code)
j  com.sun.webkit.network.URLLoader.twkDidFinishLoading(J)V+0
j  com.sun.webkit.network.URLLoader.notifyDidFinishLoading()V+41
j  com.sun.webkit.network.URLLoader.lambda$didFinishLoading$5()V+8
j  com.sun.webkit.network.URLLoader$$Lambda$897.run()V+4
J 4741 c1 com.sun.javafx.application.PlatformImpl$$Lambda$60.run()Ljava/lang/Object; (8 bytes) @ 0x000001e480fa26a4 [0x000001e480fa2560+0x0000000000000144]
v  ~StubRoutines::call_stub
J 3744  java.security.AccessController.doPrivileged(Ljava/security/PrivilegedAction;Ljava/security/AccessControlContext;)Ljava/lang/Object; java.base@11.0.2 (0 bytes) @ 0x000001e487c9b836 [0x000001e487c9b7c0+0x0000000000000076]
J 4738 c1 com.sun.javafx.application.PlatformImpl.lambda$runLater$11(Ljava/lang/Runnable;Ljava/security/AccessControlContext;)V (38 bytes) @ 0x000001e480fa1294 [0x000001e480fa0ec0+0x00000000000003d4]
J 4737 c1 com.sun.javafx.application.PlatformImpl$$Lambda$59.run()V (12 bytes) @ 0x000001e480fa0ac4 [0x000001e480fa0a40+0x0000000000000084]
J 4261 c1 com.sun.glass.ui.InvokeLaterDispatcher$Future.run()V (91 bytes) @ 0x000001e480ea7db4 [0x000001e480ea7ca0+0x0000000000000114]
v  ~StubRoutines::call_stub
j  com.sun.glass.ui.win.WinApplication._runLoop(Ljava/lang/Runnable;)V+0
j  com.sun.glass.ui.win.WinApplication.lambda$runLoop$3(ILjava/lang/Runnable;)V+8
j  com.sun.glass.ui.win.WinApplication$$Lambda$48.run()V+12
j  java.lang.Thread.run()V+11 java.base@11.0.2
v  ~StubRoutines::call_stub

siginfo: EXCEPTION_ACCESS_VIOLATION (0xc0000005), reading address 0x0000000000000000


Register to memory mapping:

RIP=0x00007fffc33400e2 jvm.dll
RAX=0x0 is NULL
RBX=0x000001e494910000 is a thread
RCX=0x6693103790180000 is an unknown value
RDX=0x0000000000000006 is an unknown value
RSP=0x000000d336bfc1a0 is pointing into the stack for thread: 0x000001e494910000
RBP=0x0 is NULL
RSI=0x000000d336bfc300 is pointing into the stack for thread: 0x000001e494910000
RDI=0x000001e494910000 is a thread
R8 =0x0 is NULL
R9 =0x000000d336bfc2b8 is pointing into the stack for thread: 0x000001e494910000
R10=0x000001e494910000 is a thread
R11=0x000000d336bfc198 is pointing into the stack for thread: 0x000001e494910000
R12=0x0 is NULL
R13=0x000000d336bfc2b8 is pointing into the stack for thread: 0x000001e494910000
R14=0x0 is NULL
R15=0x000001e494910340 points into unknown readable memory: a0 1c 95 c3 ff 7f 00 00


Registers:
RAX=0x0000000000000000, RBX=0x000001e494910000, RCX=0x6693103790180000, RDX=0x0000000000000006
RSP=0x000000d336bfc1a0, RBP=0x0000000000000000, RSI=0x000000d336bfc300, RDI=0x000001e494910000
R8 =0x0000000000000000, R9 =0x000000d336bfc2b8, R10=0x000001e494910000, R11=0x000000d336bfc198
R12=0x0000000000000000, R13=0x000000d336bfc2b8, R14=0x0000000000000000, R15=0x000001e494910340
RIP=0x00007fffc33400e2, EFLAGS=0x0000000000010206

Top of Stack: (sp=0x000000d336bfc1a0)
0x000000d336bfc1a0:   000001e494910000 000000d336bfc300
0x000000d336bfc1b0:   00007fffcf6e8578 0000000000000000
0x000000d336bfc1c0:   0000000000000000 00007fffc334259f
0x000000d336bfc1d0:   000001e4933efa08 0000000000000000
0x000000d336bfc1e0:   00007fffcf6e8538 00000000000235ed
0x000000d336bfc1f0:   000001e494910000 000001e493d55f50
0x000000d336bfc200:   0000664000000535 00007fffc37f0108
0x000000d336bfc210:   00007fffcf6e8578 00007fffcf6e8538
0x000000d336bfc220:   000000d336bfcc90 00007fffc3330dd9
0x000000d336bfc230:   000001e494910000 000001e494910000
0x000000d336bfc240:   000001e4e5cff1c0 000001e494910340
0x000000d336bfc250:   000001e5007be330 000001e4ece22de0
0x000000d336bfc260:   000001e4941ae5e0 00007fffcd394d0c
0x000000d336bfc270:   0000000000000000 00000000000235ed
0x000000d336bfc280:   000000d336bfc330 0000911a29b9c916
0x000000d336bfc290:   0000000000000000 00007fffcda256d8 

Instructions: (pc=0x00007fffc33400e2)
0x00007fffc33400c2:   06 e8 08 16 d6 ff 48 89 7c 24 50 48 89 6c 24 58
0x00007fffc33400d2:   48 39 6f 08 74 0a 48 8d 4c 24 50 e8 ae 7d 28 00
0x00007fffc33400e2:   49 8b 04 24 48 8d 4c 24 70 c7 44 24 40 0c 00 00
0x00007fffc33400f2:   00 48 8b 50 08 0f b7 42 2c 48 8b 52 08 48 8b 54 


Stack slot to memory mapping:
stack at sp + 0 slots: 0x000001e494910000 is a thread
stack at sp + 1 slots: 0x000000d336bfc300 is pointing into the stack for thread: 0x000001e494910000
stack at sp + 2 slots: 0x00007fffcf6e8578 jfxwebkit.dll
stack at sp + 3 slots: 0x0 is NULL
stack at sp + 4 slots: 0x0 is NULL
stack at sp + 5 slots: 0x00007fffc334259f jvm.dll
stack at sp + 6 slots: 0x000001e4933efa08 points into unknown readable memory: 0b 00 ff ff 7a ce 67 65
stack at sp + 7 slots: 0x0 is NULL


---------------  P R O C E S S  ---------------

Threads class SMR info:
_java_thread_list=0x000001e4e576f1f0, length=43, elements={
0x000001e4efb1a800, 0x000001e493483800, 0x000001e49348c800, 0x000001e49349e800,
0x000001e493d9f800, 0x000001e493da1800, 0x000001e493da5000, 0x000001e493d53800,
0x000001e493f0a000, 0x000001e493f11000, 0x000001e493f1a000, 0x000001e49460d800,
0x000001e49490b800, 0x000001e494910000, 0x000001e494630800, 0x000001e494c49000,
0x000001e494c21000, 0x000001e49da3e800, 0x000001e494849000, 0x000001e4e8ac9000,
0x000001e49483e800, 0x000001e494841000, 0x000001e49483c000, 0x000001e494842800,
0x000001e49483d000, 0x000001e500333000, 0x000001e50064a000, 0x000001e4e9061000,
0x000001e4e9065000, 0x000001e4e9064000, 0x000001e4ec572800, 0x000001e4ec573800,
0x000001e4942e5800, 0x000001e4942e5000, 0x000001e4e0d2d000, 0x000001e4e9061800,
0x000001e4e9062800, 0x000001e4e9066800, 0x000001e4e9063800, 0x000001e4e9067800,
0x000001e500649800, 0x000001e49d4f6000, 0x000001e49545a800
}

Java Threads: ( => current thread )
  0x000001e4efb1a800 JavaThread "main" [_thread_blocked, id=18360, stack(0x000000d335600000,0x000000d335700000)]
  0x000001e493483800 JavaThread "Reference Handler" daemon [_thread_blocked, id=22264, stack(0x000000d335d00000,0x000000d335e00000)]
  0x000001e49348c800 JavaThread "Finalizer" daemon [_thread_blocked, id=19752, stack(0x000000d335e00000,0x000000d335f00000)]
  0x000001e49349e800 JavaThread "Signal Dispatcher" daemon [_thread_blocked, id=3504, stack(0x000000d335f00000,0x000000d336000000)]
  0x000001e493d9f800 JavaThread "Attach Listener" daemon [_thread_blocked, id=9260, stack(0x000000d336000000,0x000000d336100000)]
  0x000001e493da1800 JavaThread "C2 CompilerThread0" daemon [_thread_blocked, id=20228, stack(0x000000d336100000,0x000000d336200000)]
  0x000001e493da5000 JavaThread "C1 CompilerThread0" daemon [_thread_blocked, id=18836, stack(0x000000d336200000,0x000000d336300000)]
  0x000001e493d53800 JavaThread "Sweeper thread" daemon [_thread_blocked, id=21752, stack(0x000000d336300000,0x000000d336400000)]
  0x000001e493f0a000 JavaThread "Service Thread" daemon [_thread_blocked, id=15356, stack(0x000000d336400000,0x000000d336500000)]
  0x000001e493f11000 JavaThread "Common-Cleaner" daemon [_thread_blocked, id=7756, stack(0x000000d336600000,0x000000d336700000)]
  0x000001e493f1a000 JavaThread "JavaFX-Launcher" [_thread_blocked, id=552, stack(0x000000d336700000,0x000000d336800000)]
  0x000001e49460d800 JavaThread "QuantumRenderer-0" daemon [_thread_blocked, id=22944, stack(0x000000d336800000,0x000000d336900000)]
  0x000001e49490b800 JavaThread "InvokeLaterDispatcher" daemon [_thread_blocked, id=18008, stack(0x000000d336900000,0x000000d336a00000)]
=>0x000001e494910000 JavaThread "JavaFX Application Thread" [_thread_in_vm, id=6420, stack(0x000000d336b00000,0x000000d336c00000)]
  0x000001e494630800 JavaThread "Thread-2" daemon [_thread_in_native, id=15584, stack(0x000000d336f00000,0x000000d337000000)]
  0x000001e494c49000 JavaThread "Prism Font Disposer" daemon [_thread_blocked, id=2160, stack(0x000000d337a00000,0x000000d337b00000)]
  0x000001e494c21000 JavaThread "Disposer" daemon [_thread_blocked, id=13744, stack(0x000000d336a00000,0x000000d336b00000)]
  0x000001e49da3e800 JavaThread "Cleaner-0" daemon [_thread_blocked, id=372, stack(0x000000d337d00000,0x000000d337e00000)]
  0x000001e494849000 JavaThread "Keep-Alive-SocketCleaner" daemon [_thread_blocked, id=14320, stack(0x000000d338a00000,0x000000d338b00000)]
  0x000001e4e8ac9000 JavaThread "Thread-10" daemon [_thread_in_native, id=472, stack(0x000000d339b00000,0x000000d339c00000)]
  0x000001e49483e800 JavaThread "URL-Loader-29" daemon [_thread_blocked, id=19340, stack(0x000000d337b00000,0x000000d337c00000)]
  0x000001e494841000 JavaThread "Keep-Alive-Timer" daemon [_thread_blocked, id=11020, stack(0x000000d337c00000,0x000000d337d00000)]
  0x000001e49483c000 JavaThread "URL-Loader-30" daemon [_thread_blocked, id=18888, stack(0x000000d337e00000,0x000000d337f00000)]
  0x000001e494842800 JavaThread "URL-Loader-31" daemon [_thread_blocked, id=21488, stack(0x000000d337f00000,0x000000d338000000)]
  0x000001e49483d000 JavaThread "URL-Loader-32" daemon [_thread_blocked, id=20268, stack(0x000000d338000000,0x000000d338100000)]
  0x000001e500333000 JavaThread "URL-Loader-42" daemon [_thread_blocked, id=11812, stack(0x000000d339600000,0x000000d339700000)]
  0x000001e50064a000 JavaThread "URL-Loader-43" daemon [_thread_blocked, id=22744, stack(0x000000d339500000,0x000000d339600000)]
  0x000001e4e9061000 JavaThread "URL-Loader-44" daemon [_thread_blocked, id=20968, stack(0x000000d339700000,0x000000d339800000)]
  0x000001e4e9065000 JavaThread "URL-Loader-45" daemon [_thread_blocked, id=1812, stack(0x000000d339800000,0x000000d339900000)]
  0x000001e4e9064000 JavaThread "URL-Loader-46" daemon [_thread_blocked, id=2688, stack(0x000000d339900000,0x000000d339a00000)]
  0x000001e4ec572800 JavaThread "URL-Loader-47" daemon [_thread_blocked, id=20452, stack(0x000000d339a00000,0x000000d339b00000)]
  0x000001e4ec573800 JavaThread "URL-Loader-48" daemon [_thread_blocked, id=19552, stack(0x000000d339c00000,0x000000d339d00000)]
  0x000001e4942e5800 JavaThread "URL-Loader-49" daemon [_thread_blocked, id=20308, stack(0x000000d338c00000,0x000000d338d00000)]
  0x000001e4942e5000 JavaThread "URL-Loader-50" daemon [_thread_blocked, id=13288, stack(0x000000d338e00000,0x000000d338f00000)]
  0x000001e4e0d2d000 JavaThread "URL-Loader-51" daemon [_thread_blocked, id=21928, stack(0x000000d338b00000,0x000000d338c00000)]
  0x000001e4e9061800 JavaThread "URL-Loader-52" daemon [_thread_blocked, id=2392, stack(0x000000d338700000,0x000000d338800000)]
  0x000001e4e9062800 JavaThread "URL-Loader-53" daemon [_thread_blocked, id=18556, stack(0x000000d338d00000,0x000000d338e00000)]
  0x000001e4e9066800 JavaThread "URL-Loader-54" daemon [_thread_blocked, id=20080, stack(0x000000d338f00000,0x000000d339000000)]
  0x000001e4e9063800 JavaThread "URL-Loader-55" daemon [_thread_in_native, id=19940, stack(0x000000d339000000,0x000000d339100000)]
  0x000001e4e9067800 JavaThread "URL-Loader-56" daemon [_thread_blocked, id=11876, stack(0x000000d339100000,0x000000d339200000)]
  0x000001e500649800 JavaThread "URL-Loader-57" daemon [_thread_blocked, id=5732, stack(0x000000d339200000,0x000000d339300000)]
  0x000001e49d4f6000 JavaThread "C2 CompilerThread1" daemon [_thread_blocked, id=1476, stack(0x000000d339300000,0x000000d339400000)]
  0x000001e49545a800 JavaThread "C2 CompilerThread2" daemon [_thread_blocked, id=3108, stack(0x000000d339400000,0x000000d339500000)]

Other Threads:
  0x000001e49347f800 VMThread "VM Thread" [stack: 0x000000d335c00000,0x000000d335d00000] [id=23516]
  0x000001e493f0c800 WatcherThread [stack: 0x000000d336500000,0x000000d336600000] [id=16968]
  0x000001e4efb31800 GCTaskThread "GC Thread#0" [stack: 0x000000d335700000,0x000000d335800000] [id=20888]
  0x000001e494d33800 GCTaskThread "GC Thread#1" [stack: 0x000000d337000000,0x000000d337100000] [id=12920]
  0x000001e494f3d000 GCTaskThread "GC Thread#2" [stack: 0x000000d337100000,0x000000d337200000] [id=22328]
  0x000001e494f41800 GCTaskThread "GC Thread#3" [stack: 0x000000d337200000,0x000000d337300000] [id=756]
  0x000001e49498c000 GCTaskThread "GC Thread#4" [stack: 0x000000d337300000,0x000000d337400000] [id=17012]
  0x000001e494d3e800 GCTaskThread "GC Thread#5" [stack: 0x000000d337400000,0x000000d337500000] [id=10672]
  0x000001e4efb90000 ConcurrentGCThread "G1 Main Marker" [stack: 0x000000d335800000,0x000000d335900000] [id=14268]
  0x000001e4efb92800 ConcurrentGCThread "G1 Conc#0" [stack: 0x000000d335900000,0x000000d335a00000] [id=23484]
  0x000001e494cda800 ConcurrentGCThread "G1 Conc#1" [stack: 0x000000d337500000,0x000000d337600000] [id=10012]
  0x000001e493364800 ConcurrentGCThread "G1 Refine#0" [stack: 0x000000d335a00000,0x000000d335b00000] [id=16256]
  0x000001e493365800 ConcurrentGCThread "G1 Young RemSet Sampling" [stack: 0x000000d335b00000,0x000000d335c00000] [id=22644]

Threads with active compile tasks:

VM state:not at safepoint (normal execution)

VM Mutex/Monitor currently owned by a thread: None

Heap address: 0x0000000702600000, size: 4058 MB, Compressed Oops mode: Zero based, Oop shift amount: 3
Narrow klass base: 0x0000000800000000, Narrow klass shift: 0
Compressed class space size: 1073741824 Address: 0x0000000800000000

Heap:
 garbage-first heap   total 260096K, used 227803K [0x0000000702600000, 0x0000000800000000)
  region size 1024K, 50 young (51200K), 9 survivors (9216K)
 Metaspace       used 45300K, capacity 47292K, committed 47488K, reserved 1089536K
  class space    used 5642K, capacity 6513K, committed 6528K, reserved 1048576K
Heap Regions: E=young(eden), S=young(survivor), O=old, HS=humongous(starts), HC=humongous(continues), CS=collection set, F=free, A=archive, TAMS=top-at-mark-start (previous, next)
|   0|0x0000000702600000, 0x0000000702700000, 0x0000000702700000|100%| O|  |TAMS 0x0000000702700000, 0x0000000702600000| Untracked 
|   1|0x0000000702700000, 0x0000000702800000, 0x0000000702800000|100%| O|  |TAMS 0x0000000702800000, 0x0000000702700000| Untracked 
|   2|0x0000000702800000, 0x0000000702900000, 0x0000000702900000|100%| O|  |TAMS 0x0000000702900000, 0x0000000702800000| Untracked 
|   3|0x0000000702900000, 0x0000000702a00000, 0x0000000702a00000|100%|HS|  |TAMS 0x0000000702a00000, 0x0000000702900000| Complete 
|   4|0x0000000702a00000, 0x0000000702b00000, 0x0000000702b00000|100%|HC|  |TAMS 0x0000000702b00000, 0x0000000702a00000| Complete 
|   5|0x0000000702b00000, 0x0000000702c00000, 0x0000000702c00000|100%| O|  |TAMS 0x0000000702c00000, 0x0000000702b00000| Untracked 
|   6|0x0000000702c00000, 0x0000000702d00000, 0x0000000702d00000|100%| O|  |TAMS 0x0000000702d00000, 0x0000000702c00000| Untracked 
|   7|0x0000000702d00000, 0x0000000702e00000, 0x0000000702e00000|100%| O|  |TAMS 0x0000000702e00000, 0x0000000702d00000| Untracked 
|   8|0x0000000702e00000, 0x0000000702f00000, 0x0000000702f00000|100%|HS|  |TAMS 0x0000000702f00000, 0x0000000702e00000| Complete 
|   9|0x0000000702f00000, 0x0000000703000000, 0x0000000703000000|100%|HC|  |TAMS 0x0000000703000000, 0x0000000702f00000| Complete 
|  10|0x0000000703000000, 0x0000000703100000, 0x0000000703100000|100%|HS|  |TAMS 0x0000000703000000, 0x0000000703000000| Complete 
|  11|0x0000000703100000, 0x0000000703200000, 0x0000000703200000|100%|HS|  |TAMS 0x0000000703100000, 0x0000000703100000| Complete 
|  12|0x0000000703200000, 0x0000000703300000, 0x0000000703300000|100%| O|  |TAMS 0x0000000703300000, 0x0000000703200000| Untracked 
|  13|0x0000000703300000, 0x0000000703400000, 0x0000000703400000|100%|HS|  |TAMS 0x0000000703300000, 0x0000000703300000| Complete 
|  14|0x0000000703400000, 0x0000000703500000, 0x0000000703500000|100%|HS|  |TAMS 0x0000000703500000, 0x0000000703400000| Complete 
|  15|0x0000000703500000, 0x0000000703600000, 0x0000000703600000|100%|HS|  |TAMS 0x0000000703600000, 0x0000000703500000| Complete 
|  16|0x0000000703600000, 0x0000000703700000, 0x0000000703700000|100%|HC|  |TAMS 0x0000000703700000, 0x0000000703600000| Complete 
|  17|0x0000000703700000, 0x0000000703800000, 0x0000000703800000|100%| O|  |TAMS 0x0000000703800000, 0x0000000703700000| Untracked 
|  18|0x0000000703800000, 0x0000000703900000, 0x0000000703900000|100%| O|  |TAMS 0x0000000703900000, 0x0000000703800000| Untracked 
|  19|0x0000000703900000, 0x0000000703a00000, 0x0000000703a00000|100%| O|  |TAMS 0x0000000703a00000, 0x0000000703900000| Untracked 
|  20|0x0000000703a00000, 0x0000000703b00000, 0x0000000703b00000|100%| O|  |TAMS 0x0000000703b00000, 0x0000000703a00000| Untracked 
|  21|0x0000000703b00000, 0x0000000703c00000, 0x0000000703c00000|100%| O|  |TAMS 0x0000000703c00000, 0x0000000703b00000| Untracked 
|  22|0x0000000703c00000, 0x0000000703d00000, 0x0000000703d00000|100%| O|  |TAMS 0x0000000703d00000, 0x0000000703c00000| Untracked 
|  23|0x0000000703d00000, 0x0000000703e00000, 0x0000000703e00000|100%| O|  |TAMS 0x0000000703e00000, 0x0000000703d00000| Untracked 
|  24|0x0000000703e00000, 0x0000000703e12e00, 0x0000000703f00000|  7%| O|  |TAMS 0x0000000703e12e00, 0x0000000703e00000| Untracked 
|  25|0x0000000703f00000, 0x0000000704000000, 0x0000000704000000|100%|HS|  |TAMS 0x0000000704000000, 0x0000000703f00000| Complete 
|  26|0x0000000704000000, 0x0000000704100000, 0x0000000704100000|100%|HC|  |TAMS 0x0000000704100000, 0x0000000704000000| Complete 
|  27|0x0000000704100000, 0x0000000704200000, 0x0000000704200000|100%|HC|  |TAMS 0x0000000704200000, 0x0000000704100000| Complete 
|  28|0x0000000704200000, 0x0000000704300000, 0x0000000704300000|100%|HC|  |TAMS 0x0000000704300000, 0x0000000704200000| Complete 
|  29|0x0000000704300000, 0x0000000704400000, 0x0000000704400000|100%|HC|  |TAMS 0x0000000704400000, 0x0000000704300000| Complete 
|  30|0x0000000704400000, 0x0000000704500000, 0x0000000704500000|100%|HC|  |TAMS 0x0000000704500000, 0x0000000704400000| Complete 
|  31|0x0000000704500000, 0x0000000704600000, 0x0000000704600000|100%|HC|  |TAMS 0x0000000704600000, 0x0000000704500000| Complete 
|  32|0x0000000704600000, 0x0000000704700000, 0x0000000704700000|100%|HC|  |TAMS 0x0000000704700000, 0x0000000704600000| Complete 
|  33|0x0000000704700000, 0x0000000704800000, 0x0000000704800000|100%|HC|  |TAMS 0x0000000704800000, 0x0000000704700000| Complete 
|  34|0x0000000704800000, 0x0000000704900000, 0x0000000704900000|100%|HC|  |TAMS 0x0000000704900000, 0x0000000704800000| Complete 
|  35|0x0000000704900000, 0x0000000704a00000, 0x0000000704a00000|100%|HC|  |TAMS 0x0000000704a00000, 0x0000000704900000| Complete 
|  36|0x0000000704a00000, 0x0000000704b00000, 0x0000000704b00000|100%|HC|  |TAMS 0x0000000704b00000, 0x0000000704a00000| Complete 
|  37|0x0000000704b00000, 0x0000000704c00000, 0x0000000704c00000|100%|HC|  |TAMS 0x0000000704c00000, 0x0000000704b00000| Complete 
|  38|0x0000000704c00000, 0x0000000704d00000, 0x0000000704d00000|100%|HC|  |TAMS 0x0000000704d00000, 0x0000000704c00000| Complete 
|  39|0x0000000704d00000, 0x0000000704e00000, 0x0000000704e00000|100%|HC|  |TAMS 0x0000000704e00000, 0x0000000704d00000| Complete 
|  40|0x0000000704e00000, 0x0000000704f00000, 0x0000000704f00000|100%|HC|  |TAMS 0x0000000704f00000, 0x0000000704e00000| Complete 
|  41|0x0000000704f00000, 0x0000000705000000, 0x0000000705000000|100%|HC|  |TAMS 0x0000000705000000, 0x0000000704f00000| Complete 
|  42|0x0000000705000000, 0x0000000705100000, 0x0000000705100000|100%|HC|  |TAMS 0x0000000705100000, 0x0000000705000000| Complete 
|  43|0x0000000705100000, 0x0000000705200000, 0x0000000705200000|100%|HC|  |TAMS 0x0000000705200000, 0x0000000705100000| Complete 
|  44|0x0000000705200000, 0x0000000705300000, 0x0000000705300000|100%|HC|  |TAMS 0x0000000705300000, 0x0000000705200000| Complete 
|  45|0x0000000705300000, 0x0000000705400000, 0x0000000705400000|100%|HS|  |TAMS 0x0000000705300000, 0x0000000705300000| Complete 
|  46|0x0000000705400000, 0x0000000705500000, 0x0000000705500000|100%|HC|  |TAMS 0x0000000705400000, 0x0000000705400000| Complete 
|  47|0x0000000705500000, 0x0000000705600000, 0x0000000705600000|100%|HC|  |TAMS 0x0000000705500000, 0x0000000705500000| Complete 
|  48|0x0000000705600000, 0x0000000705700000, 0x0000000705700000|100%|HC|  |TAMS 0x0000000705600000, 0x0000000705600000| Complete 
|  49|0x0000000705700000, 0x0000000705800000, 0x0000000705800000|100%|HC|  |TAMS 0x0000000705700000, 0x0000000705700000| Complete 
|  50|0x0000000705800000, 0x0000000705900000, 0x0000000705900000|100%|HC|  |TAMS 0x0000000705800000, 0x0000000705800000| Complete 
|  51|0x0000000705900000, 0x0000000705a00000, 0x0000000705a00000|100%|HC|  |TAMS 0x0000000705900000, 0x0000000705900000| Complete 
|  52|0x0000000705a00000, 0x0000000705b00000, 0x0000000705b00000|100%|HC|  |TAMS 0x0000000705a00000, 0x0000000705a00000| Complete 
|  53|0x0000000705b00000, 0x0000000705c00000, 0x0000000705c00000|100%|HC|  |TAMS 0x0000000705b00000, 0x0000000705b00000| Complete 
|  54|0x0000000705c00000, 0x0000000705d00000, 0x0000000705d00000|100%|HC|  |TAMS 0x0000000705c00000, 0x0000000705c00000| Complete 
|  55|0x0000000705d00000, 0x0000000705e00000, 0x0000000705e00000|100%|HC|  |TAMS 0x0000000705d00000, 0x0000000705d00000| Complete 
|  56|0x0000000705e00000, 0x0000000705f00000, 0x0000000705f00000|100%|HC|  |TAMS 0x0000000705e00000, 0x0000000705e00000| Complete 
|  57|0x0000000705f00000, 0x0000000706000000, 0x0000000706000000|100%|HC|  |TAMS 0x0000000705f00000, 0x0000000705f00000| Complete 
|  58|0x0000000706000000, 0x0000000706100000, 0x0000000706100000|100%|HC|  |TAMS 0x0000000706000000, 0x0000000706000000| Complete 
|  59|0x0000000706100000, 0x0000000706200000, 0x0000000706200000|100%|HC|  |TAMS 0x0000000706100000, 0x0000000706100000| Complete 
|  60|0x0000000706200000, 0x0000000706300000, 0x0000000706300000|100%|HC|  |TAMS 0x0000000706200000, 0x0000000706200000| Complete 
|  61|0x0000000706300000, 0x0000000706400000, 0x0000000706400000|100%|HC|  |TAMS 0x0000000706300000, 0x0000000706300000| Complete 
|  62|0x0000000706400000, 0x0000000706500000, 0x0000000706500000|100%|HC|  |TAMS 0x0000000706400000, 0x0000000706400000| Complete 
|  63|0x0000000706500000, 0x0000000706600000, 0x0000000706600000|100%|HC|  |TAMS 0x0000000706500000, 0x0000000706500000| Complete 
|  64|0x0000000706600000, 0x0000000706700000, 0x0000000706700000|100%|HC|  |TAMS 0x0000000706600000, 0x0000000706600000| Complete 
|  65|0x0000000706700000, 0x0000000706800000, 0x0000000706800000|100%|HS|  |TAMS 0x0000000706800000, 0x0000000706700000| Complete 
|  66|0x0000000706800000, 0x0000000706900000, 0x0000000706900000|100%|HC|  |TAMS 0x0000000706900000, 0x0000000706800000| Complete 
|  67|0x0000000706900000, 0x0000000706a00000, 0x0000000706a00000|100%|HC|  |TAMS 0x0000000706a00000, 0x0000000706900000| Complete 
|  68|0x0000000706a00000, 0x0000000706b00000, 0x0000000706b00000|100%|HC|  |TAMS 0x0000000706b00000, 0x0000000706a00000| Complete 
|  69|0x0000000706b00000, 0x0000000706c00000, 0x0000000706c00000|100%|HC|  |TAMS 0x0000000706c00000, 0x0000000706b00000| Complete 
|  70|0x0000000706c00000, 0x0000000706d00000, 0x0000000706d00000|100%|HC|  |TAMS 0x0000000706d00000, 0x0000000706c00000| Complete 
|  71|0x0000000706d00000, 0x0000000706e00000, 0x0000000706e00000|100%|HC|  |TAMS 0x0000000706e00000, 0x0000000706d00000| Complete 
|  72|0x0000000706e00000, 0x0000000706f00000, 0x0000000706f00000|100%|HC|  |TAMS 0x0000000706f00000, 0x0000000706e00000| Complete 
|  73|0x0000000706f00000, 0x0000000707000000, 0x0000000707000000|100%|HC|  |TAMS 0x0000000707000000, 0x0000000706f00000| Complete 
|  74|0x0000000707000000, 0x0000000707100000, 0x0000000707100000|100%|HC|  |TAMS 0x0000000707100000, 0x0000000707000000| Complete 
|  75|0x0000000707100000, 0x0000000707200000, 0x0000000707200000|100%|HC|  |TAMS 0x0000000707200000, 0x0000000707100000| Complete 
|  76|0x0000000707200000, 0x0000000707300000, 0x0000000707300000|100%|HC|  |TAMS 0x0000000707300000, 0x0000000707200000| Complete 
|  77|0x0000000707300000, 0x0000000707400000, 0x0000000707400000|100%|HC|  |TAMS 0x0000000707400000, 0x0000000707300000| Complete 
|  78|0x0000000707400000, 0x0000000707500000, 0x0000000707500000|100%|HC|  |TAMS 0x0000000707500000, 0x0000000707400000| Complete 
|  79|0x0000000707500000, 0x0000000707600000, 0x0000000707600000|100%|HC|  |TAMS 0x0000000707600000, 0x0000000707500000| Complete 
|  80|0x0000000707600000, 0x0000000707700000, 0x0000000707700000|100%|HC|  |TAMS 0x0000000707700000, 0x0000000707600000| Complete 
|  81|0x0000000707700000, 0x0000000707800000, 0x0000000707800000|100%|HC|  |TAMS 0x0000000707800000, 0x0000000707700000| Complete 
|  82|0x0000000707800000, 0x0000000707900000, 0x0000000707900000|100%|HC|  |TAMS 0x0000000707900000, 0x0000000707800000| Complete 
|  83|0x0000000707900000, 0x0000000707a00000, 0x0000000707a00000|100%|HC|  |TAMS 0x0000000707a00000, 0x0000000707900000| Complete 
|  84|0x0000000707a00000, 0x0000000707b00000, 0x0000000707b00000|100%|HC|  |TAMS 0x0000000707b00000, 0x0000000707a00000| Complete 
|  85|0x0000000707b00000, 0x0000000707c00000, 0x0000000707c00000|100%|HS|  |TAMS 0x0000000707b00000, 0x0000000707b00000| Complete 
|  86|0x0000000707c00000, 0x0000000707d00000, 0x0000000707d00000|100%|HS|  |TAMS 0x0000000707c00000, 0x0000000707c00000| Complete 
|  87|0x0000000707d00000, 0x0000000707e00000, 0x0000000707e00000|100%|HS|  |TAMS 0x0000000707e00000, 0x0000000707d00000| Complete 
|  88|0x0000000707e00000, 0x0000000707f00000, 0x0000000707f00000|100%|HS|  |TAMS 0x0000000707f00000, 0x0000000707e00000| Complete 
|  89|0x0000000707f00000, 0x0000000708000000, 0x0000000708000000|100%|HC|  |TAMS 0x0000000708000000, 0x0000000707f00000| Complete 
|  90|0x0000000708000000, 0x0000000708100000, 0x0000000708100000|100%|HC|  |TAMS 0x0000000708100000, 0x0000000708000000| Complete 
|  91|0x0000000708100000, 0x0000000708200000, 0x0000000708200000|100%|HC|  |TAMS 0x0000000708200000, 0x0000000708100000| Complete 
|  92|0x0000000708200000, 0x0000000708300000, 0x0000000708300000|100%|HC|  |TAMS 0x0000000708300000, 0x0000000708200000| Complete 
|  93|0x0000000708300000, 0x0000000708400000, 0x0000000708400000|100%|HC|  |TAMS 0x0000000708400000, 0x0000000708300000| Complete 
|  94|0x0000000708400000, 0x0000000708500000, 0x0000000708500000|100%|HC|  |TAMS 0x0000000708500000, 0x0000000708400000| Complete 
|  95|0x0000000708500000, 0x0000000708600000, 0x0000000708600000|100%|HC|  |TAMS 0x0000000708600000, 0x0000000708500000| Complete 
|  96|0x0000000708600000, 0x0000000708700000, 0x0000000708700000|100%|HC|  |TAMS 0x0000000708700000, 0x0000000708600000| Complete 
|  97|0x0000000708700000, 0x0000000708800000, 0x0000000708800000|100%|HC|  |TAMS 0x0000000708800000, 0x0000000708700000| Complete 
|  98|0x0000000708800000, 0x0000000708900000, 0x0000000708900000|100%|HC|  |TAMS 0x0000000708900000, 0x0000000708800000| Complete 
|  99|0x0000000708900000, 0x0000000708a00000, 0x0000000708a00000|100%|HC|  |TAMS 0x0000000708a00000, 0x0000000708900000| Complete 
| 100|0x0000000708a00000, 0x0000000708b00000, 0x0000000708b00000|100%|HC|  |TAMS 0x0000000708b00000, 0x0000000708a00000| Complete 
| 101|0x0000000708b00000, 0x0000000708c00000, 0x0000000708c00000|100%|HC|  |TAMS 0x0000000708c00000, 0x0000000708b00000| Complete 
| 102|0x0000000708c00000, 0x0000000708d00000, 0x0000000708d00000|100%|HC|  |TAMS 0x0000000708d00000, 0x0000000708c00000| Complete 
| 103|0x0000000708d00000, 0x0000000708e00000, 0x0000000708e00000|100%|HC|  |TAMS 0x0000000708e00000, 0x0000000708d00000| Complete 
| 104|0x0000000708e00000, 0x0000000708f00000, 0x0000000708f00000|100%|HC|  |TAMS 0x0000000708f00000, 0x0000000708e00000| Complete 
| 105|0x0000000708f00000, 0x0000000709000000, 0x0000000709000000|100%|HC|  |TAMS 0x0000000709000000, 0x0000000708f00000| Complete 
| 106|0x0000000709000000, 0x0000000709100000, 0x0000000709100000|100%|HC|  |TAMS 0x0000000709100000, 0x0000000709000000| Complete 
| 107|0x0000000709100000, 0x0000000709200000, 0x0000000709200000|100%|HC|  |TAMS 0x0000000709200000, 0x0000000709100000| Complete 
| 108|0x0000000709200000, 0x0000000709300000, 0x0000000709300000|100%|HS|  |TAMS 0x0000000709200000, 0x0000000709200000| Complete 
| 109|0x0000000709300000, 0x0000000709400000, 0x0000000709400000|100%|HC|  |TAMS 0x0000000709300000, 0x0000000709300000| Complete 
| 110|0x0000000709400000, 0x0000000709500000, 0x0000000709500000|100%|HS|  |TAMS 0x0000000709500000, 0x0000000709400000| Complete 
| 111|0x0000000709500000, 0x0000000709600000, 0x0000000709600000|100%|HS|  |TAMS 0x0000000709500000, 0x0000000709500000| Complete 
| 112|0x0000000709600000, 0x0000000709700000, 0x0000000709700000|100%|HC|  |TAMS 0x0000000709600000, 0x0000000709600000| Complete 
| 113|0x0000000709700000, 0x0000000709800000, 0x0000000709800000|100%|HC|  |TAMS 0x0000000709700000, 0x0000000709700000| Complete 
| 114|0x0000000709800000, 0x0000000709900000, 0x0000000709900000|100%|HC|  |TAMS 0x0000000709800000, 0x0000000709800000| Complete 
| 115|0x0000000709900000, 0x0000000709a00000, 0x0000000709a00000|100%|HC|  |TAMS 0x0000000709900000, 0x0000000709900000| Complete 
| 116|0x0000000709a00000, 0x0000000709b00000, 0x0000000709b00000|100%|HC|  |TAMS 0x0000000709a00000, 0x0000000709a00000| Complete 
| 117|0x0000000709b00000, 0x0000000709c00000, 0x0000000709c00000|100%|HC|  |TAMS 0x0000000709b00000, 0x0000000709b00000| Complete 
| 118|0x0000000709c00000, 0x0000000709d00000, 0x0000000709d00000|100%|HC|  |TAMS 0x0000000709c00000, 0x0000000709c00000| Complete 
| 119|0x0000000709d00000, 0x0000000709e00000, 0x0000000709e00000|100%|HC|  |TAMS 0x0000000709d00000, 0x0000000709d00000| Complete 
| 120|0x0000000709e00000, 0x0000000709f00000, 0x0000000709f00000|100%|HC|  |TAMS 0x0000000709e00000, 0x0000000709e00000| Complete 
| 121|0x0000000709f00000, 0x000000070a000000, 0x000000070a000000|100%|HC|  |TAMS 0x0000000709f00000, 0x0000000709f00000| Complete 
| 122|0x000000070a000000, 0x000000070a100000, 0x000000070a100000|100%|HC|  |TAMS 0x000000070a000000, 0x000000070a000000| Complete 
| 123|0x000000070a100000, 0x000000070a200000, 0x000000070a200000|100%|HC|  |TAMS 0x000000070a100000, 0x000000070a100000| Complete 
| 124|0x000000070a200000, 0x000000070a300000, 0x000000070a300000|100%|HC|  |TAMS 0x000000070a200000, 0x000000070a200000| Complete 
| 125|0x000000070a300000, 0x000000070a400000, 0x000000070a400000|100%|HC|  |TAMS 0x000000070a300000, 0x000000070a300000| Complete 
| 126|0x000000070a400000, 0x000000070a500000, 0x000000070a500000|100%|HC|  |TAMS 0x000000070a400000, 0x000000070a400000| Complete 
| 127|0x000000070a500000, 0x000000070a600000, 0x000000070a600000|100%|HC|  |TAMS 0x000000070a500000, 0x000000070a500000| Complete 
| 128|0x000000070a600000, 0x000000070a700000, 0x000000070a700000|100%|HC|  |TAMS 0x000000070a600000, 0x000000070a600000| Complete 
| 129|0x000000070a700000, 0x000000070a800000, 0x000000070a800000|100%|HC|  |TAMS 0x000000070a700000, 0x000000070a700000| Complete 
| 130|0x000000070a800000, 0x000000070a900000, 0x000000070a900000|100%|HC|  |TAMS 0x000000070a800000, 0x000000070a800000| Complete 
| 131|0x000000070a900000, 0x000000070aa00000, 0x000000070aa00000|100%|HS|  |TAMS 0x000000070a900000, 0x000000070a900000| Complete 
| 132|0x000000070aa00000, 0x000000070ab00000, 0x000000070ab00000|100%|HC|  |TAMS 0x000000070aa00000, 0x000000070aa00000| Complete 
| 133|0x000000070ab00000, 0x000000070ac00000, 0x000000070ac00000|100%|HC|  |TAMS 0x000000070ab00000, 0x000000070ab00000| Complete 
| 134|0x000000070ac00000, 0x000000070ad00000, 0x000000070ad00000|100%|HC|  |TAMS 0x000000070ac00000, 0x000000070ac00000| Complete 
| 135|0x000000070ad00000, 0x000000070ae00000, 0x000000070ae00000|100%|HC|  |TAMS 0x000000070ad00000, 0x000000070ad00000| Complete 
| 136|0x000000070ae00000, 0x000000070af00000, 0x000000070af00000|100%|HC|  |TAMS 0x000000070ae00000, 0x000000070ae00000| Complete 
| 137|0x000000070af00000, 0x000000070b000000, 0x000000070b000000|100%|HC|  |TAMS 0x000000070af00000, 0x000000070af00000| Complete 
| 138|0x000000070b000000, 0x000000070b100000, 0x000000070b100000|100%|HC|  |TAMS 0x000000070b000000, 0x000000070b000000| Complete 
| 139|0x000000070b100000, 0x000000070b200000, 0x000000070b200000|100%|HC|  |TAMS 0x000000070b100000, 0x000000070b100000| Complete 
| 140|0x000000070b200000, 0x000000070b300000, 0x000000070b300000|100%|HC|  |TAMS 0x000000070b200000, 0x000000070b200000| Complete 
| 141|0x000000070b300000, 0x000000070b400000, 0x000000070b400000|100%|HC|  |TAMS 0x000000070b300000, 0x000000070b300000| Complete 
| 142|0x000000070b400000, 0x000000070b500000, 0x000000070b500000|100%|HC|  |TAMS 0x000000070b400000, 0x000000070b400000| Complete 
| 143|0x000000070b500000, 0x000000070b600000, 0x000000070b600000|100%|HC|  |TAMS 0x000000070b500000, 0x000000070b500000| Complete 
| 144|0x000000070b600000, 0x000000070b700000, 0x000000070b700000|100%|HC|  |TAMS 0x000000070b600000, 0x000000070b600000| Complete 
| 145|0x000000070b700000, 0x000000070b800000, 0x000000070b800000|100%|HC|  |TAMS 0x000000070b700000, 0x000000070b700000| Complete 
| 146|0x000000070b800000, 0x000000070b900000, 0x000000070b900000|100%|HC|  |TAMS 0x000000070b800000, 0x000000070b800000| Complete 
| 147|0x000000070b900000, 0x000000070ba00000, 0x000000070ba00000|100%|HC|  |TAMS 0x000000070b900000, 0x000000070b900000| Complete 
| 148|0x000000070ba00000, 0x000000070bb00000, 0x000000070bb00000|100%|HC|  |TAMS 0x000000070ba00000, 0x000000070ba00000| Complete 
| 149|0x000000070bb00000, 0x000000070bc00000, 0x000000070bc00000|100%|HC|  |TAMS 0x000000070bb00000, 0x000000070bb00000| Complete 
| 150|0x000000070bc00000, 0x000000070bd00000, 0x000000070bd00000|100%|HC|  |TAMS 0x000000070bc00000, 0x000000070bc00000| Complete 
| 151|0x000000070bd00000, 0x000000070be00000, 0x000000070be00000|100%|HS|  |TAMS 0x000000070bd00000, 0x000000070bd00000| Complete 
| 152|0x000000070be00000, 0x000000070bf00000, 0x000000070bf00000|100%|HS|  |TAMS 0x000000070be00000, 0x000000070be00000| Complete 
| 153|0x000000070bf00000, 0x000000070c000000, 0x000000070c000000|100%|HC|  |TAMS 0x000000070bf00000, 0x000000070bf00000| Complete 
| 154|0x000000070c000000, 0x000000070c100000, 0x000000070c100000|100%|HC|  |TAMS 0x000000070c000000, 0x000000070c000000| Complete 
| 155|0x000000070c100000, 0x000000070c200000, 0x000000070c200000|100%|HC|  |TAMS 0x000000070c100000, 0x000000070c100000| Complete 
| 156|0x000000070c200000, 0x000000070c300000, 0x000000070c300000|100%|HC|  |TAMS 0x000000070c200000, 0x000000070c200000| Complete 
| 157|0x000000070c300000, 0x000000070c400000, 0x000000070c400000|100%|HC|  |TAMS 0x000000070c300000, 0x000000070c300000| Complete 
| 158|0x000000070c400000, 0x000000070c500000, 0x000000070c500000|100%|HC|  |TAMS 0x000000070c400000, 0x000000070c400000| Complete 
| 159|0x000000070c500000, 0x000000070c600000, 0x000000070c600000|100%|HC|  |TAMS 0x000000070c500000, 0x000000070c500000| Complete 
| 160|0x000000070c600000, 0x000000070c700000, 0x000000070c700000|100%|HC|  |TAMS 0x000000070c600000, 0x000000070c600000| Complete 
| 161|0x000000070c700000, 0x000000070c800000, 0x000000070c800000|100%|HC|  |TAMS 0x000000070c700000, 0x000000070c700000| Complete 
| 162|0x000000070c800000, 0x000000070c900000, 0x000000070c900000|100%|HC|  |TAMS 0x000000070c800000, 0x000000070c800000| Complete 
| 163|0x000000070c900000, 0x000000070ca00000, 0x000000070ca00000|100%|HC|  |TAMS 0x000000070c900000, 0x000000070c900000| Complete 
| 164|0x000000070ca00000, 0x000000070cb00000, 0x000000070cb00000|100%|HC|  |TAMS 0x000000070ca00000, 0x000000070ca00000| Complete 
| 165|0x000000070cb00000, 0x000000070cc00000, 0x000000070cc00000|100%|HC|  |TAMS 0x000000070cb00000, 0x000000070cb00000| Complete 
| 166|0x000000070cc00000, 0x000000070cd00000, 0x000000070cd00000|100%|HC|  |TAMS 0x000000070cc00000, 0x000000070cc00000| Complete 
| 167|0x000000070cd00000, 0x000000070ce00000, 0x000000070ce00000|100%|HC|  |TAMS 0x000000070cd00000, 0x000000070cd00000| Complete 
| 168|0x000000070ce00000, 0x000000070cf00000, 0x000000070cf00000|100%|HC|  |TAMS 0x000000070ce00000, 0x000000070ce00000| Complete 
| 169|0x000000070cf00000, 0x000000070d000000, 0x000000070d000000|100%|HC|  |TAMS 0x000000070cf00000, 0x000000070cf00000| Complete 
| 170|0x000000070d000000, 0x000000070d100000, 0x000000070d100000|100%|HC|  |TAMS 0x000000070d000000, 0x000000070d000000| Complete 
| 171|0x000000070d100000, 0x000000070d200000, 0x000000070d200000|100%|HC|  |TAMS 0x000000070d100000, 0x000000070d100000| Complete 
| 172|0x000000070d200000, 0x000000070d300000, 0x000000070d300000|100%|HS|  |TAMS 0x000000070d200000, 0x000000070d200000| Complete 
| 173|0x000000070d300000, 0x000000070d400000, 0x000000070d400000|100%|HS|  |TAMS 0x000000070d300000, 0x000000070d300000| Complete 
| 174|0x000000070d400000, 0x000000070d500000, 0x000000070d500000|100%|HC|  |TAMS 0x000000070d400000, 0x000000070d400000| Complete 
| 175|0x000000070d500000, 0x000000070d600000, 0x000000070d600000|100%|HS|  |TAMS 0x000000070d500000, 0x000000070d500000| Complete 
| 176|0x000000070d600000, 0x000000070d600000, 0x000000070d700000|  0%| F|  |TAMS 0x000000070d600000, 0x000000070d600000| Untracked 
| 177|0x000000070d700000, 0x000000070d700000, 0x000000070d800000|  0%| F|  |TAMS 0x000000070d700000, 0x000000070d700000| Untracked 
| 178|0x000000070d800000, 0x000000070d800000, 0x000000070d900000|  0%| F|  |TAMS 0x000000070d800000, 0x000000070d800000| Untracked 
| 179|0x000000070d900000, 0x000000070d900000, 0x000000070da00000|  0%| F|  |TAMS 0x000000070d900000, 0x000000070d900000| Untracked 
| 180|0x000000070da00000, 0x000000070da00000, 0x000000070db00000|  0%| F|  |TAMS 0x000000070da00000, 0x000000070da00000| Untracked 
| 181|0x000000070db00000, 0x000000070db00000, 0x000000070dc00000|  0%| F|  |TAMS 0x000000070db00000, 0x000000070db00000| Untracked 
| 182|0x000000070dc00000, 0x000000070dc00000, 0x000000070dd00000|  0%| F|  |TAMS 0x000000070dc00000, 0x000000070dc00000| Untracked 
| 183|0x000000070dd00000, 0x000000070dd00000, 0x000000070de00000|  0%| F|  |TAMS 0x000000070dd00000, 0x000000070dd00000| Untracked 
| 184|0x000000070de00000, 0x000000070de00000, 0x000000070df00000|  0%| F|  |TAMS 0x000000070de00000, 0x000000070de00000| Untracked 
| 185|0x000000070df00000, 0x000000070df00000, 0x000000070e000000|  0%| F|  |TAMS 0x000000070df00000, 0x000000070df00000| Untracked 
| 186|0x000000070e000000, 0x000000070e000000, 0x000000070e100000|  0%| F|  |TAMS 0x000000070e000000, 0x000000070e000000| Untracked 
| 187|0x000000070e100000, 0x000000070e100000, 0x000000070e200000|  0%| F|  |TAMS 0x000000070e100000, 0x000000070e100000| Untracked 
| 188|0x000000070e200000, 0x000000070e200000, 0x000000070e300000|  0%| F|  |TAMS 0x000000070e200000, 0x000000070e200000| Untracked 
| 189|0x000000070e300000, 0x000000070e300000, 0x000000070e400000|  0%| F|  |TAMS 0x000000070e300000, 0x000000070e300000| Untracked 
| 190|0x000000070e400000, 0x000000070e400000, 0x000000070e500000|  0%| F|  |TAMS 0x000000070e400000, 0x000000070e400000| Untracked 
| 191|0x000000070e500000, 0x000000070e500000, 0x000000070e600000|  0%| F|  |TAMS 0x000000070e500000, 0x000000070e500000| Untracked 
| 192|0x000000070e600000, 0x000000070e600000, 0x000000070e700000|  0%| F|  |TAMS 0x000000070e600000, 0x000000070e600000| Untracked 
| 193|0x000000070e700000, 0x000000070e700000, 0x000000070e800000|  0%| F|  |TAMS 0x000000070e700000, 0x000000070e700000| Untracked 
| 194|0x000000070e800000, 0x000000070e800000, 0x000000070e900000|  0%| F|  |TAMS 0x000000070e800000, 0x000000070e800000| Untracked 
| 195|0x000000070e900000, 0x000000070e900000, 0x000000070ea00000|  0%| F|  |TAMS 0x000000070e900000, 0x000000070e900000| Untracked 
| 196|0x000000070ea00000, 0x000000070ea00000, 0x000000070eb00000|  0%| F|  |TAMS 0x000000070ea00000, 0x000000070ea00000| Untracked 
| 197|0x000000070eb00000, 0x000000070eb00000, 0x000000070ec00000|  0%| F|  |TAMS 0x000000070eb00000, 0x000000070eb00000| Untracked 
| 198|0x000000070ec00000, 0x000000070ec00000, 0x000000070ed00000|  0%| F|  |TAMS 0x000000070ec00000, 0x000000070ec00000| Untracked 
| 199|0x000000070ed00000, 0x000000070ed00000, 0x000000070ee00000|  0%| F|  |TAMS 0x000000070ed00000, 0x000000070ed00000| Untracked 
| 200|0x000000070ee00000, 0x000000070ee00000, 0x000000070ef00000|  0%| F|  |TAMS 0x000000070ee00000, 0x000000070ee00000| Untracked 
| 201|0x000000070ef00000, 0x000000070ef00000, 0x000000070f000000|  0%| F|  |TAMS 0x000000070ef00000, 0x000000070ef00000| Untracked 
| 202|0x000000070f000000, 0x000000070f000000, 0x000000070f100000|  0%| F|  |TAMS 0x000000070f000000, 0x000000070f000000| Untracked 
| 203|0x000000070f100000, 0x000000070f100000, 0x000000070f200000|  0%| F|  |TAMS 0x000000070f100000, 0x000000070f100000| Untracked 
| 204|0x000000070f200000, 0x000000070f2b5b50, 0x000000070f300000| 70%| E|  |TAMS 0x000000070f200000, 0x000000070f200000| Complete 
| 205|0x000000070f300000, 0x000000070f400000, 0x000000070f400000|100%| E|CS|TAMS 0x000000070f300000, 0x000000070f300000| Complete 
| 206|0x000000070f400000, 0x000000070f500000, 0x000000070f500000|100%| E|CS|TAMS 0x000000070f400000, 0x000000070f400000| Complete 
| 207|0x000000070f500000, 0x000000070f600000, 0x000000070f600000|100%| E|  |TAMS 0x000000070f500000, 0x000000070f500000| Complete 
| 208|0x000000070f600000, 0x000000070f700000, 0x000000070f700000|100%| E|CS|TAMS 0x000000070f600000, 0x000000070f600000| Complete 
| 209|0x000000070f700000, 0x000000070f800000, 0x000000070f800000|100%| E|CS|TAMS 0x000000070f700000, 0x000000070f700000| Complete 
| 210|0x000000070f800000, 0x000000070f900000, 0x000000070f900000|100%| E|CS|TAMS 0x000000070f800000, 0x000000070f800000| Complete 
| 211|0x000000070f900000, 0x000000070fa00000, 0x000000070fa00000|100%| E|CS|TAMS 0x000000070f900000, 0x000000070f900000| Complete 
| 212|0x000000070fa00000, 0x000000070fb00000, 0x000000070fb00000|100%| E|CS|TAMS 0x000000070fa00000, 0x000000070fa00000| Complete 
| 213|0x000000070fb00000, 0x000000070fc00000, 0x000000070fc00000|100%| E|CS|TAMS 0x000000070fb00000, 0x000000070fb00000| Complete 
| 214|0x000000070fc00000, 0x000000070fd00000, 0x000000070fd00000|100%| E|CS|TAMS 0x000000070fc00000, 0x000000070fc00000| Complete 
| 215|0x000000070fd00000, 0x000000070fe00000, 0x000000070fe00000|100%| E|CS|TAMS 0x000000070fd00000, 0x000000070fd00000| Complete 
| 216|0x000000070fe00000, 0x000000070ff00000, 0x000000070ff00000|100%| E|CS|TAMS 0x000000070fe00000, 0x000000070fe00000| Complete 
| 217|0x000000070ff00000, 0x0000000710000000, 0x0000000710000000|100%| E|CS|TAMS 0x000000070ff00000, 0x000000070ff00000| Complete 
| 218|0x0000000710000000, 0x0000000710100000, 0x0000000710100000|100%| E|CS|TAMS 0x0000000710000000, 0x0000000710000000| Complete 
| 219|0x0000000710100000, 0x0000000710200000, 0x0000000710200000|100%| E|CS|TAMS 0x0000000710100000, 0x0000000710100000| Complete 
| 220|0x0000000710200000, 0x0000000710300000, 0x0000000710300000|100%| E|CS|TAMS 0x0000000710200000, 0x0000000710200000| Complete 
| 221|0x0000000710300000, 0x0000000710400000, 0x0000000710400000|100%| E|CS|TAMS 0x0000000710300000, 0x0000000710300000| Complete 
| 222|0x0000000710400000, 0x0000000710500000, 0x0000000710500000|100%| E|CS|TAMS 0x0000000710400000, 0x0000000710400000| Complete 
| 223|0x0000000710500000, 0x0000000710600000, 0x0000000710600000|100%| E|CS|TAMS 0x0000000710500000, 0x0000000710500000| Complete 
| 224|0x0000000710600000, 0x0000000710700000, 0x0000000710700000|100%| E|CS|TAMS 0x0000000710600000, 0x0000000710600000| Complete 
| 225|0x0000000710700000, 0x0000000710800000, 0x0000000710800000|100%| E|CS|TAMS 0x0000000710700000, 0x0000000710700000| Complete 
| 226|0x0000000710800000, 0x0000000710900000, 0x0000000710900000|100%| E|CS|TAMS 0x0000000710800000, 0x0000000710800000| Complete 
| 227|0x0000000710900000, 0x0000000710a00000, 0x0000000710a00000|100%| E|CS|TAMS 0x0000000710900000, 0x0000000710900000| Complete 
| 228|0x0000000710a00000, 0x0000000710b00000, 0x0000000710b00000|100%| E|CS|TAMS 0x0000000710a00000, 0x0000000710a00000| Complete 
| 229|0x0000000710b00000, 0x0000000710b63e90, 0x0000000710c00000| 39%| S|CS|TAMS 0x0000000710b00000, 0x0000000710b00000| Complete 
| 230|0x0000000710c00000, 0x0000000710d00000, 0x0000000710d00000|100%| S|CS|TAMS 0x0000000710c00000, 0x0000000710c00000| Complete 
| 231|0x0000000710d00000, 0x0000000710e00000, 0x0000000710e00000|100%| S|CS|TAMS 0x0000000710d00000, 0x0000000710d00000| Complete 
| 232|0x0000000710e00000, 0x0000000710f00000, 0x0000000710f00000|100%| S|CS|TAMS 0x0000000710e00000, 0x0000000710e00000| Complete 
| 233|0x0000000710f00000, 0x0000000711000000, 0x0000000711000000|100%| S|CS|TAMS 0x0000000710f00000, 0x0000000710f00000| Complete 
| 234|0x0000000711000000, 0x0000000711100000, 0x0000000711100000|100%| S|CS|TAMS 0x0000000711000000, 0x0000000711000000| Complete 
| 235|0x0000000711100000, 0x0000000711200000, 0x0000000711200000|100%| S|CS|TAMS 0x0000000711100000, 0x0000000711100000| Complete 
| 236|0x0000000711200000, 0x0000000711300000, 0x0000000711300000|100%| E|CS|TAMS 0x0000000711200000, 0x0000000711200000| Complete 
| 237|0x0000000711300000, 0x0000000711400000, 0x0000000711400000|100%| E|CS|TAMS 0x0000000711300000, 0x0000000711300000| Complete 
| 238|0x0000000711400000, 0x0000000711500000, 0x0000000711500000|100%| E|CS|TAMS 0x0000000711400000, 0x0000000711400000| Complete 
| 239|0x0000000711500000, 0x0000000711600000, 0x0000000711600000|100%| E|CS|TAMS 0x0000000711500000, 0x0000000711500000| Complete 
| 240|0x0000000711600000, 0x0000000711700000, 0x0000000711700000|100%| E|CS|TAMS 0x0000000711600000, 0x0000000711600000| Complete 
| 241|0x0000000711700000, 0x0000000711800000, 0x0000000711800000|100%| E|CS|TAMS 0x0000000711700000, 0x0000000711700000| Complete 
| 242|0x0000000711800000, 0x0000000711900000, 0x0000000711900000|100%| E|CS|TAMS 0x0000000711800000, 0x0000000711800000| Complete 
| 243|0x0000000711900000, 0x0000000711a00000, 0x0000000711a00000|100%| E|CS|TAMS 0x0000000711900000, 0x0000000711900000| Complete 
| 244|0x0000000711a00000, 0x0000000711b00000, 0x0000000711b00000|100%| S|CS|TAMS 0x0000000711a00000, 0x0000000711a00000| Complete 
| 245|0x0000000711b00000, 0x0000000711c00000, 0x0000000711c00000|100%| S|CS|TAMS 0x0000000711b00000, 0x0000000711b00000| Complete 
| 246|0x0000000711c00000, 0x0000000711d00000, 0x0000000711d00000|100%| E|CS|TAMS 0x0000000711c00000, 0x0000000711c00000| Complete 
| 247|0x0000000711d00000, 0x0000000711e00000, 0x0000000711e00000|100%| E|CS|TAMS 0x0000000711d00000, 0x0000000711d00000| Complete 
| 248|0x0000000711e00000, 0x0000000711f00000, 0x0000000711f00000|100%| E|CS|TAMS 0x0000000711e00000, 0x0000000711e00000| Complete 
| 249|0x0000000711f00000, 0x0000000712000000, 0x0000000712000000|100%| E|CS|TAMS 0x0000000711f00000, 0x0000000711f00000| Complete 
| 250|0x0000000712000000, 0x0000000712100000, 0x0000000712100000|100%| E|CS|TAMS 0x0000000712000000, 0x0000000712000000| Complete 
| 251|0x0000000712100000, 0x0000000712200000, 0x0000000712200000|100%| E|CS|TAMS 0x0000000712100000, 0x0000000712100000| Complete 
| 252|0x0000000712200000, 0x0000000712300000, 0x0000000712300000|100%| E|CS|TAMS 0x0000000712200000, 0x0000000712200000| Complete 
| 253|0x0000000712300000, 0x0000000712400000, 0x0000000712400000|100%| E|CS|TAMS 0x0000000712300000, 0x0000000712300000| Complete 

Card table byte_map: [0x000001e4f8950000,0x000001e4f9140000] _byte_map_base: 0x000001e4f513d000

Marking Bits (Prev, Next): (CMBitMap*) 0x000001e4efb7f618, (CMBitMap*) 0x000001e4efb7f650
 Prev Bits: [0x000001e4f9930000, 0x000001e4fd898000)
 Next Bits: [0x000001e48f000000, 0x000001e492f68000)

Polling page: 0x000001e4ed940000

Metaspace:

Usage:
  Non-class:     39.82 MB capacity,    38.73 MB ( 97%) used,   881.20 KB (  2%) free+waste,   240.00 KB ( <1%) overhead. 
      Class:      6.36 MB capacity,     5.51 MB ( 87%) used,   751.89 KB ( 12%) free+waste,   118.81 KB (  2%) overhead. 
       Both:     46.18 MB capacity,    44.24 MB ( 96%) used,     1.59 MB (  3%) free+waste,   358.81 KB ( <1%) overhead. 

Virtual space:
  Non-class space:       40.00 MB reserved,      40.00 MB (100%) committed 
      Class space:        1.00 GB reserved,       6.38 MB ( <1%) committed 
             Both:        1.04 GB reserved,      46.38 MB (  4%) committed 

Chunk freelists:
   Non-Class:  6.63 KB
       Class:  1.88 KB
        Both:  8.50 KB

CodeHeap 'non-profiled nmethods': size=120000Kb used=4612Kb max_used=4612Kb free=115387Kb
 bounds [0x000001e487ad0000, 0x000001e487f60000, 0x000001e48f000000]
CodeHeap 'profiled nmethods': size=120000Kb used=18273Kb max_used=18273Kb free=101726Kb
 bounds [0x000001e4805a0000, 0x000001e481780000, 0x000001e487ad0000]
CodeHeap 'non-nmethods': size=5760Kb used=1504Kb max_used=1561Kb free=4255Kb
 bounds [0x000001e480000000, 0x000001e480270000, 0x000001e4805a0000]
 total_blobs=10774 nmethods=7761 adapters=909
 compilation: enabled
              stopped_count=0, restarted_count=0
 full_count=0

Compilation events (10 events):
Event: 51.591 Thread 0x000001e493da5000 7834       3       java.lang.String$CaseInsensitiveComparator::compare (68 bytes)
Event: 51.591 Thread 0x000001e493da5000 nmethod 7834 0x000001e481772c10 code [0x000001e481772e40, 0x000001e481773480]
Event: 51.592 Thread 0x000001e493da5000 7835       3       sun.security.ssl.Authenticator$SSLAuthenticator::<init> (6 bytes)
Event: 51.592 Thread 0x000001e493da5000 nmethod 7835 0x000001e481773690 code [0x000001e481773860, 0x000001e481773ad8]
Event: 51.592 Thread 0x000001e493da5000 7836       3       sun.security.ssl.Authenticator::<init> (10 bytes)
Event: 51.592 Thread 0x000001e493da5000 nmethod 7836 0x000001e481773b90 code [0x000001e481773d40, 0x000001e481773f58]
Event: 51.592 Thread 0x000001e49545a800 nmethod 7831 0x000001e487f4ad90 code [0x000001e487f4af40, 0x000001e487f4b068]
Event: 51.595 Thread 0x000001e49d4f6000 nmethod 7829 0x000001e487f4b190 code [0x000001e487f4b360, 0x000001e487f4b638]
Event: 51.604 Thread 0x000001e493da5000 7837       3       com.sun.javafx.webkit.prism.WCImageDecoderImpl$2::imageLoadProgress (1 bytes)
Event: 51.605 Thread 0x000001e493da5000 nmethod 7837 0x000001e481774010 code [0x000001e4817741c0, 0x000001e481774318]

GC Heap History (10 events):
Event: 4.885 GC heap before
{Heap before GC invocations=4 (full 0):
 garbage-first heap   total 260096K, used 75445K [0x0000000702600000, 0x0000000800000000)
  region size 1024K, 63 young (64512K), 2 survivors (2048K)
 Metaspace       used 34367K, capacity 35820K, committed 35840K, reserved 1079296K
  class space    used 4598K, capacity 5248K, committed 5248K, reserved 1048576K
}
Event: 4.898 GC heap after
{Heap after GC invocations=5 (full 0):
 garbage-first heap   total 260096K, used 18681K [0x0000000702600000, 0x0000000800000000)
  region size 1024K, 8 young (8192K), 8 survivors (8192K)
 Metaspace       used 34367K, capacity 35820K, committed 35840K, reserved 1079296K
  class space    used 4598K, capacity 5248K, committed 5248K, reserved 1048576K
}
Event: 20.006 GC heap before
{Heap before GC invocations=6 (full 0):
 garbage-first heap   total 260096K, used 107769K [0x0000000702600000, 0x0000000800000000)
  region size 1024K, 90 young (92160K), 8 survivors (8192K)
 Metaspace       used 43373K, capacity 45185K, committed 45312K, reserved 1087488K
  class space    used 5518K, capacity 6308K, committed 6400K, reserved 1048576K
}
Event: 20.032 GC heap after
{Heap after GC invocations=7 (full 0):
 garbage-first heap   total 260096K, used 28106K [0x0000000702600000, 0x0000000800000000)
  region size 1024K, 8 young (8192K), 8 survivors (8192K)
 Metaspace       used 43373K, capacity 45185K, committed 45312K, reserved 1087488K
  class space    used 5518K, capacity 6308K, committed 6400K, reserved 1048576K
}
Event: 44.306 GC heap before
{Heap before GC invocations=8 (full 0):
 garbage-first heap   total 260096K, used 206282K [0x0000000702600000, 0x0000000800000000)
  region size 1024K, 100 young (102400K), 8 survivors (8192K)
 Metaspace       used 44816K, capacity 46822K, committed 46976K, reserved 1089536K
  class space    used 5615K, capacity 6470K, committed 6528K, reserved 1048576K
}
Event: 44.318 GC heap after
{Heap after GC invocations=9 (full 0):
 garbage-first heap   total 260096K, used 52202K [0x0000000702600000, 0x0000000800000000)
  region size 1024K, 9 young (9216K), 9 survivors (9216K)
 Metaspace       used 44816K, capacity 46822K, committed 46976K, reserved 1089536K
  class space    used 5615K, capacity 6470K, committed 6528K, reserved 1048576K
}
Event: 44.612 GC heap before
{Heap before GC invocations=10 (full 0):
 garbage-first heap   total 260096K, used 130026K [0x0000000702600000, 0x0000000800000000)
  region size 1024K, 19 young (19456K), 9 survivors (9216K)
 Metaspace       used 44818K, capacity 46822K, committed 46976K, reserved 1089536K
  class space    used 5615K, capacity 6470K, committed 6528K, reserved 1048576K
}
Event: 44.625 GC heap after
{Heap after GC invocations=11 (full 0):
 garbage-first heap   total 260096K, used 94142K [0x0000000702600000, 0x0000000800000000)
  region size 1024K, 8 young (8192K), 8 survivors (8192K)
 Metaspace       used 44818K, capacity 46822K, committed 46976K, reserved 1089536K
  class space    used 5615K, capacity 6470K, committed 6528K, reserved 1048576K
}
Event: 49.201 GC heap before
{Heap before GC invocations=12 (full 0):
 garbage-first heap   total 260096K, used 121790K [0x0000000702600000, 0x0000000800000000)
  region size 1024K, 16 young (16384K), 8 survivors (8192K)
 Metaspace       used 44908K, capacity 46892K, committed 46976K, reserved 1089536K
  class space    used 5616K, capacity 6471K, committed 6528K, reserved 1048576K
}
Event: 49.212 GC heap after
{Heap after GC invocations=13 (full 0):
 garbage-first heap   total 260096K, used 93659K [0x0000000702600000, 0x0000000800000000)
  region size 1024K, 9 young (9216K), 9 survivors (9216K)
 Metaspace       used 44908K, capacity 46892K, committed 46976K, reserved 1089536K
  class space    used 5616K, capacity 6471K, committed 6528K, reserved 1048576K
}

Deoptimization events (10 events):
Event: 50.088 Thread 0x000001e494910000 Uncommon trap: reason=class_check action=maybe_recompile pc=0x000001e487dbf840 method=sun.security.provider.DigestBase.engineReset()V @ 11 c2
Event: 50.088 Thread 0x000001e494910000 Uncommon trap: reason=speculate_class_check action=maybe_recompile pc=0x000001e487dbf940 method=sun.security.provider.DigestBase.implCompressMultiBlock([BII)I @ 11 c2
Event: 50.088 Thread 0x000001e494910000 Uncommon trap: reason=class_check action=maybe_recompile pc=0x000001e487dbf840 method=sun.security.provider.DigestBase.engineReset()V @ 11 c2
Event: 50.660 Thread 0x000001e494910000 Uncommon trap: reason=profile_predicate action=maybe_recompile pc=0x000001e487eff474 method=javafx.scene.CssStyleHelper.transitionToState(Ljavafx/scene/Node;)V @ 286 c2
Event: 50.661 Thread 0x000001e494910000 Uncommon trap: reason=profile_predicate action=maybe_recompile pc=0x000001e487eff474 method=javafx.scene.CssStyleHelper.transitionToState(Ljavafx/scene/Node;)V @ 286 c2
Event: 50.662 Thread 0x000001e494910000 Uncommon trap: reason=profile_predicate action=maybe_recompile pc=0x000001e487eff474 method=javafx.scene.CssStyleHelper.transitionToState(Ljavafx/scene/Node;)V @ 286 c2
Event: 50.662 Thread 0x000001e494910000 Uncommon trap: reason=profile_predicate action=maybe_recompile pc=0x000001e487eff474 method=javafx.scene.CssStyleHelper.transitionToState(Ljavafx/scene/Node;)V @ 286 c2
Event: 51.524 Thread 0x000001e50064a000 Uncommon trap: reason=unstable_if action=reinterpret pc=0x000001e487e8fcf4 method=java.math.BigInteger.implMultiplyToLen([II[II[I)[I @ 12 c2
Event: 51.529 Thread 0x000001e4e9066800 Uncommon trap: reason=speculate_null_assert action=make_not_entrant pc=0x000001e487c1bd78 method=java.lang.invoke.MethodType$ConcurrentWeakInternSet.add(Ljava/lang/Object;)Ljava/lang/Object; @ 47 c2
Event: 51.555 Thread 0x000001e494910000 Uncommon trap: reason=unstable_if action=reinterpret pc=0x000001e487e78a4c method=com.sun.javafx.iio.png.PNGImageLoader2.doFilter([B[BII)V @ 1 c2

Classes redefined (0 events):
No events

Internal exceptions (10 events):
Event: 28.472 Thread 0x000001e494910000 Exception <a 'java/lang/NoSuchMethodError'{0x0000000711482830}: java.lang.invoke.DirectMethodHandle$Holder.invokeStatic(Ljava/lang/Object;Ljava/lang/Object;Ljava/lang/Object;Ljava/lang/Object;Ljava/lang/Object;Ljava/lang/Object;Ljava/lang/Object;Ljava/lan
Event: 28.473 Thread 0x000001e494910000 Exception <a 'java/lang/NoSuchMethodError'{0x00000007114a3b28}: java.lang.invoke.DirectMethodHandle$Holder.invokeStatic(Ljava/lang/Object;Ljava/lang/Object;Ljava/lang/Object;Ljava/lang/Object;Ljava/lang/Object;Ljava/lang/Object;Ljava/lang/Object;Ljava/lan
Event: 28.475 Thread 0x000001e494910000 Exception <a 'java/lang/NoSuchMethodError'{0x00000007114d3710}: java.lang.invoke.DirectMethodHandle$Holder.invokeSpecial(Ljava/lang/Object;Ljava/lang/Object;Ljava/lang/Object;Ljava/lang/Object;Ljava/lang/Object;Ljava/lang/Object;Ljava/lang/Object;Ljava/la
Event: 28.477 Thread 0x000001e494910000 Exception <a 'java/lang/NoSuchMethodError'{0x00000007114f43a0}: java.lang.invoke.Invokers$Holder.linkToTargetMethod(Ljava/lang/Object;Ljava/lang/Object;Ljava/lang/Object;Ljava/lang/Object;Ljava/lang/Object;Ljava/lang/Object;Ljava/lang/Object;Ljava/lang/Ob
Event: 28.534 Thread 0x000001e494910000 Exception <a 'java/lang/NoSuchMethodError'{0x00000007111eb228}: java.lang.invoke.DirectMethodHandle$Holder.invokeVirtual(Ljava/lang/Object;Ljava/lang/Object;Ljava/lang/Object;)Ljava/lang/Object;> (0x00000007111eb228) thrown at [t:/workspace/open/src/hotsp
Event: 37.292 Thread 0x000001e494910000 Exception <a 'java/lang/NoSuchMethodError'{0x000000070fb0f668}: java.lang.invoke.DirectMethodHandle$Holder.invokeStatic(Ljava/lang/Object;Ljava/lang/Object;ILjava/lang/Object;)V> (0x000000070fb0f668) thrown at [t:/workspace/open/src/hotspot/share/interpre
Event: 44.331 Thread 0x000001e49460d800 Implicit null exception at 0x000001e487e2e2ac to 0x000001e487e2e32a
Event: 51.524 Thread 0x000001e50064a000 Implicit null exception at 0x000001e487e8f5ea to 0x000001e487e8fcc0
Event: 51.614 Thread 0x000001e494910000 Exception <a 'java/lang/NoClassDefFoundError'{0x000000070f5f9270}: com/sun/webkit/security/WCMessageDigest> (0x000000070f5f9270) thrown at [t:/workspace/open/src/hotspot/share/classfile/systemDictionary.cpp, line 220]
Event: 51.614 Thread 0x000001e494910000 Exception <a 'java/lang/NoSuchMethodError'{0x000000070f5f9578}: getInstance> (0x000000070f5f9578) thrown at [t:/workspace/open/src/hotspot/share/prims/jni.cpp, line 1333]

Events (10 events):
Event: 51.576 Thread 0x000001e4e0d2e000 Thread added: 0x000001e4e0d2e000
Event: 51.576 Thread 0x000001e4e0d2e000 Thread exited: 0x000001e4e0d2e000
Event: 51.576 Thread 0x000001e4e0d2e000 Thread added: 0x000001e4e0d2e000
Event: 51.577 Thread 0x000001e4e0d2e000 Thread exited: 0x000001e4e0d2e000
Event: 51.587 Thread 0x000001e4eaf27800 Thread added: 0x000001e4eaf27800
Event: 51.588 Thread 0x000001e4eaf27800 Thread exited: 0x000001e4eaf27800
Event: 51.606 Executing VM operation: RevokeBias
Event: 51.606 Executing VM operation: RevokeBias done
Event: 51.613 loading class com/sun/webkit/security/WCMessageDigest
Event: 51.613 loading class com/sun/webkit/security/WCMessageDigest done


Dynamic libraries:
0x00007ff6ff100000 - 0x00007ff6ff145000 	C:\Program Files\Java\jdk-11.0.2\bin\java.exe
0x00007ff848fe0000 - 0x00007ff8491d0000 	C:\WINDOWS\SYSTEM32\ntdll.dll
0x00007ff8486d0000 - 0x00007ff848782000 	C:\WINDOWS\System32\KERNEL32.DLL
0x00007ff846090000 - 0x00007ff846333000 	C:\WINDOWS\System32\KERNELBASE.dll
0x00007ff8482e0000 - 0x00007ff848474000 	C:\WINDOWS\System32\USER32.dll
0x00007ff8466c0000 - 0x00007ff8466e1000 	C:\WINDOWS\System32\win32u.dll
0x00007ff847970000 - 0x00007ff847996000 	C:\WINDOWS\System32\GDI32.dll
0x00007ff846520000 - 0x00007ff8466b4000 	C:\WINDOWS\System32\gdi32full.dll
0x00007ff846480000 - 0x00007ff84651e000 	C:\WINDOWS\System32\msvcp_win.dll
0x00007ff845f90000 - 0x00007ff84608a000 	C:\WINDOWS\System32\ucrtbase.dll
0x00007ff8319b0000 - 0x00007ff831c35000 	C:\WINDOWS\WinSxS\amd64_microsoft.windows.common-controls_6595b64144ccf1df_6.0.18362.418_none_e6c6b287130d565d\COMCTL32.dll
0x00007ff847090000 - 0x00007ff84712e000 	C:\WINDOWS\System32\msvcrt.dll
0x00007ff8479b0000 - 0x00007ff847ce6000 	C:\WINDOWS\System32\combase.dll
0x00007ff8481c0000 - 0x00007ff8482e0000 	C:\WINDOWS\System32\RPCRT4.dll
0x00007ff846740000 - 0x00007ff8467c0000 	C:\WINDOWS\System32\bcryptPrimitives.dll
0x00007ff847e50000 - 0x00007ff847e7e000 	C:\WINDOWS\System32\IMM32.DLL
0x00007ff83fb60000 - 0x00007ff83fb76000 	C:\Program Files\Java\jdk-11.0.2\bin\vcruntime140.dll
0x00007ff81e880000 - 0x00007ff81e92a000 	C:\Program Files\Java\jdk-11.0.2\bin\msvcp140.dll
0x00007fffc2f60000 - 0x00007fffc3a83000 	C:\Program Files\Java\jdk-11.0.2\bin\server\jvm.dll
0x00007ff847fc0000 - 0x00007ff848063000 	C:\WINDOWS\System32\ADVAPI32.dll
0x00007ff847140000 - 0x00007ff8471d7000 	C:\WINDOWS\System32\sechost.dll
0x00007ff847130000 - 0x00007ff847138000 	C:\WINDOWS\System32\PSAPI.DLL
0x00007ff829ac0000 - 0x00007ff829ac9000 	C:\WINDOWS\SYSTEM32\WSOCK32.dll
0x00007ff8439b0000 - 0x00007ff8439d4000 	C:\WINDOWS\SYSTEM32\WINMM.dll
0x00007ff848790000 - 0x00007ff8487ff000 	C:\WINDOWS\System32\WS2_32.dll
0x00007ff840a90000 - 0x00007ff840a9a000 	C:\WINDOWS\SYSTEM32\VERSION.dll
0x00007ff8437a0000 - 0x00007ff8437cd000 	C:\WINDOWS\SYSTEM32\winmmbase.dll
0x00007ff8466f0000 - 0x00007ff84673a000 	C:\WINDOWS\System32\cfgmgr32.dll
0x00007ff845ec0000 - 0x00007ff845ed1000 	C:\WINDOWS\System32\kernel.appcore.dll
0x00007ff83fb30000 - 0x00007ff83fb41000 	C:\Program Files\Java\jdk-11.0.2\bin\verify.dll
0x00007ff83a570000 - 0x00007ff83a764000 	C:\WINDOWS\SYSTEM32\DBGHELP.DLL
0x00007ff829da0000 - 0x00007ff829dca000 	C:\WINDOWS\SYSTEM32\dbgcore.DLL
0x00007ff833ec0000 - 0x00007ff833ee8000 	C:\Program Files\Java\jdk-11.0.2\bin\java.dll
0x00007ff8340f0000 - 0x00007ff834106000 	C:\Program Files\Java\jdk-11.0.2\bin\zip.dll
0x00007ff842720000 - 0x00007ff84272a000 	C:\Program Files\Java\jdk-11.0.2\bin\jimage.dll
0x00007ff8488b0000 - 0x00007ff848f95000 	C:\WINDOWS\System32\SHELL32.dll
0x00007ff848480000 - 0x00007ff848529000 	C:\WINDOWS\System32\shcore.dll
0x00007ff846910000 - 0x00007ff84708f000 	C:\WINDOWS\System32\windows.storage.dll
0x00007ff845f00000 - 0x00007ff845f1f000 	C:\WINDOWS\System32\profapi.dll
0x00007ff845f20000 - 0x00007ff845f6a000 	C:\WINDOWS\System32\powrprof.dll
0x00007ff845eb0000 - 0x00007ff845ec0000 	C:\WINDOWS\System32\UMPDC.dll
0x00007ff848070000 - 0x00007ff8480c2000 	C:\WINDOWS\System32\shlwapi.dll
0x00007ff845f70000 - 0x00007ff845f87000 	C:\WINDOWS\System32\cryptsp.dll
0x00007ff833ea0000 - 0x00007ff833eb9000 	C:\Program Files\Java\jdk-11.0.2\bin\net.dll
0x00007ff8338e0000 - 0x00007ff833ab6000 	C:\WINDOWS\SYSTEM32\urlmon.dll
0x00007ff8417d0000 - 0x00007ff8418c0000 	C:\WINDOWS\SYSTEM32\WINHTTP.dll
0x00007ff835240000 - 0x00007ff8354e6000 	C:\WINDOWS\SYSTEM32\iertutil.dll
0x00007ff845890000 - 0x00007ff84589c000 	C:\WINDOWS\SYSTEM32\CRYPTBASE.DLL
0x00007ff8456c0000 - 0x00007ff845727000 	C:\WINDOWS\system32\mswsock.dll
0x00007ff831d30000 - 0x00007ff831d43000 	C:\Program Files\Java\jdk-11.0.2\bin\nio.dll
0x000001e4ef220000 - 0x000001e4ef223000 	C:\Program Files\Java\jdk-11.0.2\bin\api-ms-win-core-console-l1-1-0.dll
0x000001e4ef230000 - 0x000001e4ef233000 	C:\Program Files\Java\jdk-11.0.2\bin\api-ms-win-core-datetime-l1-1-0.dll
0x000001e4ef240000 - 0x000001e4ef243000 	C:\Program Files\Java\jdk-11.0.2\bin\api-ms-win-core-debug-l1-1-0.dll
0x000001e4ef250000 - 0x000001e4ef253000 	C:\Program Files\Java\jdk-11.0.2\bin\api-ms-win-core-errorhandling-l1-1-0.dll
0x000001e4ef260000 - 0x000001e4ef264000 	C:\Program Files\Java\jdk-11.0.2\bin\api-ms-win-core-file-l1-1-0.dll
0x000001e4ef270000 - 0x000001e4ef273000 	C:\Program Files\Java\jdk-11.0.2\bin\api-ms-win-core-file-l1-2-0.dll
0x000001e4ef280000 - 0x000001e4ef283000 	C:\Program Files\Java\jdk-11.0.2\bin\api-ms-win-core-file-l2-1-0.dll
0x000001e4ef290000 - 0x000001e4ef293000 	C:\Program Files\Java\jdk-11.0.2\bin\api-ms-win-core-handle-l1-1-0.dll
0x000001e4ef2a0000 - 0x000001e4ef2a3000 	C:\Program Files\Java\jdk-11.0.2\bin\api-ms-win-core-heap-l1-1-0.dll
0x000001e4ef2b0000 - 0x000001e4ef2b3000 	C:\Program Files\Java\jdk-11.0.2\bin\api-ms-win-core-interlocked-l1-1-0.dll
0x000001e4ef2c0000 - 0x000001e4ef2c3000 	C:\Program Files\Java\jdk-11.0.2\bin\api-ms-win-core-libraryloader-l1-1-0.dll
0x000001e4ef2d0000 - 0x000001e4ef2d3000 	C:\Program Files\Java\jdk-11.0.2\bin\api-ms-win-core-localization-l1-2-0.dll
0x000001e4efa20000 - 0x000001e4efa23000 	C:\Program Files\Java\jdk-11.0.2\bin\api-ms-win-core-memory-l1-1-0.dll
0x000001e4efa30000 - 0x000001e4efa33000 	C:\Program Files\Java\jdk-11.0.2\bin\api-ms-win-core-namedpipe-l1-1-0.dll
0x000001e4efa40000 - 0x000001e4efa43000 	C:\Program Files\Java\jdk-11.0.2\bin\api-ms-win-core-processenvironment-l1-1-0.dll
0x000001e4efa50000 - 0x000001e4efa53000 	C:\Program Files\Java\jdk-11.0.2\bin\api-ms-win-core-processthreads-l1-1-0.dll
0x000001e4efa60000 - 0x000001e4efa63000 	C:\Program Files\Java\jdk-11.0.2\bin\api-ms-win-core-processthreads-l1-1-1.dll
0x000001e4efa70000 - 0x000001e4efa73000 	C:\Program Files\Java\jdk-11.0.2\bin\api-ms-win-core-profile-l1-1-0.dll
0x000001e4efa80000 - 0x000001e4efa83000 	C:\Program Files\Java\jdk-11.0.2\bin\api-ms-win-core-rtlsupport-l1-1-0.dll
0x000001e4efa90000 - 0x000001e4efa93000 	C:\Program Files\Java\jdk-11.0.2\bin\api-ms-win-core-string-l1-1-0.dll
0x000001e4efaa0000 - 0x000001e4efaa3000 	C:\Program Files\Java\jdk-11.0.2\bin\api-ms-win-core-synch-l1-1-0.dll
0x000001e4efab0000 - 0x000001e4efab3000 	C:\Program Files\Java\jdk-11.0.2\bin\api-ms-win-core-synch-l1-2-0.dll
0x000001e4efac0000 - 0x000001e4efac3000 	C:\Program Files\Java\jdk-11.0.2\bin\api-ms-win-core-sysinfo-l1-1-0.dll
0x000001e4efad0000 - 0x000001e4efad3000 	C:\Program Files\Java\jdk-11.0.2\bin\api-ms-win-core-timezone-l1-1-0.dll
0x000001e4efae0000 - 0x000001e4efae3000 	C:\Program Files\Java\jdk-11.0.2\bin\api-ms-win-core-util-l1-1-0.dll
0x000001e4fff10000 - 0x000001e4fff13000 	C:\Program Files\Java\jdk-11.0.2\bin\api-ms-win-crt-conio-l1-1-0.dll
0x000001e4fff20000 - 0x000001e4fff24000 	C:\Program Files\Java\jdk-11.0.2\bin\api-ms-win-crt-convert-l1-1-0.dll
0x000001e4fff30000 - 0x000001e4fff33000 	C:\Program Files\Java\jdk-11.0.2\bin\api-ms-win-crt-environment-l1-1-0.dll
0x000001e4fff40000 - 0x000001e4fff43000 	C:\Program Files\Java\jdk-11.0.2\bin\api-ms-win-crt-filesystem-l1-1-0.dll
0x000001e4fff50000 - 0x000001e4fff53000 	C:\Program Files\Java\jdk-11.0.2\bin\api-ms-win-crt-heap-l1-1-0.dll
0x000001e4fff60000 - 0x000001e4fff63000 	C:\Program Files\Java\jdk-11.0.2\bin\api-ms-win-crt-locale-l1-1-0.dll
0x000001e4fff70000 - 0x000001e4fff75000 	C:\Program Files\Java\jdk-11.0.2\bin\api-ms-win-crt-math-l1-1-0.dll
0x000001e4fff80000 - 0x000001e4fff85000 	C:\Program Files\Java\jdk-11.0.2\bin\api-ms-win-crt-multibyte-l1-1-0.dll
0x000001e4fff90000 - 0x000001e4fffa0000 	C:\Program Files\Java\jdk-11.0.2\bin\api-ms-win-crt-private-l1-1-0.dll
0x000001e4fffa0000 - 0x000001e4fffa3000 	C:\Program Files\Java\jdk-11.0.2\bin\api-ms-win-crt-process-l1-1-0.dll
0x000001e4fffb0000 - 0x000001e4fffb4000 	C:\Program Files\Java\jdk-11.0.2\bin\api-ms-win-crt-runtime-l1-1-0.dll
0x000001e4fffc0000 - 0x000001e4fffc4000 	C:\Program Files\Java\jdk-11.0.2\bin\api-ms-win-crt-stdio-l1-1-0.dll
0x000001e4fffd0000 - 0x000001e4fffd4000 	C:\Program Files\Java\jdk-11.0.2\bin\api-ms-win-crt-string-l1-1-0.dll
0x000001e4fffe0000 - 0x000001e4fffe3000 	C:\Program Files\Java\jdk-11.0.2\bin\api-ms-win-crt-time-l1-1-0.dll
0x000001e4ffff0000 - 0x000001e4ffff3000 	C:\Program Files\Java\jdk-11.0.2\bin\api-ms-win-crt-utility-l1-1-0.dll
0x00007fffea1c0000 - 0x00007fffea2b6000 	C:\Program Files\Java\jdk-11.0.2\bin\ucrtbase.dll
0x00007ff81da30000 - 0x00007ff81da81000 	C:\Windows\System32\concrt140.dll
0x00007ff80ac30000 - 0x00007ff80ac53000 	C:\Program Files\JetBrains\IntelliJ IDEA 2019.2\jbr\bin\prism_d3d.dll
0x00007fffe0ef0000 - 0x00007fffe10b7000 	C:\WINDOWS\system32\d3d9.dll
0x00007ff844630000 - 0x00007ff84465d000 	C:\WINDOWS\SYSTEM32\dwmapi.dll
0x00007ff844b20000 - 0x00007ff844b40000 	C:\WINDOWS\SYSTEM32\dxcore.dll
0x00007ff8441f0000 - 0x00007ff844289000 	C:\WINDOWS\system32\uxtheme.dll
0x00007fffe0d00000 - 0x00007fffe0eeb000 	C:\WINDOWS\System32\DriverStore\FileRepository\iigd_dc_base.inf_amd64_8e8a50261976ec2e\igdumdim64.dll
0x00007fffdd780000 - 0x00007fffe0cfd000 	C:\WINDOWS\System32\DriverStore\FileRepository\iigd_dc_base.inf_amd64_8e8a50261976ec2e\igd9dxva64.dll
0x00007ff847cf0000 - 0x00007ff847e46000 	C:\WINDOWS\System32\ole32.dll
0x00007ff847430000 - 0x00007ff8474f4000 	C:\WINDOWS\System32\OLEAUT32.dll
0x00007ff801010000 - 0x00007ff801055000 	C:\Program Files\JetBrains\IntelliJ IDEA 2019.2\jbr\bin\glass.dll
0x00007ff848590000 - 0x00007ff848660000 	C:\WINDOWS\System32\COMDLG32.dll
0x00007ff847e80000 - 0x00007ff847fb6000 	C:\WINDOWS\System32\MSCTF.dll
0x00007ff801f50000 - 0x00007ff801f74000 	C:\WINDOWS\System32\DriverStore\FileRepository\iigd_dc_base.inf_amd64_8e8a50261976ec2e\igdinfo64.dll
0x00007ff836be0000 - 0x00007ff838ae1000 	C:\WINDOWS\System32\DriverStore\FileRepository\iigd_dc_base.inf_amd64_8e8a50261976ec2e\igc64.dll
0x00007ff810760000 - 0x00007ff810774000 	C:\Program Files\JetBrains\IntelliJ IDEA 2019.2\jbr\bin\javafx_font.dll
0x00007ff833040000 - 0x00007ff83333e000 	C:\WINDOWS\SYSTEM32\dwrite.dll
0x00007ff848800000 - 0x00007ff8488a2000 	C:\WINDOWS\System32\clbcatq.dll
0x00007ff8410d0000 - 0x00007ff84127f000 	C:\WINDOWS\SYSTEM32\WindowsCodecs.dll
0x00007ff816a90000 - 0x00007ff816aca000 	C:\WINDOWS\system32\dataexchange.dll
0x00007ff8430e0000 - 0x00007ff84333b000 	C:\WINDOWS\system32\d3d11.dll
0x00007ff8437d0000 - 0x00007ff8439ab000 	C:\WINDOWS\system32\dcomp.dll
0x00007ff844bb0000 - 0x00007ff844c9b000 	C:\WINDOWS\system32\dxgi.dll
0x00007ff8442e0000 - 0x00007ff84453a000 	C:\WINDOWS\system32\twinapi.appcore.dll
0x00007ff844710000 - 0x00007ff844739000 	C:\WINDOWS\system32\RMCLIENT.dll
0x00007ff834140000 - 0x00007ff834173000 	C:\Program Files\Common Files\Microsoft Shared\Ink\rtscom.dll
0x00007ff82f8c0000 - 0x00007ff82f925000 	C:\WINDOWS\system32\Oleacc.dll
0x00007fffccad0000 - 0x00007fffcfc1d000 	C:\Program Files\JetBrains\IntelliJ IDEA 2019.2\jbr\bin\jfxwebkit.dll
0x00007ff845230000 - 0x00007ff845263000 	C:\WINDOWS\system32\rsaenh.dll
0x00007ff8463f0000 - 0x00007ff846416000 	C:\WINDOWS\System32\bcrypt.dll
0x00007ff833e90000 - 0x00007ff833e9d000 	C:\Program Files\Java\jdk-11.0.2\bin\sunmscapi.dll
0x00007ff8467c0000 - 0x00007ff846909000 	C:\WINDOWS\System32\CRYPT32.dll
0x00007ff845ee0000 - 0x00007ff845ef2000 	C:\WINDOWS\System32\MSASN1.dll
0x00007ff845990000 - 0x00007ff8459b6000 	C:\WINDOWS\SYSTEM32\ncrypt.dll
0x00007ff845950000 - 0x00007ff84598b000 	C:\WINDOWS\SYSTEM32\NTASN1.dll
0x00007ff81e730000 - 0x00007ff81e757000 	C:\Program Files\Java\jdk-11.0.2\bin\sunec.dll
0x00007ff845dd0000 - 0x00007ff845df5000 	C:\WINDOWS\SYSTEM32\USERENV.dll

dbghelp: loaded successfully - version: 4.0.5 - missing functions: none
symbol engine: initialized successfully - sym options: 0x614 - pdb path: .;C:\Program Files\Java\jdk-11.0.2\bin;C:\WINDOWS\SYSTEM32;C:\WINDOWS\WinSxS\amd64_microsoft.windows.common-controls_6595b64144ccf1df_6.0.18362.418_none_e6c6b287130d565d;C:\Program Files\Java\jdk-11.0.2\bin\server;C:\Program Files\JetBrains\IntelliJ IDEA 2019.2\jbr\bin;C:\WINDOWS\System32\DriverStore\FileRepository\iigd_dc_base.inf_amd64_8e8a50261976ec2e;C:\Program Files\Common Files\Microsoft Shared\Ink

VM Arguments:
jvm_args: -Dfile.encoding=UTF-8 -Duser.country=SG -Duser.language=en -Duser.variant -ea 
java_command: seedu.mark.Main
java_class_path (initial): C:\Users\ykaixin\Documents\YKX\NUS\Y2S1\CS2103T\tP\main\build\classes\java\main;C:\Users\ykaixin\Documents\YKX\NUS\Y2S1\CS2103T\tP\main\build\resources\main;C:\Users\ykaixin\.gradle\caches\modules-2\files-2.1\net.dankito.readability4j\readability4j\1.0.3\2105f65371447744a4db54e1b97de0549ee3ca86\readability4j-1.0.3.jar;C:\Users\ykaixin\.gradle\caches\modules-2\files-2.1\org.jsoup\jsoup\1.11.2\e3eeb8a0b4ce1db246059a41e353cd7413dad226\jsoup-1.11.2.jar;C:\Users\ykaixin\.gradle\caches\modules-2\files-2.1\org.openjfx\javafx-fxml\11\d5ff9262ef49d166db658d15f37e3ecff38fde4b\javafx-fxml-11-win.jar;C:\Users\ykaixin\.gradle\caches\modules-2\files-2.1\org.openjfx\javafx-fxml\11\e0f5bb81e21054b59f2ebfa727d40a90ee0260d3\javafx-fxml-11-mac.jar;C:\Users\ykaixin\.gradle\caches\modules-2\files-2.1\org.openjfx\javafx-fxml\11\e7a757b580fc3e2e1a121768606c7836eef418c\javafx-fxml-11-linux.jar;C:\Users\ykaixin\.gradle\caches\modules-2\files-2.1\org.openjfx\javafx-web\11\5c8a3b6cacde832437dff8e21a82749b5f66c1cf\javafx-web-11-win.jar;C:\Users\ykaixin\.gradle\caches\modules-2\files-2.1\org.openjfx\javafx-web\11\85122d46916c3ecbcb1202c7509c4aec972ea10b\javafx-web-11-mac.jar;C:\Users\ykaixin\.gradle\caches\modules-2\files-2.1\org.openjfx\javafx-web\11\5f50385bc156b2e3bd478f9fded919f9d8ae8801\javafx-web-11-linux.jar;C:\Users\ykaixin\.gradle\caches\modules-2\files-2.1\org.openjfx\javafx-controls\11\af8d24de44e16a19ae959028eb23a48c145fb682\javafx-controls-11-win.jar;C:\Users\ykaixin\.gradle\caches\modules-2\files-2.1\org.openjfx\javafx-controls\11\e3a24a14e8732abc6dc173f15872dc63e2a32e16\javafx-controls-11-mac.jar;C:\Users\ykaixin\.gradle\caches\modules-2\files-2.1\org.openjfx\javafx-controls\11\794488e3b1f4635d9a1b842bdc872a5eb8fd54ca\javafx-controls-11-linux.jar;C:\Users\ykaixin\.gradle\caches\modules-2\files-2.1\org.openjfx\javafx-controls\11\58d961774262ec972bf304e16c154a8e18c2050b\javafx-controls-11.jar;C:\Users\ykaixin\.gradle\caches\modules-2\files-2.1\org.openj
Launcher Type: SUN_STANDARD

[Global flags]
     intx CICompilerCount                          = 4                                         {product} {ergonomic}
     uint ConcGCThreads                            = 2                                         {product} {ergonomic}
     uint G1ConcRefinementThreads                  = 8                                         {product} {ergonomic}
   size_t G1HeapRegionSize                         = 1048576                                   {product} {ergonomic}
    uintx GCDrainStackTargetSize                   = 64                                        {product} {ergonomic}
   size_t InitialHeapSize                          = 266338304                                 {product} {ergonomic}
   size_t MarkStackSize                            = 4194304                                   {product} {ergonomic}
   size_t MaxHeapSize                              = 4255121408                                {product} {ergonomic}
   size_t MaxNewSize                               = 2552233984                                {product} {ergonomic}
   size_t MinHeapDeltaBytes                        = 1048576                                   {product} {ergonomic}
    uintx NonNMethodCodeHeapSize                   = 5835340                                {pd product} {ergonomic}
    uintx NonProfiledCodeHeapSize                  = 122911450                              {pd product} {ergonomic}
    uintx ProfiledCodeHeapSize                     = 122911450                              {pd product} {ergonomic}
    uintx ReservedCodeCacheSize                    = 251658240                              {pd product} {ergonomic}
     bool SegmentedCodeCache                       = true                                      {product} {ergonomic}
     bool UseCompressedClassPointers               = true                                 {lp64_product} {ergonomic}
     bool UseCompressedOops                        = true                                 {lp64_product} {ergonomic}
     bool UseG1GC                                  = true                                      {product} {ergonomic}
     bool UseLargePagesIndividualAllocation        = false                                  {pd product} {ergonomic}

Logging:
Log output configuration:
 #0: stdout all=warning uptime,level,tags
 #1: stderr all=off uptime,level,tags

Environment Variables:
JAVA_HOME=C:\Program Files\Java\jdk-11.0.2
CLASSPATH=C:\Users\ykaixin\Documents\YKX\NUS\Y2S1\CS2103T\tP\main\\gradle\wrapper\gradle-wrapper.jar
PATH=C:\Program Files\JetBrains\IntelliJ IDEA 2019.2\jbr\\bin;C:\Program Files\JetBrains\IntelliJ IDEA 2019.2\jbr\\bin\server;C:\Program Files\Java\jdk-11.0.2\bin;C:\Program Files (x86)\Common Files\Oracle\Java\javapath;C:\Program Files (x86)\Intel\Intel(R) Management Engine Components\iCLS\;C:\Program Files\Intel\Intel(R) Management Engine Components\iCLS\;C:\WINDOWS\system32;C:\WINDOWS;C:\WINDOWS\System32\Wbem;C:\WINDOWS\System32\WindowsPowerShell\v1.0\;C:\WINDOWS\System32\OpenSSH\;C:\Program Files (x86)\Intel\Intel(R) Management Engine Components\DAL;C:\Program Files\Intel\Intel(R) Management Engine Components\DAL;C:\Program Files\Intel\WiFi\bin\;C:\Program Files\Common Files\Intel\WirelessCommon\;C:\Program Files\Java\jdk1.8.0_211\bin;C:\Program Files\Git\cmd;C:\Program Files\CMake\bin;C:\OpenCV\opencv\build\x64\vc14\bin;C:\Program Files\dotnet\;C:\Program Files\Microsoft SQL Server\130\Tools\Binn\;C:\Program Files (x86)\MySQL\MySQL Utilities 1.6\;C:\Program Files (x86)\Graphviz2.38\bin;C:\Program Files\MySQL\MySQL Shell 8.0\bin\;C:\Program Files\JetBrains\IntelliJ IDEA 2019.2\bin;;C:\Users\ykaixin\AppData\Local\Programs\MiKTeX 2.9\miktex\bin\x64\;C:\Users\ykaixin\AppData\Local\Microsoft\WindowsApps;
USERNAME=ykaixin
OS=Windows_NT
PROCESSOR_IDENTIFIER=Intel64 Family 6 Model 142 Stepping 11, GenuineIntel



---------------  S Y S T E M  ---------------

OS: Windows 10 , 64 bit Build 18362 (10.0.18362.329)

CPU:total 8 (initial active 8) (4 cores per cpu, 2 threads per core) family 6 model 142 stepping 11, cmov, cx8, fxsr, mmx, sse, sse2, sse3, ssse3, sse4.1, sse4.2, popcnt, avx, avx2, aes, clmul, erms, 3dnowpref, lzcnt, ht, tsc, tscinvbit, bmi1, bmi2, adx, fma

Memory: 4k page, system-wide physical 16231M (6000M free)
TotalPageFile size 19943M (AvailPageFile size 5104M)
current process WorkingSet (physical memory assigned to process): 612M, peak: 625M
current process commit charge ("private bytes"): 651M, peak: 679M

vm_info: OpenJDK 64-Bit Server VM (11.0.2+9) for windows-amd64 JRE (11.0.2+9), built on Jan 18 2019 05:23:22 by "mach5one" with MS VC++ 15.5 (VS2017)

END.
